ARM GAS  /tmp/ccRKdquc.s 			page 1


   1              		.cpu cortex-m4
   2              		.eabi_attribute 20, 1
   3              		.eabi_attribute 21, 1
   4              		.eabi_attribute 23, 3
   5              		.eabi_attribute 24, 1
   6              		.eabi_attribute 25, 1
   7              		.eabi_attribute 26, 1
   8              		.eabi_attribute 30, 2
   9              		.eabi_attribute 34, 1
  10              		.eabi_attribute 18, 4
  11              		.file	"board.c"
  12              		.text
  13              	.Ltext0:
  14              		.section	.gnu.lto_.profile.5afa3a2bacf6c505,"",%progbits
  15 0000 789C6365 		.ascii	"x\234ce`b`a```d\340c\006\000\000\237\000\036"
  15      60626061 
  15      60606064 
  15      E0630600 
  15      009F001E 
  16              		.text
  17              		.section	.gnu.lto_.icf.5afa3a2bacf6c505,"",%progbits
  18 0000 789C6365 		.ascii	"x\234ce`b\020a@\000f\206\205??\354\345a\354m}r\233\213"
  18      60621061 
  18      40006686 
  18      853F3FEC 
  18      E561EC6D 
  19 0018 69F7E163 		.ascii	"i\367\341c\023Y\030\000d\313\011)"
  19      13591800 
  19      64CB0929 
  20              		.text
  21              		.section	.gnu.lto_.jmpfuncs.5afa3a2bacf6c505,"",%progbits
  22 0000 789C6365 		.ascii	"x\234ce`b\340d@\000&\020\301\010\304\000\001\227\000"
  22      6062E064 
  22      40002610 
  22      C108C400 
  22      019700
  23 0013 14       		.ascii	"\024"
  24              		.text
  25              		.section	.gnu.lto_.inline.5afa3a2bacf6c505,"",%progbits
  26 0000 789C6365 		.ascii	"x\234ce`b\320f@\000&\006\006\026\036F\020\305\300\266"
  26      6062D066 
  26      40002606 
  26      06161E46 
  26      10C5C0B6 
  27 0014 401E4431 		.ascii	"@\036D10r\201\010\006f&Ta\006\000-\355\001\352"
  27      30728108 
  27      06662654 
  27      6106002D 
  27      ED01EA
  28              		.text
  29              		.section	.gnu.lto_.pureconst.5afa3a2bacf6c505,"",%progbits
  30 0000 789C6365 		.ascii	"x\234ce`b`e`\000\222\022\214\014\000\000\345\000("
  30      60626065 
  30      60009212 
  30      8C0C0000 
  30      E50028
  31              		.text
ARM GAS  /tmp/ccRKdquc.s 			page 2


  32              		.section	.gnu.lto___early_init.5afa3a2bacf6c505,"",%progbits
  33 0000 789C6365 		.ascii	"x\234ce`bX\312\300\300\340\014\304\322@\314\310\314"
  33      606258CA 
  33      C0C0E00C 
  33      C4D240CC 
  33      C8CC
  34 0012 C0C834E1 		.ascii	"\300\3104\341\034\003C#\007\023##\210\321\300\301\310"
  34      1C034323 
  34      07132323 
  34      88D1C0C1 
  34      C8
  35 0023 50CFC458 		.ascii	"P\317\304X\317\330\317<\235\231\361P\373\263\235L\232"
  35      CFD8CF3C 
  35      9D99F150 
  35      FBB39D4C 
  35      9A
  36 0034 CB1B80E0 		.ascii	"\313\033\200\340\300\364mlm\015\255\022\363\231\031"
  36      C0F46D6C 
  36      6D0DAD12 
  36      F39919
  37 0043 18660231 		.ascii	"\030f\0021\0100.g\324d\000*{\264\361\337T^6\026\210"
  37      08302E67 
  37      D464002A 
  37      7BB4F1DF 
  37      545E3616 
  38 0058 38E30A46 		.ascii	"8\343\012F6F \275\376\022\343\201\206\177\377\333\033"
  38      364620BD 
  38      FE12E381 
  38      867FFFDB 
  38      1B
  39 0069 0E9C59CC 		.ascii	"\016\234Y\314\270\327\015(\325\005\304 ;\272\231\231"
  39      B8D70D28 
  39      D505C420 
  39      3BBA9999 
  40 0079 4034F36B 		.ascii	"@4\363k\306\346\005\337{\230A\032@\246\354\334\371\346"
  40      C6E605DF 
  40      7B98411A 
  40      40A6ECDC 
  40      F9E6
  41 008b 367BFDDF 		.ascii	"6{\375\337\006\216\371\314\2143\231\201F0\256d\254g"
  41      068EF9CC 
  41      8C339981 
  41      4630AE64 
  41      AC67
  42 009d 980F54FC 		.ascii	"\230\017T\374\226\261i\301\357\036F\260B\020\350\002"
  42      96B169C1 
  42      EF1E46B0 
  42      4210E802 
  43 00ad CA020D60 		.ascii	"\312\002\015`b`p\324\317\310\317M\325OLI\314\325w\316"
  43      626070D4 
  43      CFC8CF4D 
  43      D54F4C49 
  43      CCD577CE 
  44 00c1 C84CCAF4 		.ascii	"\310L\312\364\017\21674\3233\324\263\324\317/\326\317"
  44      0F8E3734 
  44      D333D4B3 
  44      D4CF2FD6 
ARM GAS  /tmp/ccRKdquc.s 			page 3


  44      CF
  45 00d2 48CCD14F 		.ascii	"H\314\321O\312O,J)\326\017\016\211\367\013u\366q\365"
  45      CA4F2C4A 
  45      29D60F0E 
  45      89F70B75 
  45      F671F5
  46 00e5 8F773331 		.ascii	"\217w314\014r\205\210\353%3\000\000\321\036L\303"
  46      340C7285 
  46      88EB2533 
  46      0000D11E 
  46      4CC3
  47              		.text
  48              		.section	.gnu.lto_boardInit.5afa3a2bacf6c505,"",%progbits
  49 0000 789C6365 		.ascii	"x\234ce`b\250d``p\006bi fdf`d\232p\216\201\241\221\203"
  49      6062A864 
  49      60607006 
  49      62692066 
  49      64666064 
  50 001b 899111C4 		.ascii	"\211\221\021\304h\340`d\250gb\254g\354g\236\316\314"
  50      68E06064 
  50      A86762AC 
  50      67EC679E 
  50      CECC
  51 002d 78A8FDD9 		.ascii	"x\250\375\331N&\315\345\015@p`\372\004\256\266\206V"
  51      4E26CDE5 
  51      0D407060 
  51      FA04AEB6 
  51      8656
  52 003f 89F9CC0C 		.ascii	"\211\371\314\014\0143\201\030\004\030\2273j2\000\225"
  52      0C338118 
  52      04189733 
  52      6A320095 
  53 004f 3DDAF86F 		.ascii	"=\332\370o*/\033\013D\234q\005#\033#\220^\177\211\361"
  53      2A2F1B0B 
  53      449C7105 
  53      231B2390 
  53      5E7F89F1 
  54 0063 40C3BFFF 		.ascii	"@\303\277\377\355\015\007\276,b\234\354\305\304\300"
  54      ED0D07BE 
  54      2C629CEC 
  54      C5C4C0
  55 0072 D0059406 		.ascii	"\320\005\224\006\331\321\315\314\004\242\231\33726)"
  55      D9D1CDCC 
  55      04A299DF 
  55      323629
  56 0081 805483CD 		.ascii	"\200T\203\315\352bf\004\011\002\2259\352g\344\347\246"
  56      EA626604 
  56      09029539 
  56      EA67E4E7 
  56      A6
  57 0092 EA27A624 		.ascii	"\352'\246$\346\352;gd&e\372\007\307\033\232\351\031"
  57      E6EA3B67 
  57      642665FA 
  57      07C71B9A 
  57      E919
  58 00a4 EA59EAE7 		.ascii	"\352Y\352\347\027\353g$\346\350'\345'\026\245\024\353"
  58      17EB6724 
ARM GAS  /tmp/ccRKdquc.s 			page 4


  58      E6E827E5 
  58      2716A514 
  58      EB
  59 00b5 0787C4FB 		.ascii	"\007\207\304\373\205:\373\270\372\307\273\231\030\032"
  59      853AFBB8 
  59      FAC7BB99 
  59      181A
  60 00c3 06B942C4 		.ascii	"\006\271B\304\365\222\031\000\215\344=;"
  60      F5921900 
  60      8DE43D3B 
  61              		.text
  62              		.section	.gnu.lto_pal_default_config.5afa3a2bacf6c505,"",%progbits
  63 0000 789C6365 		.ascii	"x\234ce`b8\310\304\300\300\310\000\001\323\231\031\327"
  63      606238C8 
  63      C4C0C0C8 
  63      0001D399 
  63      19D7
  64 0012 BFD9F993 		.ascii	"\277\331\371\223\267\217y>3P\020\310]\372\353\367\007"
  64      B78F793E 
  64      335010C8 
  64      5DFAEBF7 
  64      07
  65 0023 6608F7FF 		.ascii	"f\010\367\377\177f\240@\357\245\367WY!\002\027V]]\305"
  65      7F66A040 
  65      EFA5F757 
  65      59210217 
  65      565D5DC5 
  66 0037 0A14BA7B 		.ascii	"\012\024\272{b\345j\270\232\377\377\371\201Bo\247v\356"
  66      62E56AB8 
  66      9AFFFFF9 
  66      81426FA7 
  66      76EE
  67 0049 E6B3D8D6 		.ascii	"\346\263\330\326\320\261\240\241`>3\343\014\240\324"
  67      D0B1A0A1 
  67      603E33E3 
  67      0CA0D4
  68 0058 72469919 		.ascii	"rF\231\031\314\214\020\212\211q\025\210bf\\\011\242"
  68      CC8C108A 
  68      89711588 
  68      62665C09 
  68      A2
  69 0069 58185780 		.ascii	"X\030W\200(V\210\034\033\210\002Y}i\335\322\016\026"
  69      2856881C 
  69      1B880259 
  69      7D69DDD2 
  69      0E16
  70 007b 88B157A1 		.ascii	"\210\261W\2416=\274\370b>?\021\306\256\301c,5\314h\372"
  70      363DBCF8 
  70      623E3F11 
  70      C6AEC163 
  70      2C35CC68 
  71 0090 D5BD911F 		.ascii	"\325\275\221\037\356\264.\220\323^6\257\234\301F\204"
  71      EEB42E90 
  71      D35E36AF 
  71      9CC14684 
  72 00a0 B1EBF118 		.ascii	"\261\353\361\030\273\355\331\311c\\\020c\033\030\201"
  72      BBEDD9C9 
ARM GAS  /tmp/ccRKdquc.s 			page 5


  72      635C1063 
  72      1B1881
  73 00af FC939D37 		.ascii	"\374\223\2357N\241\205\342FR\235\332\325\261`:\007\324"
  73      4EA185E2 
  73      46529DDA 
  73      D5B1603A 
  73      07D4
  74 00c1 CC035A40 		.ascii	"\314\003Z@\201\351+:'sB\005\336\201l\271\264v\303Kv"
  74      81E92B3A 
  74      27734205 
  74      DE816CB9 
  74      B476C34B 
  75 00d6 88C07D70 		.ascii	"\210\300}p\024O\330\273\363\020\324w\255\213\256.`\003"
  75      144FD8BB 
  75      F310D477 
  75      AD8BAE2E 
  75      6003
  76 00e8 0A6DDEF6 		.ascii	"\012m\336\366v\032T\315\372\357\220(\336\262\341\337"
  76      761A54CD 
  76      FAEF9028 
  76      DEB2E1DF 
  77 00f8 0BA8AA05 		.ascii	"\013\250\252\005\235\015W\230\200BSn\256\373\311\212"
  77      9D0D5798 
  77      8042536E 
  77      AEFBC98A 
  78 0108 EADE1D28 		.ascii	"\352\336\035(\356\335\016q\3576\210{\267B\334\273\005"
  78      EEDD0E71 
  78      EF36887B 
  78      B742DCBB 
  78      05
  79 0119 E2DECD10 		.ascii	"\342\336\315\020\367\2664>\371\314\0021#a>3\323\014"
  79      F7B6343E 
  79      F9CC0231 
  79      23613E33 
  79      D30C
  80 012b 6676C69D 		.ascii	"fv\306\235\214\0263\2309\0307\201(N\306\015 \212\213"
  80      8C163398 
  80      39183781 
  80      284EC60D 
  80      208A8B
  81 013e 711D88E2 		.ascii	"q\035\210\342f\\\013\242x\030W3Z00\356\002\022\000\246"
  81      665C0BA2 
  81      78185733 
  81      5A3030EE 
  81      021200A6 
  82 0152 71D774   		.ascii	"q\327t"
  83              		.text
  84              		.section	.gnu.lto_.symbol_nodes.5afa3a2bacf6c505,"",%progbits
  85 0000 789C6365 		.ascii	"x\234ce`b\360`\000\002\246IL\365\014\014\023\31610\000"
  85      6062F060 
  85      0002A649 
  85      4CF50C0C 
  85      13CE3130 
  86 0015 A95D0D8E 		.ascii	"\251]\015\216@\221\311L\365\214(\"\254\023\231\030\032"
  86      4091C94C 
  86      F58C2822 
  86      AC139918 
ARM GAS  /tmp/ccRKdquc.s 			page 6


  86      1A
  87 0026 95808A19 		.ascii	"\225\200\212\031\2470\3253\201\245\030\030\032\032\034"
  87      A730D533 
  87      81A51818 
  87      1A1A1C
  88 0035 18189881 		.ascii	"\030\030\230\201p\311\203\177\214\014\000k\236\020\246"
  88      70C9837F 
  88      8C0C006B 
  88      9E10A6
  89              		.text
  90              		.section	.gnu.lto_.refs.5afa3a2bacf6c505,"",%progbits
  91 0000 789C6365 		.ascii	"x\234ce`b`d\000\002\000\000I\000\011"
  91      60626064 
  91      00020000 
  91      490009
  92              		.text
  93              		.section	.gnu.lto_.decls.5afa3a2bacf6c505,"",%progbits
  94 0000 789C9556 		.ascii	"x\234\225ViPSW\024~'/\304$@a\240\323\361\2073u\030T"
  94      69505357 
  94      147E272F 
  94      C4244061 
  94      A0D3F187 
  95 0018 7EB4BC82 		.ascii	"~\264\274\202N\247\375\323\252\270\266\250L]~t\246\223"
  95      4EA7FDD3 
  95      AAB8B6A8 
  95      4C5D7E74 
  95      A693
  96 002a 09244AA6 		.ascii	"\011$J\246\201d\222\320\352\364\317C\300\255U\264:\266"
  96      816492D0 
  96      EAF4CF43 
  96      C0AD55B4 
  96      3AB6
  97 003c 38EAE052 		.ascii	"8\352\340R\205\272\200\010\210\200\020A\026#\273\212"
  97      85BA8008 
  97      88801041 
  97      1623BB8A 
  98 004c A06CB2B9 		.ascii	"\240l\262\271T@i\247J\247\225\236{\357\013/\206t\361"
  98      544069A7 
  98      4AA7959E 
  98      7BEF0B2F 
  98      8674F1
  99 005f 0EDF7BEF 		.ascii	"\016\337{\357\334\373\235\357,\357$\301\217Sp\0074\034"
  99      DCFB9DEF 
  99      2CEF24C1 
  99      8F537007 
  99      341C
 100 0071 771F38EE 		.ascii	"w\0378\356)\307q\223\270\224x?\307\311\213G\234G\344"
 100      29C77193 
 100      B894783F 
 100      C7C98B47 
 100      9C47E4
 101 0084 230A1048 		.ascii	"#\012\020H\345F\271W\327\027\300x\033\020c\036\376\012"
 101      E546B957 
 101      D717C078 
 101      1B10631E 
 101      FE0A
 102 0096 C9B7809B 		.ascii	"\311\267\200\233\276\364\300\2646H6H1\274W\267\244="
ARM GAS  /tmp/ccRKdquc.s 			page 7


 102      BEF4C0B4 
 102      36483648 
 102      31BC57B7 
 102      A43D
 103 00a8 0FD18918 		.ascii	"\017\321\211\030A\004\"Z\020\267\0217\021\255\2106D"
 103      4104225A 
 103      10B71137 
 103      11AD8836 
 103      44
 104 00b9 3BA219D1 		.ascii	";\242\031\321\217x\200x\210\030F\014\"\006|h\223\365"
 104      8F788078 
 104      8818460C 
 104      22067C68 
 104      93F5
 105 00cb 030FC5BB 		.ascii	"\003\017\305\273\257]Q\364@\027`\276\020\314\262\001"
 105      AF5D51F4 
 105      401760BE 
 105      10CCB201 
 106 00db 76050A6A 		.ascii	"v\005\012jN\272\027\000\335\307]\005'\025\341\336\002"
 106      4EBA1700 
 106      DDC75D05 
 106      2715E1DE 
 106      02
 107 00ec B787642B 		.ascii	"\267\207d+$S!I\322?\311\031<\024\3311\213\344^\254'"
 107      24532149 
 107      D23FC919 
 107      3C14D931 
 107      8BE45EAC 
 108 0101 EC81BAB9 		.ascii	"\354\201\272\271\275A!\007\000\360t\360\020diK\347S"
 108      BD412107 
 108      00F074F0 
 108      1064694B 
 108      E753
 109 0113 F9717271 		.ascii	"\371qrq\340\256\376YV\303\260\266\027\272\311n\366B"
 109      E0AEFE59 
 109      56C3B0B6 
 109      17BAC96E 
 109      F642
 110 0125 607B2399 		.ascii	"`{#\231MA\274\002\310s\357D\316\262\310\263\"[\352\267"
 110      4D41BC02 
 110      C873EF44 
 110      CEB2C8B3 
 110      225BEAB7 
 111 0139 E5B6D54C 		.ascii	"\345\266\325L>w\006\355\341!D\013\0124\333\2366\034"
 111      3E7706ED 
 111      E121440B 
 111      0A34DB9E 
 111      361C
 112 014b F147F34D 		.ascii	"\361G\363M-\004\243\371\"\365\366U\355\314\203\324+"
 112      2D04A3F9 
 112      22F5F655 
 112      EDCC83D4 
 112      2B
 113 015c 4D0C56C0 		.ascii	"M\014V\300\206\267\340,\314\20230\013\203\237\203\231"
 113      86B7E02C 
 113      CC823330 
 113      0B839F83 
ARM GAS  /tmp/ccRKdquc.s 			page 8


 113      99
 114 016d 788D5732 		.ascii	"x\215W2\245\237F\232\362\324a\331bv\237\350\254\033"
 114      A59F469A 
 114      F2D461D9 
 114      62769FE8 
 114      AC1B
 115 017f 987BBF40 		.ascii	"\230{\277@\0243\320MIh\220\013<\374\014\221$e|\304k"
 115      1433D04D 
 115      4968900B 
 115      3CFC0C91 
 115      24657CC4 
 116 0194 0EF4029C 		.ascii	"\016\364\002\234\206\036,\350<\204\241{\303p\3677\374"
 116      861E2CE8 
 116      3C84A17B 
 116      C370F737 
 116      FC
 117 01a5 E734D9F4 		.ascii	"\3474\331\364\354\301\313*T\312G\245\252\210,\321\271"
 117      ECC1CB2A 
 117      54CA47A5 
 117      AA882CD1 
 117      B9
 118 01b6 15751454 		.ascii	"\025u\024T'O\326\311\363\326\311\247:\342\303\262\256"
 118      274FD6C9 
 118      F3D6C9A7 
 118      3AE2C3B2 
 118      AE
 119 01c7 20DE4085 		.ascii	" \336@\205\362N\264\037\010D\241>Qt\216\035\015\337"
 119      F24EB41F 
 119      0844A13E 
 119      51748E1D 
 119      0DDF
 120 01d9 B9BDF63B 		.ascii	"\271\275\366;\361\030\320\304\341\202\254t\201(\221"
 120      F118D0C4 
 120      E182AC74 
 120      812891
 121 01e8 8702AA50 		.ascii	"\207\002\252P_}\376w\177\376\022P\211_s\012\216\252"
 121      5F7DFE77 
 121      7FFE1250 
 121      895F730A 
 121      8EAA
 122 01fa 597F7200 		.ascii	"Y\177r\000\355#\333\235\205R\203\234Z\322\344\306C\003"
 122      ED23DB9D 
 122      8552839C 
 122      5AD2E4C6 
 122      4303
 123 020c 6F307B36 		.ascii	"o0{6\232g\033\353\272xF\337A\350%WF\242\2319\013\255"
 123      9A671BEB 
 123      BA7846DF 
 123      41E82557 
 123      46A29939 
 124 0222 D2EE674E 		.ascii	"\322\356gN\311\271\217\234N>\352<\241a\307OI\260]E\373"
 124      C9B98F9C 
 124      4E3EEA3C 
 124      A161C74F 
 124      49B05D45 
 125 0237 4F04F12E 		.ascii	"O\004\361.\026y4}\250\317\237\035\316D\2635=\377\260"
 125      1679347D 
ARM GAS  /tmp/ccRKdquc.s 			page 9


 125      A8CF9F1D 
 125      CE44B335 
 125      3DFFB0
 126 024a A4ACF478 		.ascii	"\244\254\364xQ!\354Eu\355\334vT\305\2672\317\356\372"
 126      5121EC45 
 126      75EDDC76 
 126      54C5B732 
 126      CFEEFA
 127 025d DC33843A 		.ascii	"\3343\204:O\013d\216\202H'\236\\\236\010d[\204\321\226"
 127      4F0B648E 
 127      8248279E 
 127      5C9E0864 
 127      5B84D196 
 128 0271 397E7206 		.ascii	"9~r\006\337N\351\212,\327\235*%DhO\221\267\354l.\237"
 128      DF4EE98A 
 128      2CD79D2A 
 128      2544684F 
 128      91B7EC6C 
 129 0287 FBE3B828 		.ascii	"\373\343\270(\316\206k\240\205*\271I\363\264x\335!\212"
 129      CE866BA0 
 129      852AB949 
 129      F3B478DD 
 129      218A
 130 0299 5BC5BD69 		.ascii	"[\305\275i\242f\005\007\3058\007Wp\016\240\032\"\210"
 130      A2660507 
 130      C5380757 
 130      700EA01A 
 130      2288
 131 02ab 2EE1C155 		.ascii	".\341\301U\334t\342&\306\310=\271\357\270\212\317\244"
 131      DC74E226 
 131      C6C83DB9 
 131      EFB88ACF 
 131      A4
 132 02bc F3A7A8AD 		.ascii	"\363\247\250\255\270\327\241\004m\204O\201:\037\002"
 132      B8D7A104 
 132      6D844F81 
 132      3A1F02
 133 02cb 2C99BA1B 		.ascii	",\231\272\033a\265\031\344\335\327b25r2\230\033\033"
 133      61B519E4 
 133      DDD76232 
 133      35723298 
 133      1B1B
 134 02dd BAFED2AE 		.ascii	"\272\376\322\256T\005_\306\206\374P\331o.?\326\0235"
 134      54055FC6 
 134      86FC50D9 
 134      6F2E3FD6 
 134      1335
 135 02ef 9A63FB6B 		.ascii	"\232c\373k\032\025|%;\033\356H\313R\3615\314\330\373"
 135      1A157C25 
 135      3B1BEE48 
 135      CB52F135 
 135      CCD8FB
 136 0302 57A7A8E2 		.ascii	"W\247\250\342\033\231\261{\354\3051%\177\213\031\235"
 136      1B99B17B 
 136      ECC53125 
 136      7F8B199D 
 137 0312 69CFDB03 		.ascii	"i\317\333\003\371\273\324\320l\313+)\014\200p\262B\303"
ARM GAS  /tmp/ccRKdquc.s 			page 10


 137      F9BBD4D0 
 137      6CCB2B29 
 137      0C8070B2 
 137      42C3
 138 0324 C3238E93 		.ascii	"\303#\216\223\334\235\223\367\336\251\037\037\024\305"
 138      DC9D93F7 
 138      DEA91F1F 
 138      14C5
 139 0332 EF036852 		.ascii	"\357\003hRM\230\324-\010\225\213)\247\037\215(\274p"
 139      4D98D42D 
 139      08958B29 
 139      A71F8D28 
 139      BC70
 140 0344 CCE18F8F 		.ascii	"\314\341\217\217p\202\323y\312n\364f\013^\344\307\037"
 140      7082D379 
 140      CA6EF466 
 140      0B5EE4C7 
 140      1F
 141 0355 CB649737 		.ascii	"\313d\2277\371:\225.\006\017m\017z\2757\275\302;\223"
 141      F93A952E 
 141      060F6D0F 
 141      7ABD37BD 
 141      C23B93
 142 0368 BB1EEC1B 		.ascii	"\273\036\354\033\276\305){\037\351\375^Q\\\250\344\340"
 142      BEC5297B 
 142      1FE9FD5E 
 142      515CA8E4 
 142      E0
 143 0379 329E97D0 		.ascii	"2\236\227\320#\302\306\366\303\035|[-\020\016\267\021"
 143      23C2C6F6 
 143      C31D7C5B 
 143      2D100EB7 
 143      11
 144 038a 3711AD88 		.ascii	"7\021\255\2106D;\242\031\302\351'\211\305sy\304k\360"
 144      36443BA2 
 144      19C2E927 
 144      89C57379 
 144      C46BF0
 145 039d 59B9672D 		.ascii	"Y\271g-\256\0252\273\322w-\214\316Fc\264\"$U\024\201"
 145      AE1532BB 
 145      D2772D8C 
 145      CE4663B4 
 145      22245514 
 146 03b2 D038692C 		.ascii	"\3208i,\244\257\264\312\227\351-*\3768O\007\357\344"
 146      A4AFB4CA 
 146      97E92D2A 
 146      FE384F07 
 146      EFE4
 147 03c4 AE866235 		.ascii	"\256\206b5\204F\370\252\011\356b)\257S\026\213<\\\257"
 147      8446F8AA 
 147      09EE6229 
 147      AF53168B 
 147      3C5CAF
 148 03d7 C2EF50E8 		.ascii	"\302\357P\350D\307\016y$I\0364\374\315\341c\351\001"
 148      44C70E79 
 148      24491E34 
 148      FCCDE163 
ARM GAS  /tmp/ccRKdquc.s 			page 11


 148      E901
 149 03e9 6C0A5B88 		.ascii	"l\012[\210\275'\363\342\005-_D\323\201\234\341\303{"
 149      BD27F3E2 
 149      052D5F44 
 149      D3819CE1 
 149      C37B
 150 03fb A4C30FD0 		.ascii	"\244\303\017\320,j,\351\361\343\313\331Y\327x\373v\177"
 150      2C6A2CE9 
 150      F1E3CBD9 
 150      59D778FB 
 150      767F
 151 040d BE9A1979 		.ascii	"\276\232\031y\177\0368\255\342]\314\3706#s\347\014\276"
 151      7F1E38AD 
 151      E25DCCF8 
 151      362373E7 
 151      0CBE
 152 041f 951AEAC7 		.ascii	"\225\032\352\307M\247\262\024\300f\222\016%\246T\353"
 152      4DA7B214 
 152      C066920E 
 152      25A654EB 
 153 042f 0AD92F8A 		.ascii	"\012\331/\212\365\357\321\244\3720\251!\274O\225\371"
 153      F5EFD1A4 
 153      FA30A921 
 153      BC4F95F9 
 154 043f CA9021BB 		.ascii	"\312\220!\273\177U*\3554!\337\367&_zu\310\220^\025+"
 154      7F552AED 
 154      3421DFF7 
 154      265F7A75 
 154      C8905E15 
 155 0454 D3CBBCE9 		.ascii	"\323\313\274\351\245\276\307\246\010\317\013\351\321"
 155      A5BEC7A6 
 155      08CF0BE9 
 155      D1
 156 0461 90D4DF47 		.ascii	"\220\324\337G\330\337~\354\345\003\304C\3040b\0201 "
 156      D8DF7EEC 
 156      E503C443 
 156      C4306210 
 156      3120
 157 0473 8F0C49ED 		.ascii	"\217\014I\355S9V\227w\254{\323R\353\377D\246\367z\323"
 157      53395697 
 157      77AC7BD3 
 157      52EBFF44 
 157      A6F77AD3 
 158 0487 CBA757E2 		.ascii	"\313\247W\342\241\336\343M\357\226+\221&\354:\233\260"
 158      A1DEE34D 
 158      EF962B91 
 158      26EC3A9B 
 158      B0
 159 0498 A1691376 		.ascii	"\241i\023vu\342IF\020\337\301&\354\324\301\252\032\215"
 159      75E24946 
 159      10DFC126 
 159      ECD4C1AA 
 159      1A8D
 160 04aa D784B9CB 		.ascii	"\327\204\271\313\207'X\365\377\355\000\213\332\336L"
 160      872758F5 
 160      FFED008B 
 160      DADE4C
ARM GAS  /tmp/ccRKdquc.s 			page 12


 161 04b9 A7EB1774 		.ascii	"\247\353\027tz,O\327\220{\272&\316T\276T\207J\261v\374"
 161      7A2C4FD7 
 161      907BBA26 
 161      CE54BE54 
 161      874AB176 
 162 04ce 532CEE5F 		.ascii	"S,\356_\003\241Lami\205v\316\0111\337\211_\262\325A"
 162      03A14C61 
 162      6D698576 
 162      CE0931DF 
 162      895FB2D5 
 163 04e3 B9F80BAB 		.ascii	"\271\370\013\253\201\021t\276\310bz\274@\262\263\016"
 163      811174BE 
 163      C8627ABC 
 163      40B2B30E 
 164 04f3 FF491A85 		.ascii	"\377I\032\2059\344\037\211\027wz\002\002vM}\215\323"
 164      39E41F89 
 164      17777A02 
 164      02764D7D 
 164      8DD3
 165 0505 DF52F7C7 		.ascii	"\337R\367\307\224\2031\010\240\277\244\344\036\240\323"
 165      94833108 
 165      A0BFA4E4 
 165      1EA0D3
 166 0514 19F536F3 		.ascii	"\031\3656\363\026\235)\331\344P/_\275~vLT\024\267HH"
 166      169D29D9 
 166      E4502F5F 
 166      BD7E764C 
 166      5414B748 
 167 0529 B4241905 		.ascii	"\264$\031\005\275A\237$\304$\232\342Mk\326\352\242\336"
 167      BD419F24 
 167      C4249AE2 
 167      4D6BD6EA 
 167      A2DE
 168 053b 8F8C8AFC 		.ascii	"\217\214\212\374P\260\330\205D\275Y\210\267\350m\006"
 168      50B0D885 
 168      44BD5988 
 168      B7E86D06 
 169 054b BBB0769D 		.ascii	"\273\260v\235n\365\372\230\330\245kt\313\026DE}\266"
 169      6EF5FA98 
 169      D8A56B74 
 169      CB164445 
 169      7DB6
 170 055d 94ED4726 		.ascii	"\224\355G&p\032\372\260\022E\203\355\216\244\371\321"
 170      701AFAB0 
 170      124583ED 
 170      8EA4F9D1 
 171 056d BA04B325 		.ascii	"\272\004\263%\341K\032\345\277\305\255\026\233\203h"
 171      E14B1AE5 
 171      BFC5AD16 
 171      9B8368
 172 057c AF9A1FCD 		.ascii	"\257\232\037\315\256\313\026l\336LNtf\263!2\221\013"
 172      AECB166C 
 172      DE4C4E74 
 172      66B32132 
 172      910B
 173 058e B1E2A3C1 		.ascii	"\261\342\243\301\270Q\237bv\350\022,\311\033M\233Tq"
 173      B8519F62 
ARM GAS  /tmp/ccRKdquc.s 			page 13


 173      76E8122C 
 173      C91B4D9B 
 173      5471
 174 05a0 4B97E81D 		.ascii	"K\227\350\035z\245~\243\315\254\325\351RL\311\016\014"
 174      7AA57EA3 
 174      CDACD5E9 
 174      524CC90E 
 174      0C
 175 05b1 EA785748 		.ascii	"\352xWH\261\333\004Sr\2029\305`\024\222\215_\233M\361"
 175      B1DB0453 
 175      728239C5 
 175      6014928D 
 175      5F9B4DF1 
 176 05c5 42923E21 		.ascii	"B\222>!\321\224l\024\246$\034[\254F;\352\252\335na\276"
 176      D1946C14 
 176      A6241C5B 
 176      AC463BEA 
 176      AADD6E61 
 177 05da DCEC5BEC 		.ascii	"\334\354[\354\202\316\3560 \007\271\274\305`\363\263"
 177      82CEEE30 
 177      2007B9BC 
 177      C560F3B3 
 178 05ea A6580DB6 		.ascii	"\246X\015\266\031\026\273\325h4\330T\026\242c\363K\262"
 178      1916BBD5 
 178      6834D854 
 178      16A263F3 
 178      4BB2
 179 05fc 188C3692 		.ascii	"\030\2146\222H\342\342\327\25246v\211\260<n\345\232"
 179      48E2E2D7 
 179      AA343676 
 179      89B03C6E 
 179      E59A
 180 060e AFA205AB 		.ascii	"\257\242\005\253\\*\353\336&\253\311\242\263\033\035"
 180      5C2AEBDE 
 180      26ABC9A2 
 180      B31B1D
 181 061d 29569D43 		.ascii	")V\235C\025\267\204\224\252\212\213a\267\305\354\266"
 181      15B78494 
 181      AA8A8B61 
 181      B7C5ECB6 
 182 062d 88DD5690 		.ascii	"\210\335V\220\233&nQl\014\355\313\337\253\027[5"
 182      9B266E51 
 182      6C0CEDCB 
 182      DFAB175B 
 182      35
 183              		.text
 184              		.section	.gnu.lto_.symtab.5afa3a2bacf6c505,"",%progbits
 185 0000 5F5F6561 		.ascii	"__early_init\000"
 185      726C795F 
 185      696E6974 
 185      00
 186 000d 00       		.ascii	"\000"
 187 000e 00       		.ascii	"\000"
 188 000f 00       		.ascii	"\000"
 189 0010 00000000 		.ascii	"\000\000\000\000\000\000\000\000"
 189      00000000 
 190 0018 AE000000 		.ascii	"\256\000\000\000"
ARM GAS  /tmp/ccRKdquc.s 			page 14


 191 001c 626F6172 		.ascii	"boardInit\000"
 191      64496E69 
 191      7400
 192 0026 00       		.ascii	"\000"
 193 0027 00       		.ascii	"\000"
 194 0028 00       		.ascii	"\000"
 195 0029 00000000 		.ascii	"\000\000\000\000\000\000\000\000"
 195      00000000 
 196 0031 B0000000 		.ascii	"\260\000\000\000"
 197 0035 70616C5F 		.ascii	"pal_default_config\000"
 197      64656661 
 197      756C745F 
 197      636F6E66 
 197      696700
 198 0048 00       		.ascii	"\000"
 199 0049 00       		.ascii	"\000"
 200 004a 00       		.ascii	"\000"
 201 004b 00000000 		.ascii	"\000\000\000\000\000\000\000\000"
 201      00000000 
 202 0053 EE000000 		.ascii	"\356\000\000\000"
 203 0057 73746D33 		.ascii	"stm32_clock_init\000"
 203      325F636C 
 203      6F636B5F 
 203      696E6974 
 203      00
 204 0068 00       		.ascii	"\000"
 205 0069 02       		.ascii	"\002"
 206 006a 00       		.ascii	"\000"
 207 006b 00000000 		.ascii	"\000\000\000\000\000\000\000\000"
 207      00000000 
 208 0073 B2000000 		.ascii	"\262\000\000\000"
 209              		.text
 210              		.section	.gnu.lto_.opts,"",%progbits
 211 0000 272D666D 		.ascii	"'-fmath-errno' '-fsigned-zeros' '-ftrapping-math' '"
 211      6174682D 
 211      6572726E 
 211      6F272027 
 211      2D667369 
 212 0033 2D666E6F 		.ascii	"-fno-trapv' '-fno-openmp' '-fno-openacc' '-mcpu=cor"
 212      2D747261 
 212      70762720 
 212      272D666E 
 212      6F2D6F70 
 213 0066 7465782D 		.ascii	"tex-m4' '-mno-thumb-interwork' '-mthumb' '-ggdb' '-"
 213      6D342720 
 213      272D6D6E 
 213      6F2D7468 
 213      756D622D 
 214 0099 4F322720 		.ascii	"O2' '-fomit-frame-pointer' '-falign-functions=16' '"
 214      272D666F 
 214      6D69742D 
 214      6672616D 
 214      652D706F 
 215 00cc 2D666675 		.ascii	"-ffunction-sections' '-fdata-sections' '-fno-common"
 215      6E637469 
 215      6F6E2D73 
 215      65637469 
ARM GAS  /tmp/ccRKdquc.s 			page 15


 215      6F6E7327 
 216 00ff 2720272D 		.ascii	"' '-flto'\000"
 216      666C746F 
 216      2700
 217              		.text
 218              		.comm	__gnu_lto_v1,1,1
 219              		.comm	__gnu_lto_slim,1,1
 220              		.ident	"GCC: (15:6.3.1+svn253039-1build1) 6.3.1 20170620"
ARM GAS  /tmp/ccRKdquc.s 			page 16


DEFINED SYMBOLS
                            *ABS*:0000000000000000 board.c
                            *COM*:0000000000000001 __gnu_lto_v1
                            *COM*:0000000000000001 __gnu_lto_slim

NO UNDEFINED SYMBOLS
