ARM GAS  /tmp/cclMVm54.s 			page 1


   1              		.cpu cortex-m4
   2              		.eabi_attribute 20, 1
   3              		.eabi_attribute 21, 1
   4              		.eabi_attribute 23, 3
   5              		.eabi_attribute 24, 1
   6              		.eabi_attribute 25, 1
   7              		.eabi_attribute 26, 1
   8              		.eabi_attribute 30, 2
   9              		.eabi_attribute 34, 1
  10              		.eabi_attribute 18, 4
  11              		.file	"chcore.c"
  12              		.text
  13              	.Ltext0:
  14              		.section	.gnu.lto_.profile.f2a12fcb3b50f945,"",%progbits
  15 0000 789C6365 		.ascii	"x\234ce`b`d\000\002\000\000I\000\011"
  15      60626064 
  15      00020000 
  15      490009
  16              		.text
  17              		.section	.gnu.lto_.icf.f2a12fcb3b50f945,"",%progbits
  18 0000 789C6365 		.ascii	"x\234ce`\002Bd\000\000\000\250\000\012"
  18      60024264 
  18      000000A8 
  18      000A
  19              		.text
  20              		.section	.gnu.lto_.inline.f2a12fcb3b50f945,"",%progbits
  21 0000 789C6365 		.ascii	"x\234ce`\002Bd\000\000\000\250\000\012"
  21      60024264 
  21      000000A8 
  21      000A
  22              		.text
  23              		.section	.gnu.lto_.pureconst.f2a12fcb3b50f945,"",%progbits
  24 0000 789C6365 		.ascii	"x\234ce`b`d\000\002\000\000I\000\011"
  24      60626064 
  24      00020000 
  24      490009
  25              		.text
  26              		.section	.gnu.lto_.symbol_nodes.f2a12fcb3b50f945,"",%progbits
  27 0000 789C6365 		.ascii	"x\234ce`\002B\020\000\000\000X\000\012"
  27      60024210 
  27      00000058 
  27      000A
  28              		.text
  29              		.section	.gnu.lto_.refs.f2a12fcb3b50f945,"",%progbits
  30 0000 789C6365 		.ascii	"x\234ce`b`d\000\002\000\000I\000\011"
  30      60626064 
  30      00020000 
  30      490009
  31              		.text
  32              		.section	.gnu.lto_.decls.f2a12fcb3b50f945,"",%progbits
  33 0000 789C6365 		.ascii	"x\234ce`b\000\001F V\001\342\377@\000b\257e \000\000"
  33      60620001 
  33      46205601 
  33      E2FF4000 
  33      62AF6520 
  34 0016 BC1D04D7 		.ascii	"\274\035\004\327"
  35              		.text
ARM GAS  /tmp/cclMVm54.s 			page 2


  36              		.section	.gnu.lto_.symtab.f2a12fcb3b50f945,"",%progbits
  37              		.text
  38              		.section	.gnu.lto_.opts,"",%progbits
  39 0000 272D666D 		.ascii	"'-fmath-errno' '-fsigned-zeros' '-ftrapping-math' '"
  39      6174682D 
  39      6572726E 
  39      6F272027 
  39      2D667369 
  40 0033 2D666E6F 		.ascii	"-fno-trapv' '-fno-openmp' '-fno-openacc' '-mcpu=cor"
  40      2D747261 
  40      70762720 
  40      272D666E 
  40      6F2D6F70 
  41 0066 7465782D 		.ascii	"tex-m4' '-mno-thumb-interwork' '-mthumb' '-ggdb' '-"
  41      6D342720 
  41      272D6D6E 
  41      6F2D7468 
  41      756D622D 
  42 0099 4F322720 		.ascii	"O2' '-fomit-frame-pointer' '-falign-functions=16' '"
  42      272D666F 
  42      6D69742D 
  42      6672616D 
  42      652D706F 
  43 00cc 2D666675 		.ascii	"-ffunction-sections' '-fdata-sections' '-fno-common"
  43      6E637469 
  43      6F6E2D73 
  43      65637469 
  43      6F6E7327 
  44 00ff 2720272D 		.ascii	"' '-flto'\000"
  44      666C746F 
  44      2700
  45              		.text
  46              		.comm	__gnu_lto_v1,1,1
  47              		.comm	__gnu_lto_slim,1,1
  48              		.ident	"GCC: (15:6.3.1+svn253039-1build1) 6.3.1 20170620"
ARM GAS  /tmp/cclMVm54.s 			page 3


DEFINED SYMBOLS
                            *ABS*:0000000000000000 chcore.c
                            *COM*:0000000000000001 __gnu_lto_v1
                            *COM*:0000000000000001 __gnu_lto_slim

NO UNDEFINED SYMBOLS
