ARM GAS  /tmp/ccZ2KBHw.s 			page 1


   1              		.cpu cortex-m4
   2              		.eabi_attribute 20, 1
   3              		.eabi_attribute 21, 1
   4              		.eabi_attribute 23, 3
   5              		.eabi_attribute 24, 1
   6              		.eabi_attribute 25, 1
   7              		.eabi_attribute 26, 1
   8              		.eabi_attribute 30, 2
   9              		.eabi_attribute 34, 1
  10              		.eabi_attribute 18, 4
  11              		.file	"chcore_v7m.c"
  12              		.text
  13              	.Ltext0:
  14              		.section	.gnu.lto_.profile.5a5a08a13f1fbe9b,"",%progbits
  15 0000 789C6365 		.ascii	"x\234ce`b`a```d0\224\001\000\000\376\000Z"
  15      60626061 
  15      60606064 
  15      30940100 
  15      00FE005A 
  16              		.text
  17              		.section	.gnu.lto_.icf.5a5a08a13f1fbe9b,"",%progbits
  18 0000 789C6365 		.ascii	"x\234ce`b\020a@\000f\206\345K\256\264s3\367\276\273"
  18      60621061 
  18      40006686 
  18      E54BAEB4 
  18      7333F7BE 
  19 0015 BF9687E5 		.ascii	"\277\226\207\345\363\206\025\213\330\030\000^5\010\335"
  19      F386158B 
  19      D818005E 
  19      3508DD
  20              		.text
  21              		.section	.gnu.lto_.jmpfuncs.5a5a08a13f1fbe9b,"",%progbits
  22 0000 789C6365 		.ascii	"x\234ce`b\340e@\000f(\301\002\242\001\002|\000\037"
  22      6062E065 
  22      40006628 
  22      C102A201 
  22      027C001F 
  23              		.text
  24              		.section	.gnu.lto_.inline.5a5a08a13f1fbe9b,"",%progbits
  25 0000 789C6365 		.ascii	"x\234ce`bpc@\000f\006\006~1F\006&\221\013=\214\014l"
  25      60627063 
  25      40006606 
  25      067E3146 
  25      0626910B 
  26 0018 0BE49940 		.ascii	"\013\344\231@\202L\334`\031N\016\240\004\317\203X\270"
  26      824CDC60 
  26      194E0EA0 
  26      04CF8358 
  26      B8
  27 0029 380B0317 		.ascii	"8\013\003\0277HhN$\\\210\221\013D\002\000\021\202\006"
  27      3748684E 
  27      245C8891 
  27      0B440200 
  27      118206
  28 003c D4       		.ascii	"\324"
  29              		.text
  30              		.section	.gnu.lto_.pureconst.5a5a08a13f1fbe9b,"",%progbits
ARM GAS  /tmp/ccZ2KBHw.s 			page 2


  31 0000 789C6365 		.ascii	"x\234ce`b\340b```f\330\305\310\274\213\221e\027#\000"
  31      6062E062 
  31      60606066 
  31      D8C5C8BC 
  31      8B916517 
  32 0016 0C46024D 		.ascii	"\014F\002M"
  33              		.text
  34              		.section	.gnu.lto__port_irq_epilogue.part.0.5a5a08a13f1fbe9b,"",%progbits
  35 0000 789C9D54 		.ascii	"x\234\235T\337O\034U\024\276g\356\314\354\262,\220\020"
  35      DF4F1C55 
  35      14BE67EE 
  35      CCECB22C 
  35      9010
  36 0012 1F34E9C3 		.ascii	"\0374\351\303\362@\232&\015\323\306D\243\221\007C\322"
  36      F2409A26 
  36      0DD3C644 
  36      A3910743 
  36      D2
  37 0023 44934D0D 		.ascii	"D\223M\015\373\00748l\003\261\260\233\335\305\360\306"
  37      FB073438 
  37      6C03B1B0 
  37      9BDDC5F0 
  37      C6
  38 0034 EDC276C9 		.ascii	"\355\302v\311R\321T\331\262\225\315\3206\206VE\012\330"
  38      52D154D9 
  38      B295CDD0 
  38      36865645 
  38      0AD8
  39 0046 EA52DAAE 		.ascii	"\352R\332\256\374\350\017\253%\265\212I\351C\205m\325"
  39      FCE80FAB 
  39      25B58A49 
  39      E943856D 
  39      D5
  40 0057 524C4A48 		.ascii	"RLJHc\232\000\236sg\020\214\325\030'\231{\347\236{\276"
  40      639A009E 
  40      7367108C 
  40      D5182799 
  40      7BE79E7B 
  41 006c 73CEFDBE 		.ascii	"s\316\375\276sGc\012{Ecl\2341\266\007_p1\320\337\273"
  41      7347630A 
  41      7B45636C 
  41      9C31B607 
  41      5F7031D0 
  42 0082 811F3A28 		.ascii	"\201\037:(rV\024\336\271\235\011\217J\243\227\203F\326"
  42      725614DE 
  42      B99D098F 
  42      4AA39783 
  42      46D6
  43 0094 836E75E3 		.ascii	"\203nu\343C\003\240\017\341\006\326\246+\\\325\240\015"
  43      4303A00F 
  43      E106D6A6 
  43      2B5CD5A0 
  43      0D
  44 00a5 DEE54739 		.ascii	"\336\345G9L$\357\347\224\035\003\002\237\374\321\025"
  44      4C24EFE7 
  44      941D0302 
  44      9FFCD115 
ARM GAS  /tmp/ccZ2KBHw.s 			page 3


  45 00b5 D7219178 		.ascii	"\327!\221x\326\342\214e\360\245\007\006`\007C\267\371"
  45      D6E28C65 
  45      F0A50706 
  45      600743B7 
  45      F9
  46 00c6 E1B59E12 		.ascii	"\341\265\236\022]\265\355p\012\3632F\360\233\035g\372"
  46      5DB5ED70 
  46      0AF33246 
  46      F09B1D67 
  46      FA
  47 00d7 7837B738 		.ascii	"x7\2678\200\212\313G\337\036[(\245\245\002>\\\336\357"
  47      808ACB47 
  47      DF1E5B28 
  47      A5A5023E 
  47      5CDEEF
  48 00ea 9ABEE8E2 		.ascii	"\232\276\350\342\325@\021\362\037\235\235\205\312\223"
  48      D54011F2 
  48      1F9D9D85 
  48      CA93
  49 00f8 42C445FE 		.ascii	"B\304E\376\347\336]K\267\013B\034\351\004\213s\370\004"
  49      E7DE5D4B 
  49      B70B421C 
  49      E9048B73 
  49      F804
  50 010a 38C6858F 		.ascii	"8\306\205\217a\033\234\206mv\336O\241\022A\207\337Y"
  50      611B9C86 
  50      6D76DE4F 
  50      A1124187 
  50      DF59
  51 011c 5D2923D0 		.ascii	"])#\320\021Y]\272=qU\250\010a\177\363\037\224\376\251"
  51      11595DBA 
  51      3D7155A8 
  51      08617FF3 
  51      1F94FEA9 
  52 0130 6B851365 		.ascii	"k\205\023e<\0162\343okwR^'\343c\253\374\375v!\301*|"
  52      3C0E32E3 
  52      6F6B7752 
  52      5E27E363 
  52      ABFCFD76 
  53 0148 F6947C43 		.ascii	"\366\224|CP9\364\035\010\261\266\236\024\342\366\363"
  53      5039F41D 
  53      08B1B69E 
  53      14E2F6F3 
  54 0158 E55E9035 		.ascii	"\345^\2205(r\207\313Qe\026\3274\034t\306R\310\003\021"
  54      287287CB 
  54      516516D7 
  54      341C74C6 
  54      52C80311 
  55 016c 9AC205CE 		.ascii	"\232\302\005\316\274\213+r~\000\007\347G\017\217\317"
  55      BC8B2B72 
  55      7E0007E7 
  55      470F8FCF 
  56 017c C1266704 		.ascii	"\301&g\004\225\224\261M\";l\276\373<\25738\003z\206"
  56      9594B14D 
  56      223B6CBE 
  56      FB3CAF33 
  56      38037A86 
ARM GAS  /tmp/ccZ2KBHw.s 			page 4


  57 0190 C3169229 		.ascii	"\303\026\222)/\203a\002\300\010\216Hu\222\342\245\273"
  57      2F836102 
  57      C0088E48 
  57      7592E2A5 
  57      BB
  58 01a1 D3965AD1 		.ascii	"\323\226Z\321\003\226\350\365Y\334E\210\325\371\304"
  58      0396E8F5 
  58      59DC4588 
  58      D5F9C4
  59 01b0 4291AAA0 		.ascii	"B\221\252\240\343(T\310\370\227\347G\307t\264\300\347"
  59      E32854C8 
  59      F897E747 
  59      C774B4C0 
  59      E7
  60 01c1 A066312C 		.ascii	"\240f1,\203\263\240\262{\020\277+\313\242\200\024\237"
  60      83B3A0B2 
  60      7B10BF2B 
  60      CBA28014 
  60      9F
  61 01d2 B6C8D8D5 		.ascii	"\266\310\330\325=]N\025\310\234\354W\210/'Os2d\271\342"
  61      3D5D4E15 
  61      C89CEC57 
  61      882F274F 
  61      733264B9 
  62 01e7 F8F8E4FE 		.ascii	"\370\370\344\376\020a\024\364h\357;4x\253\336v\341h"
  62      106114F4 
  62      68EF3B34 
  62      78ABDE76 
  62      E168
  63 01f9 C29CB77E 		.ascii	"\302\234\267~\232Jkv\023\334]__/\203s\310\352_\221\234"
  63      9A4A6B76 
  63      13DC5D5F 
  63      5F2F8373 
  63      C8EA5F91 
  64 020e 62AFFC92 		.ascii	"b\257\374\222Mx\310\206\230\302\300rO\021aT\033\203"
  64      4D78C886 
  64      98C2C072 
  64      4F116154 
  64      1B83
  65 0220 A6EF676E 		.ascii	"\246\357gn^/\266 \213=\341\306\300\360\005i\203\366"
  65      5E2FB620 
  65      8B3DE1C6 
  65      C0F00569 
  65      83F6
  66 0232 87C7473E 		.ascii	"\207\307G>\324\215A\242\254\177\277\305\213\340K\260"
  66      D48D41A2 
  66      AC7FBFC5 
  66      8BE04BB0 
  67 0242 A0573628 		.ascii	"\240W6(\344\300\240.\274\367dF\006\363\240\202\330\343"
  67      E4C0A02E 
  67      BCF76446 
  67      06F3A082 
  67      D8E3
  68 0254 63889467 		.ascii	"c\210\224g\271\360\3033v\245*\225\260Q\022\"\256,\026"
  68      B9F0C333 
  68      76A52A95 
  68      B0511222 
ARM GAS  /tmp/ccZ2KBHw.s 			page 5


  68      AE2C16
  69 0267 B26E9EB1 		.ascii	"\262n\236\261\033e\261\360h\262\330i\224Y\313\233\021"
  69      1B65B1F0 
  69      68B2D869 
  69      9459CB9B 
  69      11
  70 0278 F90E1FF5 		.ascii	"\371\016\037\365\345\371\247\364\3118\235Fe\017 \216"
  70      E5F9A7F4 
  70      C9389D46 
  70      650F208E 
  71 0288 3A3FDEA2 		.ascii	":?\336\242\263#\351\254G#\037GVe\353\335\201\013R\322"
  71      B323E9AC 
  71      47231F47 
  71      5665EBDD 
  71      810B52D2 
  72 029c 8B747980 		.ascii	"\213ty\200\235\"\350\011k\344wO\3059G\322b\362\036\\"
  72      9D22E809 
  72      6BE4774F 
  72      C53947D2 
  72      62F21E5C 
  73 02b0 382FDC52 		.ascii	"8/\334R\322K\216\244w\216\215}\340!I\363$\251\212;_"
  73      D24B8EA4 
  73      778E8D7D 
  73      E02149F3 
  73      24A98A3B 
  74 02c5 C9CB7672 		.ascii	"\311\313vr8\376\215\267\"\267\265\037nt\307\217{%x\202"
  74      38FE8DB7 
  74      22B7B51F 
  74      6E74C78F 
  74      7B257882 
  75 02d9 C030696B 		.ascii	"\3000iko\013Ae\261Eh\357\277\324\363\234\315\212\206"
  75      6F0B4165 
  75      B14568EF 
  75      BFD4F39C 
  75      CD8A86
  76 02ec 905CEEE1 		.ascii	"\220\\\356\341\234\253mU\270-\356\315 I\014\246\240"
  76      9CAB6D55 
  76      B82DEECD 
  76      20490CA6 
  76      A0
  77 02fd 0D9BBC84 		.ascii	"\015\233\274\204\025\240cnr\0126]\323\211\211\031\027"
  77      15A0636E 
  77      720A365D 
  77      D3898919 
  77      17
  78 030e D14C0798 		.ascii	"\321L\007\230v\030\351BL\347v\216t?If\177\354\007\207"
  78      7618E942 
  78      4CE7768E 
  78      743F4966 
  78      7FEC0787 
  79 0322 E0FF2266 		.ascii	"\340\377\"f3\211yY\212\011\304\355\025)\346FA\235\350"
  79      33897959 
  79      8A09C4ED 
  79      1529E646 
  79      419DE8
  80 0335 B18CF0D2 		.ascii	"\261\214\360\322\214<\363U\254\212\262\251\177f[\372"
  80      8C3CF355 
ARM GAS  /tmp/ccZ2KBHw.s 			page 6


  80      AC8AB2A9 
  80      7F665BFA 
  81 0345 1FD9AE6D 		.ascii	"\037\331\256mf\373\372\237\262\341\217\026\256;\331"
  81      66FBFA9F 
  81      B2E18F16 
  81      AE3BD9
  82 0354 3479AB97 		.ascii	"4y\253\227@\261\177\207)\204\242\001W/\033\015\241\246"
  82      40B17F87 
  82      2984A201 
  82      572F1B0D 
  82      A1A6
  83 0366 A051575F 		.ascii	"\240QW_\327d\32444\276\331\2707\260o\367\013U\273\253"
  83      D764D434 
  83      34BED9B8 
  83      37B06FF7 
  83      0B55BBAB 
  84 037a 5E324251 		.ascii	"^2BQ#\0223\302\241H,j\274Z\353\257\361\267\032f\203"
  84      231233C2 
  84      A1482C6A 
  84      BC5AEBAF 
  84      F1B71A66 
  85 038f 198A04F7 		.ascii	"\031\212\004\367\275\375bS\225\311\364H0\332r V\375"
  85      BDFD6253 
  85      95C9F448 
  85      30DA7220 
  85      56FD
  86 03a1 AF1182AD 		.ascii	"\257\021\202\2551\243\306\037x-`46\233\007Z\352\203"
  86      31A3C61F 
  86      782D6034 
  86      369B075A 
  86      EA83
  87 03b3 868C6036 		.ascii	"\206\214`6\355ii6\253\032\230j\306Z\303%\376\332\200"
  87      ED696936 
  87      AB1A986A 
  87      C65AC325 
  87      FEDA80
  88 03c6 AF72D74E 		.ascii	"\257r\327N_8\032\3660^\035a\245\261Px\357\3767\"!3\020"
  88      5F381AF6 
  88      305E1D61 
  88      A5B15078 
  88      EFFE3722 
  89 03dd AB33DF2A 		.ascii	"\2533\337*\361\007jis'zy\230\022a<\032f\177\000\265"
  89      F1076A69 
  89      73277A79 
  89      9812613C 
  89      1A667F00 
  90 03f2 3FE72C   		.ascii	"?\347,"
  91              		.text
  92              		.section	.gnu.lto_SVC_Handler.5a5a08a13f1fbe9b,"",%progbits
  93 0000 789C9D93 		.ascii	"x\234\235\223\333k\023[\024\306\327\232=\231\3044\365"
  93      DB6B135B 
  93      14C6D79A 
  93      3D99C434 
  93      F5
  94 0011 880FA29C 		.ascii	"\210\017\242\234\"\011\322\007A:\365EQ\350\203\026D"
  94      2209D207 
  94      413AF545 
ARM GAS  /tmp/ccZ2KBHw.s 			page 7


  94      51E88316 
  94      44
  95 0022 1F82D2FC 		.ascii	"\037\202\322\374\001\022\307xRlL\230\244RA\350\230V"
  95      0112C778 
  95      526C4C98 
  95      A45241E8 
  95      9856
  96 0034 A3AD54F1 		.ascii	"\243\255T\361R\223b\031T\304j\275\364r\252m\25599\355"
  96      52936219 
  96      54C46ABD 
  96      F472AA6D 
  96      AD3939ED 
  97 0048 B155F082 		.ascii	"\261U\360\202\242\"*^\332\252\250(\350\203\370\240\321"
  97      A2222A5E 
  97      DAAAA828 
  97      E883F8A0 
  97      D1
  98 0059 BDF6CC91 		.ascii	"\275\366\314\221ZE\301\201\314d\357\365\255o\257\365"
  98      5A45C181 
  98      CC64EFF5 
  98      AD6FAFF5 
  99 0069 DB7B3B40 		.ascii	"\333{;@\202\2752\300\014\004\370\023\000\220\001J\273"
  99      82BD32C0 
  99      0C04F813 
  99      0090014A 
  99      BB
 100 007a AF016C71 		.ascii	"\257\001lqI\210\364\307p!\324JX\213\273\330\001\206"
 100      4988F4C7 
 100      7021D44A 
 100      588BBBD8 
 100      0186
 101 008c 83A9677D 		.ascii	"\203\251g}\322\334c\006\177r\007>\3162\332rh2\200\014"
 101      D2DC6306 
 101      7F72073E 
 101      CE32DA72 
 101      6832800C 
 102 00a0 FFD183C7 		.ascii	"\377\321\203\307p.p\331\215\372\216\203\254\211\231"
 102      702E70D9 
 102      8DFA8E83 
 102      AC8999
 103 00af 0C51E6C3 		.ascii	"\014Q\346\303\267W[\306\246\322PB/\0376\\\036?\374\007"
 103      B7575BC6 
 103      A6D25042 
 103      2F1F365C 
 103      1E3FFC07 
 104 00c3 2B4352BE 		.ascii	"+CR\276\311?h\360\024\0371\214\244\221\033N\317\336"
 104      C93F68F0 
 104      141F318C 
 104      A4911B4E 
 104      CFDE
 105 00d5 53675C32 		.ascii	"Sg\\2d\2231<\201\214\273\342q,\3026,\022\356\\>\332"
 105      6493313C 
 105      818CBBE2 
 105      712CC236 
 105      2C12EE5C 
 106 00eb 99DF5FA8 		.ascii	"\231\337_\250\310\330\216\305\326\242x\022\025^\273"
 106      C8D88EC5 
ARM GAS  /tmp/ccZ2KBHw.s 			page 8


 106      D6A27812 
 106      155EBB
 107 00fa 44333CFE 		.ascii	"D3<\376\254\361b\326\311\226\012\353\334\321\236;h["
 107      ACF162D6 
 107      C9960AEB 
 107      DCD19E3B 
 107      685B
 108 010c 5FCF94BE 		.ascii	"_\317\224\276\2767n\030{\266\363ze<\365\2759\236\306"
 108      BE376E18 
 108      7BB6F37A 
 108      653CF5BD 
 108      399EC6
 109 011f E2333731 		.ascii	"\342371g\344?\247xoE\251\221\207-\222S\0022f\342-\203"
 109      67E43FA7 
 109      786F45A9 
 109      91872D92 
 109      53023266 
 110 0136 C91C0E21 		.ascii	"\311\034\016!\004h\340\213\023\236F&\321\227\275\304"
 110      0468E08B 
 110      139E4626 
 110      D197BDC4 
 111 0146 2DA3CF77 		.ascii	"-\243\317w\016\334\307\257E\326[\220:\224\345\242\310"
 111      0EDCC7AF 
 111      45D65B90 
 111      3A94E5A2 
 111      C8
 112 0157 0CC3890D 		.ascii	"\014\303\211\015\220\011\236A\205/\334\301\337\274\205"
 112      90099E41 
 112      852FDCC1 
 112      DFBC85
 113 0166 14A53637 		.ascii	"\024\245675\233\262o?\232F\332k2\2052>\215n\035\233"
 113      359BB26F 
 113      3F9A46DA 
 113      6B328532 
 113      3E8D6E1D 
 114 017b 224B5CD8 		.ascii	"\"K\\\330\211>\001ax\264\273_\3413\330\205r+s\360H7"
 114      893E0161 
 114      78B4BB5F 
 114      E133D885 
 114      722B73F0 
 115 0191 CAF01493 		.ascii	"\312\360\024\223\217E\005dH\376\024\242\311\306t\335"
 115      8F450564 
 115      48FE14A2 
 115      C9C674DD 
 116 01a1 74814914 		.ascii	"t\201I\024\376\002\223\357R;\030M\2642\311\326xE\274"
 116      FE0293EF 
 116      523B184D 
 116      B432C9D6 
 116      7845BC
 117 01b4 9D7224AE 		.ascii	"\235r$\256\250;\270\355jw\221%a|j\342\026\"z\361o\316"
 117      A83BB8ED 
 117      6A779125 
 117      617C6AE2 
 117      16227AF1 
 118 01ca ECDB2C66 		.ascii	"\354\333,f\371~\352\366XY2M\375/\341\351#\257\306[]"
 118      F97EEAF6 
 118      5859324D 
ARM GAS  /tmp/ccZ2KBHw.s 			page 9


 118      FD2FE1E9 
 118      23AFC65B 
 119 01df 2C8382C1 		.ascii	",\203\202\301\253\361\267C\005\366\306\274\377+c\344"
 119      ABF1B743 
 119      05F6C6BC 
 119      FF2B63E4 
 120 01ef EABDB429 		.ascii	"\352\275\264)=?\330\224\263d.\303KLr\272\357\277\243"
 120      3D3FD894 
 120      B3642EC3 
 120      4B4C72BA 
 120      EFBFA3
 121 0202 BB37AB90 		.ascii	"\2737\253\220\304\006,M\000\014xN\300\355\245\343\201"
 121      C4062C4D 
 121      000C784E 
 121      C0EDA5E3 
 121      81
 122 0213 D0469987 		.ascii	"\320F\231\207\315\256\017n\337Y\033\256\223\324\247"
 122      CDAE0F6E 
 122      DF591BAE 
 122      93D4A7
 123 0222 C6CE1B2E 		.ascii	"\306\316\033.\001\267\317\206\373\240\245\177\237\233"
 123      01B7CF86 
 123      FBA0A57F 
 123      9F9B
 124 0230 E0F6135C 		.ascii	"\340\366\023\\~5\360\2748\303G:\223W<\276\276\211;s"
 124      7E35F0BC 
 124      38C3473A 
 124      93573CBE 
 124      BE893B73 
 125 0244 AD2979C8 		.ascii	"\255)y\310#\222\007(\031/X\273`a\241\262\370H\324\364"
 125      23920728 
 125      192F58BB 
 125      6061A1B2 
 125      F848D4F4 
 126 0258 7C20750B 		.ascii	"| u\013\331\005\253\373\236\354\335\264\333\356\376"
 126      D905ABFB 
 126      9EECDDB4 
 126      DBEEFE
 127 0267 51AFF7E3 		.ascii	"Q\257\367\343]:\226\2068\226\331\037\020\370G\234\353"
 127      5D3A9686 
 127      3896D91F 
 127      10F8479C 
 127      EB
 128 0278 E6AD83D7 		.ascii	"\346\255\203\327\235\204_\346\335\344x\314\"\222\036"
 128      9D845FE6 
 128      DDE478CC 
 128      22921E
 129 0287 9B3999C8 		.ascii	"\2339\231\310-\305\246\301`R\350~oi-\340\277\024\223"
 129      2DC5A6C1 
 129      6052E87E 
 129      6F692DE0 
 129      BF1493
 130 029a 27C7EE6D 		.ascii	"'\307\356m\246\205\000\007)\352\370\206\343\220\340"
 130      A6850007 
 130      29EAF886 
 130      E390E0
 131 02a9 F89FC531 		.ascii	"\370\237\3051\377K\216\027m\216y\363I\266\2008\016\243"
ARM GAS  /tmp/ccZ2KBHw.s 			page 10


 131      FF4B8E17 
 131      6D8E79F3 
 131      49B68038 
 131      0EA3
 132 02bb 2C2A061C 		.ascii	",*\006\034\021 \333\262CO=\276]\222\225\355\"\355\273"
 132      1120DBB2 
 132      434F3DBE 
 132      5D9295ED 
 132      22EDBB
 133 02ce D35DB70B 		.ascii	"\323]\267\013D\366%\001\362\262\015Rt\017\360\232\016"
 133      44F62501 
 133      F2B20D52 
 133      740FF09A 
 133      0E
 134 02df 71FB1C6A 		.ascii	"q\373\034jK0i\340W\211\3379\256_\254\206\243\221\220"
 134      4B3069E0 
 134      5789DF39 
 134      AE5FAC86 
 134      A39190
 135 02f2 1A5C1B8C 		.ascii	"\032\\\033\214\250\345\341\3125\225+\003\253\347/(\231"
 135      A8E5E1CA 
 135      35952B03 
 135      ABE72F28 
 135      99
 136 0303 5FB2488D 		.ascii	"_\262H\215\306U=\241\306\242z\"\256.\251\360\227\373"
 136      C6553DA1 
 136      C6A27A22 
 136      AE2EA9F0 
 136      97FB
 137 0315 6B542DAC 		.ascii	"kT-\254E\365\320\352\215\013#%\032\310Z\242&\246\350"
 137      45F5D0EA 
 137      8D0B2325 
 137      1AC85AA2 
 137      26A6E8
 138 0328 A1787555 		.ascii	"\241xuU\242\354\2476\241\232\204Z\356\017\254\010\250"
 138      A2ECA736 
 138      A19A845A 
 138      EE0FAC08 
 138      A8
 139 0339 951BB4AA 		.ascii	"\225\033\264\252\352\265!U\330h\221e\325\033\264\222"
 139      EAB52155 
 139      D8689165 
 139      D51BB492 
 140 0349 3014FA2B 		.ascii	"0\024\372+\002\336\342\322y\336X<\346\006V\246\303\324"
 140      02DEE2D2 
 140      79DE583C 
 140      E60656A6 
 140      C3D4
 141 035b 4434B672 		.ascii	"D4\266r\335*=\252\005\022Am}\241?PA\301y\\\345\006I"
 141      DD2A3DAA 
 141      0512416D 
 141      7DA13F50 
 141      41C1795C 
 142 0372 07168F81 		.ascii	"\007\026\217\201cc\260\252:\364\333\015\204a\032\271"
 142      6363B0AA 
 142      3AF4DB0D 
 142      84611AB9 
ARM GAS  /tmp/ccZ2KBHw.s 			page 11


 143 0382 AE09C643 		.ascii	"\256\011\306C1\275\222\234\301\031\011E\242\372&\370"
 143      31BD929C 
 143      C1190945 
 143      A2FA26F8 
 144 0392 026C68C3 		.ascii	"\002lh\303K"
 144      4B
 145              		.text
 146              		.section	.gnu.lto__port_irq_epilogue.5a5a08a13f1fbe9b,"",%progbits
 147 0000 789C9D53 		.ascii	"x\234\235S[KTQ\024^\337\331\347\314LcIO\321C\017#\344"
 147      5B4B5451 
 147      145EDFD9 
 147      E7CC4C63 
 147      494FD143 
 148 0017 43101E83 		.ascii	"C\020\036\203H\012|\010!\210\220@\177@\3304\240\320"
 148      480A7C08 
 148      21889040 
 148      7F40D834 
 148      A0D0
 149 0029 38315EA8 		.ascii	"81^\250\210f\217ZBAEe\216\221\034\260\007\2652/e55\331"
 149      88668F5A 
 149      42414565 
 149      8E911CB0 
 149      07B5322F 
 150 0041 3416F490 		.ascii	"4\026\364\220\3350\222\204\"/EeP\321C\222Yk\357Q\221"
 150      DD309284 
 150      222F4565 
 150      50D14392 
 150      596BEF51 
 151 0056 090ADA70 		.ascii	"\011\012\332p\316>k\255o\335\277c\221A\257\004\321\013"
 151      CE3E6BAD 
 151      6FDDBF63 
 151      9141AF04 
 151      D10B
 152 0068 222AE407 		.ascii	"\"*\344\007.\202q\342\021Q\324c\030bx\005I\257\231("
 152      2E8271E2 
 152      1151D463 
 152      18627805 
 152      49AF9928 
 153 007c 20B954C0 		.ascii	" \271T\300Rj\230\351;\352\261\000\365!=\240\210!L\013"
 153      526A98E9 
 153      3BEAB100 
 153      F5213DA0 
 153      88214C0B 
 154 0090 111C17CD 		.ascii	"\021\034\027\315\002\251\306\267qcM\273\344\223l\376"
 154      02A9C6B7 
 154      71634DBB 
 154      E4936CFE 
 155 00a0 E63E2C0F 		.ascii	"\346>,\017\255t8A\013?\352\240\035k\210ac\275\263M\313"
 155      AD743841 
 155      0B3FEAA0 
 155      1D6B8861 
 155      63BDB34D 
 156 00b5 5C665A8F 		.ascii	"\\fZ\217\016\270\300w\3673$\345\354\257F\231\2349\217"
 156      0EB8C077 
 156      F73324E5 
 156      ECAF4699 
 156      9C398F
ARM GAS  /tmp/ccZ2KBHw.s 			page 12


 157 00c8 D66D1E41 		.ascii	"\326m\036A\216\200\251^DG\030\250\022\036\025\206\272"
 157      8E80A95E 
 157      444718A8 
 157      121E1586 
 157      BA
 158 00d9 C5240C15 		.ascii	"\305$\014\025\347iC\3179qL8\302\200\311\342\227\241"
 158      E76943CF 
 158      39714C38 
 158      C280C9E2 
 158      97A1
 159 00eb B3E3D94A 		.ascii	"\263\343\331J\024\360\261\370.\3218\014Q\010\205\354"
 159      14F0B1F8 
 159      2ED1380C 
 159      510885EC 
 160 00fb 1F188979 		.ascii	"\037\030\211ys\317KY'\223\257c\276\351\221\011)OJ8\302"
 160      73CF4B59 
 160      2793AF63 
 160      BEE99109 
 160      294F4A38 
 161 0110 C44508AE 		.ascii	"\304E\010\256\003\027\260\012\235X\225\256\363\022r"
 161      0317B00A 
 161      9D5895AE 
 161      F31272
 162 011f D9A9F1BD 		.ascii	"\331\251\361\275\274m\252x&|\350b\333\007\324\215\375"
 162      BC6DAA78 
 162      267CE862 
 162      DB07D48D 
 162      FD
 163 0130 381E1B5F 		.ascii	"8\036\033_\271\320C\203n\365\324w\267n\243E\2002L\243"
 163      B9D04383 
 163      6EF5D477 
 163      B76EA345 
 163      80324CA3 
 164 0144 B1D50709 		.ascii	"\261\325\007\011\227\225\315\310\264\245\366\253D\204"
 164      9795CDC8 
 164      B4A5F6AB 
 164      4484
 165 0152 6E65158B 		.ascii	"ne\025\213\007\203\036\336\005\241WM\006\224\000\233"
 165      07831EDE 
 165      05A1574D 
 165      0694009B 
 166 0162 DA9CBEEF 		.ascii	"\332\234\276\357\336\234!82\346s\204\245\320]\343\267"
 166      DE9C2138 
 166      32E67384 
 166      A5D05DE3 
 166      B7
 167 0173 A4C73418 		.ascii	"\244\3074\030\330\207\034R\232\317S\303\243\006kp\205"
 167      D8871C52 
 167      9ACF53C3 
 167      A3066B70 
 167      85
 168 0184 77A52A26 		.ascii	"w\245*&\\\325\243\351\030\030\234\\\232\363d\316\333"
 168      5CD5A3E9 
 168      18189C5C 
 168      9AF364CE 
 168      DB
 169 0195 A5B05F2F 		.ascii	"\245\260_/\367=\317\322\336\375\312\033\327x\330\223"
ARM GAS  /tmp/ccZ2KBHw.s 			page 13


 169      F73DCFD2 
 169      DEFDCA1B 
 169      D778D893 
 170 01a5 A8F3E9EE 		.ascii	"\250\363\351\356\211\336#us\272\355\327\010Tc\255Bm"
 170      89DE2375 
 170      73BAEDD7 
 170      085463AD 
 170      426D
 171 01b7 F7CCA1D4 		.ascii	"\367\314\241\324c\267\232\207[\267\031\215'N[iQ\276"
 171      63B79A87 
 171      5BB7198D 
 171      274E5B69 
 171      51BE
 172 01c9 AC97D96A 		.ascii	"\254\227\331j!\261\2727\036\007\255Qn\217\363xp\203"
 172      21B1BA37 
 172      1E07AD51 
 172      6E8FF378 
 172      7083
 173 01db A77A5DD5 		.ascii	"\247z]\325\301\306\251\246\007\027\274v\227l\210*\333"
 173      C1C6A9A6 
 173      0717BC76 
 173      976C882A 
 173      DB
 174 01ec 12C4E120 		.ascii	"\022\304\341 \246\231\201\233\2609a\375\314\341N+\235"
 174      A699819B 
 174      B03961FD 
 174      CCE14E2B 
 174      9D
 175 01fd CE4C67FC 		.ascii	"\316Lg\374\364p\262Mo\000\220\313q\213\003M\240atp\375"
 175      F470B24D 
 175      6F0090CB 
 175      718B034D 
 175      A0617470 
 176 0212 1C8811DD 		.ascii	"\034\210\021\335S\361\351ei\004!1\267\277\243<\315\341"
 176      53F1E965 
 176      69042131 
 176      B7BFA33C 
 176      CDE1
 177 0224 15E22384 		.ascii	"\025\342#\204\002\252\334\361\370\324\250;\362Sz\034"
 177      02AADCF1 
 177      F8D4A83B 
 177      F2537A1C 
 178 0234 E16D1126 		.ascii	"\341m\021&\247\274\215\010s+K\243MJ\024\314s*\203)3"
 178      A7BC8D08 
 178      732B4BA3 
 178      4D4A14CC 
 178      732A8329 
 179 0249 FF60CA80 		.ascii	"\377`\312\200f\312\302dL\256\342\316\337\230r6k\216"
 179      66CAC264 
 179      4CAEE2CE 
 179      DF987236 
 179      6B8E
 180 025b 29D69F4C 		.ascii	")\326\237L\311\217\020\222\312\346\312\264\275<\240"
 180      C98F1092 
 180      CAE6CAB4 
 180      BD3CA0
 181 026a 1211EEFE 		.ascii	"\022\021\356\376\311\224\224f\312\340\"\246\314:o\006"
ARM GAS  /tmp/ccZ2KBHw.s 			page 14


 181      C9949466 
 181      CAE022A6 
 181      CC3A6F06 
 182 027a B2E64970 		.ascii	"\262\346IpG\223\340\236&A\346\306\357/l\\\005\327\223"
 182      4793E09E 
 182      2641E6C6 
 182      EF2F6C5C 
 182      05D793
 183 028d B0F4EFF5 		.ascii	"\260\364\357\365\211G\241\317\021&4+X\332d\227\207\202"
 183      8947A1CF 
 183      1126342B 
 183      58DA6497 
 183      8782
 184 029f 01BB6C57 		.ascii	"\001\273lWY\320.*\257\330Y\261\275t\307\272\015y\353"
 184      59D02E2A 
 184      AFD859B1 
 184      BD74C7BA 
 184      0D79EB
 185 02b2 F236DAA1 		.ascii	"\3626\332\241*;\\m\357\011\205\253\253\354\315%\305"
 185      2A3B5C6D 
 185      EF0985AB 
 185      ABECCD25 
 185      C5
 186 02c3 45C57B6D 		.ascii	"E\305{m\177\271?\024\016\354\250-\010\346\371\311\252"
 186      7FB93F14 
 186      0EECA82D 
 186      08E6F9C9 
 186      AA
 187 02d4 2DDB5D13 		.ascii	"-\333]\023\370\357\000\345T\370W\327\300\336j\273\250"
 187      F8EF00E5 
 187      54F857D7 
 187      C0DE6ABB 
 187      A8
 188 02e5 B8746BA9 		.ascii	"\270tk\251]Q\351\337]\263+`kW\177pKM\245\237\275\227"
 188      5D51E9DF 
 188      5DB32B60 
 188      6B577F70 
 188      4B4DA59F 
 189 02fb 179796F8 		.ascii	"\027\227\226\370v\226U\005\366\204+\326\372r\363\311"
 189      76965505 
 189      F6842BD6 
 189      FA72F3C9 
 190 030b 08933B18 		.ascii	"\010\223;\030\010\206\302\373\35075\252\203g"
 190      0886C2FB 
 190      E83735AA 
 190      8367
 191              		.text
 192              		.section	.gnu.lto_.symbol_nodes.5a5a08a13f1fbe9b,"",%progbits
 193 0000 789C6365 		.ascii	"x\234ce`b\250a\000\002\246\337\214\365\014\014\023\316"
 193      6062A861 
 193      0002A6DF 
 193      8CF50C0C 
 193      13CE
 194 0012 3130D433 		.ascii	"10\32430\356l9\330\340\300\300\300\370\225\261\236\021"
 194      30EE6C39 
 194      D8E0C0C0 
 194      C0F895B1 
ARM GAS  /tmp/ccZ2KBHw.s 			page 15


 194      9E11
 195 0024 2CC6C0D0 		.ascii	",\306\300\320\260\000$\360\215\261\236\011Y\200\351"
 195      B00024F0 
 195      8DB19E09 
 195      5980E9
 196 0033 13633D33 		.ascii	"\023c=3T\027\303\256\006G\240\310g\306z\026\024\021"
 196      5417C3AE 
 196      0647A0C8 
 196      67C67A16 
 196      1411
 197 0045 C62F8CF5 		.ascii	"\306/\214\365\2540M c\231\031X\031\226\264\277\221g"
 197      AC304D20 
 197      63991958 
 197      1996B4BF 
 197      9167
 198 0057 66616078 		.ascii	"fa`x\264R\215\001\000[R \267"
 198      B4528D01 
 198      005B5220 
 198      B7
 199              		.text
 200              		.section	.gnu.lto_.refs.5a5a08a13f1fbe9b,"",%progbits
 201 0000 789C6365 		.ascii	"x\234ce`b\340d`\000\222L\214\374LL\002\014\000\001\230"
 201      6062E064 
 201      6000924C 
 201      8CFC4C4C 
 201      020C0001 
 202 0015 0039     		.ascii	"\0009"
 203              		.text
 204              		.section	.gnu.lto_.decls.5a5a08a13f1fbe9b,"",%progbits
 205 0000 789CBD58 		.ascii	"x\234\275XiP\024W\036\237\327o8f\030\216\032\331]SE"
 205      69501457 
 205      1E9FD76F 
 205      3866188E 
 205      1AD95D53 
 206 0015 552C8B5A 		.ascii	"U,\213Z\311\207\025IR\331\354nvKD\215~pc\015\321\332"
 206      C9871549 
 206      52D9EC6E 
 206      764B448D 
 206      7E70630D 
 207 002b 2F9B0919 		.ascii	"/\233\011\031&\201\012\207\031\206\215\246\266j\033"
 207      26810A87 
 207      19868DA6 
 207      B66A1B
 208 003a 4125E281 		.ascii	"A%\342\201xpx\241x!\247 \340-\"\227(\210(\"\010\014"
 208      787078A1 
 208      7821A720 
 208      E02D2297 
 208      28882822 
 209 0050 20A2222A 		.ascii	" \242\"*\340\301\341\301\376\337{\335tO;\230\255|\330"
 209      E0C1E1C1 
 209      FEDF7BDD 
 209      744F3B98 
 209      AD7CD8
 210 0063 2EFE33F3 		.ascii	".\3763\363\177\375{\277\377\371^\367\303I\305\251\276"
 210      7FFD7BBF 
 210      FFF95EF7 
 210      C349C5A9 
ARM GAS  /tmp/ccZ2KBHw.s 			page 16


 210      BE
 211 0074 9AAE52AD 		.ascii	"\232\256R\255\302*U\002R\251&\340R\253T\252<\225t9\203"
 211      C22A5502 
 211      52A926E0 
 211      52AB54AA 
 211      3C957439 
 212 0089 E4831C03 		.ascii	"\344\203\034\003)\006)\001)\0039\257z\373\372'px\302"
 212      29062901 
 212      290339AF 
 212      7AFBFA27 
 212      7078C2
 213 009c F772103D 		.ascii	"\367r\020=\2107H-\310]\220Y g@\036\203\364\200\324\203"
 213      8837482D 
 213      C85D9059 
 213      2067401E 
 213      83F480D4 
 214 00b1 2C031904 		.ascii	",\003\031\004\031\0029\0072\014\302\201\334\006\351"
 214      19023907 
 214      320CC281 
 214      DC06E9
 215 00c0 92D91E01 		.ascii	"\222\331\036\001y%\330\024\375P^\337\203m\215\302\366"
 215      7925D814 
 215      FD505EDF 
 215      836D8DC2 
 215      F6
 216 00d1 5DC1FE2C 		.ascii	"]\301\376,\301.\261\205\220\024W\211\214\033\303\270"
 216      C12EB185 
 216      90145789 
 216      8C1BC3B8 
 217 00e1 13882B7A 		.ascii	"\023\210+z\233;\032\306t\002\367,El\"\347\327 _\201"
 217      9B3B1AC6 
 217      7402F72C 
 217      456C22E7 
 217      D7205F81 
 218 00f5 F8828420 		.ascii	"\370\202\204 \226CB\3659|\270\01093\301o\263`#_fSy\245"
 218      964342F5 
 218      397CB808 
 218      3933C16F 
 218      B360235F 
 219 010d 6254BAB1 		.ascii	"bT\272\261\362,\327\211\332\021\344\003y\321Q\3469\202"
 219      F22CD789 
 219      DA11E403 
 219      79D151E6 
 219      3982
 220 011f 2F22549D 		.ascii	"/\"T\235\020/\204\3508\214r\364\223\001\351\020\022"
 220      102F84E8 
 220      388C72F4 
 220      9301E910 
 220      12
 221 0130 67083A27 		.ascii	"g\010:'\250\234@I\377\204\311H\306\310n3K\342\305bB"
 221      A89C4049 
 221      FF84C948 
 221      C6C86E33 
 221      4BE2C562 
 222 0145 420E293B 		.ascii	"B\016);\233\2158\311\000B\362\0112B\346\266p\177\322"
 222      9B8D38C9 
 222      0042F209 
ARM GAS  /tmp/ccZ2KBHw.s 			page 17


 222      3242E6B6 
 222      707FD2
 223 0158 3F95141C 		.ascii	"?\225\024\034\022\243\037J\277\322\247\265\241\0162"
 223      12A31F4A 
 223      BFD2A7B5 
 223      A10E32
 224 0167 9A3917D1 		.ascii	"\2329\027\321\261W\033\317\225\3520\207\310o\333\330"
 224      B1571BCF 
 224      95EA3087 
 224      C86FDBD8 
 225 0177 9185B373 		.ascii	"\221\205\263syv\271~&\245\255jb\244\334s\023Fz-\342"
 225      7976B97E 
 225      26A5AD6A 
 225      62A4DC73 
 225      13467A2D 
 226 018c 406D1ABC 		.ascii	"@m\032\274\262\333\015To-\362\002u4\256\371\202v\372"
 226      B2DB0D54 
 226      6F2DF202 
 226      7534AEF9 
 226      8276FA
 227 019f 0E3A2B9E 		.ascii	"\016:+\236\367\342\320\362\337\242\\\344\203r\220\017"
 227      F7E2D0F2 
 227      DFA25CE4 
 227      8372900F 
 228 01af 18CF43B0 		.ascii	"\030\317C\260\024\3207j\306\264\346\365\372u\35633\371"
 228      14D0376A 
 228      C6B4E6F5 
 228      FA75EE33 
 228      33F9
 229 01c1 F22EBEFC 		.ascii	"\362.\276\374I\345\337\272\213\312\37150\315\231\300"
 229      49E5DFBA 
 229      8BCAF935 
 229      30CD99C0 
 230 01d1 5036C2E8 		.ascii	"P6\302\350(\232M\\\206\237\360y\004\331\020:\214:!\240"
 230      289A4D5C 
 230      869FF079 
 230      04D9103A 
 230      8C3A21A0 
 231 01e5 7C3413A6 		.ascii	"|4\023\246?\252/*\362\304_So\337m\266\320\316l\365\341"
 231      3FAA2F2A 
 231      F2C45F53 
 231      6FDF6DB6 
 231      D0CE6CF5 
 232 01fa D6EB1A30 		.ascii	"\326\353\0320\333\305\363\345#{\374:\013{\371D-\005"
 232      DBC5F3E5 
 232      237BFC3A 
 232      0B7BF944 
 232      2D05
 233 020c A102C968 		.ascii	"\241\002\311h\0011J~\034\243\306\272\273\016\016\273"
 233      01314A7E 
 233      1CA3C6BA 
 233      BB0E0EBB 
 234 021c E163885A 		.ascii	"\341c\210Z\333\272\347\351],0\264}\225\316Wptv\2214"
 234      DBBAE7E9 
 234      5D2C30B4 
 234      7D95CE57 
 234      70747691 
ARM GAS  /tmp/ccZ2KBHw.s 			page 18


 235 0231 BB489C5D 		.ascii	"\273H\234]Lg\037\251zv\020\343*6\373\376\340\372\017"
 235      4C671FA9 
 235      7A7610E3 
 235      2A36FBFE 
 235      E0FA0F
 236 0244 6072268D 		.ascii	"`r&\215\372\375\035\361\374\021pz\006e8.1\034W\006]"
 236      FAFD1DF1 
 236      FC11707A 
 236      0665382E 
 236      311C5706 
 237 0259 42996C83 		.ascii	"B\231l\203Ok\334\3605\306\224R\236U\341*P5\275\237\316"
 237      4F6BDCF0 
 237      35C69452 
 237      9E55E12A 
 237      5035BD9F 
 238 026e 97AFE6F9 		.ascii	"\227\257\346\3718\346K\251\304T\252d*\243L\231i/\036"
 238      38E64BA9 
 238      C454AA64 
 238      2AA34C99 
 238      692F1E
 239 0281 38E35EC6 		.ascii	"8\343^\306T_u=\315\005\277\241\212\372\376\371a\016"
 239      545F753D 
 239      CD05BFA1 
 239      8AFAFEF9 
 239      610E
 240 0293 7247FE34 		.ascii	"rG\3764~\031\274+:\2034\252\014>\221\347\275\350\317"
 240      7E19BC2B 
 240      3A8334AA 
 240      0C3E91E7 
 240      BDE8CF
 241 02a6 753CBF9A 		.ascii	"u<\277\232\037\\\235\354\005\\\037\371\2409>*t\026\371"
 241      1F5C9DEC 
 241      055C1FF9 
 241      A0393E2A 
 241      7416F9
 242 02b9 D15B2A74 		.ascii	"\321[*t\012\246\235\206\254\037\022[GEn\240\223BBX\011"
 242      0AA69D86 
 242      AC1F125B 
 242      47456EA0 
 242      93424258 
 243 02ce 2AB31B52 		.ascii	"*\263\033Rt\362r\021\210T\257sv\365J\033l\354\340\204"
 243      74F27211 
 243      8854AF73 
 243      76F54A1B 
 243      6CECE084 
 244 02e2 6CDFAB9D 		.ascii	"l\337\253\235\221\024_\275\201\337\207(\012\235\220"
 244      91145FBD 
 244      81DF8728 
 244      0A9D90
 245 02f1 C23C21A6 		.ascii	"\302<!\246\374<\015\257\2436;\007C_\316\322\"\2624<"
 245      FC3C0DAF 
 245      A3363B07 
 245      435FCED2 
 245      22B2343C 
 246 0305 61A860E0 		.ascii	"a\250`\340\344\230;\033\"\274M\233\207\017\270\340R"
 246      E4983B1B 
 246      22BC4D9B 
ARM GAS  /tmp/ccZ2KBHw.s 			page 19


 246      870FB8E0 
 246      52
 247 0316 D6EED712 		.ascii	"\326\356\327\022\012wa\326\325j\262:\3523\356x\260\256"
 247      0A7761D6 
 247      D56AB23A 
 247      EA33EE78 
 247      B0AE
 248 0328 9E918AB9 		.ascii	"\236\221\212\271\364\272\226\0125\362\323\322\240\312"
 248      F4BA960A 
 248      35F2D3D2 
 248      A0CA
 249 0336 AFDEFA7D 		.ascii	"\257\336\372}\3320)Y5\322\242\012\311\203YZ\370L$\311"
 249      DA302959 
 249      35D2A20A 
 249      C983595A 
 249      F84C24C9 
 250 034a 498EE735 		.ascii	"I\216\3475\213T\250\022\"\272\010\021\241*H\017X%8t"
 250      8B54A812 
 250      22BA0811 
 250      A12A480F 
 250      58253874 
 251 035e 0106CB61 		.ascii	"\001\006\313a\020\254d\037\330\262\337\031?\241\036"
 251      10AC641F 
 251      D8B2DF19 
 251      3FA11E
 252 036d 70D5E76E 		.ascii	"p\325\347n\337R#\255\237C\202K\016\010\23035\266\231"
 252      DF5223AD 
 252      9F43824B 
 252      0E089833 
 252      35B699
 253 0380 D5B06A38 		.ascii	"\325\260j8T\013\316\324H\316\200o\344\013F\301\320\343"
 253      540BCED4 
 253      48CE806F 
 253      E40B46C1 
 253      D0E3
 254 0392 84BB5D6E 		.ascii	"\204\273]n,\272\351\240\306\225dm\326\341\235\230F\276"
 254      2CBAE9A0 
 254      C695646D 
 254      D6E19D98 
 254      46BE
 255 03a4 B77D28CF 		.ascii	"\267}(\317\005gR\205\273\320\274/\333\035\351\374\326"
 255      05675285 
 255      BBD0BC2F 
 255      DB1DE9FC 
 255      D6
 256 03b5 4F3A4156 		.ascii	"O:AV\322\244\033\015\340\3062\235`BH\306\243\217w\235"
 256      D2A41B0D 
 256      E0C6329D 
 256      604248C6 
 256      A38F779D 
 257 03c9 23C9A847 		.ascii	"#\311\250G:tE\262\277L\307\252\267#\365\350-\015\356"
 257      3A7445B2 
 257      BF4CC7AA 
 257      B723F5E8 
 257      2D0DEE
 258 03dc 62B6C4CD 		.ascii	"b\266\304\315B\3176\213\207\273\332\332t\370\016\273"
 258      42CF368B 
ARM GAS  /tmp/ccZ2KBHw.s 			page 20


 258      87BBDADA 
 258      74F80EBB 
 259 03ec 575C3354 		.ascii	"W\\3T\243\301\375L\3118\375\254\316\211\001]Amm,L\362"
 259      A3C1FD4C 
 259      C938FDAC 
 259      CE89015D 
 259      416D6D2C 
 260 0402 C08FD9BD 		.ascii	"\300\217\331\275\265Y\027\307\334\361\020S\216\364\333"
 260      B55917C7 
 260      DCF11053 
 260      8EF4DB
 261 0411 5E61FC8C 		.ascii	"^a\374\214)/OV\361\256x\204)\207kZk<\3618S\304z\352"
 261      292F4F56 
 261      F1AE7884 
 261      29876B5A 
 261      6B3CF138 
 262 0429 693D51FE 		.ascii	"i=Q\376\375\363\273\264\254\274<lb\332\366\253\367\336"
 262      FDF3BBB4 
 262      ACBC3C6C 
 262      62DAF6AB 
 262      F7DE
 263 043b 78225F7A 		.ascii	"x\"_z\371M\363\365\335O\302\207\315\341\3233M\275<\237"
 263      F94DF3F5 
 263      DD4FC287 
 263      CDE1D333 
 263      4DBD3C9F 
 264 044f A2A3C15D 		.ascii	"\242\243\301]\206\340z\3204)\033u\264Y+\311\247\212"
 264      86E07AD0 
 264      34291B75 
 264      B4592BC9 
 264      A78A
 265 0461 CDE8F90C 		.ascii	"\315\350\371\014\026a\002\246\360kJx\343[\360:\031\274"
 265      166102A6 
 265      F06B4A78 
 265      E35BF03A 
 265      19BC
 266 0473 5909BF4E 		.ascii	"Y\011\277N\341\001\022z\374/\022\272E\211\366W\200\233"
 266      E101127A 
 266      FC2F12BA 
 266      4589F657 
 266      809B
 267 0485 64D4371C 		.ascii	"d\3247\034S\313=\351\227\301\257:\216\223\222\263\232"
 267      53CB3DE9 
 267      97C1AF3A 
 267      8E9392B3 
 267      9A
 268 0496 BF38ED15 		.ascii	"\2778\355\025\307\363\210\240TB\275\311\265\205\334"
 268      C7F388A0 
 268      5442BDC9 
 268      B585DC
 269 04a5 4CE6F9B9 		.ascii	"L\346\371\271j\025j\203\311\255d\362-\201\015`\250\033"
 269      6A156A83 
 269      C9AD64F2 
 269      2D810D60 
 269      A81B
 270 04b7 DAA713F9 		.ascii	"\332\247\023\371\242^\220\016\020\033\310\035\220v\220"
 270      A25E900E 
ARM GAS  /tmp/ccZ2KBHw.s 			page 21


 270      101BC81D 
 270      907690
 271 04c6 2E90DBC8 		.ascii	".\220\333\310\227\0221\237:\317\350S\342\371\3329\324"
 271      9712319F 
 271      3ACFE853 
 271      E2F9DA39 
 271      D4
 272 04d7 A926C7D9 		.ascii	"\251&\307\331\224E\\!\013\341\246\303\364\260\200I\337"
 272      94455C21 
 272      0BE1A6C3 
 272      F4B08049 
 272      DF
 273 04e8 A5DA5AB0 		.ascii	"\245\332Z\260N\326\343r\254\012\335E:\272\221\3007\200"
 273      4ED6E372 
 273      AC0ADD45 
 273      3ABA91C0 
 273      3780
 274 04fa CB8676AF 		.ascii	"\313\206v\257\305\332D\032\033\005C\017I\330>\262\314"
 274      C5DA441A 
 274      1B05430F 
 274      49D83EB2 
 274      CC
 275 050b 809EEE5C 		.ascii	"\200\236\356\\\200\256\030.<\254c\215\206e\013\317\233"
 275      80AE182E 
 275      3CAC638D 
 275      86650BCF 
 275      9B
 276 051c 2DBCE6D1 		.ascii	"-\274\346\321\263\343:\274VM\267\331\256\254\341\207"
 276      B3E33ABC 
 276      564DB7D9 
 276      AEACE187 
 277 052c CEC80F76 		.ascii	"\316\310\017vY-\210l\277\034\200\225\374@\332/\351\316"
 277      592D886C 
 277      BF1C8095 
 277      FC40DA2F 
 277      E9CE
 278 053e 3BF81F32 		.ascii	";\370\0372\314v\227\301\375<\236>\271\365\366CR\007"
 278      CC7697C1 
 278      FD3C9E3E 
 278      B9F5F643 
 278      5207
 279 0550 A8178FC0 		.ascii	"\250\027\217\300\253\207\340\006\331\262\311\010\030"
 279      AB87E006 
 279      D9B2C908 
 279      18
 280 055d 4C1ECD5B 		.ascii	"L\036\315[\353\254O\026\0123\003Q\356\373\200\273G\275"
 280      EBAC4F16 
 280      0A330351 
 280      EEFB80BB 
 280      47BD
 281 056f 7F8CF462 		.ascii	"\177\214\364b\014T\201\031\353K\257w\252\247\014\367"
 281      0C548119 
 281      EB4BAF77 
 281      AAA70CF7 
 282 057f 8918EE1C 		.ascii	"\211\030\356\034\032\355\206G\327\322tJzi\037\037\244"
 282      1AED8647 
 282      D7D2744A 
ARM GAS  /tmp/ccZ2KBHw.s 			page 22


 282      7A691F1F 
 282      A4
 283 0590 F44F18FD 		.ascii	"\364O\030\375 \245\357\032\335<\341)O=\331\305%\376"
 283      20A5EF1A 
 283      DD3CE129 
 283      4F3DD9C5 
 283      25FE
 284 05a2 2121F543 		.ascii	"!!\365C4\365\266\321\226N\235\034\\h\007\036\026\300"
 284      34F5B6D1 
 284      964E9D1C 
 284      5C68071E 
 284      16C0
 285 05b4 C3147CB3 		.ascii	"\303\024|\263\275)M\203\223hn\321\321\274=\205\036x"
 285      BD294D83 
 285      93686ED1 
 285      D1BC3D85 
 285      1E78
 286 05c6 3B53922A 		.ascii	";S\222*.\356rV\303[\3333\232T\0309q\370^\276\273\374"
 286      2EEE7256 
 286      C35BDB33 
 286      9A541839 
 286      71F85EBE 
 287 05dc F9536BE7 		.ascii	"\371Sk\347\367\013\273\347\317\310\326\234fO\3415\305"
 287      F70BBBE7 
 287      CFC8D69C 
 287      664FE135 
 287      C5
 288 05ed B601B7E5 		.ascii	"\266\001\267\345\3316\360\231q\374\334Z\216\000\321"
 288      D936F099 
 288      71FCDC5A 
 288      8E00D1
 289 05fc 5371CF43 		.ascii	"Sq\317C\317\221\232h\366\017\333\021\3724\0328\324\342"
 289      CF919A68 
 289      F60FDB11 
 289      FA341A38 
 289      D4E2
 290 060e 85BBA772 		.ascii	"\205\273\247r\247b\314\346\245\346\330nM\314\222'da"
 290      A762CCE6 
 290      A5E6D86E 
 290      4DCC9227 
 290      6461
 291 0620 CE6B8F29 		.ascii	"\316k\217)_h^R\007\307\221\340\341\325G\327\3625\202"
 291      5F685E52 
 291      07C791E0 
 291      E1D547D7 
 291      F23582
 292 0633 870D4FF4 		.ascii	"\207\015O\364\251\364\225\"\371\000\"84:\351\337\030"
 292      A9F49522 
 292      F9002238 
 292      343AE9DF 
 292      18
 293 0644 F837AAF4 		.ascii	"\3707\252\364\357\025\365\257\367e\336)a\177t&!\027"
 293      EF15F5AF 
 293      F765DE29 
 293      617F7426 
 293      2117
 294 0656 6436B84F 		.ascii	"d6\270O\331\004o\304&x\315z\376\331\3725#\302\263\323"
ARM GAS  /tmp/ccZ2KBHw.s 			page 23


 294      D9046FC4 
 294      2678CD7A 
 294      FED9FA35 
 294      23C2B3D3 
 295 066a 856CC97D 		.ascii	"\205l\311}\2736\351X\317\177\012\352\355\306\334jwe"
 295      BB36E958 
 295      CF7F0AEA 
 295      EDC6DC6A 
 295      7765
 296 067c 8FF09C0F 		.ascii	"\217\360\234\017\232\240dq\234^\244\244\012\314\270"
 296      9AA06471 
 296      9C5EA4A4 
 296      0ACCB8
 297 068b D49B57E1 		.ascii	"\324\233W\341\201\037\262l\245\267=L\023c\203\267\265"
 297      811FB26C 
 297      A5B73D4C 
 297      136383B7 
 297      B5
 298 069c 895BB021 		.ascii	"\211[\260!CG$@,\244\033Vs\223O\034\370i\037Z<GB\353"
 298      43472440 
 298      2CA41B56 
 298      73934F1C 
 298      F8691F5A 
 299 06b4 DA7B6FAB 		.ascii	"\332{o\253;\346\235(\333\345sY\315N\002[\305\277\331"
 299      3BE69D28 
 299      DBE57359 
 299      CD4E025B 
 299      C5BFD9
 300 06c7 1BD33EF6 		.ascii	"\033\323>\366\306\224 1%(\231\326P\246\226\276\212P"
 300      C6942031 
 300      252899D6 
 300      50A696BE 
 300      8A50
 301 06d9 BCC1698A 		.ascii	"\274\301i\212\"\366\355\334Q\350&\265I\335\261\336\313"
 301      22F6EDDC 
 301      51E826B5 
 301      49DDB1DE 
 301      CB
 302 06ea 71BC77C2 		.ascii	"q\274w\302\007\264\010kEr\264\216S\023\315\236?\221"
 302      07B4086B 
 302      4572B48E 
 302      5313CD9E 
 302      3F91
 303 06fc F2E7D6D7 		.ascii	"\362\347\326\327\264\013yLD\240O<h\315\3220}\220>\304"
 303      B40B794C 
 303      44A04F3C 
 303      68CDD230 
 303      7D903EC4 
 304 0710 5EED2E13 		.ascii	"^\355.\023toP_\333\222\223]X\2363\011\274\273\343\336"
 304      746F505F 
 304      DB92935D 
 304      589E3309 
 304      BCBBE3DE 
 305 0724 7A0F9CC1 		.ascii	"z\017\234\301\374{\225t6\335y\312\012n\342\204\012^"
 305      FC7B9574 
 305      36DD79CA 
 305      0A6EE284 
ARM GAS  /tmp/ccZ2KBHw.s 			page 24


 305      0A5E
 306 0736 64151C4B 		.ascii	"d\025\034K(\353BR\215\324\264\0217@\215\2228\002\337"
 306      28EB4252 
 306      8DD4B411 
 306      37408D92 
 306      3802DF
 307 0749 4C6B4427 		.ascii	"LkD'\021\364\352\323\255[\204\023@\027\321K\232Z^h\360"
 307      11F4EAD3 
 307      AD5B8413 
 307      4017D14B 
 307      9A5A5E68 
 308 075e 016638F3 		.ascii	"\001f8\363\315\226\375n\304p<\030N\374\305\227\030\230"
 308      CD96FD6E 
 308      C4703C18 
 308      4EFCC597 
 308      1898
 309 0770 F173737B 		.ascii	"\361ss{\221\235\361\024\356\035\306\257\367\355K\020"
 309      919DF114 
 309      EE1DC6AF 
 309      F7ED4B10 
 310 0780 36D8467A 		.ascii	"6\330Fz\212\353\273T->\312I\026NW7]B8\2339\223\230>"
 310      8AEBBB54 
 310      2D3ECA49 
 310      164E5737 
 310      5D42389B 
 311 0798 DCE83965 		.ascii	"\334\3509e\026R\305,\334c\216\264\216V\2659)\263\260"
 311      1652C52C 
 311      DC638EB4 
 311      8E56B539 
 311      29B3B0
 312 07ab 1D1C61CF 		.ascii	"\035\034a\317\2324\352H\252\350Hgqz\237\213\322\355"
 312      9A34EA48 
 312      AAE84867 
 312      717A9F8B 
 312      D2ED
 313 07bd 29D14955 		.ascii	")\321IU%\325Bmki\267\274)\256s\301\371\314\315"
 313      25D5426D 
 313      6B69B7BC 
 313      29AE73C1 
 313      F9CCCD
 314 07d0 AD29A375 		.ascii	"\255)\243u\256\270\210)e\217s\312\334\031\262\\\256"
 314      AEB88829 
 314      658F73CA 
 314      DC19B25C 
 314      AE
 315 07e1 7B0BFAD3 		.ascii	"{\013\372\323\234\301\203\316\270\224\201\267\237\335"
 315      9CC183CE 
 315      B89481B7 
 315      9FDD
 316 07ef 5EE2A174 		.ascii	"^\342\241ty\0178\301\036\361\231\234\264\001\223\327"
 316      790F38C1 
 316      1EF1999C 
 316      B40193D7 
 317 07ff 9EE74F4F 		.ascii	"\236\347OOi\225.O\211\026\327\261\236\255\343\264\261"
 317      69952E4F 
 317      8916D7B1 
 317      9EADE3B4 
ARM GAS  /tmp/ccZ2KBHw.s 			page 25


 317      B1
 318 0810 7DFDEEF8 		.ascii	"}\375\356\370\224\220\330\334M\027\261X\345_~U%\247"
 318      9490D8DC 
 318      4D17B158 
 318      E55F7E55 
 318      25A7
 319 0822 B5C7AF0A 		.ascii	"\265\307\257\012<\360y6\375t\331\231j\341\365n\016\250"
 319      3CF07936 
 319      FD74D999 
 319      6AE1F56E 
 319      0EA8
 320 0834 39B9171A 		.ascii	"9\271\027\032\334p\245\320\271\311{\2135\270\216);\237"
 320      DC70A5D0 
 320      B9C97B8B 
 320      35B88E29 
 320      3B9F
 321 0846 763C105A 		.ascii	"v<\020Z\336\217l\224Y{R4\370*\2737\221\234\230\356\202"
 321      DE8F6C94 
 321      597B5234 
 321      F82ABB37 
 321      919C98EE 
 322 085b 6F30655B 		.ascii	"o0e[\303\266,7\334\312\224\227\367\267\265\"6K'\353"
 322      C3B62C37 
 322      DCCA9497 
 322      F7B7B522 
 322      364B27EB 
 323 086f 576FA15F 		.ascii	"Wo\241_\363_lJu\3036\206miM8)`\335\310\003\363\262\355"
 323      F35F6C4A 
 323      75C33686 
 323      6D694D38 
 323      2960DDC8 
 324 0887 1F5336CC 		.ascii	"\037S6\3141\261a\0129\032S\301\232\336lW\230\353\003"
 324      31B1610A 
 324      391A53C1 
 324      9ADE6C57 
 324      98EB03
 325 089a 670C243B 		.ascii	"g\014$;`\370\260\003\306\361\362\247yj|\207\332\341"
 325      60F8B003 
 325      C6F1F2A7 
 325      796A7C87 
 325      DAE1
 326 08ac 4A8FF766 		.ascii	"J\217\367fheG\210O\342\327\221\267\366R\250\300qi\347"
 326      68654788 
 326      4FE2D791 
 326      B7F652A8 
 326      C07169E7 
 327 08c0 F1993C42 		.ascii	"\361\231<B\330?\344K8?\302J\223Z\014\005+b\016d\357"
 327      D83FE44B 
 327      383FC24A 
 327      935A0C05 
 327      2B620E64 
 328 08d5 3D52E98E 		.ascii	"=R\351\216\0371\013\351\333/\034\367\230\264\000\347"
 328      1F310BE9 
 328      DB2F1CF7 
 328      98B400E7 
 329 08e5 82627A2E 		.ascii	"\202bz.8\011\026\312$\013\245\334\024&N86QW{e\243Z\276"
 329      380916CA 
ARM GAS  /tmp/ccZ2KBHw.s 			page 26


 329      240BA5DC 
 329      14264E38 
 329      3651577B 
 330 08fd 7D13BE7C 		.ascii	"}\023\276|\270\237GW\347)\3323\307\3046\317\314M\037"
 330      B89F4757 
 330      E729DA33 
 330      C7C436CF 
 330      CC4D1F
 331 0910 70617DF1 		.ascii	"pa}\361?\261g\245\307\217;\311\331O\277\213\375lS\373"
 331      3FB167A5 
 331      C78F3BC9 
 331      D94FBF8B 
 331      FD6C53FB 
 332 0924 5CFC9CD5 		.ascii	"\\\374\234\325\355yC{7\302cLI\270|\351\260\013~\315"
 332      ED79437B 
 332      37C2634C 
 332      49B87CE9 
 332      B00B7ECD 
 333 0938 9481ECFA 		.ascii	"\224\201\354\372Zg\034\357L\225\336\276\361\023\030"
 333      5A671CEF 
 333      4C95DEBE 
 333      F11318
 334 0947 2732E5D0 		.ascii	"'2\345\320\300\376\215\032\274\221)\011\275\217\033"
 334      C0FE8D1A 
 334      BC912909 
 334      BD8F1B
 335 0956 84B3C806 		.ascii	"\204\263\310\006R\274\227\203\2457\304.!g\216\376\347"
 335      52BC9783 
 335      A537C42E 
 335      21678EFE 
 335      E7
 336 0967 77275CF1 		.ascii	"w'\\\361V\012\376\335\300\361-\007u\302\001\301\327"
 336      560AFEDD 
 336      C0F12D07 
 336      75C201C1 
 336      D7
 337 0978 779AEFE4 		.ascii	"w\232\357\344\345\347KN\013\011qP\322\3138\255\240\216"
 337      E5E74B4E 
 337      0B097150 
 337      D2CB38AD 
 337      A08E
 338 098a E7BBCA11 		.ascii	"\347\273\312\021:\303\351Q\001\344\274\201\2336\031"
 338      3AC3E951 
 338      01E4BC81 
 338      9B3619
 339 0999 8DFC351A 		.ascii	"\215\3745\032f\304\363\345m+\331\033\353\001\210\371"
 339      66C4F3E5 
 339      6D2BD91B 
 339      EB0188F9 
 340 09a9 828076F4 		.ascii	"\202\200v\364\306\272\237\337\006\374m?\305Qt:p\357"
 340      C6BA9FDF 
 340      06FC6D3F 
 340      C551743A 
 340      70EF
 341 09bb 10D0E276 		.ascii	"\020\320\342v\203\266q\012\356\272U\022w\256\222\273"
 341      83B6710A 
 341      EEBA5512 
ARM GAS  /tmp/ccZ2KBHw.s 			page 27


 341      77AE92BB 
 342 09cb D5EEFD9F 		.ascii	"\325\356\375\237\300{d\360#J\370!9\3716B\376\023C\223"
 342      C07B64F0 
 342      234AF821 
 342      39F93642 
 342      FE134393 
 343 09df ED639712 		.ascii	"\355c\227\022\235\241t\245I\306\235\243Dg+\321=\262"
 343      9DA174A5 
 343      49C69DA3 
 343      44672BD1 
 343      3DB2
 344 09f1 A4942BD1 		.ascii	"\244\224+\321\2623\221\374\260Q\011i\270H\211\010\232"
 344      B23391FC 
 344      B0510969 
 344      B8488908 
 344      9A
 345 0a02 9C345AA1 		.ascii	"\2344Z\241\335\256r\276\250\006\244\036\344&\3105\220"
 345      DDAE72BE 
 345      A806A41E 
 345      E426C835 
 345      90
 346 0a13 5B20D520 		.ascii	"[ \325 \227@\256\2004\203\324\201\264\2004\202\264\203"
 346      9740AE80 
 346      3483D481 
 346      B4803482 
 346      B483
 347 0a25 B4815C06 		.ascii	"\264\201\\\006\271\015R\013r\035\344\006H\023'\236N"
 347      B90D520B 
 347      721DE406 
 347      4813279E 
 347      4E
 348 0a36 480E9A56 		.ascii	"H\016\232VJ9\250pX<YP\303\262\024\034T\202\367+S0,K"
 348      4A39A870 
 348      583C5950 
 348      C3B2141C 
 348      5482F72B 
 349 0a4e C13925BA 		.ascii	"\3019%\272Q\331E\303?I\350*%\372g\273\322A\003\365\010"
 349      51D945C3 
 349      3F49E82A 
 349      25FA67BB 
 349      D24103F5 
 350 0a63 5DB415BA 		.ascii	"]\264\025\272h\213\200\026\237\265(Y\216&\233H\277\200"
 350      688B8016 
 350      9FB52859 
 350      8E269B48 
 350      BF80
 351 0a75 866730DA 		.ascii	"\206g0\332\250D\257\347\224]\324&\013\363\250\343J\313"
 351      A844AFE7 
 351      945DD426 
 351      0BF3A8E3 
 351      4ACB
 352 0a87 E1FDB238 		.ascii	"\341\375\2628\317;.\265\035\\\306~\330q\217\312\341"
 352      CF3B2EB5 
 352      1D5CC67E 
 352      D8718FCA 
 352      E1
 353 0a98 E332F6B3 		.ascii	"\3432\366\263\216\263\310\340l\277\254\036\325\3233"
ARM GAS  /tmp/ccZ2KBHw.s 			page 28


 353      8EB3C8E0 
 353      6CBFAC1E 
 353      D5D333
 354 0aa7 2DC0E467 		.ascii	"-\300\344gZ\226\265\352q}\012O\216\242\373 \021{\005"
 354      5A96B5EA 
 354      717D0A4F 
 354      8EA2FB20 
 354      117B05
 355 0aba 32F1C189 		.ascii	"2\361\301\211v+\327G\223l}\354t\274>\354<\225\005\226"
 355      762BD747 
 355      936C7DEC 
 355      74BC3EEC 
 355      3C950596 
 356 0ace E5B83B26 		.ascii	"\345\270;&\217\256\015\266\355\015j|\203\356J\\YK\361"
 356      8FAE0DB6 
 356      ED0D6A7C 
 356      83EE4A5C 
 356      594BF1
 357 0ae1 760F34CD 		.ascii	"v\0174\315\317\321Z@6X\002\377\217\345\300\322\367f"
 357      CFD15A40 
 357      365802FF 
 357      8FE5C0D2 
 357      F766
 358 0af3 DC19CEAE 		.ascii	"\334\031\316\256\250\023\014vH\017\033\222L\366_\240"
 358      A8130C76 
 358      480F1B92 
 358      4CF65FA0 
 359 0b03 2BEDF12E 		.ascii	"+\355\361.\362\223\\''?qwq\354$\007\337\216\216}yv\307"
 359      F2935C27 
 359      273F7177 
 359      71EC2407 
 359      DF8E8E7D 
 360 0b1a BE6E01DC 		.ascii	"\276n\001\334M\301\027_\334\314s\301\035lO_\273-\373"
 360      4DC1175F 
 360      DCCC73C1 
 360      1D6C4F5F 
 360      BB2DFB
 361 0b2d 8DD3E461 		.ascii	"\215\323\344a\341\263\327\212\303B\217\344Y\217\362"
 361      E1B3D78A 
 361      C3428FE4 
 361      598FF2
 362 0b3c 15FC0E7D 		.ascii	"\025\374\016}\005?42\232\344\201\007\031\333\232\327"
 362      053F3432 
 362      9AE48107 
 362      19DB9AD7 
 363 0b4c C35D1EE2 		.ascii	"\303]\036\342aa\225\335a\241Wb\352U2\335\345f\252\336"
 363      616195DD 
 363      61A15762 
 363      EA5532DD 
 363      E566AADE 
 364 0b60 33AE88B6 		.ascii	"3\256\210\266X\215\341\226\037\214\346\025\341\021\321"
 364      588DE196 
 364      1F8CE615 
 364      E111D1
 365 0b6f DFC59A67 		.ascii	"\337\305\232g\257\010\261Xg\317q\375\374\357\313f\004"
 365      AF08B158 
 365      67CF71FD 
ARM GAS  /tmp/ccZ2KBHw.s 			page 29


 365      FCEFCB66 
 365      04
 366 0b80 0504A8FE 		.ascii	"\005\004\250\376\354\037\026\035i\366\017\011\015\211"
 366      EC1F161D 
 366      69F60F09 
 366      0D89
 367 0b8e F40F0A0B 		.ascii	"\364\017\012\013\377&\374\213`c\300'\263\003f\377\311"
 367      FF26FC8B 
 367      6063C027 
 367      B30366FF 
 367      C9
 368 0b9f 3F3AC6DF 		.ascii	"?:\306\337b\365'\0141\376\201\206%AKV\372\233\302L\321"
 368      62F5270C 
 368      31FE8186 
 368      25414B56 
 368      FA9BC24C 
 369 0bb4 16B3F15F 		.ascii	"\026\263\361_\177\214\234mR\375\206\261\307\374\030"
 369      7F8C9C6D 
 369      52FD86B1 
 369      C7FC18
 370 0bc3 6E358519 		.ascii	"n5\205\031\277\265DG\032\303c,\277\2320L5\215\021\232"
 370      BFB54447 
 370      1AC3632C 
 370      BF9A304C 
 370      358D119A 
 371 0bd7 57865B27 		.ascii	"W\206['\351\334\202\227\007\031\027\205D\205F\230-\372"
 371      E9DC8297 
 371      07191785 
 371      44854698 
 371      2DFA
 372 0be9 B7C379CF 		.ascii	"\267\303y\317\024\026l\012[\034\263\324b6G\256\260\206"
 372      14166C0A 
 372      5B1CB3D4 
 372      623647AE 
 372      B086
 373 0bfb 474719CC 		.ascii	"GG\031\314?\304\206[\314\241N\306y\321\321\021\001\277"
 373      3FC4865B 
 373      CCA14EC6 
 373      79D1D111 
 373      01BF
 374 0c0d E44D7894 		.ascii	"\344Mx\224)\"6\324\014\216\304\230\302B\301\011\255"
 374      292236D4 
 374      0C8EC498 
 374      C242C109 
 374      AD
 375 0c1e D1181B1E 		.ascii	"\321\030\033\036e\375\350C\243\365\017\376\2611\226"
 375      65FDE843 
 375      A3F50FFE 
 375      B13196
 376 0c2d 494494F9 		.ascii	"ID\224\371\307\210\360o\374#CLa\341Qf\177c\250\371\333"
 376      C788F06F 
 376      FC23434C 
 376      61E15166 
 376      7F63A8F9 
 377 0c42 90D808AB 		.ascii	"\220\330\010\253\321\272j\2059\006&\272\212\323f:\232"
 377      D1BA6A85 
 377      390626BA 
ARM GAS  /tmp/ccZ2KBHw.s 			page 30


 377      8AD3663A 
 377      9A
 378 0c53 16B32AC6 		.ascii	"\026\263*\306\337\030c\015\005\014`\325+W\304X\\-\346"
 378      DF18630D 
 378      050C60D5 
 378      2B57C458 
 378      5C2DE6
 379 0c66 EF422C91 		.ascii	"\357B,\221F\353'\277\"e@\302\25509GX\214\326\260Pl\011"
 379      46EB27BF 
 379      226540C2 
 379      AD303947 
 379      588CD6B0 
 380 0c7d F890B37C 		.ascii	"\370\220\263|\304Y\3403\200\263\314q\023\362h5YW\252"
 380      C459E033 
 380      80B3CC71 
 380      13F26835 
 380      5957AA
 381 0c90 4D612116 		.ascii	"Ma!\026\215\321\370\235\331j\\\032\274\324=$\342\307"
 381      8DD1F89D 
 381      D96A5C1A 
 381      BCD43D24 
 381      E2C7
 382 0ca2 905531C6 		.ascii	"\220U1\306\360\250\010\210\342\257\357\264\014\004\376"
 382      F0A80888 
 382      E2AFEFB4 
 382      0C04FE
 383 0cb1 414B8217 		.ascii	"AK\202\027\007KY\"\3052E.\214\2152\201\003\300\032\303"
 383      074B5922 
 383      C532452E 
 383      8C8D3281 
 383      03C01AC3 
 384 0cc5 58BDA9C1 		.ascii	"X\275\251\301\330\250\210h\323\367R\351d\203\356\014"
 384      D8A88868 
 384      D3F752E9 
 384      6483EE0C 
 385 0cd5 3A2F3078 		.ascii	":/0x\301R\303b\215aA\360\002\303\362\005\363\347\250"
 385      C152C362 
 385      8D6141F0 
 385      02C3F205 
 385      F3E7A8
 386 0ce8 1707071A 		.ascii	"\027\007\007\032\324K\226,4\340\300\371\006<\037\276"
 386      D44B962C 
 386      34E0C0F9 
 386      063C1FBE 
 387 0cf8 972E34A8 		.ascii	"\227.4\250\003\027\006\033\324\363\026\006\032\234\340"
 387      0317061B 
 387      D4F31606 
 387      1A9CE0
 388 0d07 1600E613 		.ascii	"\026\000\346\023}\021\371\010\202\017\247\340EA\301"
 388      7D11F908 
 388      820FA7E0 
 388      4541C1
 389 0d16 061CBC68 		.ascii	"\006\034\274h\251\206\025\353S\243\325E\370\306AAp'"
 389      A98615EB 
 389      53A3D545 
 389      F8C64141 
 389      7027
ARM GAS  /tmp/ccZ2KBHw.s 			page 31


 390 0d28 C8E014B8 		.ascii	"\310\340\024\270\330\020dP/\377\362\013\203z1\240\235"
 390      D8106450 
 390      2FFFF20B 
 390      837A31A0 
 390      9D
 391 0d39 82962E5B 		.ascii	"\202\226.[<\037>\003\203\014\357n\321)\243\376\230\024"
 391      3C1F3E03 
 391      830CEF6E 
 391      D129A3FE 
 391      9814
 392 0d4b 3938689E 		.ascii	"98h\236\361K\250\270\236\006g\027\257fr\350\277?j/\226"
 392      F14BA8B8 
 392      9E066717 
 392      AF6672E8 
 392      BF3F6A2F 
 393              		.text
 394              		.section	.gnu.lto_.symtab.5a5a08a13f1fbe9b,"",%progbits
 395 0000 5356435F 		.ascii	"SVC_Handler\000"
 395      48616E64 
 395      6C657200 
 396 000c 00       		.ascii	"\000"
 397 000d 00       		.ascii	"\000"
 398 000e 00       		.ascii	"\000"
 399 000f 00000000 		.ascii	"\000\000\000\000\000\000\000\000"
 399      00000000 
 400 0017 B5000000 		.ascii	"\265\000\000\000"
 401 001b 5F706F72 		.ascii	"_port_irq_epilogue\000"
 401      745F6972 
 401      715F6570 
 401      696C6F67 
 401      756500
 402 002e 00       		.ascii	"\000"
 403 002f 00       		.ascii	"\000"
 404 0030 00       		.ascii	"\000"
 405 0031 00000000 		.ascii	"\000\000\000\000\000\000\000\000"
 405      00000000 
 406 0039 B7000000 		.ascii	"\267\000\000\000"
 407 003d 5F706F72 		.ascii	"_port_switch_from_isr\000"
 407      745F7377 
 407      69746368 
 407      5F66726F 
 407      6D5F6973 
 408 0053 00       		.ascii	"\000"
 409 0054 02       		.ascii	"\002"
 410 0055 00       		.ascii	"\000"
 411 0056 00000000 		.ascii	"\000\000\000\000\000\000\000\000"
 411      00000000 
 412 005e B1000000 		.ascii	"\261\000\000\000"
 413 0062 5F706F72 		.ascii	"_port_exit_from_isr\000"
 413      745F6578 
 413      69745F66 
 413      726F6D5F 
 413      69737200 
 414 0076 00       		.ascii	"\000"
 415 0077 02       		.ascii	"\002"
 416 0078 00       		.ascii	"\000"
 417 0079 00000000 		.ascii	"\000\000\000\000\000\000\000\000"
ARM GAS  /tmp/ccZ2KBHw.s 			page 32


 417      00000000 
 418 0081 B3000000 		.ascii	"\263\000\000\000"
 419 0085 63685363 		.ascii	"chSchIsPreemptionRequired\000"
 419      68497350 
 419      7265656D 
 419      7074696F 
 419      6E526571 
 420 009f 00       		.ascii	"\000"
 421 00a0 02       		.ascii	"\002"
 422 00a1 00       		.ascii	"\000"
 423 00a2 00000000 		.ascii	"\000\000\000\000\000\000\000\000"
 423      00000000 
 424 00aa BF000000 		.ascii	"\277\000\000\000"
 425              		.text
 426              		.section	.gnu.lto_.opts,"",%progbits
 427 0000 272D666D 		.ascii	"'-fmath-errno' '-fsigned-zeros' '-ftrapping-math' '"
 427      6174682D 
 427      6572726E 
 427      6F272027 
 427      2D667369 
 428 0033 2D666E6F 		.ascii	"-fno-trapv' '-fno-openmp' '-fno-openacc' '-mcpu=cor"
 428      2D747261 
 428      70762720 
 428      272D666E 
 428      6F2D6F70 
 429 0066 7465782D 		.ascii	"tex-m4' '-mno-thumb-interwork' '-mthumb' '-ggdb' '-"
 429      6D342720 
 429      272D6D6E 
 429      6F2D7468 
 429      756D622D 
 430 0099 4F322720 		.ascii	"O2' '-fomit-frame-pointer' '-falign-functions=16' '"
 430      272D666F 
 430      6D69742D 
 430      6672616D 
 430      652D706F 
 431 00cc 2D666675 		.ascii	"-ffunction-sections' '-fdata-sections' '-fno-common"
 431      6E637469 
 431      6F6E2D73 
 431      65637469 
 431      6F6E7327 
 432 00ff 2720272D 		.ascii	"' '-flto'\000"
 432      666C746F 
 432      2700
 433              		.text
 434              		.comm	__gnu_lto_v1,1,1
 435              		.comm	__gnu_lto_slim,1,1
 436              		.ident	"GCC: (15:6.3.1+svn253039-1build1) 6.3.1 20170620"
ARM GAS  /tmp/ccZ2KBHw.s 			page 33


DEFINED SYMBOLS
                            *ABS*:0000000000000000 chcore_v7m.c
                            *COM*:0000000000000001 __gnu_lto_v1
                            *COM*:0000000000000001 __gnu_lto_slim

NO UNDEFINED SYMBOLS
