ARM GAS  /tmp/ccQfv9rL.s 			page 1


   1              		.cpu cortex-m4
   2              		.eabi_attribute 20, 1
   3              		.eabi_attribute 21, 1
   4              		.eabi_attribute 23, 3
   5              		.eabi_attribute 24, 1
   6              		.eabi_attribute 25, 1
   7              		.eabi_attribute 26, 1
   8              		.eabi_attribute 30, 2
   9              		.eabi_attribute 34, 1
  10              		.eabi_attribute 18, 4
  11              		.file	"chmempools.c"
  12              		.text
  13              	.Ltext0:
  14              		.section	.gnu.lto_.profile.fa85c15ce599d983,"",%progbits
  15 0000 789C6365 		.ascii	"x\234ce`b`a```d\010\267\004\000\001g\000\235"
  15      60626061 
  15      60606064 
  15      08B70400 
  15      0167009D 
  16              		.text
  17              		.section	.gnu.lto_.icf.fa85c15ce599d983,"",%progbits
  18 0000 789C6365 		.ascii	"x\234ce`bPc@\0006\206yG~\237\341e\374\361\372|\027\013"
  18      60625063 
  18      40003686 
  18      79477E9F 
  18      E165FCF1 
  19 0018 D3AB655B 		.ascii	"\323\253e[\227s27\336\1774\211\237\345Z\307\206\357"
  19      97733237 
  19      DE7F3489 
  19      9FE55AC7 
  19      86EF
  20 002a 2CACAF8F 		.ascii	",\254\257\217\376\276\307\314\000\000x!\023&"
  20      FEBEC7CC 
  20      00007821 
  20      1326
  21              		.text
  22              		.section	.gnu.lto_.jmpfuncs.fa85c15ce599d983,"",%progbits
  23 0000 789C6365 		.ascii	"x\234ce`b\260b@\0006\006fFFF\366\372\372zF\030\203\011"
  23      6062B062 
  23      40003606 
  23      66464646 
  23      F6FAFA7A 
  24 0018 48D73381 		.ascii	"H\3273\201$\245\016\200e\301\234z\001\026\240\004s}"
  24      24A50E80 
  24      65C19C7A 
  24      0116A004 
  24      737D
  25 002a 3D2B8462 		.ascii	"=+\204b\000\000\354J\007\346"
  25      0000EC4A 
  25      07E6
  26              		.text
  27              		.section	.gnu.lto_.inline.fa85c15ce599d983,"",%progbits
  28 0000 789C3D50 		.ascii	"x\234=P1\216\3020\020\234Y;8D \010H\320 ]::DE\235\027"
  28      318EC230 
  28      109C593B 
  28      38442008 
  28      48D0205D 
ARM GAS  /tmp/ccQfv9rL.s 			page 2


  29 001a F0084AF8 		.ascii	"\360\010J\370\004\015\022\005\002*\240Aw\335\211\202"
  29      040D1205 
  29      022AA041 
  29      77DD8982 
  30 002a 1651F381 		.ascii	"\026Q\363\201\2732\0255\327\335\023X'\001\313\332\235"
  30      BB321535 
  30      D7DD1358 
  30      2701CBDA 
  30      9D
  31 003b DD197BBC 		.ascii	"\335\031{\274\016 \350\020\357U\321\035\020b\256]T\263"
  31      0E20E810 
  31      EF55D11D 
  31      1062AE5D 
  31      54B3
  32 004d 91F81E51 		.ascii	"\221\370\036Q\377\003)\211\352$\336\334#T\217+\021X"
  32      FF032989 
  32      EA24DEDC 
  32      23548F2B 
  32      1158
  33 005f E5047144 		.ascii	"\345\004qD\207d\306A\317\000\311\264\314\263\275\341"
  33      8764C641 
  33      CF00C9B4 
  33      CCB3BDE1 
  34 006f 6E71FB71 		.ascii	"nq\373qk\363i\364\006~\263gR\317\227\200\3602\215\005"
  34      6BF369F4 
  34      067EB367 
  34      52CF9780 
  34      F0328D05 
  35 0083 4E226FFE 		.ascii	"N\"o\376\365!\340\303\245\202`\331O\301\214s\206Z\\"
  35      F521E0C3 
  35      A58260D9 
  35      4FC18C73 
  35      865A5C
  36 0096 43CDE089 		.ascii	"C\315\340\211sij]\002\230s\313\202\233\212\315\237\031"
  36      73696A5D 
  36      029873CB 
  36      829B8ACD 
  36      9F19
  37 00a8 C4D01EB7 		.ascii	"\304\320\036\267c\203vMGh]&\210\016\303\027\347\031"
  37      6383764D 
  37      47685D26 
  37      880EC317 
  37      E719
  38 00ba EB876361 		.ascii	"\353\207can\345\267\201\360\177\220;\332\"\346R\204"
  38      6EE5B781 
  38      F07F903B 
  38      DA22E652 
  38      84
  39 00cb 4E4FBB6C 		.ascii	"NO\273l\364\376\000<\001p\246$u"
  39      F4FE003C 
  39      0170A624 
  39      75
  40              		.text
  41              		.section	.gnu.lto_.pureconst.fa85c15ce599d983,"",%progbits
  42 0000 789C6365 		.ascii	"x\234ce`b\020````c\220b\334\305\310$\305\274\213\221"
  42      60621060 
  42      60606063 
ARM GAS  /tmp/ccQfv9rL.s 			page 3


  42      9062DCC5 
  42      C824C5BC 
  43 0016 458A7517 		.ascii	"E\212u\027#\000\024\312\002\254"
  43      230014CA 
  43      02AC
  44              		.text
  45              		.section	.gnu.lto_chPoolObjectInit.fa85c15ce599d983,"",%progbits
  46 0000 789C9592 		.ascii	"x\234\225\222\315KTQ\030\207\337\3379\367\213R\227a"
  46      CD4B5451 
  46      1887DFDF 
  46      39F78B52 
  46      9761
  47 0012 64E02218 		.ascii	"d\340\"\030\334\314a \212\240]\355[\364\007\204\215"
  47      DCCC6120 
  47      8AA05DED 
  47      5BF40784 
  47      8D
  48 0023 0373A1CB 		.ascii	"\003s\241\313\035f\242E\033\357\014\331\210R)\230\246"
  48      1D66A245 
  48      1BEF0CD9 
  48      88522998 
  48      A6
  49 0034 345D2944 		.ascii	"4])D\315\306\217>\314\026\301``\320'\005mjS\215\205"
  49      CDC68F3E 
  49      CC16C160 
  49      60D02705 
  49      6D6A538D 
  50 0049 23B41084 		.ascii	"#\264\020\204v\326{\016\023\204;/\034\3169\367\236\347"
  50      76D67B0E 
  50      13843B2F 
  50      1CCE39F7 
  50      9EE7
  51 005b 79DFF3E3 		.ascii	"y\337\363\343\332$\310\027D\247\211\350\020\017H\202"
  51      DA24C817 
  51      44A789E8 
  51      100F4882 
  52 006b 187A4754 		.ascii	"\030zGT\364\004\240\027\221\007\352\025\350\305\015"
  52      F404A017 
  52      9107EA15 
  52      E8C50D
  53 007a 3926B15A 		.ascii	"9&\261Z\376\371LtMG\374\324\306\226\235\253Q_{,\211"
  53      FEF94C74 
  53      4D47FCD4 
  53      C6969DAB 
  53      515F7B2C 
  54 008f C679E807 		.ascii	"\306y\350\007\323\350\342S\037\256,\336\226\327e,\001"
  54      D3E8E253 
  54      1FAE2CDE 
  54      96D7652C 
  54      01
  55 00a0 8BB75B6F 		.ascii	"\213\267[o'\352mz+\320\311\333\215\225\265~O\036\005"
  55      27EA6D7A 
  55      2BD0C9DB 
  55      8D95B57E 
  55      4F1E05
  56 00b3 F1FADBD7 		.ascii	"\361\372\333\327\255\303\211\251(*E\265\355\021\031"
  56      ADC389A9 
ARM GAS  /tmp/ccQfv9rL.s 			page 4


  56      282A45B5 
  56      ED1119
  57 00c2 1D89A5C4 		.ascii	"\035\211\245\304}H\366a\026\035\230A\007\361+\302\034"
  57      7D48F661 
  57      161D9841 
  57      07F12BC2 
  57      1C
  58 00d3 127CFA6E 		.ascii	"\022|\372n\361\323\353Vy\334\220\345\352\363F[\023}"
  58      F1D3EB56 
  58      79DC90E5 
  58      EAF3465B 
  58      137D
  59 00e5 336A500B 		.ascii	"3jP\013\017v\243\026\241j\320/w\326\032-\362\244A7G"
  59      0F76A316 
  59      A16AD02F 
  59      77D61A2D 
  59      F2A44137 
  60 00fa 867FD84D 		.ascii	"\206\177\330Mt\275}<\252Y\261\2641\277\233\265\011\013"
  60      74BD7D3C 
  60      AA59B1B4 
  60      31BF9BB5 
  60      090B
  61 010c 4868E0FB 		.ascii	"Hh\340\373\322\316\315V\307\272\367\357\246X\204\003"
  61      D2CECD56 
  61      C7BAF7EF 
  61      A6588403 
  62 011c 9E173EA2 		.ascii	"\236\027>\242\026\355\374)s\363\007?oz:2n\324\202\256"
  62      16EDFC29 
  62      73F3073F 
  62      6F7A3A32 
  62      6ED482AE 
  63 0130 E9C0D034 		.ascii	"\351\300\3204\300\200\316qP\012=\313\006J\333\033q\335"
  63      C080CE71 
  63      500A3DCB 
  63      064ADB1B 
  63      71DD
  64 0142 D50E568F 		.ascii	"\325\016V\217\366\255\276wu6\322\264\366\373\345\253"
  64      F6ADBE77 
  64      7536D2B4 
  64      F6FBE5AB 
  65 0152 FE961895 		.ascii	"\376\226\030\225\"\007<y \226N\205C[\342v\364\307\251"
  65      22073C79 
  65      20964E85 
  65      435BE276 
  65      F4C7A9
  66 0165 F5D2BCAB 		.ascii	"\365\322\274\253\252:\374\316X\272x\210\030\267L\362"
  66      AA3AFCCE 
  66      58BA7888 
  66      18B74CF2 
  67 0175 7804F5BF 		.ascii	"x\004\365\277\314\005\3411S\\l\2421\363b\177\263\330"
  67      CC05E131 
  67      535C6CA2 
  67      31F3627F 
  67      B3D8
  68 0187 1EEC169E 		.ascii	"\036\354\026\236\030\273\276&\226\241*\034\245\261\315"
  68      18BBBE26 
  68      96A12A1C 
ARM GAS  /tmp/ccQfv9rL.s 			page 5


  68      A5B1CD
  69 0196 D6F7EDDD 		.ascii	"\326\367\355\335f\343\251\261\011m[\3216\207~\24149"
  69      66E3A9B1 
  69      096D5BD1 
  69      36877EA1 
  69      3439
  70 01a8 770D5A66 		.ascii	"w\015Zf\376\235\001\256\305\001\361\221\224\312\206"
  70      FE9D01AE 
  70      C501F191 
  70      94CA86
  71 01b7 414675F7 		.ascii	"AFu\367t\007\352T\326?\357\2379{.u,\231J\236PaA\345"
  71      7407EA54 
  71      D63FEF9F 
  71      397B2E75 
  71      2C994A9E 
  72 01cf 2FAA423E 		.ascii	"/\252B>\255\322\331 \023\344\302\360B!\231&\021\344"
  72      ADD2D920 
  72      13E4C2F0 
  72      42219926 
  72      11E4
  73 01e1 AC827F39 		.ascii	"\254\202\1779\343\345\362\341%\277'\223\377\013\336"
  73      E3E5F2E1 
  73      25BF2793 
  73      FF0BDE
  74 01f0 ABDADC   		.ascii	"\253\332\334"
  75              		.text
  76              		.section	.gnu.lto_chPoolLoadArray.fa85c15ce599d983,"",%progbits
  77 0000 789C8D56 		.ascii	"x\234\215VmLSW\030>\357=\367\366\226\202h\262?dqKM$"
  77      6D4C5357 
  77      183EEF3D 
  77      F7F69682 
  77      68B23F64 
  78 0018 4E43B8B0 		.ascii	"NC\270\260lsnY\262\205l\313~\020\023\371\271d\006j\023"
  78      6C736E59 
  78      B2856CCB 
  78      7E1013F9 
  78      B964066A 
  79 002d 58286D8A 		.ascii	"X(m\212\032Y\226x\255\345K\2143(\237\241)J\234:\207"
  79      1A599678 
  79      ADE54B8C 
  79      33289FA1 
  79      294A9C3A 
  80 0042 207E55C0 		.ascii	" ~U\300Za\023d\212\023q\242l\016\005t\250[\346\026\335"
  80      5A611364 
  80      8A1371A2 
  80      6C0E0574 
  80      A85BE616 
  81 0057 4C1CEE7D 		.ascii	"L\034\356}\317m\261\224Nw\377\364\334s\336\347\375x"
  81      CF6DB194 
  81      4E77FFF4 
  81      DC73DEE7 
  81      FD78
  82 0069 DEE73DB7 		.ascii	"\336\347=\267\012\223\330\0213c\357\003c+\031c`b m\037"
  82      0A93D811 
  82      3363EF03 
  82      632B1963 
  82      6062206D 
ARM GAS  /tmp/ccQfv9rL.s 			page 6


  83 007e 646C9359 		.ascii	"dl\223Y\002\331Xpcq\332,K|k\037c\272E\361\252LOR\000"
  83      02D95870 
  83      6371DA2C 
  83      4B7C6B1F 
  83      63BA45F1 
  84 0097 685F3703 		.ascii	"h_7\003\333(qY\201\215\222\314 $\303\023|\3463z\276"
  84      DB287159 
  84      818D92CC 
  84      2024C313 
  84      7CE6337A 
  85 00ac E0751C7A 		.ascii	"\340u\034z\312o\235\220\226\356\325\361\011\325U\253"
  85      CA6F9D90 
  85      96EED5F1 
  85      09D555AB 
  86 00bc 657A698A 		.ascii	"ezi\212\2373\326\300\205\011\203\275\260\024\255.z\333"
  86      9F33D6C0 
  86      850983BD 
  86      B014AD2E 
  86      7ADB
  87 00ce 9BF836EE 		.ascii	"\233\3706\356\347\0002\276\336?\3378\236L\257\022X\361"
  87      E70032BE 
  87      DE3FDF38 
  87      9E4CAF12 
  87      58F1
  88 00e0 F597C099 		.ascii	"\365\227\300\231\0123\177\015\030\256o\214\335\177i"
  88      0A337F0D 
  88      18AE6F8C 
  88      DD7F69
  89 00ef C91E5DF7 		.ascii	"\311\036]\367\350\241{;\271\276\330\3179|\005\034\375"
  89      E8A17B3B 
  89      B9BED8CF 
  89      397C051C 
  89      FD
  90 0100 C17E5808 		.ascii	"\301~X\010\373`!\303-\006\007`\011Z\237\013U\266Y\370"
  90      FB6021C3 
  90      2D060760 
  90      095A9F0B 
  90      55B659F8 
  91 0114 72811CF3 		.ascii	"r\201\034\363w\236O\010C\037\327\010\250\014_\307B\261"
  91      779E4F08 
  91      431FD708 
  91      A80C5FC7 
  91      42B1
  92 0126 885601FD 		.ascii	"\210V\001\375G\337Y\233\314W\010hCO\315\350\2740\364"
  92      47DF599B 
  92      CC570868 
  92      434FCDE8 
  92      BC30F4
  93 0139 5C9D802A 		.ascii	"\\\235\200*p0\026\2520h\203%d\177\363\320t\315<\223"
  93      703016AA 
  93      30688325 
  93      647FF3D0 
  93      74CD3C93 
  94 014d DC122914 		.ascii	"\334\022)\024\332\301\204\034\263\266!\010\351\323O"
  94      DAC1841C 
  94      B3B62108 
  94      E9D34F
ARM GAS  /tmp/ccQfv9rL.s 			page 7


  95 015c CAF5D0C4 		.ascii	"\312\365\320\304^8\361\341\002\020\301$\201\223\201"
  95      5E38F1E1 
  95      0210C124 
  95      819381
  96 016b D6482BAE 		.ascii	"\326H+\256U\240\374\315\350\323\224 L,\302$\0217T\306"
  96      55A0FCCD 
  96      E8D39420 
  96      4C2CC224 
  96      113754C6 
  97 017f B6A04BEC 		.ascii	"\266\240K\354\301\026.\341\017\257\302j\2611|\022<\315"
  97      C1162EE1 
  97      0FAFC26A 
  97      B1317C12 
  97      3CCD
  98 0191 5DDB140A 		.ascii	"]\333\024\012\205\031\\\331\035\334\221\274l\237\240"
  98      85195CD9 
  98      1DDC91BC 
  98      6C9FA0
  99 01a0 FD61406A 		.ascii	"\375a@jh6\023+a\316\017\3012\037:\232\215\230\362n\257"
  99      6836132B 
  99      61CE0FC1 
  99      321F3A9A 
  99      8D98F26E 
 100 01b5 98CFDF16 		.ascii	"\230\317\337\026\365\356j|4\226\234\332\"\352\035lJ"
 100      F5EE6A7C 
 100      34969CDA 
 100      22EA1D6C 
 100      4A
 101 01c6 6AD0435E 		.ascii	"j\320C^+\261\3251\273d\341\3540\244\3728\2403\211=/"
 101      2BB1D531 
 101      BB64E1EC 
 101      30A4FA38 
 101      A033893D 
 102 01db EE115846 		.ascii	"\356\021XF\261#\266\301\212\346:%\034\245\257~\361\376"
 102      B123B6C1 
 102      8AE63A25 
 102      1CA5AF7E 
 102      F1FE
 103 01ed 91095DAF 		.ascii	"\221\011]\257\326!NG\005\372(\244\222\207x\350~\350"
 103      D6214E47 
 103      05FA28A4 
 103      928778E8 
 103      7EE8
 104 01ff D7E5FFC2 		.ascii	"\327\345\377\302\035\233\215\213\256-\214\213_\330\361"
 104      1D9B8D8B 
 104      AE2D8C8B 
 104      5FD8F1
 105 020e 5985DDEE 		.ascii	"Y\205\335\356.\037\006\276^\320s48Ro\011\273\030\367"
 105      2E1F06BE 
 105      5ED07334 
 105      38526F09 
 105      BB18F7
 106 0221 5B1F75E8 		.ascii	"[\037u\350z\345\273~n\206@\0347' \025!\345S\372I\231"
 106      7AE5BB7E 
 106      6E86401C 
 106      37272015 
 106      21E553FA 
ARM GAS  /tmp/ccQfv9rL.s 			page 8


 107 0237 146D062B 		.ascii	"\024m\006+t\342\331\035\360\334<UW?\2362#\027\2571#"
 107      74E2D91D 
 107      F0DC3C55 
 107      573F9E32 
 107      2317AF31 
 108 024c 4DAA224A 		.ascii	"M\252\"JE^\205n\0328\260\030\233\276\372\264\375&\312"
 108      455E856E 
 108      1A38B018 
 108      9BBEFAB4 
 108      FD26CA
 109 025f 8F6A63D0 		.ascii	"\217jc\320EFR\254\321\216\332d\006\335t\304c\217\356"
 109      454652AC 
 109      D18EDA64 
 109      06DD74C4 
 109      638FEE
 110 0272 06333E66 		.ascii	"\0063>fp\222\316\344\3303\254\3473\312\231A\220\316"
 110      7092CEE4 
 110      D833ACE7 
 110      33CA9941 
 110      90CE
 111 0284 95283933 		.ascii	"\225(938\2057\004\0169\211\031\330\227\022\036\355\366"
 111      38853704 
 111      0E398919 
 111      D897121E 
 111      EDF6
 112 0296 77FC6D59 		.ascii	"w\374mYt\\\362\353\365\250\220\004\262n\035\357\322"
 112      745CF2EB 
 112      F5A89004 
 112      B26E1DEF 
 112      D2
 113 02a7 F1B640C3 		.ascii	"\361\266@\303\323\260\210\321\316\357\367\206G%\334"
 113      D3B088D1 
 113      CEEFF786 
 113      4725DC
 114 02b6 811E9045 		.ascii	"\201\036\220E\361\014z\305\234\357\013\366N&-\352\014"
 114      F10C7AC5 
 114      9CEF0BF6 
 114      4E262DEA 
 114      0C
 115 02c7 A32D64FB 		.ascii	"\243-d\373\307\301\216\313\211\002\375\015\241\341["
 115      C7C18ECB 
 115      8902FD0D 
 115      A1E15B
 116 02d6 9049A856 		.ascii	"\220I\250VA$\243\345Xe\225\032+\200\301@D\244\3615p"
 116      4124A3E5 
 116      5865951A 
 116      2B80C140 
 116      44A4F135 
 117 02eb 6646039E 		.ascii	"fF\003\236\346\266&>G\343\201gk\274/\"\005O\363\237"
 117      E6B6263E 
 117      47E38167 
 117      6BBC2F22 
 117      054FF39F 
 118 02ff B55A0C63 		.ascii	"\265Z\014c\267\002&2\240\030a\302M\344\177\364\352\365"
 118      B7022632 
 118      A01861C2 
 118      4DE47FF4 
ARM GAS  /tmp/ccQfv9rL.s 			page 9


 118      EAF5
 119 0311 4012EF91 		.ascii	"@\022\357\221D\367j\256\207\016\230\303\301n\265\276"
 119      44F76AAE 
 119      870E98C3 
 119      C16EB5BE 
 120 0321 5CBD5917 		.ascii	"\\\275Y\027\302S\341\354\334hO\011\207\001r\331/H\377"
 120      C253E1EC 
 120      DC684F09 
 120      870172D9 
 120      2F48FF
 121 0334 0E491F30 		.ascii	"\016I\0370\322\230\002O\347\324Ti\"\355\371x\"\332\327"
 121      D298024F 
 121      E7D45469 
 121      22EDF978 
 121      22DAD7
 122 0347 96F65C50 		.ascii	"\226\366\\PI]\211\"\332_}\003\025I~\360\341(\2518\350"
 122      495D8922 
 122      DA5F7D03 
 122      15497EF0 
 122      E128A938 
 123 035c 704E507E 		.ascii	"pNP~\036\374\002[{\366\025BF\303\324XX\022\306\201A"
 123      1EFC025B 
 123      7BF61542 
 123      46C3D458 
 123      5812C681 
 124 0371 82E1FE9E 		.ascii	"\202\341\376\236\011\317AUk\245b\233_$\343\013\350\251"
 124      09CF4155 
 124      6BA5629B 
 124      5F24E30B 
 124      E8A9
 125 0383 1EA75AA4 		.ascii	"\036\247Z\244\006\337\203\206Y\010\317Sw&\325\260\357"
 125      06DF8386 
 125      5908CF53 
 125      7726D5B0 
 125      EF
 126 0394 F8395C44 		.ascii	"\3709\\Dd\204\311\303\330\007AZ\270\277}\306R\212\235"
 126      6484C9C3 
 126      D807415A 
 126      B8BF7DC6 
 126      528A9D
 127 03a7 B0DB7EEB 		.ascii	"\260\333~\353\343\231\253!\376\214\015\211\031\233)"
 127      E399AB21 
 127      FE8C0D89 
 127      199B29
 128 03b6 07BF4970 		.ascii	"\007\277Ip\351\0313\266\24312\032\352,y\017\023\323"
 128      E91933B6 
 128      A331321A 
 128      EA2C790F 
 128      13D3
 129 03c8 736625ED 		.ascii	"sf%\355\023\006\227\311\330<wV\322>\247\330\014~\230"
 129      130697C9 
 129      D83C7756 
 129      D23EA7D8 
 129      0C7E98
 130 03db 3B2B5744 		.ascii	";+WD\333F\242fe\332\177#\230\030\031\203K\202\217\253"
 130      DB46A266 
 130      65DA7F23 
ARM GAS  /tmp/ccQfv9rL.s 			page 10


 130      98181983 
 130      4B828FAB 
 131 03ef 620C6235 		.ascii	"b\014b5\177mF\363C\021\315\357\332z\314\"\256\262\010"
 131      7F6D46F3 
 131      4311CDEF 
 131      DA7ACC22 
 131      AEB208
 132 0402 5BC72327 		.ascii	"[\307#'U\203- \276/ta\030\332\030iy\201v|\334\034\315"
 132      55832D20 
 132      BE2F7461 
 132      18DA1869 
 132      7981767C 
 133 0419 0A9FD5E4 		.ascii	"\012\237\325\344MX\000\352}\036\365ftn\243\255\364\205"
 133      4D5800EA 
 133      7D1EF566 
 133      746EA3AD 
 133      F485
 134 042b FB51F499 		.ascii	"\373Q\364\231>\\\360\023h\350{sSY\211\3419\001\273\210"
 134      3E5CF013 
 134      68E87B73 
 134      535989E1 
 134      3901BB88 
 135 043f FE453222 		.ascii	"\376E2\":~\244p\227lj\313Z\273R\014+\213\217S\341w\273"
 135      3A7EA470 
 135      976C6ACB 
 135      5ABB520C 
 135      2B8B8F53 
 136 0456 DB47144A 		.ascii	"\333G\024JA1\376\035\300u\0148\203l#\244\005\203T\341"
 136      4131FE1D 
 136      C0750C38 
 136      836C23A4 
 136      058354E1 
 137 046a 6D84FF29 		.ascii	"m\204\377)8i\300\330\225\204\036\014\337\300&\300;\332"
 137      3869C0D8 
 137      95841E0C 
 137      DFC026C0 
 137      3BDA
 138 047c FB5BD3AB 		.ascii	"\373[\323\253\206o)\2726\005I\376\331P\303\003\300\304"
 138      866F29BA 
 138      360549FE 
 138      D950C303 
 138      C0C4
 139 048e 904CCC86 		.ascii	"\220L\314\2067>|\363\001H>\256\320\253\205_{\230\201"
 139      373E7CF3 
 139      01483EAE 
 139      D0AB855F 
 139      7B9881
 140 04a1 4114FA6A 		.ascii	"A\024\372j\376J\243\274M\020'$\264\005\375{UlA\246\226"
 140      FE4AA3BC 
 140      4D102724 
 140      B405FD7B 
 140      556C41A6 
 141 04b6 EF74D8B5 		.ascii	"\357t\330\265\3345\271\016-+\277 \257`e\316\352\314"
 141      DC35B90E 
 141      2D2BBF20 
 141      AF6065CE 
 141      EACC
ARM GAS  /tmp/ccQfv9rL.s 			page 11


 142 04c8 37D233D3 		.ascii	"7\3223\323Wh\316b\315\275V+v\3334[\276\303\356p9\235"
 142      5768CE62 
 142      CDBD562B 
 142      76DB345B 
 142      BEC3EE70 
 143 04de 85C5E936 		.ascii	"\205\305\3516&9\\\340\202\"\331\231\367\251\353\365"
 143      26395CE0 
 143      8222D999 
 143      F7A9EBF5 
 144 04ee E7A10B8A 		.ascii	"\347\241\013\212l\205\353\326\330\243=\3443e}n\341:"
 144      6C85EBD6 
 144      D8A33DE4 
 144      33657D6E 
 144      E13A
 145 0500 FB5BCFC3 		.ascii	"\373[\317\303\272\234\356\265\305\332{\253\262\263\262"
 145      BA9CEEB5 
 145      C5DA7BAB 
 145      B2B3B2
 146 050f 37A0039B 		.ascii	"7\240\003\233\323m_\275~\271\003\035\274\363L\250}\303"
 146      D36D5FBD 
 146      7EB9031D 
 146      BCF34CA8 
 146      7DC3
 147 0521 5A2D2B3B 		.ascii	"Z-+;\347\243\234\247\321\011js|\260\256\310\206\350"
 147      E7A39CA7 
 147      D1096A73 
 147      7CB0AEC8 
 147      86E8
 148 0533 8CFF9F74 		.ascii	"\214\377\237tq\011\345\273 ;g\2255/\267\330\356r\027"
 148      7109E5BB 
 148      203B6795 
 148      352FB7D8 
 148      EE7217
 149 0546 A4595333 		.ascii	"\244YS3\230\344f*\326\343t\2270\356\312w\375\013R\302"
 149      98E4662A 
 149      D6E37497 
 149      30EECA77 
 149      FD0B52C2 
 150 055a 1FC7     		.ascii	"\037\307"
 151              		.text
 152              		.section	.gnu.lto_chPoolAllocI.fa85c15ce599d983,"",%progbits
 153 0000 789C8592 		.ascii	"x\234\205\222\317KTQ\024\307\317\367\335\367\336\314"
 153      CF4B5451 
 153      14C7CFF7 
 153      DDF7DECC 
 154 0010 38E30FA4 		.ascii	"8\343\017\244\245\225\213D\334\314C\210\"\302U\2336"
 154      A5958B44 
 154      DCCC4388 
 154      22C2559B 
 154      36
 155 0021 D1A23F20 		.ascii	"\321\242? \324\004\225\206\221\261\275\327q\244)\243"
 155      D4049586 
 155      91B1BDD7 
 155      71A429A3 
 156 0031 0C4ACB1A 		.ascii	"\014J\313\032\336\204\210\366\303_\3754\333\014\205"
 156      DE8488F6 
 156      C35FFD34 
ARM GAS  /tmp/ccQfv9rL.s 			page 12


 156      DB0C85
 157 0040 F683526C 		.ascii	"\366\203Rl\231.\264\224\262\010\022\223\250\205v\356"
 157      992EB494 
 157      B2081293 
 157      A88576EE 
 158 0050 7D9AA664 		.ascii	"}\232\246d\003\363\356{\347\336\363\375~\3169\327\""
 158      03F3EE7B 
 158      E7DEF3FD 
 158      7ECE39D7 
 158      22
 159 0061 83BA05D1 		.ascii	"\203\272\005\321A\":\302\177\370\010F\353\030Q\243\337"
 159      41223AC2 
 159      7FF80846 
 159      EB1851A3 
 159      DF
 160 0072 3044AA8C 		.ascii	"0D\252\214d\226\271\230G2$`{a\323\260\256\251\260\275"
 160      6496B998 
 160      47322460 
 160      7B61D3B0 
 160      AEA9B0BD 
 161 0086 A4C2D65A 		.ascii	"\244\302\326Z\330\006\324\213\364\203\032\014aZ6\032"
 161      D806D48B 
 161      F4831A0C 
 161      615A361A 
 162 0096 7041B40B 		.ascii	"pA\264\013L$\006\256\213\363\302\025\004\223?\027\336"
 162      4C2406AE 
 162      8BF3C215 
 162      04933F17 
 162      DE
 163 00a7 747CC851 		.ascii	"t|\310Q\237@\241\332\375\3741\021,\351\2262.3\355\337"
 163      9F40A1DA 
 163      FDFC3111 
 163      2CE99632 
 163      2E33EDDF 
 164 00bb 7CED4DCD 		.ascii	"|\355M\315\207]a\320U>\335\203\002t\243@A\335D\011\237"
 164      875D61D0 
 164      553EDD83 
 164      0274A340 
 164      41DD4409 
 165 00d0 FD34349A 		.ascii	"\37544\232\364\213\275 ~\237\231^\330Y\334\245\323\246"
 165      F48BBD20 
 165      7E9F995E 
 165      D859DCA5 
 165      D3A6
 166 00e2 2E09B9C7 		.ascii	".\011\271\307\025\002\267 6\346q\210p\033\305\352\370"
 166      1502B720 
 166      36E67188 
 166      701BC5EA 
 166      F8
 167 00f3 7CA23599 		.ascii	"|\2425\231+\366\353\324\033\035?\247s\212:u\356\230"
 167      2BF6EBD4 
 167      1B1D3FA7 
 167      738A3A75 
 167      EE98
 168 0105 9B7FB149 		.ascii	"\233\177\261I\276\220&\233\342\316\337\371\352\307\307"
 168      BE90269B 
 168      E2CEDFF9 
ARM GAS  /tmp/ccQfv9rL.s 			page 13


 168      EAC7C7
 169 0114 DF0F2E5F 		.ascii	"\337\017._\316\266M\364\242\250\223\033\305'\030\250"
 169      CEB64DF4 
 169      A2A8931B 
 169      C52718A8 
 170 0124 0F367851 		.ascii	"\0176xQ\301\376\267\310\310\345\225\32323\272{\374\373"
 170      C1FEB7C8 
 170      C8E595D3 
 170      3233BA7B 
 170      FCFB
 171 0136 EBFC1048 		.ascii	"\353\374\020H\205M(oK\277\333\314b\372\371a\005\370"
 171      854D286F 
 171      4BBFDBCC 
 171      62FAF961 
 171      05F8
 172 0148 61077590 		.ascii	"a\007u\220\350,K\251\236\265p\301\274\212y\304\207\347"
 172      E82C4BA9 
 172      9EB570C1 
 172      BC8A79C4 
 172      87E7
 173 015a 979B6CA5 		.ascii	"\227\233l\245\236\022\026{\2675?\035\367\251f\011M\376"
 173      9E12167B 
 173      B7353F1D 
 173      F7A96609 
 173      4DFE
 174 016c E3F9AB64 		.ascii	"\343\371\253d\310E\252QJ\231\216\261\224/%L\364+V\336"
 174      C845AA51 
 174      4A998EB1 
 174      942F254C 
 174      F42B56DE 
 175 0180 ED9A8DF7 		.ascii	"\355\232\215\367\371\234^\336\223\205\354\207\001\270"
 175      F99C5EDE 
 175      9385EC87 
 175      01B8
 176 018e B8A26809 		.ascii	"\270\242h\011\203ph\016\361t\205\006gs\226\247Y$&\237"
 176      8370680E 
 176      F1748506 
 176      677396A7 
 176      5924269F 
 177 01a2 8DF68456 		.ascii	"\215\366\204V\355\020\366Jn\341\266\245\312<\2303#\271"
 177      ED10F64A 
 177      6EE1B6A5 
 177      CA3C9833 
 177      23B9
 178 01b4 DEAEBD11 		.ascii	"\336\256\275\021\306\334\002\303~~%q\367\037(\3674\012"
 178      C6DC02C3 
 178      7E7E2571 
 178      F71F28F7 
 178      340A
 179 01c6 14CA7D46 		.ascii	"\024\312}Fa\355\266\227%JysQ\273\376S\323\203\365\232"
 179      61EDB697 
 179      254A7973 
 179      51BBFE53 
 179      D383F59A 
 180 01da 1EC2612E 		.ascii	"\036\302a.\015l\322b\236\007\3342\342\363\200\375[\011"
 180      0D6CD262 
 180      9E07DC32 
ARM GAS  /tmp/ccQfv9rL.s 			page 14


 180      E2F380FD 
 180      5B09
 181 01ec B7110EE0 		.ascii	"\267\021\016\340\221\0266\224\360\020\023\352\336La"
 181      91163694 
 181      F01013EA 
 181      DE4C61
 182 01fb 5DEB4FF1 		.ascii	"]\353O\361\001\036\357c\254\265\312\"7\333s>\327\274"
 182      011EEF63 
 182      ACB5CA22 
 182      37DB733E 
 182      D7BC
 183 020d EA1CD85C 		.ascii	"\352\034\330\\\323/l3\251t\314\025Y\030\326\356\372"
 183      D32F6C33 
 183      A974CC15 
 183      5918D6EE 
 183      FA
 184 021e 663D61F7 		.ascii	"f=a\367/H\244k=\265 \333\023\213\272\"\250&X\270>\300"
 184      2F48A46B 
 184      3DB520DB 
 184      138BBA22 
 184      A82658B8 
 185 0234 A006B0F5 		.ascii	"\240\006\260\365\315\231\203A^\024\364\225\347<\263"
 185      CD998341 
 185      5E14F495 
 185      E73CB3
 186 0243 C3CB561D 		.ascii	"\303\313V\035_\002x4\342\335JF\255\246\301\231VG\347"
 186      5F027834 
 186      E2DD4A46 
 186      ADA6C199 
 186      5647E7
 187 0256 04F8FA41 		.ascii	"\004\370\372A%s\315\245Nu4R\345\224\237(\2178\207\252"
 187      2573CDA5 
 187      4E753452 
 187      E5949F28 
 187      8F3887AA 
 188 026a 6B2A6A8E 		.ascii	"k*j\216\036;^\272/\\\032>\340D\353\235\330)\247>V\351"
 188      1E3B5EBA 
 188      2F5C1A3E 
 188      E044EB9D 
 188      D829A73E 
 189 0280 545647AA 		.ascii	"TVG\252\"u\321\350\311\372p%\031\221:3ZQ[\367\033nC"
 189      2275D1E8 
 189      C9FA7025 
 189      19913A33 
 189      5A515BF7 
 190 0297 3844     		.ascii	"8D"
 191              		.text
 192              		.section	.gnu.lto_chPoolAlloc.fa85c15ce599d983,"",%progbits
 193 0000 789C8D55 		.ascii	"x\234\215U_L[e\024?\347~\367O-\205\221=\355\001\265"
 193      5F4C5B65 
 193      143FE77E 
 193      F74F2D85 
 193      913DED01 
 194 0015 24360B4A 		.ascii	"$6\013J\270\220\030\027\215<\030\022\243\017\304d<\232"
 194      B8901817 
 194      8D3C1812 
 194      A30FC464 
ARM GAS  /tmp/ccQfv9rL.s 			page 15


 194      3C9A
 195 0027 B840D704 		.ascii	"\270@\327\004\026\272\222\026\226\315\230\354\012%0"
 195      16BA9216 
 195      96CD98EC 
 195      0A2530
 196 0036 3132FF6C 		.ascii	"12\377l\024\224\024]\226!\012l\350\0247\206u\010l(L"
 196      1494145D 
 196      96210A6C 
 196      E8143786 
 196      75086C28 
 197 004b 368CCB30 		.ascii	"6\214\3130\206\015\0102\347\262\271\315\271\250\314"
 197      860D0832 
 197      E7B2B9CD 
 197      B9A8CC
 198 005a 73BE5B3A 		.ascii	"s\276[:(sp\037n\357w\376\375~\347|\347\234j\240\300"
 198      2873701F 
 198      6EEF77FE 
 198      FD7EE77C 
 198      E79C6AA0 
 199 006f B00E6020 		.ascii	"\260\016` @!\000\240\001\250\354\035\003x\335\241(\242"
 199      402100A0 
 199      01A8EC1D 
 199      0378DDA1 
 199      28A2
 200 0081 351F2CA7 		.ascii	"5\037,\247z#\035,\227@\335\026\253\212\366>\213\365"
 200      7A231D2C 
 200      9740DD16 
 200      AB8AF63E 
 200      8BF5
 201 0093 5B2CD616 		.ascii	"[,\326\026\305:\"\177X\016\204\335\212P5\035wc\243h"
 201      C53A227F 
 201      580E84DD 
 201      8A50351D 
 201      7763A368 
 202 00a7 12381E3E 		.ascii	"\0228\036>\374\201xKD\005\240J\307\353\243-\323i|Dt"
 202      FC81784B 
 202      4405A04A 
 202      C7EBA32D 
 202      D3697C44 
 203 00bc B3F6F25C 		.ascii	"\263\366\362\\8%\353\220eU[\261\246\013\316\246\232"
 203      3825EB90 
 203      65555BB1 
 203      A60BCEA6 
 203      9A
 204 00cd DA17A242 		.ascii	"\332\027\242B\201f\262n\307\014<\204\031L\352c\314\""
 204      8166B26E 
 204      C70C3C84 
 204      194CEA63 
 204      CC22
 205 00df DB5F7B87 		.ascii	"\333_{\207\352\035\342I\004\372\2768u\375\341\215\007"
 205      EA1DE249 
 205      04FABE38 
 205      75FDE18D 
 205      07
 206 00f0 A5DBC47B 		.ascii	"\245\333\304{\302z,*\004v\240X\352G\"\300Op#\233\317"
 206      C27A2C2A 
 206      0476A058 
ARM GAS  /tmp/ccQfv9rL.s 			page 16


 206      EA4722C0 
 206      4F70239B 
 207 0105 87F7D6AF 		.ascii	"\207\367\326\257\023\233\244\353\207-w\246\322<\007"
 207      139BA4EB 
 207      872D77A6 
 207      D23C07
 208 0114 A4EF9F1D 		.ascii	"\244\357\237\035\353\337\256\261NY*\201\342\247\313"
 208      EBDFAEB1 
 208      4E592A81 
 208      E2A7CB
 209 0123 FDF921F3 		.ascii	"\375\371!\363KG\026\366\245\352*v\242\207i\021\233."
 209      4B4716F6 
 209      A5EA2A76 
 209      A2876911 
 209      9B2E
 210 0135 D4A95A98 		.ascii	"\324\251Z\230\024j\344\321f+\026v\377O \354FO\367Y\214"
 210      146AE4D1 
 210      662B1676 
 210      FF4F20EC 
 210      464FF759 
 211 014a 590B77EB 		.ascii	"Y\013w\353\254\330\325\307\307n\376\262>MA\346'\244"
 211      ACD8D5C7 
 211      C76EFEB2 
 211      3E4D41E6 
 211      27A4
 212 015c 5225BEAA 		.ascii	"R%\276\252F/M\247\227nH\241C\276\001\336 \\\256n\003"
 212      462F4DA7 
 212      976E48A1 
 212      43BE01DE 
 212      205CAE6E 
 213 0171 95867EC5 		.ascii	"\225\206~\305,*Lm\256\257n\002\305\2632\253\243\375"
 213      2C2A4C6D 
 213      AEAF6E02 
 213      C5B332AB 
 213      A3FD
 214 0183 E723CE38 		.ascii	"\347#\3168\225\237\"\356;\347g,\353\035\013\243\302"
 214      959F22EE 
 214      3BE7672C 
 214      EB1D0BA3 
 214      C2
 215 0194 C0C3F7A1 		.ascii	"\300\303\367\241s\004=\344T7o\235P\3712\014tc\017\351"
 215      73043DE4 
 215      54376F9D 
 215      50F9320C 
 215      74630FE9 
 216 01a8 2E63F5A5 		.ascii	".c\365\245\333\215\221\351\015\211\304\303\026=\261"
 216      DB8D91E9 
 216      0D89C4C3 
 216      163DB1
 217 01b7 77AF3965 		.ascii	"w\2579e\336\315\002!I5\331\235\3732\340g\254S\222u\347"
 217      DECD0221 
 217      4935D99D 
 217      FB32E067 
 217      AC539275 
 218 01cc 22EE5719 		.ascii	"\"\356W\031\012\360s\326\213%\365\004<\212\324w\370"
 218      0AF073D6 
 218      8B25F504 
ARM GAS  /tmp/ccQfv9rL.s 			page 17


 218      3C8AD477 
 218      F8
 219 01dd 051713E1 		.ascii	"\005\027\023\341\012\227\363\243h\317_\316\314\1771"
 219      0A97F3A3 
 219      68CF5FCE 
 219      CC7F31
 220 01ec 6A45A88E 		.ascii	"jE\250\216\016\266\356\234>nQ\313\221\341\227\230)\357"
 220      0EB6EE9C 
 220      3E6E51CB 
 220      91E19798 
 220      29EF
 221 01fe E3DA9589 		.ascii	"\343\332\225\211I\205$\330\213\252\344\014\370\225\354"
 221      498524D8 
 221      8BAAE40C 
 221      F895EC
 222 020d ACF6FE81 		.ascii	"\254\366\376\201YW\246\245\330\336\017\261\355\037]"
 222      5957A6A5 
 222      D8DE0FB1 
 222      ED1F5D
 223 021c 3D3FA648 		.ascii	"=?\246H\357c\354\215\307Q\205Y\254v\313\374\201?\247"
 223      EF63EC8D 
 223      C7518559 
 223      AC76CBFC 
 223      813FA7
 224 022f F6F46A9C 		.ascii	"\366\364j\234\030\031\367\327\2675i\361\012^\355H\213"
 224      1819F7D7 
 224      B73569F1 
 224      0A5EED48 
 224      8B
 225 0240 DFE68AB6 		.ascii	"\337\346\212\266\222\345\353CO+\245;\217\325\307\346"
 225      92E5EB43 
 225      4F2BA53B 
 225      8FD5C7E6 
 226 0250 176AF4A4 		.ascii	"\027j\364\244\264G\236`\203x\301\324\245M\304\267\211"
 226      B4479E60 
 226      8378C1D4 
 226      A54DC4B7 
 226      89
 227 0261 2764E2FD 		.ascii	"'d\342\375\250\267\012\036\220\375\265'\317\030|\011"
 227      A8B70A1E 
 227      90FDB527 
 227      CF187C09 
 228 0271 766D6F0F 		.ascii	"vmo\017\217\324\273\242\330JW\347$\014\374\2321I~p\246"
 228      8FD4BBA2 
 228      D84A57E7 
 228      240CFC9A 
 228      31497E70 
 229 0286 BACB303B 		.ascii	"\272\3130;\031\240\355\357\306\014\352\026\214a\024"
 229      19A0EDEF 
 229      C60CEA16 
 229      8C6114
 230 0295 23D41A32 		.ascii	"#\324\0322\"~\203&g\324V\302\241\031\211\302\303\014"
 230      227E8326 
 230      67D456C2 
 230      A11989C2 
 230      C30C
 231 02a7 86270786 		.ascii	"\206'\007\206\332]q8\314\261\023h Uk\276\220\374\367"
ARM GAS  /tmp/ccQfv9rL.s 			page 18


 231      DA5D7138 
 231      CCB11368 
 231      20556BBE 
 231      90FCF7
 232 02ba 0CAEB3B5 		.ascii	"\014\256\263\265\352R2j2\231\024v?\271\222\214\233m"
 232      EA52326A 
 232      32991476 
 232      3FB9928C 
 232      9B6D
 233 02cc 0724138C 		.ascii	"\007$\023\2143\371\226\230P\350\375\247\2638\360\032"
 233      33F99698 
 233      50E8FDA7 
 233      B338F01A 
 234 02dc 737A84E3 		.ascii	"sz\204\343\014.\313h\010Mb%\351\252p#\335\246\3330h"
 234      0C2ECB68 
 234      084D6225 
 234      E9AA7023 
 234      DDA6DB30 
 235 02f1 D874B5B5 		.ascii	"\330t\265\265\005&~.\034\226q\225x\334S\304O\026\346"
 235      05267E2E 
 235      1C967195 
 235      78DC53C4 
 235      4F16E6
 236 0304 67BC172A 		.ascii	"g\274\027*\221\271\213\3228\215\213u\242\221L\265\201"
 236      91B98BD2 
 236      388D8B75 
 236      A2914CB5 
 236      81
 237 0315 DFAC8D03 		.ascii	"\337\254\215\003\2571#\002N\305\021\011,\342\300\337"
 237      AF312302 
 237      4EC51109 
 237      2CE2C0DF 
 238 0325 11F06F18 		.ascii	"\021\360o\030n\333f\0072\010\031(^T\244\311\266\274"
 238      6EDB6607 
 238      32081928 
 238      5E54A4C9 
 238      B6BC
 239 0337 777186C4 		.ascii	"wq\206\304\326\023\303nK\035\362~\347\366m\220+\250"
 239      D613C36E 
 239      4B1DF27E 
 239      E7F66D90 
 239      2BA8
 240 0349 2FDEC26E 		.ascii	"/\336\302ny\352^v\352\264O\312}6\303?\253l\206\357\345"
 240      79EA5E76 
 240      EAB44FCA 
 240      7D36C33F 
 240      AB6C86EF 
 241 035e 66485483 		.ascii	"fHT\203\376\030p\364A\233\341\346\342f\320\226M\367"
 241      FE1870F4 
 241      419BE1E6 
 241      E266D096 
 241      4DF7
 242 0370 1837F98A 		.ascii	"\0307\371\212U\221\375\012\340\0316\326W\256\212\354"
 242      5591FD0A 
 242      E01936D6 
 242      57AE8AEC 
 243 0380 D7181BF0 		.ascii	"\327\030\033\360\207\225\253b\\N\314\331%\253b!z\261"
ARM GAS  /tmp/ccQfv9rL.s 			page 19


 243      8795AB62 
 243      5C4ECCD9 
 243      25AB6221 
 243      7AB1
 244 0392 3F65710B 		.ascii	"?eq\013\214\312-pNn\201\344\221\237H\214<\007\207\337"
 244      8CCA2D70 
 244      4E6E81E4 
 244      919F488C 
 244      3C0787DF 
 245 03a6 69E41BFA 		.ascii	"i\344\033\372\006u\246\314\005\005\270\205\016\352l"
 245      0675A6CC 
 245      0505B885 
 245      0EEA6C
 246 03b5 71E16E0C 		.ascii	"q\341n\014\351WU\250\370Z\313\201q\244\245\213\\\177"
 246      E95755A8 
 246      F85ACB81 
 246      71A4A58B 
 246      5C7F
 247 03c7 0A956796 		.ascii	"\012\225g\226\006\374>\263xk\261\337,(-+){\251hK\336"
 247      06FC3EB3 
 247      786BB1DF 
 247      2C282D2B 
 247      297BA968 
 248 03dd 53397939 		.ascii	"S9y9O\233\201\220\031\2544CA\257\351-\365\373\374\025"
 248      4F9B8190 
 248      19AC3443 
 248      41AFE92D 
 248      F5FBFC15 
 249 03f1 81407928 		.ascii	"\201@y(\307\013\212\277B\015\224l\253\320v\024\227W"
 249      C70B8ABF 
 249      420D946C 
 249      ABD07614 
 249      9757
 250 0403 F99E59CD 		.ascii	"\371\236Y\315\277\"\020\254\014\231\317m.,(\334I\201"
 250      BF2210AC 
 250      0C99CF6D 
 250      2E2C28DC 
 250      4981
 251 0415 BC81A06F 		.ascii	"\274\201\240o\313\216M\376\234R\310\177\240\253og\245"
 251      CB8E4DFE 
 251      9C52C87F 
 251      A0AB6F67 
 251      A5
 252 0426 595058F4 		.ascii	"YPX\364b\221Y\266\335[^\265\325gJW\257\377\371\252\355"
 252      629159B6 
 252      DD5B5EB5 
 252      D5674A57 
 252      AFFFF9AA 
 253 043b 5EF2CE5D 		.ascii	"^\362\316]\0158\341V\032\332\025\"\207\364\302\242\315"
 253      0D38E156 
 253      1ADA1522 
 253      87F4C2A2 
 253      CD
 254 044c EE92E290 		.ascii	"\356\222\342\220\257\"X\226\355\366\344\202\022\004"
 254      AF225896 
 254      EDF6E482 
 254      1204
ARM GAS  /tmp/ccQfv9rL.s 			page 20


 255 045a 83F20A04 		.ascii	"\203\362\012\004w\301\177w\304q\332"
 255      77C17F77 
 255      C471DA
 256              		.text
 257              		.section	.gnu.lto_chPoolFreeI.fa85c15ce599d983,"",%progbits
 258 0000 789C8592 		.ascii	"x\234\205\222\313k\023Q\024\306\3177g\322\004[\025\\"
 258      CB6B1351 
 258      14C6CF37 
 258      67D2045B 
 258      155C
 259 0012 8868952E 		.ascii	"\210h\225.,\261\013s\011\210\"\010.\374\003\\\370\007"
 259      2CB10B73 
 259      09882208 
 259      2EFC035C 
 259      F807
 260 0024 481B0BA9 		.ascii	"H\033\013\2518dh\334\271\350m\332\330PA\213\230D\305"
 260      386468DC 
 260      B9E86DDA 
 260      D850418B 
 260      9844C5
 261 0037 308552AA 		.ascii	"0\205R\252\3264\255\217\032\305E\350\302\027>\260\013"
 261      D634AD8F 
 261      1AC545E8 
 261      C2173EB0 
 261      0B
 262 0048 4194E0AB 		.ascii	"A\224\340\253\305\021\\\024\025w\325s\307\212\266\""
 262      C5115C14 
 262      1577D573 
 262      C78AB622 
 263 0058 5EB8DCD7 		.ascii	"^\270\334\327\371~\363\335on\210,:f\021\355%\242M\322"
 263      F97EF3DD 
 263      6F6E882C 
 263      3A6611ED 
 263      25A24DD2 
 264 006c C1046BE8 		.ascii	"\301\004k\350\011Qo\304\002\314DG@=\026zp\212\213\214"
 264      09516FC4 
 264      02CC4447 
 264      403D167A 
 264      708A8B8C 
 265 0080 9981F95B 		.ascii	"\231\201\371[V\333\230\226V+N7\036\327\331\015\036\023"
 265      56DB9896 
 265      562B4E37 
 265      1ED7D90D 
 265      1E13
 266 0092 9D936E1A 		.ascii	"\235\223n\032\306\320&U\317\372'/\360I\366\030\260e"
 266      C6D02655 
 266      CFFA272F 
 266      F049F618 
 266      B065
 267 00a4 B9F0F8FC 		.ascii	"\271\360\370\374\2735fi\241E\226\037\252ws\021\336\001"
 267      BB356669 
 267      A145961F 
 267      AA777311 
 267      DE01
 268 00b6 92F99BD7 		.ascii	"\222\371\233\327\013\233\243\243Zgt\355\321\031\326"
 268      0B9BA3A3 
 268      5A6774ED 
ARM GAS  /tmp/ccQfv9rL.s 			page 21


 268      D119D6
 269 00c5 5B3D665C 		.ascii	"[=f\\\006\013\017\227\320\214\213h&\331\"\214#*\325"
 269      060B0F97 
 269      D08C8B68 
 269      26D9228C 
 269      232AD5
 270 00d8 7EFF506E 		.ascii	"~\377Pn-\357\012\224\317K\365;\253\226\244\257\362\201"
 270      2DEF0A94 
 270      CF4BF53B 
 270      AB96A4AF 
 270      F281
 271 00ea D4C69595 		.ascii	"\324\306\225\225R\233PF\324\324\277|Q\2576\361\236@"
 271      529B5046 
 271      D4D4BF7C 
 271      51AF36F1 
 271      9E40
 272 00fc 9BAFD7C6 		.ascii	"\233\257\327\306#\255#\201v\276\274\345t\237\276\257"
 272      23AD2381 
 272      76BEBCE5 
 272      749FBEAF 
 273 010c 6D8F4398 		.ascii	"m\217C\230X\2567M\312\337N-\346W7\330\250\240u\344\327"
 273      58AE374D 
 273      CADF4E2D 
 273      E65737D8 
 273      A8A075E4 
 274 0121 65318906 		.ascii	"e1\211\006\310X\231EM/~\037\320\265\372v\377\313\327"
 274      C8589945 
 274      4D2F7E1F 
 274      D0B5FA76 
 274      FFCBD7
 275 0134 7561C07C 		.ascii	"ua\300|Qn.\226mq\020\"\032\024\201\211\362\004[f\344"
 275      516E2E96 
 275      6D711022 
 275      1A148189 
 275      F2045B66 
 276 0149 3964863F 		.ascii	"9d\206?\027T\200\020f\211A>2\267}?\333h\366JlB+dg\236"
 276      17548010 
 276      6689413E 
 276      32B77D3F 
 276      DB68F64A 
 277 0163 864D681C 		.ascii	"\206Mh\034X\376v\357a\256\311C\251W\222o\361X\212\030"
 277      58FE76EF 
 277      61AEC943 
 277      A957926F 
 277      F1588A18 
 278 0177 53C6A29C 		.ascii	"S\306\242\234\215\276\317L\204UY\377<\012\341*<\234"
 278      8DBECF4C 
 278      845559FF 
 278      3C0AE12A 
 278      3C9C
 279 0189 0DFE08AE 		.ascii	"\015\376\010\256A\031v\341\3016C\376\023\033\372\013"
 279      411976E1 
 279      C13643FE 
 279      131BFA0B 
 280 0199 3BBCD1E3 		.ascii	";\274\321\343\260\230\301\365\177po\004\\skLC\211\315"
 280      B098C1F5 
 280      7F706F04 
ARM GAS  /tmp/ccQfv9rL.s 			page 22


 280      5C736B4C 
 280      4389CD
 281 01ac 00ED7F9C 		.ascii	"\000\355\177\234\013/\301\227\321\326\377\307\345\315"
 281      0B2FC197 
 281      D1D6FFC7 
 281      E5CD
 282 01ba DF2EAB86 		.ascii	"\337.\253\206\006\372$\271T\2120\260 \372A\331\223\274"
 282      06FA24B9 
 282      548A30B0 
 282      20FA41D9 
 282      93BC
 283 01cc E479C655 		.ascii	"\344y\306U2\345t\252\366C\355\216\332\227\354\352\350"
 283      32E574AA 
 283      F643ED8E 
 283      DA97ECEA 
 283      E8
 284 01dd DA7FE060 		.ascii	"\332\177\340`|g,\036\333\255Ri\325}T\245\273\023*\221"
 284      7C672C1E 
 284      DBAD5269 
 284      D57D54A5 
 284      BB132A91 
 285 01f1 743A1D37 		.ascii	"t:\0357\225:\222\216%\310r\\;\325q\330e7\351\376\000"
 285      953A928E 
 285      25C8725C 
 285      3BD571D8 
 285      6537E9FE 
 286 0206 537ADE43 		.ascii	"Sz\336C"
 287              		.text
 288              		.section	.gnu.lto_chPoolFree.fa85c15ce599d983,"",%progbits
 289 0000 789C8D54 		.ascii	"x\234\215ToLSW\024?\347\335\327?\002c\373d\214s\313"
 289      6F4C5357 
 289      143FE7DD 
 289      D73F0263 
 289      FB648C73 
 290 0015 23196126 		.ascii	"#\031a&\204\007\3112\243q\037\026\022\223}\300%\362"
 290      8407C932 
 290      A3711F16 
 290      12937DC0 
 290      25F2
 291 0027 71C90CD4 		.ascii	"q\311\014\324&e\241\266i\301\350\262\304\273\012\322"
 291      2665A1B6 
 291      69C1E8B2 
 291      C4BB0AD2 
 292 0037 49A2860D 		.ascii	"I\242\206\015(\304\346\261-L7\007(\316\255(\226\012"
 292      28C4E6B1 
 292      2D4C3707 
 292      28CEAD28 
 292      960A
 293 0049 FE651375 		.ascii	"\376e\023u\342\346BBP\204\255\306%S?8\223\311v\316m"
 293      E2E64242 
 293      5084ADC6 
 293      25533F38 
 293      93C976CE 
 294 005e 45688DEC 		.ascii	"Eh\215\354%M\337\275\367\374~\347w~\367\234g\003\015"
 294      254DDFBD 
 294      F7FC7EE7 
 294      777EF79C 
ARM GAS  /tmp/ccQfv9rL.s 			page 23


 294      67030D
 295 0071 BA6D00B9 		.ascii	"\272m\000\271\010\3602\000\240\000\324\366\217\001|"
 295      08F03200 
 295      A000D4F6 
 295      8F017C
 296 0080 ECD410F9 		.ascii	"\354\324\020\371E:\021vj\270\023\367\211v\201\303M\263"
 296      453A1176 
 296      6AB813F7 
 296      897681C3 
 296      4DB3
 297 0092 03DAEA83 		.ascii	"\003\332\352\203\222\236D{K\376n\331\270\302\022\000"
 297      929E447B 
 297      4BFE6ED9 
 297      B8C21200 
 298 00a2 1DF4E307 		.ascii	"\035\364\343\007\017\342j\212\272\332p\344\200\330+"
 298      0FE26A8A 
 298      BADA70E4 
 298      80D82B
 299 00b1 2C81A8D3 		.ascii	",\201\250\323\362\336\245\316\351|^jh\320\362\217\330"
 299      F2DEA5CE 
 299      E97C5E6A 
 299      68D0F28F 
 299      D8
 300 00c2 B9B053BC 		.ascii	"\271\260S\274\201@\3577\247\356\275R\324-eH&\316|&\344"
 300      8140EF37 
 300      A7EEBD52 
 300      D42D6548 
 300      26CE7C26 
 301 00d7 6B9610F8 		.ascii	"k\226\020\370\015\012\342\303\257q\025\036\302U@[\200"
 301      0D0AE2C3 
 301      AF71151E 
 301      C255405B 
 301      80
 302 00e8 87B188A2 		.ascii	"\207\261\210\242\223\015\373\303/\2125\012\371Ktr0'"
 302      930DFBC3 
 302      2F8A350A 
 302      F94B7472 
 302      3027
 303 00fa 0D1D6F55 		.ascii	"\015\035oUP\035\277\315\204\352\200=X\304\361\267\216"
 303      501DBFCD 
 303      84EA803D 
 303      58C4F1B7 
 303      8E
 304 010b CEB5BE60 		.ascii	"\316\265\276`\327SR\261\027\355T1\364\375\214\0119\367"
 304      D75352B1 
 304      17ED5431 
 304      F4FD8C09 
 304      39F7
 305 011d 6F1365FF 		.ascii	"o\023e\377\012\243\033\227Q\315\224\211d\023H'89\263"
 305      0AA31B97 
 305      51CD9489 
 305      64134827 
 305      3839B3
 306 0130 87E2D987 		.ascii	"\207\342\331\207f\241\361\277\230A\215\351~\037l\032"
 306      66A1F1BF 
 306      98418DE9 
 306      7E1F6C1A 
ARM GAS  /tmp/ccQfv9rL.s 			page 24


 307 0140 47B15E49 		.ascii	"G\261^I9\036\277\021\311)\374RI\3715b<\272q[\312\026"
 307      391EBF11 
 307      C929FC52 
 307      49F93562 
 307      3CBA715B 
 308 0156 8996B063 		.ascii	"\211\226\260c\337bA\312\243#XH\240\246\244<\245\263"
 308      DF6241CA 
 308      A3235848 
 308      A0A6A43C 
 308      A5B3
 309 0168 297634F0 		.ascii	")v4\360(\235\335\301\320\255\207\373\"\323+\346\305"
 309      289DDDC1 
 309      D0AD87FB 
 309      22D32BE6 
 309      C5
 310 0179 36289B3F 		.ascii	"6(\233?m\313Wz;\004B\306\321D_\351{\200\375|\246e\236"
 310      6DCB577A 
 310      3B0442C6 
 310      D1445FE9 
 310      7B80FD7C 
 311 0190 5D8B181F 		.ascii	"]\213\030\037r*\300c|.\026z\200\337\241\235\204\034"
 311      722AC063 
 311      7C2E167A 
 311      80DFA19D 
 311      841C
 312 01a2 671310EE 		.ascii	"g\023\020\356\"\035}a\365\377\235S\360\030-\0311,\341"
 312      221D7D61 
 312      F5FF9D53 
 312      F0182D19 
 312      312CE1
 313 01b5 E0E89EE9 		.ascii	"\340\350\236\351\223\322\251k\024\370=\026\000\357\374"
 313      93D2A96B 
 313      14F83D16 
 313      00EFFC
 314 01c4 75777C42 		.ascii	"uw|B\243\035\374\001u\245\0310\246n\370P|d&\257@j)\264"
 314      A31DFC01 
 314      75A51930 
 314      A66EF850 
 314      7C6426AF 
 315 01dc 9363EFF7 		.ascii	"\223c\357\367\366_\317U\350\001F\343\011\324a\006C\206"
 315      F65FCF55 
 315      E80146E3 
 315      09D46106 
 315      4386
 316 01ee AA1FF875 		.ascii	"\252\037\370u\352\223f\007\027F\301\361pW\273-\355\340"
 316      EA936607 
 316      1746C1F1 
 316      7057BB2D 
 316      EDE0
 317 0200 582CAF43 		.ascii	"X,\257C&\032\214g\264\202\262\357$\026F\251\\\"\350"
 317      261A8C67 
 317      B482B2EF 
 317      241646A9 
 317      5C22E8
 318 0213 EA3B20D2 		.ascii	"\352; \322\004\237w>\232\312\317\"\310j\010E0\310\004"
 318      049F773E 
 318      9ACACF22 
ARM GAS  /tmp/ccQfv9rL.s 			page 25


 318      C86A0845 
 318      30C804
 319 0226 42113C68 		.ascii	"B\021<h33l\233\215\3319\200\263\244]\327\271\232\211"
 319      33336C9B 
 319      8DD93980 
 319      B3A45DD7 
 319      B99A89
 320 0239 DF266379 		.ascii	"\337&cy\"\254\251+h\235L\034v\246\223\315\366\274\332"
 320      22ACA92B 
 320      689D4C1C 
 320      76A693CD 
 320      F6BCDA
 321 024c B24B5E90 		.ascii	"\262K^\220:5\013\306\263\263=u\035\207\230\362\224r"
 321      3A350BC6 
 321      B3B33D75 
 321      1D8798F2 
 321      9472
 322 025e 3E41CE0F 		.ascii	">A\316\017\245d$1t\"\231l\314\345\275\250`3\333\032"
 322      A5642431 
 322      7422996C 
 322      CCE5BDA8 
 322      6033DB1A 
 323 0272 872F3BB8 		.ascii	"\207/;\2703R\027\376\360\374h8\317\302(\365\3232*\034"
 323      335217FE 
 323      F0FC6838 
 323      CFC228F5 
 323      D3322A1C 
 324 0286 4F3333ED 		.ascii	"O33\355w\337\016\365:\314\036Vmp\362a\2640B\315\252"
 324      77DF0EF5 
 324      3ACC1E56 
 324      6D70F261 
 324      B43042CD 
 325 029b 52E0089A 		.ascii	"R\340\010\232L\335v\361u&^\310j\313d\315!\031x&\233"
 325      4CDD76F1 
 325      75265EC8 
 325      6ACB64CD 
 325      21197826 
 326 02b0 B56B2507 		.ascii	"\265k%\007\237U\264\230\246=\207&\211T\314\311;3\216"
 326      9F55B498 
 326      A63D8726 
 326      8954CCC9 
 326      3B338E
 327 02c3 34F7FF90 		.ascii	"4\367\377\220\330\265\234\311\316/\322x\201\311R\027"
 327      D8B59CC9 
 327      CE2FD278 
 327      81C95217 
 328 02d3 712C7593 		.ascii	"q,u\223\312v\325&j5\230Zi\317\030\262\177\226\030\262"
 328      CA76D526 
 328      6A35985A 
 328      69CF18B2 
 328      7F9618B2 
 329 02e7 8B6AC8E6 		.ascii	"\213j\310\346\213\346F\037}\336\220u>\0312\333\242A"
 329      8BE6461F 
 329      7DDE9075 
 329      3E1932DB 
 329      A241
 330 02f9 F991AF2B 		.ascii	"\371\221\257+k\352\212\337\007\374\211\203\355\331S"
ARM GAS  /tmp/ccQfv9rL.s 			page 26


 330      6BEA8ADF 
 330      07FC8983 
 330      EDD953
 331 0308 57FC11E7 		.ascii	"W\374\021\347\006\274\224=uc\352\356//\230\2729\353"
 331      06BC943D 
 331      7563EAEE 
 331      2F2F98BA 
 331      39EB
 332 031a 663CF7C9 		.ascii	"f<\367\311@\215\252\201\272\242\006*sz\256\316O\017"
 332      408DAA81 
 332      BAA2062A 
 332      737AAECE 
 332      4F0F
 333 032c 93C39F34 		.ascii	"\223\303\2374=\315{\213X\261*w\017]\020}\234(\276\314"
 333      3DCD7B8B 
 333      58B12A77 
 333      0F5D107D 
 333      9C28BECC 
 334 0340 F4F8BC6E 		.ascii	"\364\370\274n\263jK\225\327,\367\324T\327\274[\271\271"
 334      B36A4B95 
 334      D72CF7D4 
 334      54D7BC5B 
 334      B9B9
 335 0352 ECCD92B2 		.ascii	"\354\315\222\262\222\265\246/h\006\352\314`\300e\272"
 335      92B5A62F 
 335      6806EACC 
 335      60C065BA 
 336 0362 3C5EB7D7 		.ascii	"<^\267\327\357\363\325\006K\\\240y\375\272\257\372\003"
 336      EFF3D506 
 336      4B5CA079 
 336      FDBAAFFA 
 336      03
 337 0373 BF6D5B55 		.ascii	"\277m[Um\275{\335Rx\277/P\0274\337\336TQ^\261\235\210"
 337      6DBD7BDD 
 337      5278BF2F 
 337      501734DF 
 337      DE54515E 
 338 038a 5CBE807B 		.ascii	"\\\276\200{\363\2665\336\022\017\274\365\\\250{{\235"
 338      F3B635DE 
 338      120FBCF5 
 338      5CA87B7B 
 338      9D
 339 039b 595E51F9 		.ascii	"Y^Q\371N\245Y\263\325U[\277\305m*\250\313\273\241~\253"
 339      4EA559B3 
 339      D5555BBF 
 339      C56D2AA8 
 339      CBBBA17E 
 340 03b0 8BD0A54B 		.ascii	"\213\320\245K%\236\207y\202;\202\004x\251\242r\223Q"
 340      259E8779 
 340      823B8204 
 340      78A9A272 
 340      9351
 341 03c2 5D1574FB 		.ascii	"]\025t\373\0035\305Fa)h\001pP]\276\300\016\020~\217"
 341      0335C546 
 341      61296801 
 341      70505DBE 
 341      C00E107E 
ARM GAS  /tmp/ccQfv9rL.s 			page 27


 342 03d7 FF3FD25F 		.ascii	"\377?\322_\032\335"
 342      1ADD
 343              		.text
 344              		.section	.gnu.lto_.symbol_nodes.fa85c15ce599d983,"",%progbits
 345 0000 789C55C8 		.ascii	"x\234U\310\273\021\2000\014\004\321;Y.\214\3068Jp/\316"
 345      BB118030 
 345      0C04D13B 
 345      592E8CC6 
 345      384A702F 
 346 0015 2800322A 		.ascii	"(\0002*!\342\233Z\2516\331\231Wa\230\021\331E\001\355"
 346      21E29B5A 
 346      A936D999 
 346      57619811 
 346      D94501ED 
 347 0029 0062EB32 		.ascii	"\000b\3532\205\334\024\263<\224ey\251\222\345\243<\313"
 347      85DC14B3 
 347      3C946579 
 347      A992E5A3 
 347      3CCB
 348 003b 4FD5246E 		.ascii	"O\325$n\350\333i\360\202\276\3071\000\231,\"H"
 348      E8DB69F0 
 348      82BEC731 
 348      00992C22 
 348      48
 349              		.text
 350              		.section	.gnu.lto_.refs.fa85c15ce599d983,"",%progbits
 351 0000 789C6365 		.ascii	"x\234ce`b`d\000\002\000\000I\000\011"
 351      60626064 
 351      00020000 
 351      490009
 352              		.text
 353              		.section	.gnu.lto_.decls.fa85c15ce599d983,"",%progbits
 354 0000 789C9557 		.ascii	"x\234\225WkP\024W\026\356\323=\0140\0170h\245\362\303"
 354      6B501457 
 354      16EED33D 
 354      0C300F30 
 354      68A5F2C3 
 355 0014 DDB52CB2 		.ascii	"\335\265,\262\262\331\225\001u\335\354Vm\225\256\025"
 355      B2D99501 
 355      75DDEC56 
 355      6D95AE15 
 356 0024 37562531 		.ascii	"7V%1\025\327T~l\325\3248L\002\033`\254aL\342\376\331"
 356      15D7547E 
 356      6CD5D438 
 356      4C021B60 
 356      AC614CE2 
 357 003a 1E154541 		.ascii	"\036\025EA\304\200\010H\014\212\001QP\224\004EDG@\024"
 357      C4800848 
 357      0C8A0151 
 357      50940445 
 357      44474014 
 358 004e 10831241 		.ascii	"\020\203\022A|\000\276\220\365ATT\304\027{\356\243\351"
 358      7C00BE90 
 358      F5415454 
 358      C4177BEE 
 358      A3E9
 359 0060 666434DB 		.ascii	"fd4\333\305\235\356s\373\334\357|\337\275\347\236\276"
ARM GAS  /tmp/ccQfv9rL.s 			page 28


 359      C59DEE73 
 359      FBDCEF7C 
 359      DFBDE79E 
 359      BE
 360 0071 0408A230 		.ascii	"\004\010\2420\3735A\370\275$\010'DA\030\306+P\020\204"
 360      FB3541F8 
 360      BD240827 
 360      444118C6 
 360      2B501084 
 361 0085 326C80AD 		.ascii	"2l\200\255R`\227\036[\033\266Nl\027\261uc\273\212\255"
 361      5260971E 
 361      5B1BB64E 
 361      6C17B175 
 361      63BB8AAD 
 362 0099 5778F12A 		.ascii	"Wx\361*\306\201Ax\377\030[\030\266\011\330Z\261\355"
 362      C6814178 
 362      FF185B18 
 362      B609D85A 
 362      B1ED
 363 00ab E27827B1 		.ascii	"\342x'\261\035\301\206!\205Fl\307\2615\361xm\374\376"
 363      1DC18621 
 363      85466CC7 
 363      B135F178 
 363      6DFCFE
 364 00be C007B302 		.ascii	"\300\007\263\002;C\306\300\\\310q\347s\314\247\330\206"
 364      3B43C6C0 
 364      5CC871E7 
 364      73CCA7D8 
 364      86
 365 00cf B1E9D03F 		.ascii	"\261\351\320?\000[\035\217\207\322\204Z\036+\230\353"
 365      005B1D8F 
 365      87D2845A 
 365      1E2B98EB 
 366 00df 0804C6DF 		.ascii	"\010\004\306\337\200w\023\2660`\232&\340\375u`<~\005"
 366      807713B6 
 366      30609A26 
 366      E0FD7560 
 366      3C7E05
 367 00f2 A3795413 		.ascii	"\243yT\023_\015\207\205\234\007\211]\301y\220xu\\+\341"
 367      5F0D8785 
 367      9C07895D 
 367      C1799078 
 367      755C2BE1 
 368 0106 B697F0E1 		.ascii	"\266\227\360\341Zk\271\326\343\\\347E~\017\367\211s"
 368      5A6BB9D6 
 368      E35CE745 
 368      7E0FF789 
 368      73
 369 0117 18EDD057 		.ascii	"\030\355\320W\304\321j\375\2451\311\332v\373h\276\250"
 369      C4D16AFD 
 369      A531C9DA 
 369      76FB68BE 
 369      A8
 370 0128 D1EC7B35 		.ascii	"\321\354{5\372Y\313\205\234\213\022W\324\304\"0W\371"
 370      FA59CB85 
 370      9C8B1257 
 370      D4C42230 
ARM GAS  /tmp/ccQfv9rL.s 			page 29


 370      57F9
 371 013a FD2D1FCC 		.ascii	"\375-\037\314\026\264\215/\301\033K\223\026\233\360"
 371      16B48D2F 
 371      C11B4B93 
 371      169BF0
 372 0149 7FD99AF9 		.ascii	"\177\331\232\371^\033%\350\036\332>7\262TfW\220\250"
 372      5E1B25E8 
 372      1EDA3E37 
 372      B2546657 
 372      90A8
 373 015b BE38B5A2 		.ascii	"\2768\265\242<_J\227 \314\000:4\357\266\344]\011As\202"
 373      3C5F4A97 
 373      20CC003A 
 373      34EFB6E4 
 373      5D094173 
 374 0170 0126A179 		.ascii	"\001&\241y\361x\311N\362v\276\001\310\246\010\305\256"
 374      F178C94E 
 374      F276BE01 
 374      C8A608C5 
 374      AE
 375 0181 DDB7AA86 		.ascii	"\335\267\252\206\314\254\213\214\3376\364\363>\223d"
 375      CCAC8B8C 
 375      DF36F4F3 
 375      3E9364
 376 0190 24CFE2A9 		.ascii	"$\317\342\251\232\333\227\202 \302PD\202x;\276\216\034"
 376      9ADB9782 
 376      20C25044 
 376      82783BBE 
 376      8E1C
 377 01a2 48966511 		.ascii	"H\226e\021v\201\001JA\202b\210$\0232\337\200\277)\262"
 377      7681014A 
 377      41826288 
 377      241332DF 
 377      80BF29B2 
 378 01b6 BC4CCE58 		.ascii	"\274L\316X.\007\277+@\011L\204\3550Q\2002\210 \260\304"
 378      2E07BF2B 
 378      40094C84 
 378      ED305180 
 378      328820B0 
 379 01cb 0F7662E7 		.ascii	"\017vb\347\016\354\304\020\233k\177\366\230t\310\231"
 379      0EECC410 
 379      9B6B7FF6 
 379      9874C899 
 380 01db 222DD291 		.ascii	"\"-\322\221\276\243\303\203\336PF[D\363\364\235\023"
 380      BEA3C383 
 380      DE50465B 
 380      44F3F49D 
 380      13
 381 01ec DF1819ED 		.ascii	"\337\030\031\355qh>\312N\257\2017\262\251\330\345\362"
 381      71683ECA 
 381      4EAF8137 
 381      B2A9D8E5 
 381      F2
 382 01fd 3811169A 		.ascii	"8\021\026\232`\017\002\226#\240\000{\341\015\374\335"
 382      600F0296 
 382      23A0007B 
 382      E10DFCDD 
ARM GAS  /tmp/ccQfv9rL.s 			page 30


 383 020d 0D3A3603 		.ascii	"\015:6\003\245g\333\313E\323\232\021B\344\375\010'\001"
 383      A567DBCB 
 383      45D39A11 
 383      42E4FD08 
 383      2701
 384 021f 2AC0C499 		.ascii	"*\300\304\231\243oEWz\235Yz\207\252\355\270T\234e\206"
 384      A36F4557 
 384      7A9D597A 
 384      87AAEDB8 
 384      549C6586 
 385 0233 0813579B 		.ascii	"\010\023W\233\027\225M\325V\242\377\367\252Z\034\216"
 385      17954DD5 
 385      56A2FFF7 
 385      AA5A1C8E 
 386 0243 373FE8F0 		.ascii	"7?\350\360\003*V\003\220\261\030\244rm}\215\330\005"
 386      032A5603 
 386      90B118A4 
 386      726D7D8D 
 386      D805
 387 0255 1780481E 		.ascii	"\027\200H\036G\027\012\200\375\002m\324\034V.\000\332"
 387      47170A80 
 387      FD026DD4 
 387      1C562E00 
 387      DA
 388 0266 8FBDA2C0 		.ascii	"\217\275\242\3007\254\322\005\312\010n\213\334\0249"
 388      37ACD205 
 388      CA086E8B 
 388      DC1439
 389 0275 24FDE383 		.ascii	"$\375\343\203A\203\310^\263H\312\305r\231=\320a\312"
 389      4183C85E 
 389      B348CAC5 
 389      72993DD0 
 389      61CA
 390 0287 6810D500 		.ascii	"h\020\325\000\000\332\001\032@F\233\277\037\341'\250"
 390      00DA011A 
 390      40469BBF 
 390      1FE127A8 
 391 0297 E24049C8 		.ascii	"\342@I\310\273\271'z\015\335p\221\364\026\314\002\332"
 391      BBB9277A 
 391      0DDD7091 
 391      F416CC02 
 391      DA
 392 02a8 F7ACF260 		.ascii	"\367\254\362`\254\264\012h\302])m;e\246\331@f\232eC"
 392      ACB40A68 
 392      C25D296D 
 392      3B65A6D9 
 392      40669A65 
 393 02bd C5B1CEFE 		.ascii	"\305\261\316\376\340\221\0149\000\2643\257\372~S\000"
 393      E0910C39 
 393      00B433AF 
 393      FA7E5300 
 394 02cd 4B912034 		.ascii	"K\221 47\015\345\376S\312a\030\307jk6\206H\305\314H"
 394      370DE5FE 
 394      53CA6118 
 394      C76A6B36 
 394      8648C5CC 
 395 02e2 E95CDE66 		.ascii	"\351\\\336f\222v3#\347\353\322*\220\366QCw\354\356\265"
ARM GAS  /tmp/ccQfv9rL.s 			page 31


 395      92763323 
 395      E7EBD22A 
 395      90F65143 
 395      77ECEEB5 
 396 02f6 1B00A6F0 		.ascii	"\033\000\246\360\361\021\232\365\253\203\361\232\354"
 396      F1119AF5 
 396      AB83F19A 
 396      EC
 397 0303 38429757 		.ascii	"8B\227W\330J\336{\273\367\207\027\027\257\2243l\244"
 397      D84ADE7B 
 397      BBF78717 
 397      17AF9433 
 397      6CA4
 398 0315 1B0E6312 		.ascii	"\033\016c\022h\235\301B\006D\343\217\260\236\244\014"
 398      689DC142 
 398      0644E38F 
 398      B09EA40C 
 399 0325 C2CDD269 		.ascii	"\302\315\322i\262\337\313\3751\027\240\036\363\242\026"
 399      B2DFCBFD 
 399      3117A01E 
 399      F3A216
 400 0334 C2E99CB0 		.ascii	"\302\351\234\260\374jX%\341\306%\016\002\317\026>_O"
 400      FC6A5825 
 400      E1C6250E 
 400      02CF163E 
 400      5F4F
 401 0346 FAB23A81 		.ascii	"\372\262:\201\311$\311\263\254\272s}(\333\011=\344\365"
 401      C924C9B3 
 401      ACBA737D 
 401      28DB093D 
 401      E4F5
 402 0358 DEF61507 		.ascii	"\336\366\025\007\215\322\020\025\024PR[\277\301\014"
 402      8DD21015 
 402      1450525B 
 402      BFC10C
 403 0367 E1E1A888 		.ascii	"\341\341\250\2101n\317\011\313\\.\037\217\242\363V\203"
 403      316ECF09 
 403      CB5C2E1F 
 403      8FA2F356 
 403      83
 404 0378 049A5F20 		.ascii	"\004\232_ \\Btr\201's&0w\242\357\320\230\356\321\252"
 404      5C427472 
 404      81277326 
 404      3077A2EF 
 404      D098EED1 
 405 038d 77AF024E 		.ascii	"w\257\002N\026\352\230\257\367A\360\231\016\231NG\003"
 405      16EA98AF 
 405      F741F099 
 405      0E994E47 
 405      03
 406 039e BE3F4A5F 		.ascii	"\276?J_5\363\2718\201s\321\010\341p\034[\323\3509\311"
 406      35F3B938 
 406      8173D108 
 406      E1701C5B 
 406      D3E839C9 
 407 03b2 09F3C832 		.ascii	"\011\363\3102\020O\237I9\235}tg\240\224,\322\215\332"
 407      104F9F49 
ARM GAS  /tmp/ccQfv9rL.s 			page 32


 407      399D7D74 
 407      67A0942C 
 407      D28DDA
 408 03c5 B6FAD27E 		.ascii	"\266\372\322~#\214\217\030+\014\374\210\350\257\216"
 408      238C8F18 
 408      2B0CFC88 
 408      E8AF8E
 409 03d4 F430474F 		.ascii	"\3640GOf\377$:\266\250{\233\304\245\341\262\012\006"
 409      66FF243A 
 409      B6A87B9B 
 409      C4A5E1B2 
 409      0A06
 410 03e6 3B405B42 		.ascii	";@[BN\216J\222V\226$\350XV\331^\257\243\211\212}P\315"
 410      4E8E4A92 
 410      569624E8 
 410      5856D95E 
 410      AFA3898A 
 411 03fd 1275E0EC 		.ascii	"\022u\340\354\315\265&m\265\372\370uM\265:M\253\325"
 411      CDB5266D 
 411      B5FAF875 
 411      4DB53A4D 
 411      ABD5
 412 040f 29A55A65 		.ascii	")\245Ze\245\266\2343L.\220\013z0\337\232\376\220[\272"
 412      A5B69C33 
 412      4C2E900B 
 412      7A30DF9A 
 412      FE905BBA 
 413 0423 526EC571 		.ascii	"Rn\305q\263\250#T\251\344\360\021\177\367C7\300>\350"
 413      B3A82354 
 413      A9E4F011 
 413      7FF74337 
 413      C03EE8
 414 0436 C2DDD606 		.ascii	"\302\335\326\006\223q\374\375m9\365\006\351(\235\231"
 414      9371FCFD 
 414      6D39F506 
 414      E9289D99 
 415 0446 312B6B76 		.ascii	"1+kv\233'E\242}X4\3170\206\233\036\334\276\246\322n"
 415      9B2745A2 
 415      7D5834CF 
 415      30869B1E 
 415      DCBEA6D2 
 416 045b 679DD5EB 		.ascii	"g\235\325\353\2564\005\373\245}\226\322\356Ph\037|\272"
 416      AE3405FB 
 416      A57D96D2 
 416      EE50681F 
 416      7CBA
 417 046d 73959ED3 		.ascii	"s\225\236\323n\232\230+{\227\311\244X\242\027\374\244"
 417      6E9A982B 
 417      7B97C9A4 
 417      58A217FC 
 417      A4
 418 047e 72FEC997 		.ascii	"r\376\311\227s'\345|\245\343r\237Y:\3038\337\371\246"
 418      7327E57C 
 418      A5E3729F 
 418      593AC338 
 418      DFF9A6
 419 0491 20DF34C2 		.ascii	" \3374\302\205q\276\325\237y\300\350\267\336_\240T\316"
ARM GAS  /tmp/ccQfv9rL.s 			page 33


 419      8571BED5 
 419      9F79C0E8 
 419      B7DE5FA0 
 419      54CE
 420 04a3 2B54CA8B 		.ascii	"+T\312\2137\234\015B*=H\245\341\333\020\306\305#\022"
 420      379C0D42 
 420      2A3D48A5 
 420      E1DB10C6 
 420      C52312
 421 04b6 3738A772 		.ascii	"78\247r9\347\313\345\"\345r\344\301\352\265\006\351"
 421      39E7CBE5 
 421      22E572E4 
 421      C1EAB506 
 421      E9
 422 04c7 32E392B5 		.ascii	"2\343\222\265\275\377r\000Wu\343\255\021U\004\251KE"
 422      BDFF7200 
 422      5775E3AD 
 422      115504A9 
 422      4B45
 423 04d9 EAF245EA 		.ascii	"\352\362E\352\246Hw\017\024\015HR?C\332U\372\244\334"
 423      A648770F 
 423      140D4852 
 423      3F43DA55 
 423      FAA4DC
 424 04ec A0CC3A13 		.ascii	"\240\314:\023\265\271\372z9\214\010\275\304&\275\357"
 424      B5B9FA7A 
 424      398C08BD 
 424      C426BDEF 
 425 04fc EA8F7BFC 		.ascii	"\352\217{\374O\372\025\252\364\262\242\364\311\241K"
 425      4FFA15AA 
 425      F4B2A2F4 
 425      C9A14B
 426 050b 07F45C69 		.ascii	"\007\364\\iW\231iD)\272A\217\312\257\307\227\337U\312"
 426      57996944 
 426      29BA418F 
 426      CAAFC797 
 426      DF55CA
 427 051e 2FB3E470 		.ascii	"/\263\344p\232Nz\314\370=O\365&\3538T\323\333\243\220"
 427      9A4E7ACC 
 427      F83D4FF5 
 427      26EB3854 
 427      D3DBA390 
 428 0532 AEA948D7 		.ascii	"\256\251H\327|\221z)\322\205\344\303\225\241R\262\304"
 428      7C917A29 
 428      D285E4C3 
 428      95A152B2 
 428      C4
 429 0543 CAEDB1AE 		.ascii	"\312\355\261\2563\274^\275F\276\276-\307.H\254^\245"
 429      33BC5EBD 
 429      46BEBE2D 
 429      C72E48AC 
 429      5EA5
 430 0555 00DA5B5A 		.ascii	"\000\332[Z\006\262\015R&\363U>\353a\354\263\276\247"
 430      06B20D52 
 430      26F3553E 
 430      EB61ECB3 
 430      BEA7
ARM GAS  /tmp/ccQfv9rL.s 			page 34


 431 0567 E8F98510 		.ascii	"\350\371\205\020C\012/\236\270\315\260_\335e\267\000"
 431      430A2F9E 
 431      B8CDB05F 
 431      DD65B700 
 432 0577 0F165884 		.ascii	"\017\026X\204\340&;6\234yT\363\330$\345S$]O\341\275"
 432      E0263B36 
 432      9C7954F3 
 432      D824E553 
 432      245D4FE1 
 433 058c 9B7A8898 		.ascii	"\233z\210\230\010`\300V\244\034\204\004\270\203\211"
 433      0860C056 
 433      A41C8404 
 433      B88389
 434 059b 7F9BD066 		.ascii	"\177\233\320fW\236\214\360w\376C\272\331\031\345\316"
 434      579E8CF0 
 434      77FE43BA 
 434      D919E5CE 
 435 05ab 56597A43 		.ascii	"VYzC\200\351\023!\012\253E?V\210;4\316]\214\3733\006"
 435      80E91321 
 435      0AAB453F 
 435      56883B34 
 435      CE5D8CFB 
 436 05c1 CAC3B240 		.ascii	"\312\303\262@z\010\333\335\3473\202\3032x\225\231\004"
 436      7A08DBDD 
 436      E73382C3 
 436      32789599 
 436      04
 437 05d2 14FBBFE8 		.ascii	"\024\373\277\350\327G\371\335\2030\205%\361\316h\331"
 437      D747F9DD 
 437      83308525 
 437      F1CE68D9 
 438 05e2 B229D8C0 		.ascii	"\262)\330\300c\244\2744\006z?8\234\376@\257\305\036"
 438      63A4BC34 
 438      067A3F38 
 438      9CFE40AF 
 438      C51E
 439 05f4 7819764D 		.ascii	"x\031vM\243\367|\310\233\205r\253W\366\366\347\352="
 439      A3F77CC8 
 439      9B8572AB 
 439      57F6F6E7 
 439      EA3D
 440 0606 055ECF24 		.ascii	"\005^\317$\270\017ap\003\327\012\353\200f\344u\354\371"
 440      B80F6170 
 440      03D70AEB 
 440      8066E475 
 440      ECF9
 441 0618 071E1C1E 		.ascii	"\007\036\034\036\300\233\232\363\336\224\027\317{S\330"
 441      C09B9AF3 
 441      DE9417CF 
 441      7B53D8
 442 0627 79EFF4BA 		.ascii	"y\357\364\272{\333\002\245-tV\305\334\246\216Z\335\310"
 442      7BDB02A5 
 442      2D7456C5 
 442      DCA68E5A 
 442      DDC8
 443 0639 81EFFAED 		.ascii	"\201\357\372\355\337\346\334#\344\036#\267GjVL\361{"
 443      DFE6DC23 
ARM GAS  /tmp/ccQfv9rL.s 			page 35


 443      E41E23B7 
 443      476A564C 
 443      F17B
 444 064b E01B42A9 		.ascii	"\340\033B\251S\370\201o\020;\0372\261%\333\326o\325"
 444      53F8816F 
 444      103B1F32 
 444      B125DBD6 
 444      6FD5
 445 065d 4BE7588C 		.ascii	"K\347X\214\206C\347\317\352\300\0201&\300\2631\000\030"
 445      8643E7CF 
 445      EAC01031 
 445      26C0B331 
 445      0018
 446 066f 99EEA793 		.ascii	"\231\356\247\223\033\350y\354)\222y\242\222yL\347\210"
 446      1BE879EC 
 446      299279A2 
 446      92794CE7 
 446      88
 447 0680 F462A035 		.ascii	"\364b\2405\225m]:\277\011\365\\I\250(\312*\355\366\251"
 447      956D5D3A 
 447      BF09F55C 
 447      49A828CA 
 447      2AEDF6A9 
 448 0694 1C93EFF2 		.ascii	"\034\223\357\362\252{o\230.\301s\006\217\006\216\270"
 448      AA7B6F98 
 448      2EC17306 
 448      8F068EB8 
 449 06a4 FAA4EC40 		.ascii	"\372\244\354@\010K_=\232\203\273\013N\232\375F\363\210"
 449      084B5F3D 
 449      9A83BB0B 
 449      4E9AFD46 
 449      F388
 450 06b6 3C9A2CD2 		.ascii	"<\232,\322p\367\327$\017\362\203y \232\333{\363\323"
 450      70F7D724 
 450      0FF28379 
 450      209ADB7B 
 450      F3D3
 451 06c8 4D6C9FBC 		.ascii	"Ml\237\274\215\346\371\326\322\006\263/\231\345\342"
 451      8DE6F9D6 
 451      D206B32F 
 451      99E5E2
 452 06d7 44582612 		.ascii	"DX&\022\260\025b\230\002I\015\034\341i\337w\327\240"
 452      B0156298 
 452      02490D1C 
 452      E169DF77 
 452      D7A0
 453 06e9 FD46916F 		.ascii	"\375F\221o\270\032>Y\244\337(r'\307\240\276]fi\245\216"
 453      B81A3E59 
 453      A4DF2872 
 453      27C7A0BE 
 453      5D6669A5 
 454 06fe AEF8A98A 		.ascii	"\256\370\251\212\341*\262\365\275\270\365\317\357\017"
 454      E12AB2F5 
 454      BDB8F5CF 
 454      EF0F
 455 070c 2FD92BCB 		.ascii	"/\331+\3138\261\270\356d\363\257\024Gf\026\037Go\376"
 455      38B1B8EE 
ARM GAS  /tmp/ccQfv9rL.s 			page 36


 455      64F3AF14 
 455      4766161F 
 455      476FFE
 456 071f 5522D9FC 		.ascii	"U\"\331\374i\311;<\201R\006\303z\3449s\304\340\267|"
 456      69C93B3C 
 456      815206C3 
 456      7AE43973 
 456      C4E0B77C 
 457 0733 AD1649F9 		.ascii	"\255\026I\371Z\304\253WcVQ\226\211\307mK\225\016\354"
 457      5AC4AB57 
 457      63565196 
 457      89C76D4B 
 457      950EEC
 458 0746 A45FBA82 		.ascii	"\244_\272\202w\251\037\244\250\201S|\003\257\241\201"
 458      77A91FA4 
 458      A881537C 
 458      03AFA181 
 459 0756 8B061FA5 		.ascii	"\213\006\037\245\206H\315,p\362\263{=!\034\354f\236"
 459      8648CD2C 
 459      70F2B37B 
 459      3D211CEC 
 459      669E
 460 0768 94B37B14 		.ascii	"\224\263{\024X\252\012\226\352\013\226F\301:zkc\244"
 460      58AA0A96 
 460      EA0B9646 
 460      C13A7A6B 
 460      63A4
 461 077a 8C008AB5 		.ascii	"\214\000\212\265\243lsy\210\264\231\031\251\265u\371"
 461      A36C7379 
 461      88B49919 
 461      A9B575F9 
 462 078a 7AACD290 		.ascii	"z\254\322\220N\006\222\236\332\241\356q\264l?\035\371"
 462      4E06929E 
 462      DAA1EE71 
 462      B46C3F1D 
 462      F9
 463 079b A6D697EF 		.ascii	"\246\326\227\357|\026\342W\366z*;C\344\272{7e\227\033"
 463      7C16E257 
 463      F67A2A3B 
 463      43E4BA7B 
 463      3765971B 
 464 07af 39D5EB65 		.ascii	"9\325\353eR\323\236\253\315\036y\302\212\337\021?X\253"
 464      52D39EAB 
 464      CD1E79C2 
 464      8ADF113F 
 464      58AB
 465 07c1 308575A2 		.ascii	"0\205u\242\216X\243\311~M\311\266\366W\247"
 465      8E58A3C9 
 465      7E4DC9B6 
 465      F657A7
 466 07d0 19A51B8C 		.ascii	"\031\245\033\214\340\366\025\351\303z\016\327\221*\235"
 466      E0F615E9 
 466      C37A0ED7 
 466      912A9D
 467 07df 4C6D4E93 		.ascii	"LmN\223\013<\362\254w\251\362LUy\246/X\026\005\353\371"
 467      0B3CF2AC 
 467      77A9F24C 
ARM GAS  /tmp/ccQfv9rL.s 			page 37


 467      5579A62F 
 467      581605EB 
 468 07f4 F67AA659 		.ascii	"\366z\246Yz\310\300\232\017\025\236\011P\247\361\370"
 468      7AC8C09A 
 468      0F159E09 
 468      50A7F1F8 
 469 0804 E869DCA0 		.ascii	"\350i\334\240\202m\360\005\313\246`\205i\267\326\350"
 469      826DF005 
 469      CBA66085 
 469      69B7D6E8 
 470 0814 A5657A0A 		.ascii	"\245ez\012V\331\333\330``)-\223\322\277\353\336\375"
 470      56D9DBD8 
 470      6060292D 
 470      93D2BFEB 
 470      DEFD
 471 0826 5D7A96F1 		.ascii	"]z\226\361\244\360\014\015x\313\203\374n\227<e\273\344"
 471      A4F00C0D 
 471      78CB83FC 
 471      6E973C65 
 471      BBE4
 472 0838 B2ED52F7 		.ascii	"\262\355R\367C\372'\276\373!Gd\037\003\0016\321\375"
 472      43FA27BE 
 472      FB214764 
 472      1F030136 
 472      D1FD
 473 084a 40C710E7 		.ascii	"@\307\020\347\2565\355\227^\250\246~\275\345s\313\223"
 473      AE35ED97 
 473      5EA8A67E 
 473      BDE573CB 
 473      93
 474 085b 255E4DF1 		.ascii	"%^M\361\310\225_$\247\224c\325\317\027Y=\3053\212f\354"
 474      C8955F24 
 474      A79463D5 
 474      CF17593D 
 474      C5338A66 
 475 0870 4691D5D3 		.ascii	"F\221\325\323oDRO[\274\0336\352\245\014\246\267\360"
 475      6F44524F 
 475      5BBC1B36 
 475      EAA50CA6 
 475      B7F0
 476 0882 46551DFF 		.ascii	"FU\035\377\207\304L\276\212[\263\276\3231\371}T\301"
 476      87C44CBE 
 476      8A5BB3BE 
 476      D331F97D 
 476      54C1
 477 0894 ADEF0743 		.ascii	"\255\357\007C\375\352\335\242\350=\312j\344\376\326"
 477      FDEADDA2 
 477      E83DCA6A 
 477      E4FED6
 478 08a3 AA4D465F 		.ascii	"\252MF_\301\005H\343[Z\000\266R\011[\024\011\025\235"
 478      C10548E3 
 478      5B5A00B6 
 478      52095B14 
 478      09159D
 479 08b6 2B73827D 		.ascii	"+s\202}\005\373\365Nn\274|\"\210\013\276\374\033\366"
 479      05FBF54E 
 479      6EBC7C22 
ARM GAS  /tmp/ccQfv9rL.s 			page 38


 479      880BBEFC 
 479      1BF6
 480 08c8 F528E46A 		.ascii	"\365(\344j\361\024\244\031\270\231\253\335F\325\256"
 480      F114A419 
 480      B899ABDD 
 480      46D5AE
 481 08d7 EDE9EB0B 		.ascii	"\355\351\353\013\22663\265\035\235+\252\370w\336H>w"
 481      963633B5 
 481      1D9D2BAA 
 481      F877DE48 
 481      3E77
 482 08e9 CDDD9FF8 		.ascii	"\315\335\237\370\025W\254\210+b\213\351\031(\274\371"
 482      1557AC88 
 482      2B628BE9 
 482      1928BCF9 
 483 08f9 427553FF 		.ascii	"BuS\3773\330N\351\026+t;\012\256\327\233|\305\371\365"
 483      33D84EE9 
 483      162B743B 
 483      0AAED79B 
 483      7CC5F9F5 
 484 090d CEFAE1E0 		.ascii	"\316\372\341\340\257\271\266\307S\231\266\022\256\015"
 484      AFB9B6C7 
 484      5399B612 
 484      AE0D
 485 091b CF3D9A71 		.ascii	"\317=\232q\337qm;\3047\205\240\277\177\260p\322\234"
 485      DF716D3B 
 485      C43785A0 
 485      BF7FB070 
 485      D29C
 486 092d E868419F 		.ascii	"\350hA\237\024\367o\207\325=\315\262$\311e\211\217["
 486      14F76F87 
 486      D53DCDB2 
 486      24C96589 
 486      8F5B
 487 093f 64F9CC6E 		.ascii	"d\371\314n\267\330\\\011S\023\235\211\216\251\016\333"
 487      B7D85C09 
 487      53139D89 
 487      8EA90EDB 
 488 094f A238CBCC 		.ascii	"\2428\313\314\310\351\221\321\226\270D{\374\222\030"
 488      C8E991D1 
 488      96B8447B 
 488      FC9218
 489 095e 8725C91D 		.ascii	"\207%\311\035\023\343\37042V0%8\022>s\270?]\222h\267"
 489      13E3F834 
 489      32563025 
 489      38123E73 
 489      B83F5D92 
 490 0974 BA675862 		.ascii	"\272gXb\235\011\016\213-\306\226`\231\023\033\267(n"
 490      9D090E8B 
 490      2DC69660 
 490      99131BB7 
 490      286E
 491 0986 FE026BF4 		.ascii	"\376\002k\364\314\310\350\310?[\234I\026\227{d\270="
 491      CCC8E8C8 
 491      3F5B9C49 
 491      16977B64 
 491      B83D
ARM GAS  /tmp/ccQfv9rL.s 			page 39


 492 0998 1687D99D 		.ascii	"\026\207\331\235.\007\"\214\263\307~\350t\306\317_\364"
 492      2E07228C 
 492      B3C77EE8 
 492      74C6CF5F 
 492      F4
 493 09a9 2F87DD3D 		.ascii	"/\207\335=/1\316\035\222\260\330\352\244\226\225\320"
 493      2F31CE1D 
 493      92B0D8EA 
 493      A49695D0 
 494 09b9 0A4433D1 		.ascii	"\012D3\321\361\225;pq,\275\033\027\243\2675\326a\213"
 494      F1953B70 
 494      712CBD1B 
 494      17A3B735 
 494      D6618B
 495 09cc 71B8FEF8 		.ascii	"q\270\376\370\177\005$\003\2230\242\021\021\027\273"
 495      7F052403 
 495      9330A211 
 495      1117BB
 496 09db 9C5FC421 		.ascii	"\234_\304!\202\031\373\235\256\245V\012\352\216~\025"
 496      8219FB9D 
 496      AEA5560A 
 496      EA8E7E15 
 497 09eb 5E92CBAE 		.ascii	"^\222\313\256\305\262\013\241\214\375{N[\314l\227\313"
 497      C5B20BA1 
 497      8CFD7B4E 
 497      5BCC6C97 
 497      CB
 498 09fc B6D4C4EC 		.ascii	"\266\324\304\354\331\361\361N\373<\243\306\340\317s"
 498      D9F1F14E 
 498      FB3CA3C6 
 498      E0CF73
 499 0a0b 5D0EC73C 		.ascii	"]\016\307<\203\372l\266Z\351\334Y#g\316\210\236\031"
 499      83FA6CB6 
 499      5AE9DC59 
 499      2367CE88 
 499      9E19
 500 0a1d A4583A7B 		.ascii	"\244X:{\254\315e\260Z\227\304%\272\247O\263\272\247"
 500      ACCD65B0 
 500      5A97C425 
 500      BAA74FB3 
 500      BAA7
 501 0a2f D29551D4 		.ascii	"\322\225Q\324$:\276$\213\224`\263\307\306%:,V\\\012"
 501      243ABE24 
 501      8B9460B3 
 501      C7C6253A 
 501      2C565C0A 
 502 0a43 DB9278B7 		.ascii	"\333\222x\267\325\275t\261\203\010\014R\206M\036kX\322"
 502      D5BD74B1 
 502      83080C52 
 502      864D1E6B 
 502      58D2
 503 0a55 D2248B15 		.ascii	"\322$\213\025\027\020}\3207\230s\214\211\301\247\005"
 503      17107DD0 
 503      3798738C 
 503      89C1A705 
 504 0a65 4B93DE73 		.ascii	"K\223\336s\332?\217\372\345\323\212`\004d\261\323\345"
 504      DA3F8FFA 
ARM GAS  /tmp/ccQfv9rL.s 			page 40


 504      E5D38A60 
 504      0464B1D3 
 504      E5
 505 0a76 B6A2CACF 		.ascii	"\266\242\312\317\377\362\252\241\3043\3112\373\243\367"
 505      FFF2AAA1 
 505      C433C932 
 505      FBA3F7
 506 0a85 E7BCFF15 		.ascii	"\347\274\377\025\216'I`\375\342O\011\010\202S\221\344"
 506      8E274960 
 506      FDE24F09 
 506      08825391 
 506      E4
 507 0a96 705BFF36 		.ascii	"p[\3776{\301;\037~4\317l\213\377\322\2664\311\032\227"
 507      7BC13B1F 
 507      7E34CF6C 
 507      8BFFD2B6 
 507      34C91A97 
 508 0aaa 188F1AFF 		.ascii	"\030\217\032\377\372RX\314\012\313\234\367\027\314["
 508      FA5258CC 
 508      0ACB9CF7 
 508      17CC5B
 509 0ab9 A01223B0 		.ascii	"\240\022#\260\366\204\2718\231d\301\251\262\205\211"
 509      F684B938 
 509      9964C1A9 
 509      B28589
 510 0ac8 84A09152 		.ascii	"\204\240\221R]B\237\265\223?m\232\326\232\036\245\265"
 510      5D429FB5 
 510      933F6D9A 
 510      D69A1EA5 
 510      B5
 511 0ad9 6644FD0F 		.ascii	"fD\375\017qc:\036"
 511      71633A1E 
 512              		.text
 513              		.section	.gnu.lto_.symtab.fa85c15ce599d983,"",%progbits
 514 0000 6368506F 		.ascii	"chPoolObjectInit\000"
 514      6F6C4F62 
 514      6A656374 
 514      496E6974 
 514      00
 515 0011 00       		.ascii	"\000"
 516 0012 00       		.ascii	"\000"
 517 0013 00       		.ascii	"\000"
 518 0014 00000000 		.ascii	"\000\000\000\000\000\000\000\000"
 518      00000000 
 519 001c D3000000 		.ascii	"\323\000\000\000"
 520 0020 6368506F 		.ascii	"chPoolLoadArray\000"
 520      6F6C4C6F 
 520      61644172 
 520      72617900 
 521 0030 00       		.ascii	"\000"
 522 0031 00       		.ascii	"\000"
 523 0032 00       		.ascii	"\000"
 524 0033 00000000 		.ascii	"\000\000\000\000\000\000\000\000"
 524      00000000 
 525 003b D9000000 		.ascii	"\331\000\000\000"
 526 003f 6368506F 		.ascii	"chPoolAllocI\000"
 526      6F6C416C 
ARM GAS  /tmp/ccQfv9rL.s 			page 41


 526      6C6F6349 
 526      00
 527 004c 00       		.ascii	"\000"
 528 004d 00       		.ascii	"\000"
 529 004e 00       		.ascii	"\000"
 530 004f 00000000 		.ascii	"\000\000\000\000\000\000\000\000"
 530      00000000 
 531 0057 DD000000 		.ascii	"\335\000\000\000"
 532 005b 6368506F 		.ascii	"chPoolAlloc\000"
 532      6F6C416C 
 532      6C6F6300 
 533 0067 00       		.ascii	"\000"
 534 0068 00       		.ascii	"\000"
 535 0069 00       		.ascii	"\000"
 536 006a 00000000 		.ascii	"\000\000\000\000\000\000\000\000"
 536      00000000 
 537 0072 DF000000 		.ascii	"\337\000\000\000"
 538 0076 6368506F 		.ascii	"chPoolFreeI\000"
 538      6F6C4672 
 538      65654900 
 539 0082 00       		.ascii	"\000"
 540 0083 00       		.ascii	"\000"
 541 0084 00       		.ascii	"\000"
 542 0085 00000000 		.ascii	"\000\000\000\000\000\000\000\000"
 542      00000000 
 543 008d E4000000 		.ascii	"\344\000\000\000"
 544 0091 6368506F 		.ascii	"chPoolFree\000"
 544      6F6C4672 
 544      656500
 545 009c 00       		.ascii	"\000"
 546 009d 00       		.ascii	"\000"
 547 009e 00       		.ascii	"\000"
 548 009f 00000000 		.ascii	"\000\000\000\000\000\000\000\000"
 548      00000000 
 549 00a7 E6000000 		.ascii	"\346\000\000\000"
 550              		.text
 551              		.section	.gnu.lto_.opts,"",%progbits
 552 0000 272D666D 		.ascii	"'-fmath-errno' '-fsigned-zeros' '-ftrapping-math' '"
 552      6174682D 
 552      6572726E 
 552      6F272027 
 552      2D667369 
 553 0033 2D666E6F 		.ascii	"-fno-trapv' '-fno-openmp' '-fno-openacc' '-mcpu=cor"
 553      2D747261 
 553      70762720 
 553      272D666E 
 553      6F2D6F70 
 554 0066 7465782D 		.ascii	"tex-m4' '-mno-thumb-interwork' '-mthumb' '-ggdb' '-"
 554      6D342720 
 554      272D6D6E 
 554      6F2D7468 
 554      756D622D 
 555 0099 4F322720 		.ascii	"O2' '-fomit-frame-pointer' '-falign-functions=16' '"
 555      272D666F 
 555      6D69742D 
 555      6672616D 
 555      652D706F 
ARM GAS  /tmp/ccQfv9rL.s 			page 42


 556 00cc 2D666675 		.ascii	"-ffunction-sections' '-fdata-sections' '-fno-common"
 556      6E637469 
 556      6F6E2D73 
 556      65637469 
 556      6F6E7327 
 557 00ff 2720272D 		.ascii	"' '-flto'\000"
 557      666C746F 
 557      2700
 558              		.text
 559              		.comm	__gnu_lto_v1,1,1
 560              		.comm	__gnu_lto_slim,1,1
 561              		.ident	"GCC: (15:6.3.1+svn253039-1build1) 6.3.1 20170620"
ARM GAS  /tmp/ccQfv9rL.s 			page 43


DEFINED SYMBOLS
                            *ABS*:0000000000000000 chmempools.c
                            *COM*:0000000000000001 __gnu_lto_v1
                            *COM*:0000000000000001 __gnu_lto_slim

NO UNDEFINED SYMBOLS
