ARM GAS  /tmp/ccTOqcnZ.s 			page 1


   1              		.cpu cortex-m4
   2              		.eabi_attribute 20, 1
   3              		.eabi_attribute 21, 1
   4              		.eabi_attribute 23, 3
   5              		.eabi_attribute 24, 1
   6              		.eabi_attribute 25, 1
   7              		.eabi_attribute 26, 1
   8              		.eabi_attribute 30, 2
   9              		.eabi_attribute 34, 1
  10              		.eabi_attribute 18, 4
  11              		.file	"chmemcore.c"
  12              		.text
  13              	.Ltext0:
  14              		.section	.gnu.lto_.profile.5265a178a219c7bd,"",%progbits
  15 0000 789C6365 		.ascii	"x\234ce`b`a```dPQ\000\000\000\350\000Q"
  15      60626061 
  15      60606064 
  15      50510000 
  15      00E80051 
  16              		.text
  17              		.section	.gnu.lto_.icf.5265a178a219c7bd,"",%progbits
  18 0000 789C6365 		.ascii	"x\234ce`bPc@\0006\206'\363o\035fg\332\373\360];+\013"
  18      60625063 
  18      40003686 
  18      27F36F1D 
  18      6667DAFB 
  19 0019 9864DDF8 		.ascii	"\230d\335\370x\321\033f\266\025S\317]`e\277>\345\365"
  19      78D11B66 
  19      B61553CF 
  19      5D6065BF 
  19      3EE5F5
  20 002c 62160600 		.ascii	"b\026\006\000u\214\022\245"
  20      758C12A5 
  21              		.text
  22              		.section	.gnu.lto_.jmpfuncs.5265a178a219c7bd,"",%progbits
  23 0000 789C6365 		.ascii	"x\234ce`b\020b@\000\026 fedd\254g\003\021\354@\036\000"
  23      60621062 
  23      40001620 
  23      66656464 
  23      AC670311 
  24 0018 0BB20134 		.ascii	"\013\262\0014"
  25              		.text
  26              		.section	.gnu.lto_.inline.5265a178a219c7bd,"",%progbits
  27 0000 789C6365 		.ascii	"x\234ce`bHf@\000\026\006\006V\026F\006&\226\005\362"
  27      60624866 
  27      40001606 
  27      06561646 
  27      06269605 
  28 0015 0C6C0BE4 		.ascii	"\014l\013\344\231@b\254\014|\274\214\214\014\012\214"
  28      994062AC 
  28      0C7CBC8C 
  28      8C0C0A8C 
  29 0025 0C0CCC42 		.ascii	"\014\014\314B\007:\031!\022@\025, Y6\006\036n\230,\337"
  29      073A1921 
  29      1240152C 
  29      20593606 
  29      1E6E982C 
ARM GAS  /tmp/ccTOqcnZ.s 			page 2


  30 003a 822C5449 		.ascii	"\202,TIv\0066V\240il\037\364\340\2461\000\000\371:\012"
  30      76063656 
  30      A0696C1F 
  30      F4E0A631 
  30      0000F93A 
  31 004f 1E       		.ascii	"\036"
  32              		.text
  33              		.section	.gnu.lto_.pureconst.5265a178a219c7bd,"",%progbits
  34 0000 789C6365 		.ascii	"x\234ce`b\340b```a\220`\335\305\310&\301\316\002\000"
  34      6062E062 
  34      60606061 
  34      9060DDC5 
  34      C826C1CE 
  35 0016 06F60117 		.ascii	"\006\366\001\027"
  36              		.text
  37              		.section	.gnu.lto__core_init.5265a178a219c7bd,"",%progbits
  38 0000 789C7D52 		.ascii	"x\234}R\317k\023Q\020\236y\263I6\332P\004\017\332z\350"
  38      CF6B1351 
  38      109E79B3 
  38      4936DA50 
  38      040FDA7A 
  39 0015 25875EB2 		.ascii	"%\207^\262\026A\360&x\026\017\376\001K\232.\244\207"
  39      1641F026 
  39      78160FFE 
  39      014B9A2E 
  39      A487
  40 0027 1849BCE7 		.ascii	"\030I\274\347\245\232FR\324R0U\241l B\265jc\264Q#\005"
  40      A59A4652 
  40      D4523055 
  40      A16C2042 
  40      B56A63B4 
  41 003e 43F052D0 		.ascii	"C\360R\320\026\304\"\"\326\"*T\024A\353O\264q\336\356"
  41      16C42222 
  41      D6222A54 
  41      1441EB4F 
  41      B471DEEE 
  42 0052 DA6A033E 		.ascii	"\332j\003>x\363\346\315\373f\346\373f\327\007\002>\010"
  42      78F3E6CD 
  42      FB66E6FB 
  42      66D70702 
  42      3E08
  43 0064 808300D0 		.ascii	"\200\203\000\320\315\033\011P\214\316\003du\201\250"
  43      CD1B0950 
  43      8CCE0364 
  43      7581A8
  44 0073 1CA92364 		.ascii	"\034\251#d\004f\360\014\215\0236\363o\352\242wR\362"
  44      0466F00C 
  44      8D1336F3 
  44      6FEAA277 
  44      52F2
  45 0085 6A8CCFFA 		.ascii	"j\214\317\372\207en\207M\000\347y\253\205\223\330\013"
  45      87656E87 
  45      4D00E779 
  45      AB8593D8 
  45      0B
  46 0096 0CFB5CF8 		.ascii	"\014\373\\\370\364:D{P\371\245{\315\205\316pY.s\312"
  46      F43A447B 
ARM GAS  /tmp/ccTOqcnZ.s 			page 3


  46      50F9A57B 
  46      CD85CE70 
  46      592E73CA 
  47 00aa FC85ED63 		.ascii	"\374\205\355c\262tNj6!^B\362\362\224\013\012\373\344"
  47      B2744E6A 
  47      36215E42 
  47      F2F2940B 
  47      0AFBE4
  48 00bd D54C1569 		.ascii	"\325L\025i\277\223\267T\237\256\372\275\274fWV6\263"
  48      BF93B754 
  48      9FAEFABD 
  48      BC665756 
  48      36B3
  49 00cf 3D2A6B6A 		.ascii	"=*kj#k\312\313zY];\033\362kx\005\303x\031\303.\033\274"
  49      236BCACB 
  49      7A595D3B 
  49      1BF26B78 
  49      05C37819 
  50 00e7 8A7EE4B3 		.ascii	"\212~\344\263\362\010\033r\255\225\227\215/;+\253/\266"
  50      F2081B72 
  50      AD95978D 
  50      2F3B2BAB 
  50      2FB6
  51 00f9 6D45B049 		.ascii	"mE\260I\010eH\031\215\015\005\224\247+\023TW\200\002"
  51      08654819 
  51      8D0D0594 
  51      A72B1354 
  51      578002
  52 010c 6FA57E84 		.ascii	"o\245~\204\204:i\005\207>\346\037\326\226Q\225\235 "
  52      843A6905 
  52      873EE61F 
  52      D6965195 
  52      9D20
  53 011e E4AEC55C 		.ascii	"\344\256\305\\s!p\232l\322\034\272\365\372\273g\201"
  53      7321709A 
  53      6CD21CBA 
  53      F5FABB67 
  53      81
  54 012f CC2FA973 		.ascii	"\314/\251s\240\254\010p\354\355\203\305\373[l\234@E"
  54      A0AC0870 
  54      ECED83C5 
  54      FB5B6C9C 
  54      4045
  55 0141 7C9A6778 		.ascii	"|\232gx\015w9\017\245\037\337\027;\030|R\312\036U\240"
  55      0D77390F 
  55      A51FDF17 
  55      3B187C52 
  55      CA1E55A0 
  56 0155 823673C5 		.ascii	"\2026s\305\353\230\201\025<^\034\366\332\010\267\323"
  56      EB988115 
  56      3C5E1CF6 
  56      DA08B7D3 
  57 0165 6A21F795 		.ascii	"j!\367\225T'\201\001\254r\011\306\374\374\203!\2061"
  57      54278101 
  57      AC7209C6 
  57      FCFC8321 
  57      8631
ARM GAS  /tmp/ccTOqcnZ.s 			page 4


  58 0177 E6F1898B 		.ascii	"\346\361\211\213KA\027\363\255\325ju\342\015\007\307"
  58      4B4117F3 
  58      ADD56A75 
  58      E20D07C7 
  59 0187 AC9F920B 		.ascii	"\254\237\222\013\324\030\253\"\305\271n\025\370[\201"
  59      D418AB22 
  59      C5B96E15 
  59      F85B81
  60 0196 6FB3025F 		.ascii	"o\263\002_\231p\263\002\302\031VpS)\300\032\363\345"
  60      9970B302 
  60      C2195670 
  60      5329C01A 
  60      F3E5
  61 01a8 8A6E83E7 		.ascii	"\212n\203\347\265Y\217K\240m\016\242}\016\267\3763\207"
  61      B5598F4B 
  61      A06D0EA2 
  61      7D0EB7FE 
  61      3387
  62 01ba DBEE1CEE 		.ascii	"\333\356\034\356\270sX\327\250s\351\015As\236\240 ?"
  62      B87358D7 
  62      A873E90D 
  62      41739EA0 
  62      203F
  63 01cc B882BA3C 		.ascii	"\270\202\272<A\377*\240v\005\365u\005w\035\005Ax\217"
  63      41FF2AA0 
  63      7605F575 
  63      05771D05 
  63      41788F
  64 01df 43A5D629 		.ascii	"C\245\326)\247\217\363S\025X8\177p\346\275\333\210'"
  64      A78FF353 
  64      1558387F 
  64      70E6BDDB 
  64      8827
  65 01f1 1396111D 		.ascii	"\023\226\021\035\210&\214\003\361\301\376\301C\207\315"
  65      88268C03 
  65      F1C1FEC1 
  65      4387CD
  66 0200 BEBD91BE 		.ascii	"\276\275\221\276\310>#\2316R\307\214t*f\304\342\011"
  66      C83E2399 
  66      3652C78C 
  66      742A66C4 
  66      E209
  67 0212 2B114BA6 		.ascii	"+\021K\246\254H\014:L3nE\217\232\326\221\001\323\014"
  67      AC480C3A 
  67      4C336E45 
  67      8F9AD691 
  67      01D30C
  68 0225 7997FE68 		.ascii	"y\227\376h\3322\315\337\034\313\015\267"
  68      DA32CDDF 
  68      1CCB0DB7 
  69              		.text
  70              		.section	.gnu.lto_chCoreAlloc.5265a178a219c7bd,"",%progbits
  71 0000 789C8D54 		.ascii	"x\234\215TmLSg\024~\317}\357\355mo+\373\370\265\037"
  71      6D4C5367 
  71      147ECF7D 
  71      EFED6D6F 
  71      2BFBF8B5 
ARM GAS  /tmp/ccTOqcnZ.s 			page 5


  72 0015 FC28C91A 		.ascii	"\374(\311\032cBz1\3736\331\217\205d\037?\3102\371\271"
  72      63427A31 
  72      FB36D98F 
  72      85641F3F 
  72      C832F9B9 
  73 0029 640E6B93 		.ascii	"d\016k\2236\241\226\264`\304,\341Z\012L\311\30667(\304"
  73      36A196B4 
  73      60C42CE1 
  73      5A0A4CC9 
  73      C6363728 
  74 003e AE66BAC0 		.ascii	"\256f\272\300\334\020eS\007\012\353,\363c \352,\011"
  74      DC106553 
  74      070AEB2C 
  74      F36320EA 
  74      2C09
  75 0050 09CB3245 		.ascii	"\011\3132E&\020\366e\366\301\242\226\235\363\336\322"
  75      2610F665 
  75      F6C1A296 
  75      9DF3DED2 
  76 0060 604BC4FE 		.ascii	"`K\304\376h\337\217\363\234\363\234\347=O\025&\261\327"
  76      68DF8FF3 
  76      9CF39CE7 
  76      3D4F1526 
  76      B1D7
  77 0072 2C8C29C0 		.ascii	",\214)\300\330S\2141P\030H\357\2153\266\333*I\362\254"
  77      D8538C31 
  77      501848EF 
  77      8D33B6DB 
  77      2A49F2AC 
  78 0086 CA0C8DF7 		.ascii	"\312\014\215\367\234e\314pp\220\315s\031\200\026\206"
  78      9C65CC70 
  78      7090CD73 
  78      19801686 
  79 0096 155883C4 		.ascii	"\025X\203\304eh\2006\336\301\341J\364\350~\376.Op\006"
  79      65688036 
  79      DEC1E14A 
  79      F4E87EFE 
  79      2E4F7006 
  80 00aa 326EFFBC 		.ascii	"2n\377\274\3305]D[\000'\335\316\337\214\3327t\033F\304"
  80      D8355D44 
  80      5B0027DD 
  80      CEDF8CDA 
  80      37741B46 
  81 00bf 48760CAA 		.ascii	"Hv\014\252\035\215M/'\270\304:1\272\007\212\241\033"
  81      1D8D4D2F 
  81      27B8C43A 
  81      31BA078A 
  81      A11B
  82 00d1 8AA9F867 		.ascii	"\212\251\370g\260\001c?\331=1\272\216?\001\014\327-"
  82      B001633F 
  82      D93D31BA 
  82      8E3F010C 
  82      D72D
  83 00e3 BD437345 		.ascii	"\275CsE\353?\025\270\364>n<\236\340\034\016\003_\011"
  83      EB3F15B8 
  83      F43E6E3C 
  83      9EE01C0E 
ARM GAS  /tmp/ccTOqcnZ.s 			page 6


  83      035F09
  84 00f6 C423069F 		.ascii	"\304#\006\237\303z\212\037K\356\351\323\370\263\002"
  84      C37A8A1F 
  84      4BEEE9D3 
  84      F8B302
  85 0105 FBE3DB99 		.ascii	"\373\343\333\231\223\262\353\240\300\376\023\177\364"
  85      93B2EBA0 
  85      C0FE137F 
  85      F4
  86 0112 FD46E3BC 		.ascii	"\375F\343\274!cU\370\342^<}0\374\372\261\314G\353,2"
  86      216355F8 
  86      E25E3C7D 
  86      30FCFAB1 
  86      CC47EB2C 
  87 0127 F4828B78 		.ascii	"\364\202\213x!\235#`AY\000\357\332g\0273j6\325o\361"
  87      219D2360 
  87      415900EF 
  87      DA671733 
  87      6A36D56F 
  88 013c A24E2319 		.ascii	"\242N#\031u\256\302\204>\320\007\256\276\037 id\226"
  88      75AEC284 
  88      3ED007AE 
  88      BE1F2069 
  88      6496
  89 014e 5A8CE4C8 		.ascii	"Z\214\344\310!\230z\351\021\011\210\037G\246\262,\002"
  89      21987AE9 
  89      1109881F 
  89      47A6B22C 
  89      02
  90 015f 145C2A16 		.ascii	"\024\\*\026\374\262\250\264\262\322\312F_\032\305\330"
  90      FCB2A8B4 
  90      B2D2CA46 
  90      5F1AC5D8 
  91 016f E9CCC148 		.ascii	"\351\314\301H \266\027\231\220\334\255\270\301_>\003"
  91      20B61799 
  91      90DCADB8 
  91      C15F3E03 
  92 017f 1291BD79 		.ascii	"\022\221\275y\272%\015|\223\350\363\370\360dL\313\222"
  92      BA250D7C 
  92      93E8F3F8 
  92      F0644CCB 
  92      92
  93 0190 3B1773FE 		.ascii	";\027s\3767y\3030>0 \301U8\272\012\277c\340\"a\347\214"
  93      3779C330 
  93      3E3020C1 
  93      5538BA0A 
  93      BF63E022 
  94 01a7 2199DE47 		.ascii	"!\231\336G\005'\364\343\335<D\256\377\336\026\233~,"
  94      0527F4E3 
  94      DD3C44AE 
  94      FFDE169B 
  94      7E2C
  95 01b9 2745D4C0 		.ascii	"'E\324\300Or\337eU(\321\311\201\345]\215\366\225\275"
  95      4F72DF65 
  95      5528D1C9 
  95      81E55D8D 
  95      F695BD
ARM GAS  /tmp/ccTOqcnZ.s 			page 7


  96 01cc CEE04BBA 		.ascii	"\316\340K\272\223\362\357R1\347.*\305\340+\272\347+"
  96      93F2EF52 
  96      31E72E2A 
  96      C5E02BBA 
  96      E72B
  97 01de 1466701C 		.ascii	"\024fp\034p\344\340\004\311\013X\230\336<\321\277\250"
  97      70E4E004 
  97      C90B5898 
  97      DE3CD1BF 
  97      A8
  98 01ef 95DC8684 		.ascii	"\225\334\206\204\021Ca\255\024\335;}\312\260\312(\001"
  98      114361AD 
  98      14DD3B7D 
  98      CAB0CA28 
  98      01
  99 0200 9C8412F1 		.ascii	"\234\204\022\361B\177,\244\247$<\201\257A\026\234\031"
  99      427F2CA4 
  99      A7243C81 
  99      AF41169C 
  99      19
 100 0211 0C8861EB 		.ascii	"\014\210a\353\031N\3158J2Y\264\215bo\035\351\237\260"
 100      194ECD38 
 100      4A3259B4 
 100      8D626F1D 
 100      E99FB0
 101 0224 0BF420A1 		.ascii	"\013\364 \241\341\024\310l\006\"N\321?\243\345\317{"
 101      E114C86C 
 101      06224ED1 
 101      3FA3E5CF 
 101      7B
 102 0235 66B97862 		.ascii	"f\271xb|\217860\007\215\355\315\357\\\365\34552\376"
 102      7C8F3836 
 102      30078DED 
 102      CDEF5CF5 
 102      E53532FE 
 103 0249 B1461159 		.ascii	"\261F\021Y\015\344\374\301\372\245\347\201\007k\210"
 103      0DE4FCC1 
 103      FAA5E781 
 103      076B88
 104 0258 B29C16AD 		.ascii	"\262\234\026\255\017\203%\3169V\305\353\277\3666\375"
 104      0F8325CE 
 104      3956C5EB 
 104      BFF636FD 
 105 0268 2B8C2383 		.ascii	"+\214#\203\012\337 \014\211\334A\"o\232Q2\006bT:z\350"
 105      0ADF200C 
 105      89DC4122 
 105      6F9A5132 
 105      0662543A 
 106 027e 279B19B5 		.ascii	"'\233\031\265\270\264\264\364\020$1\222\032\242(\263"
 106      B8B4B4F4 
 106      10243192 
 106      1AA228B3 
 107 028e 05199191 		.ascii	"\005\031\221\221\366\271\256\031\273\211Thp\233\316"
 107      F6B9AE19 
 107      BB895468 
 107      709BCE
 108 029d 5C5209A6 		.ascii	"\\R\011\246\211\327\033\030X\230R\033\356\032V<8\310"
ARM GAS  /tmp/ccTOqcnZ.s 			page 8


 108      89D71B18 
 108      5898521B 
 108      EE1A563C 
 108      38C8
 109 02af 4D7AF363 		.ascii	"Mz\363c\023#Z\002\34280\012\234A;\177+\224MA\002(\341"
 109      13235A02 
 109      E238300A 
 109      9C413B7F 
 109      2B944D41 
 110 02c6 AD1630D3 		.ascii	"\255\0260\323QFQ\301f\356\325\202|P\230o$\227\357\273"
 110      514651C1 
 110      66EED582 
 110      7C50986F 
 110      2497EFBB 
 111 02da FC7C564C 		.ascii	"\374|VLA\275\306\232\263\0076Q\303j\006\325\233g\032"
 111      41BDC69A 
 111      B3073651 
 111      C36A06D5 
 111      9B671A
 112 02ed 1EB31B10 		.ascii	"\036\263\033\020\235L=\231\223C\023\302\266\342L\341"
 112      9D4C3D99 
 112      934313C2 
 112      B6E24CE1 
 113 02fd 3F131A22 		.ascii	"?\023\032\"r\340\366\207\212\220a\210d\020I\3677\337"
 113      72E0F687 
 113      8A906188 
 113      641049F7 
 113      37DF
 114 030f BD5A6D22 		.ascii	"\275Zm\"\354x\264,\216\240\376 \274\317\346x\237C\336"
 114      EC78B42C 
 114      8EA0FE20 
 114      BCCFE678 
 114      9F43DE
 115 0322 98445494 		.ascii	"\230DT\224\263\026\214\034\350nS\226g\207\231\317@\273"
 115      B3168C1C 
 115      E86E5396 
 115      678799CF 
 115      40BB
 116 0334 5E7327AD 		.ascii	"^s'\255\342\312;k\270\362\274pe\356\271Tt\306\205\373"
 116      E2CA3B6B 
 116      B8F2BC70 
 116      65EEB954 
 116      74C685FB 
 117 0348 B932BDEC 		.ascii	"\2712\275\354J\345\036g}O\343U`\323\3227\030\214R\260"
 117      4AE51E67 
 117      7D4FE355 
 117      60D3D237 
 117      188C52B0 
 118 035c A5D0A6A5 		.ascii	"\245\320\246\245oQm\006c\2056\275(fu|\205M3\211k\303"
 118      6F516D06 
 118      638536BD 
 118      2866757C 
 118      854D3389 
 119 0372 F665075E 		.ascii	"\366e\007^\020\372\\\022\016\314\267\333\345\234\335"
 119      10FA5C12 
 119      0ECCB7DB 
 119      E59CDD
ARM GAS  /tmp/ccTOqcnZ.s 			page 9


 120 0381 2839FB15 		.ascii	"(9\373\025\355\326\272\220\262\020\3458w`\303\177\203"
 120      EDD6BA90 
 120      B210E538 
 120      7760C37F 
 120      83
 121 0392 03DCC552 		.ascii	"\003\334\305RW\3675TW\345\203\207\257\000\376\327\001"
 121      57F73554 
 121      57E58387 
 121      AF00FED7 
 121      01
 122 03a3 098C59CA 		.ascii	"\011\214Y\312t_0\340\325\253\266U\005\364r\237\177\253"
 122      745F30E0 
 122      D5ABB655 
 122      05F4729F 
 122      7FAB
 123 03b5 FFD5CA2D 		.ascii	"\377\325\312-\033\237vot?\247\007\303z\250V\017\207"
 123      1B9F766F 
 123      743FA707 
 123      C37AA856 
 123      0F87
 124 03c7 3CBAC717 		.ascii	"<\272\307\027\360\006<\301\220\327\355ar\330\277\313"
 124      F0063CC1 
 124      90D7ED61 
 124      72D8BFCB 
 125 03d7 0B35CA8E 		.ascii	"\0135\312\216\252\352:\357\246\265\3205\301PmX\177a"
 125      AAEA3AEF 
 125      A6B5D035 
 125      C1506D58 
 125      7F61
 126 03e9 734579C5 		.ascii	"sEy\305NLC9\266\354x&\340\366\261\347\357\013\365\356"
 126      4E4C4339 
 126      B6EC7826 
 126      E0F6B1E7 
 126      EF0BF5EE 
 127 03fd ACD5CB2B 		.ascii	"\254\325\313+*_\251\324\375\333=\325u\333\274\272\200"
 127      2A5FA9D4 
 127      FDDB3DD5 
 127      75DBBCBA 
 127      80
 128 040e 7A022FD6 		.ascii	"z\002/\326m\367 zM\3329\230/\\\037F\300\303\025\225"
 128      6DF7207A 
 128      4DDA3998 
 128      2F5C1F46 
 128      C0C31595 
 129 0422 9B9D5BAB 		.ascii	"\233\235[\253\302\336\232\220\277\324\351*cR\210\251"
 129      C2DE9A90 
 129      BFD4E92A 
 129      635288A9 
 130 0432 D8553054 		.ascii	"\330U0T\317\376\007\370\322P\223"
 130      CFFE07F8 
 130      D25093
 131              		.text
 132              		.section	.gnu.lto_chCoreAllocI.5265a178a219c7bd,"",%progbits
 133 0000 789C8D52 		.ascii	"x\234\215RMO\023Q\024\275g\336+\323N[HX\263`!\251l:"
 133      4D4F1351 
 133      14BD67DE 
 133      2BD34E5B 
ARM GAS  /tmp/ccTOqcnZ.s 			page 10


 133      4858B360 
 134 0018 123F226B 		.ascii	"\022?\"k7\356\\\370\003\014\326&mb\203\241nt\303@K\021"
 134      37EE5CF8 
 134      030CD626 
 134      6D6283A1 
 134      6E74C340 
 135 002e 885F518B 		.ascii	"\210_Q\213\022\232\032\321\264\242\010(J01i\324\030"
 135      129A1AD1 
 135      B4A20828 
 135      4A303169 
 135      D418
 136 0040 8DA84124 		.ascii	"\215\250A$1\221\220\370\201\012\321\205F\243\211B\275"
 136      319190F8 
 136      810AD185 
 136      46A38942 
 136      BD
 137 0051 EF0D1295 		.ascii	"\357\015\022\225\215\223\314\314}w\3169\367\274\363"
 137      8D93CCCC 
 137      7D77CE39 
 137      F7BCF3
 138 0060 C6430685 		.ascii	"\306C\006\205\004Q#\021m\346\033\036\202q\3541Q\233"
 138      04512311 
 138      6DE61B1E 
 138      8271EC31 
 138      519B
 139 0072 D730E47B 		.ascii	"\3270\344{\223\034K\024\357\0219\001\001\351\366%\240"
 139      931C4B14 
 139      EF113901 
 139      01E9F625 
 139      A0
 140 0083 0AC70B6A 		.ascii	"\012\307\013j5\204D+\216\212^\201\251\364H\2778\"\362"
 140      3584442B 
 140      8E8A5E81 
 140      A9F448BF 
 140      3822F2
 141 0096 822079F9 		.ascii	"\202 y\371\351Q\337\353J\265\004j\325\327\305wi\177"
 141      E951DFEB 
 141      4AB5046A 
 141      D5D7C577 
 141      697F
 142 00a8 7DC171DA 		.ascii	"}\301q\332\235Ro\326\352Mul\317\013\203\3160\272\210"
 142      9D526FD6 
 142      EA4D756C 
 142      CF0B83CE 
 142      30BA88
 143 00bb 1A1450A3 		.ascii	"\032\024P\243\206_D=c\317\265\315<\014\212\215 \256"
 143      865F443D 
 143      63CFB5CD 
 143      3C0C8A8D 
 143      20AE
 144 00cd 3B876E2D 		.ascii	";\207n-T\206.h\336\354\011\341\254\313\013\201A\210"
 144      54862E68 
 144      DEEC09E1 
 144      ACCB0B81 
 144      4188
 145 00df 3F89DC22 		.ascii	"?\211\334\"\\BH\341'K]\303\226\330\252\271\263\207\226"
 145      5C4248E1 
ARM GAS  /tmp/ccTOqcnZ.s 			page 11


 145      274B5DC3 
 145      96D8AAB9 
 145      B38796
 146 00f2 C765DD80 		.ascii	"\307e\335\200\346\276-V\037O9\367\035\311Sq\371o\276"
 146      E6BE2D56 
 146      1F4F39F7 
 146      1DC95371 
 146      F96FBE
 147 0105 BA18FE6A 		.ascii	"\272\030\376jt\371T\260Bb\010u\312\027\333\271\202\012"
 147      74F954B0 
 147      42620875 
 147      CA17DBB9 
 147      820A
 148 0117 F07BF829 		.ascii	"\360{\370)J\316r\271\323)\315\255\17706S]\005\036i\360"
 148      4ACE72B9 
 148      D329CDAD 
 148      7F303653 
 148      5D051E69 
 149 012c C678A6E4 		.ascii	"\306x\246\344Rz\364x\223K\217\227\037\025>UY\252\362"
 149      527AF478 
 149      934B8F97 
 149      1F153E55 
 149      59AAF2
 150 013f AB474061 		.ascii	"\253G@a\202\252G\324\315\302*\275\036\336<\277\305\002"
 150      82AA47D4 
 150      CDC22ABD 
 150      1EDE3CBF 
 150      C502
 151 0151 52D9CCE1 		.ascii	"R\331\314\341\351\230\232\225\0232'T\224_\272;\276\351"
 151      E9989A95 
 151      13322754 
 151      945FBA3B 
 151      BEE9
 152 0163 28254C0C 		.ascii	"(%L\014\263CF\375\314t\011\027\344a\034\203\236\245"
 152      B34346FD 
 152      CC740917 
 152      E4611C83 
 152      9EA5
 153 0175 CFCFF95C 		.ascii	"\317\317\371\\\320\367r\271\\\205\021\006\316\243\275"
 153      D0F772B9 
 153      5C851106 
 153      CEA3BD
 154 0184 56DB663F 		.ascii	"V\333f?\214db{v\241o\336\3572M\246e;n?1\025\315\324"
 154      8C64627B 
 154      76A16FDE 
 154      EF324DA6 
 154      653B6E3F 
 155 019c 194D4C7C 		.ascii	"\031ML|xa\266.9^n\014\0107\210\305\311\231\273V\036"
 155      7861B62E 
 155      395E6E0C 
 155      083788C5 
 155      C999BB56 
 156 01b1 39B0635C 		.ascii	"9\260c\\\345\363\035U!\341\032\362P\202\237;\341\312"
 156      E5F31D55 
 156      21E11AF2 
 156      50829F3B 
 156      E1CA
ARM GAS  /tmp/ccTOqcnZ.s 			page 12


 157 01c3 7959514F 		.ascii	"yYQO\360\271k\337\032=\254\325\033[\325\273\376\257"
 157      F0B96BDF 
 157      1A3DACD5 
 157      1B5BD5BB 
 157      FEAF
 158 01d5 9EC5126A 		.ascii	"\236\305\022j\253\2473+\015\277\236a\271\240\003n/\300"
 158      ABA7332B 
 158      0DBF9E61 
 158      B9A0036E 
 158      2FC0
 159 01e7 6D7A83F4 		.ascii	"mz\203\364\363;\233V\343\010\350#\354\341\337\200\177"
 159      F33B9B56 
 159      E308E823 
 159      ECE1DF80 
 159      7F
 160 01f8 55C1199C 		.ascii	"U\301\031\234\375q\322\243c\340\263\\\021\355\317,M"
 160      FD71D2A3 
 160      63E0B35C 
 160      11EDCF2C 
 160      4D
 161 0209 EF751941 		.ascii	"\357u\031An\375\016G[\377\037\3377V}\217\263o\026\321"
 161      6EFD0E47 
 161      5BFF1FDF 
 161      37567D8F 
 161      B36F16D1 
 162 021d 13A53EC4 		.ascii	"\023\245>\304\2170(\247H\364\025@\270\306\350+\274d"
 162      8F3028A7 
 162      48F41540 
 162      B8C6E82B 
 162      BC64
 163 022f 884FDC1C 		.ascii	"\210O\334\034\234\002\0379\024\312 \332`\307\232\023"
 163      9C021F39 
 163      14CA20DA 
 163      60C79A13 
 164 023f 51BB694F 		.ascii	"Q\273iOS\302\336\026\213\357\216\357\330\271\253aK\270"
 164      53C2DE16 
 164      8BEF8EEF 
 164      D8B9AB61 
 164      4BB8
 165 0251 21DC6837 		.ascii	"!\334h7'\355\226\375v\262%bGb\211h\"\322\334\022\015"
 165      27ED96FD 
 165      76B22562 
 165      47628968 
 165      22D2DC12 
 166 0266 474826E3 		.ascii	"GH&\343\007\243\330\367\0136\243\013\311"
 166      07A3D8F7 
 166      0B36A30B 
 166      C9
 167              		.text
 168              		.section	.gnu.lto_chCoreGetStatusX.5265a178a219c7bd,"",%progbits
 169 0000 789C6590 		.ascii	"x\234e\220\273O\302P\024\306\317\351mi!\221\177@\006"
 169      BB4FC250 
 169      14C6CFE9 
 169      6D692191 
 169      7F4006
 170 0013 56162A0E 		.ascii	"V\026*\016&\316\216\016\016\376\001\006+\011\014\015"
 170      26CE8E0E 
ARM GAS  /tmp/ccTOqcnZ.s 			page 13


 170      0EFE0106 
 170      2B090C0D 
 171 0023 09B873C5 		.ascii	"\011\270s\305\007Q\023\037\203\005\037\244\003\003\342"
 171      0751131F 
 171      83051FA4 
 171      0303E2
 172 0032 0B756331 		.ascii	"\013uc1\304\350\346\223\304\311M'\214\016:8)zNJ\034"
 172      C4E8E693 
 172      C4C94D27 
 172      8C0E3A38 
 172      297A4E4A 
 173 0047 64E8EDF9 		.ascii	"d\350\355\371\276\236\373\373\316\251\006\0128\0100"
 173      BE9EFBFB 
 173      CEA9060A 
 173      380830
 174 0056 0800FDF4 		.ascii	"\010\000\375\364\240\000T\326n\000f\014\005\221\013"
 174      A00054D6 
 174      6E00660C 
 174      05910B
 175 0065 6920E414 		.ascii	"i \344\024\314\341\252(\012\274\237;\336\021+\302\245"
 175      CCE1AA28 
 175      0ABC9F3B 
 175      DE112BC2 
 175      A5
 176 0076 3695E4FB 		.ascii	"6\225\344\373\365\326s\220%b\230\344\266l-\352\221\252"
 176      F5D67390 
 176      256298E4 
 176      B66C2DEA 
 176      91AA
 177 0088 9479D92C 		.ascii	"\224y\331,~\006J\247w\322\357\012\0056\251}\027CX\305"
 177      7E064AA7 
 177      77D2EF0A 
 177      0536A97D 
 177      174358C5 
 178 009c 1067D430 		.ascii	"\020g\3240\002\324\375t\322\331\350\363\251\374\225"
 178      02D4FD74 
 178      D2D9E8F3 
 178      A9FC95
 179 00ab CC3DF4D1 		.ascii	"\314=\364\321\034PoaSv~\012\262\371U\301\365QC\001W"
 179      1C506F61 
 179      53767E0A 
 179      B2F955C1 
 179      F5514301 
 180 00c0 084187AA 		.ascii	"\010A\207\252r\245q\345\343C\007&\303\022]\3461\227"
 180      72A571E5 
 180      E3430726 
 180      C3125DE6 
 180      3197
 181 00d2 49D05BB4 		.ascii	"I\320[\2641\357\264\317.\203\314+\013\205b\234\371\363"
 181      31EFB4CF 
 181      2E83CC2B 
 181      0B85629C 
 181      F9F3
 182 00e4 5B9D67D4 		.ascii	"[\235g\324\220S\033\215\327G=\367-\0152*\234L\336\313"
 182      90531B8D 
 182      D7473DF7 
 182      2D0D322A 
ARM GAS  /tmp/ccTOqcnZ.s 			page 14


 182      9C4CDECB 
 183 00f8 D5C345C0 		.ascii	"\325\303E\300\3052R\002\036\320\256\373<(\036\242\213"
 183      C5325202 
 183      1ED0AEFB 
 183      3C281EA2 
 183      8B
 184 0109 40C08F02 		.ascii	"@\300\217\002z8AD6\034\277\247\325\036\036\366\362\216"
 184      7A384144 
 184      361CBFA7 
 184      D51E1EF6 
 184      F28E
 185 011b FE78F5FF 		.ascii	"\376x\365\377<\215\020d\314\226\026\272\206\227\241"
 185      3C8D1064 
 185      CC9616BA 
 185      8697A1
 186 012a 794D35E1 		.ascii	"yM5\341\231:\371\360\206\371pW\322\314\2646\362\272"
 186      993AF9F0 
 186      86F97057 
 186      D2CCB436 
 186      F2BA
 187 013c F40306CC 		.ascii	"\364\003\006\314d\332N\230\361\251\270m\216$S\223\251"
 187      64DA4E98 
 187      F1A9B86D 
 187      8E245393 
 187      A9
 188 014d B1F189D8 		.ascii	"\261\361\211\330P4\026\0356\323Y33mf3\226i%\355\204"
 188      5034161D 
 188      36D35933 
 188      336D6633 
 188      966925ED 
 189 0162 6DA53389 		.ascii	"m\2453\211\250\005\277\327\233\214H"
 189      A805BFD7 
 189      9B8C48
 190              		.text
 191              		.section	.gnu.lto_.symbol_nodes.5265a178a219c7bd,"",%progbits
 192 0000 789C55CB 		.ascii	"x\234U\313\313\015\2000\014\203\341\337\211\262\007"
 192      CB0D8030 
 192      0C83E1DF 
 192      89B207
 193 000f 6213F661 		.ascii	"b\023\366a\207t\004\346a\010\206\341\315\215\252\267"
 193      877404E6 
 193      610886E1 
 193      CD8DAAB7 
 194 001f FA62E9B3 		.ascii	"\372b\351\263\034\03035v*a\331\240\326Z&\210W\014u\211"
 194      1C183335 
 194      762A61D9 
 194      A0D65A26 
 194      88570C75 
 195 0034 5D2A2378 		.ascii	"]*#x|\262\006\207\274\201]Ju\037\273\225\326\313\243"
 195      7CB20687 
 195      BC815D4A 
 195      751FBB95 
 195      D6CBA3
 196 0047 F44EF801 		.ascii	"\364N\370\001N\271\0316"
 196      4EB91936 
 197              		.text
 198              		.section	.gnu.lto_.refs.5265a178a219c7bd,"",%progbits
ARM GAS  /tmp/ccTOqcnZ.s 			page 15


 199 0000 789C0DC9 		.ascii	"x\234\015\311\301\021\2000\014\003\301\223,;\220\231"
 199      C1118030 
 199      0C03C193 
 199      2C3B9099 
 200 0010 3C2884FE 		.ascii	"<(\204\376\333\203\375nc^ X\222\3335\312]M.\274\345"
 200      DB83FD6E 
 200      635E2058 
 200      92DB35CA 
 200      5D4D2EBC 
 201 0025 A786FC39 		.ascii	"\247\206\3749\362\361\"\302\305\007\027\330\000\316"
 201      F2F122C2 
 201      C50717D8 
 201      00CE
 202              		.text
 203              		.section	.gnu.lto_.decls.5265a178a219c7bd,"",%progbits
 204 0000 789C8556 		.ascii	"x\234\205VkL\024W\024\2363\263,\260\354RBL\343\017\232"
 204      6B4C1457 
 204      149E33B3 
 204      2CB0EC52 
 204      424CE30F 
 205 0015 189216D2 		.ascii	"\030\222\026\322DFjbm\223&\265\244Z\223Z\215\304\246"
 205      44466A62 
 205      6D9326B5 
 205      A45A935A 
 205      8DC4A6
 206 0028 7F9AC9B2 		.ascii	"\177\232\311\262\214\335Ma1\354R\265I\323A\2455\212"
 206      8CDD4D61 
 206      31EC52B5 
 206      49D341A5 
 206      358A
 207 003a 68EB1BAD 		.ascii	"h\353\033\255\256b-\210\010(\305\007\205.\353\243>\360"
 207      AE622D88 
 207      0828C507 
 207      852EEBA3 
 207      3EF0
 208 004c 019422A2 		.ascii	"\001\224\"\242,V\304\226\252\274\264H\255\265\347\336"
 208      2C56C496 
 208      AABCB448 
 208      ADB5E7DE 
 209 005c 3BB333AC 		.ascii	";\2633\254\250\023\316\354\275g\316\371\276s\316=\367"
 209      A813CEEC 
 209      BD67CEF9 
 209      BE73CE3D 
 209      F7
 210 006d 5E22389E 		.ascii	"^\"8\236[h\341\270wx\216[\007\034\367\030\237\010\216"
 210      5B68E1B8 
 210      77788E5B 
 210      071CF718 
 210      9F088E
 211 0080 E32A38FD 		.ascii	"\343*8\3751\241\034@9\212R\207\322\240\352\316\2404"
 211      31A11C40 
 211      398A5287 
 211      D2A0EACE 
 211      A034
 212 0092 A15C40B9 		.ascii	"\241\\@\271\304\215}>F,3\376~\210r\032e.\3129\224f\224"
 212      C48D7D3E 
 212      462C33FE 
ARM GAS  /tmp/ccTOqcnZ.s 			page 16


 212      7E88721A 
 212      652ECA39 
 213 00a9 16D50654 		.ascii	"\026\325\006T\334\347ay\3200\006\177\343Q&\240,@\251"
 213      DCE76179 
 213      D030067F 
 213      E35126A0 
 213      2C40A9
 214 00bc 3560CE43 		.ascii	"5`\316C\351@\271\216\322k\300\217Tc\376\003\245\017"
 214      E940B98E 
 214      D26BC08F 
 214      5463FE03 
 214      A50F
 215 00ce 65408D7F 		.ascii	"e@\215\177\010\345\036\012\257r5\205\361-F\276\250\347"
 215      08E51E0A 
 215      AF723585 
 215      F12D46BE 
 215      A8E7
 216 00e0 F01973A8 		.ascii	"\360\031s\250{\006\326\027j\0354\254\332\247`4<\003"
 216      7B06D617 
 216      6A1D34AC 
 216      DAA76034 
 216      3C03
 217 00f2 63B300B5 		.ascii	"c\263\000\265kN\324\363]p\025\320\006\342\230\027\260"
 217      6B4ED4F3 
 217      5D7015D0 
 217      06E29817 
 217      B0
 218 0103 3750A1D3 		.ascii	"7P\241\323\307\332\003@\365\250\345\351\233\031R\025"
 218      C7DA0340 
 218      F5A8E5E9 
 218      9B195215 
 219 0113 681EEA9C 		.ascii	"h\036\352\234W\247\274\012I\377Tg0 \262\317\214I{X\354"
 219      57A7BC0A 
 219      49FF5467 
 219      3020B2CF 
 219      8C497B58 
 220 0128 6C40DD34 		.ascii	"l@\3354o\340u\002\000\243\203\001\220\205\255~\017\305"
 220      6FE07502 
 220      00A38301 
 220      9085AD7E 
 220      0FC5
 221 013a C7E9C981 		.ascii	"\307\351\311\201\226\375\340\326\246^K\020\256\021\255"
 221      96FDE0D6 
 221      A65E4B10 
 221      AE11AD
 222 0149 EF6DA0BA 		.ascii	"\357m\240\272\276\352\253\273b\005\036\31088Z:3e\277"
 222      BEEAABBB 
 222      62051EC8 
 222      38385A3A 
 222      3365BF
 223 015c C29EA897 		.ascii	"\302\236\250\227\364\262\235|<\342\177\241H\200x\013"
 223      F4B29D7C 
 223      3CE27FA1 
 223      4880780B 
 224 016c F0386D19 		.ascii	"\3608m\031h\372.\006\247\023,\020\207\323\007\371m\215"
 224      68FA2E06 
 224      A7132C10 
ARM GAS  /tmp/ccTOqcnZ.s 			page 17


 224      87D307F9 
 224      6D8D
 225 017e 96899BA8 		.ascii	"\226\211\233\250\327r%\216\207\017_\204\375\220\000"
 225      D772258E 
 225      870F5F84 
 225      FD9000
 226 018d E59080E4 		.ascii	"\345\220\200\344\0250\021\337\031&\206t\315\367\303"
 226      153011DF 
 226      19268674 
 226      CDF7C3
 227 019c 2173A24F 		.ascii	"!s\242O\361u+\376\221@\322\365\203\212R\200n&b\006e"
 227      F1752BFE 
 227      9140D2F5 
 227      838A5280 
 227      6E266206 
 228 01b1 20C03E48 		.ascii	" \300>H!!\343\020\337\245\020\004\370\001\2720\241\003"
 228      2121E310 
 228      DFA51004 
 228      F801BA30 
 228      A103
 229 01c3 9088EEAD 		.ascii	"\220\210\356\255\255U\377F\012\263h\264\327N\227\225"
 229      AD55FF46 
 229      0AB368B4 
 229      D74E9795 
 230 01d3 0B18C55C 		.ascii	"\013\030\305\\\013\220B\274\200\252\312\333GGmLE,\366"
 230      0B9042BC 
 230      80AACADB 
 230      47476D4C 
 230      452CF6
 231 01e6 8CF61FB6 		.ascii	"\214\366\037\266\012\351t\334\274\242j\273\300R0\221"
 231      0AE974DC 
 231      BCA26ABB 
 231      C0523091 
 232 01f6 529C2FBE 		.ascii	"R\234/\276\021\313R\230\264Y\340\233\353\357\\\217\202"
 232      11CB5298 
 232      B459E09B 
 232      EBEF5C8F 
 232      82
 233 0207 64CB5E92 		.ascii	"d\313^\222\203\277}[b]\227\242L\202Z\260\300A=\250\271"
 233      83BF7D5B 
 233      625D97A2 
 233      4C825AB0 
 233      C0413DA8 
 234 021c B8C1B995 		.ascii	"\270\301\271\225\212\262LY\267\\\211~\217\203\032\314"
 234      8AB24C59 
 234      B75C897E 
 234      8F831ACC 
 235 022c F2106609 		.ascii	"\362\020f\011?B2!%vP\215\312*T\"\313\216@\177\276\325"
 235      3F423221 
 235      2576508D 
 235      CA2A5422 
 235      CB8E407F 
 236 0242 447A8D20 		.ascii	"Dz\215 a\015H\2656\025\325\203\261Z\013\254\206j\035"
 236      610D48B5 
 236      3615D583 
 236      B15A0BAC 
 236      866A1D
ARM GAS  /tmp/ccTOqcnZ.s 			page 18


 237 0255 A1D53A0C 		.ascii	"\241\325:\014j\271~\274r\257<T\256\335\257\017\206\312"
 237      6AB97EBC 
 237      72AF3C54 
 237      AEDDAF0F 
 237      86CA
 238 0267 857650A9 		.ascii	"\205vP\251GV\031^\256\243\264\\\375#;\036\332\2045@"
 238      4756195E 
 238      AEA3B45C 
 238      FD233B1E 
 238      DA843540 
 239 027b 2B30BCA1 		.ascii	"+0\274\241\254\330\206X\335\210u%y\253\342_\246(\371"
 239      ACD88658 
 239      DD887525 
 239      79ABE25F 
 239      A628F9
 240 028e 3C453AA6 		.ascii	"<E:\246#\035\013G\252\243H\225\203U\333\"\205b\206\264"
 240      231D0B47 
 240      AAA34895 
 240      8355DB22 
 240      856286B4 
 241 02a2 B1B1323F 		.ascii	"\261\2612?\322\230\002\311N\317\241~\314\212\257\015"
 241      D29802C9 
 241      4ECFA17E 
 241      CC8AAF0D 
 242 02b2 B4F90435 		.ascii	"\264\371\0045\205\256\362\270o\226+\245\350\346\343"
 242      85AEF2B8 
 242      6F962BA5 
 242      E8E6E3
 243 02c1 8919FCA4 		.ascii	"\211\031\374\244\023\377\024N\334@\211\333{j\252A(g"
 243      13FF144E 
 243      DC4089DB 
 243      7B6AAA41 
 243      2867
 244 02d3 C495053D 		.ascii	"\304\225\005=eQ\270j\011\270\344`X\357\004\266\3365"
 244      6551B86A 
 244      09B8E460 
 244      58EF04B6 
 244      DE35
 245 02e5 FEE10A93 		.ascii	"\376\341\012\223p\224\332\362\2655=\305\226\320\222"
 245      7094DAF2 
 245      B5353DC5 
 245      96D092
 246 02f4 068F4C5B 		.ascii	"\006\217L[\376\265\242\360p\002C\015\350\254\011\241"
 246      FEB5A2F0 
 246      7002430D 
 246      E8AC09A1 
 247 0304 251DD8AD 		.ascii	"%\035\330\255\010\0239\230\232\000SpA\217\343\202&\250"
 247      08133998 
 247      9A005370 
 247      418FE382 
 247      26A8
 248 0316 0BDA8899 		.ascii	"\013\332\210\231\371\331\202\226\355,=a\023\006\031"
 248      F9D98296 
 248      ED2C3D61 
 248      130619
 249 0325 C3D68D8D 		.ascii	"\303\326\215\2155\261!\206\213?'\036* \014\277 \303"
 249      35B12186 
ARM GAS  /tmp/ccTOqcnZ.s 			page 19


 249      8B3F271E 
 249      2A200CBF 
 249      20C3
 250 0337 499D0109 		.ascii	"I\235\001\011\307\24785>\305\316\223m\005\321\361\353"
 250      C7A73835 
 250      3EC5CE93 
 250      6D05D1F1 
 250      EB
 251 0348 08E63AD2 		.ascii	"\010\346:\322\203\004\217n\345\323\020\037\332\220\235"
 251      83048F6E 
 251      E5D3101F 
 251      DA909D
 252 0357 BFEDEE88 		.ascii	"\277\355\356\210y\271D\351F\342\221e\257\356\372^\361"
 252      79B944E9 
 252      46E29165 
 252      AFEEFA5E 
 252      F1
 253 0368 4F2106F0 		.ascii	"O!\006\3603\251\"\261\246\0038\003/\223=\276\372\376"
 253      33A922B1 
 253      A6033803 
 253      2F933DBE 
 253      FAFE
 254 037a 215ED8CE 		.ascii	"!^\330\3166y\353\303o\007y\353\252P\027\323x\265F\346"
 254      3679EBC3 
 254      6F0779EB 
 254      AA5017D3 
 254      78B546E6 
 255 038e E01C5855 		.ascii	"\340\034XU\216\276\"\177\265\0259\224\200\342\377{s"
 255      8EBE227F 
 255      B5153994 
 255      80E2FF7B 
 255      73
 256 039f 04368C89 		.ascii	"\0046\214\211|\205\263,7\203\317Y\312\325D\271\356\257"
 256      7C85B32C 
 256      3783CF59 
 256      CAD544B9 
 256      EEAF
 257 03b1 1ABE6913 		.ascii	"\032\276i\023\3660\256\341\257\252\352#\3240/\024O\370"
 257      F630AEE1 
 257      AFAAEA23 
 257      D4302F14 
 257      4FF8
 258 03c3 56F14DA4 		.ascii	"V\361M\244Q\236\327\242\244\003\270@=\0077v\254\027"
 258      519ED7A2 
 258      A403B840 
 258      3D073776 
 258      AC17
 259 03d5 846AE679 		.ascii	"\204j\346ypga\276I%\377\317@~\361\011\362\213\024\342"
 259      706761BE 
 259      4925FFCF 
 259      407EF109 
 259      F28B14E2 
 260 03e9 12852869 		.ascii	"\022\205(i\271\251\20017B\246\2336\263\334\310/\032"
 260      B9A98031 
 260      3742A69B 
 260      36B3DCC8 
 260      2F1A
ARM GAS  /tmp/ccTOqcnZ.s 			page 20


 261 03fb 3706DBD6 		.ascii	"7\006\333\326\330\214\306\004_7nQ\215[\250\261v\330"
 261      D88CC604 
 261      5F376E51 
 261      8D5BA8B1 
 261      76D8
 262 040d 243D79D8 		.ascii	"$=y\330$\261\346kY;\264'R8\302\263\3268\333\0360\031"
 262      24B1E66B 
 262      593BB427 
 262      5238C2B3 
 262      D638DB1E 
 263 0423 9AEF952D 		.ascii	"\232\357\225-Cd-\333\261\324mzk$=\365<\371\015{#I\355"
 263      43642DDB 
 263      B1D46D7A 
 263      6B243DF5 
 263      3CF90D7B 
 264 043a 8D5F51D9 		.ascii	"\215_Q\331\252\266\337\236ov\233\205\343\214\343TC\347"
 264      AAB6DF9E 
 264      6F769B85 
 264      E38CE354 
 264      43E7
 265 044c 65135892 		.ascii	"e\023X\222\307\005\2702\016@\250OO\321>\355\300`.\353"
 265      C705B832 
 265      0E40A84F 
 265      4FD13EED 
 265      C0602EEB 
 266 0460 C1B4D336 		.ascii	"\301\264\3236#Z$ZU\333\332e\262\254\244MHk\023o\354"
 266      235A245A 
 266      55DBDA65 
 266      B2ACA44D 
 266      486B136F 
 267 0475 914E620A 		.ascii	"\221Nb\012\"mc4n{P\377\217Uh\242Q\231\272K\206\3762"
 267      226D6334 
 267      6E7B50FF 
 267      8F5568A2 
 267      5199BA4B 
 268 048c 43720280 		.ascii	"Cr\002\200\005e\257v\231p\270\257-x\357\012\332e\\\254"
 268      0565AF76 
 268      9970B8AF 
 268      2D78EF0A 
 268      DA655CAC 
 269 04a0 20FAC097 		.ascii	" \372\300\227D=\336\346\270\206\361\007)M7\322v!m\261"
 269      443DDEE6 
 269      B886F107 
 269      294D37D2 
 269      76216DB1 
 270 04b4 12453548 		.ascii	"\022E5HXx\247y\213\325\270E\202c\316\237\353d\243\260"
 270      5878A779 
 270      8BD5B845 
 270      8263CE9F 
 270      EB64A3B0 
 271 04c8 20E9043D 		.ascii	" \351\004=z\036V\034\213e\247\277\031\247#\225\276\013"
 271      7A1E561C 
 271      8B65A7BF 
 271      19A72395 
 271      BE0B
 272 04da B6A7A677 		.ascii	"\266\247\246wCK\357wV\365{\253\012F\324\253#\022\247"
 272      434BEF77 
ARM GAS  /tmp/ccTOqcnZ.s 			page 21


 272      56F57BAB 
 272      0A46D4AB 
 272      2312A7
 273 04ed A5BDDB8B 		.ascii	"\245\275\333\213\254\354\352\230N\266\342\245\375\247"
 273      ACECEA98 
 273      4EB6E2A5 
 273      FDA7
 274 04fb 6CE1C1DC 		.ascii	"l\341\301\334D\260\036\012\326K\203\271\301\202\351"
 274      44B01E0A 
 274      D64B83B9 
 274      C182E9
 275 050a A5C11416 		.ascii	"\245\301\024\026\354\313\217\024\232Y\243\237\331\260"
 275      ECCB8F14 
 275      9A59A39F 
 275      D9B0
 276 0518 7783158F 		.ascii	"w\203\025\217G?\036\217\235\235\311\235\354\204\017"
 276      473F1E8F 
 276      9D9DC99D 
 276      EC840F
 277 0527 B00BF196 		.ascii	"\260\013\361\226\276<\267\302\217\307?\350\361\270w"
 277      BE3CB7C2 
 277      8FC73FE8 
 277      F1B877
 278 0536 E4C1EA58 		.ascii	"\344\301\352X\241P\240X\005\217\206\272cU\254\341\276"
 278      A150A058 
 278      058F86BA 
 278      6355ACE1 
 278      BE
 279 0547 49A363B0 		.ascii	"I\243c\260\376\324\261\376\014\307\352cGmo ShfP\373"
 279      FED4B1FE 
 279      0CC7EA63 
 279      476D6F20 
 279      53686650 
 280 055c 2A7654C5 		.ascii	"*vT\305\012A6Y\0358\276\335\214\327\030\334\246\353"
 280      0A413659 
 280      1D38BEDD 
 280      8CD718DC 
 280      A6EB
 281 056e 879AC068 		.ascii	"\207\232\300h0\216\336k\035\241{\355DU\371\243\330\247"
 281      308EDE6B 
 281      1DA17BED 
 281      4455F9A3 
 281      D8A7
 282 0580 FE17D04F 		.ascii	"\376\027\320O\357\204\273\332\275\326\273mSU\214\032"
 282      EF84BBDA 
 282      BDD6BB6D 
 282      53558C1A 
 283 0590 69FFA3E4 		.ascii	"i\377\243\344\302\222\256B\305\227\257\274}\232'\226"
 283      C292AE42 
 283      C597AFBC 
 283      7D9A2796 
 284 05a0 F097162B 		.ascii	"\360\227\026+\334\001\023\231\215\015w\200\206{\351"
 284      DC011399 
 284      8D0D7780 
 284      867BE9
 285 05af 6E5D618C 		.ascii	"n]a\214Pn\242!\226\256(zlV\001\203\235\323\257^\356"
 285      506EA221 
ARM GAS  /tmp/ccTOqcnZ.s 			page 22


 285      96AE287A 
 285      6C560183 
 285      9DD3AF5E 
 286 05c4 5114DCDA 		.ascii	"Q\024\334\332+\200%?\250'?\030\2166D\321\272w\336Zo"
 286      2B80253F 
 286      A8273F18 
 286      8E3644D1 
 286      BA77DE5A 
 287 05d9 130E33B4 		.ascii	"\023\0163\264s\015%m\021z!\377\035S\310a\035k8\034\353"
 287      730D256D 
 287      117A21FF 
 287      1D53C861 
 287      1D6B381C 
 288 05ee 1E247216 		.ascii	"\036$r\026\311\221\223+K.\267\313\0335\353\203\005\223"
 288      C991932B 
 288      4B2EB7CB 
 288      1B35EB83 
 288      0593
 289 0600 D25253B9 		.ascii	"\322RS\271)\2423'[\026\355\231\366l1\315\351\312p\315"
 289      29A23327 
 289      5B16ED99 
 289      F66C31CD 
 289      E9CA70CD 
 290 0614 4D9752A7 		.ascii	"M\227R\247\245\244\246\274!\346x\304\\\257\350\311u"
 290      A5A4A6BC 
 290      21E678C4 
 290      5CAFE8C9 
 290      75
 291 0625 880E67B6 		.ascii	"\210\016g\266\234M|S\034\\\214\303\231\206\243\031Y"
 291      9C4D7C53 
 291      1C5C8CC3 
 291      9986A319 
 291      59
 292 0636 59390EB3 		.ascii	"Y9\016\263\307\365\271,y_\023\363<\271b\226+C\374\304"
 292      C7F5B92C 
 292      795F13F3 
 292      3CB96296 
 292      2B43FCC4 
 293 064a E110EDB9 		.ascii	"\341\020\355\271\331\223\3359ny\262l\317p\211\323R\246"
 293      D993DD39 
 293      6E79B26C 
 293      CF7089D3 
 293      52A6
 294 065c A6A48A2E 		.ascii	"\246\244\212.\267#+/S\026=\336\314Lya\212\223\263\032"
 294      B7232B2F 
 294      53163DDE 
 294      CC4C7961 
 294      8A93B31A 
 295 0670 5066C7B1 		.ascii	"Pf\307\261\311,\331\233\356\265{\363<\037\331$\311)"
 295      C92CD99B 
 295      EEB57BF3 
 295      3C1FD924 
 295      C929
 296 0682 DB174919 		.ascii	"\333\027I\031v\217,I\321\222\224\347r{\247K\336\311"
 296      768F2C49 
 296      D19294E7 
 296      727BA74B 
ARM GAS  /tmp/ccTOqcnZ.s 			page 23


 296      DEC9
 297 0694 94480373 		.ascii	"\224H\003s\313\213\011g\266\335\341t\271eQBd{^\226W"
 297      CB8B0967 
 297      B6DDE174 
 297      B9655142 
 297      647B5E96 
 298 06a9 F22E5D24 		.ascii	"\362.]${\220#R\365J\034\317\313\263\324#J\030\016\232"
 298      7B902352 
 298      F54A1CCF 
 298      CBB3D423 
 298      4A180E9A 
 299 06bd 1053B7BC 		.ascii	"\020S\267\274\304\2139ZUb\331\235)If|\243\316\302\350"
 299      C48B395A 
 299      5562D99D 
 299      2949667C 
 299      A3CEC2E8 
 300 06d1 A7BE2679 		.ascii	"\247\276&y\243\264\201\311\341\264\347F;\234\351K=\357"
 300      A3B481C9 
 300      E1B4E746 
 300      3B9CE94B 
 300      3DEF
 301 06e3 E7383E7D 		.ascii	"\3478>}n\0215r\207\023y\221/zQN\256W\302\334?}\363y"
 301      6E113572 
 301      87137991 
 301      2F7A514E 
 301      AE57C2DC 
 302 06fb AEC4D223 		.ascii	"\256\304\322#\316\230?'m\316\022\364\247+\370\331\353"
 302      CE983F27 
 302      6DCE12F4 
 302      A72BF8D9 
 302      EB
 303 070c D9088255 		.ascii	"\331\010\202U\362\310^\351\235\031\351\357\316\233?"
 303      F2C85EE9 
 303      9D19E9EF 
 303      CE9B3F
 304 071b DB66CF5A 		.ascii	"\333f\317Zl_\352\301\325\315\302j\274\365LXLVL\233\223"
 304      6C5FEAC1 
 304      D5CDC26A 
 304      BCF54C58 
 304      4C564C9B 
 305 0730 3E3B5D0F 		.ascii	">;]\017\214\300:\262g\346\271\035\210\034C3[\340&\001"
 305      8CC03AB2 
 305      67E6B91D 
 305      881C4333 
 305      5BE02601 
 306 0744 C6D050F3 		.ascii	"\306\320P\363\350\370\177c\225\357\264"
 306      E8F87F63 
 306      95EFB4
 307              		.text
 308              		.section	.gnu.lto_.symtab.5265a178a219c7bd,"",%progbits
 309 0000 5F636F72 		.ascii	"_core_init\000"
 309      655F696E 
 309      697400
 310 000b 00       		.ascii	"\000"
 311 000c 00       		.ascii	"\000"
 312 000d 00       		.ascii	"\000"
 313 000e 00000000 		.ascii	"\000\000\000\000\000\000\000\000"
ARM GAS  /tmp/ccTOqcnZ.s 			page 24


 313      00000000 
 314 0016 AE000000 		.ascii	"\256\000\000\000"
 315 001a 6368436F 		.ascii	"chCoreAlloc\000"
 315      7265416C 
 315      6C6F6300 
 316 0026 00       		.ascii	"\000"
 317 0027 00       		.ascii	"\000"
 318 0028 00       		.ascii	"\000"
 319 0029 00000000 		.ascii	"\000\000\000\000\000\000\000\000"
 319      00000000 
 320 0031 B9000000 		.ascii	"\271\000\000\000"
 321 0035 6368436F 		.ascii	"chCoreAllocI\000"
 321      7265416C 
 321      6C6F6349 
 321      00
 322 0042 00       		.ascii	"\000"
 323 0043 00       		.ascii	"\000"
 324 0044 00       		.ascii	"\000"
 325 0045 00000000 		.ascii	"\000\000\000\000\000\000\000\000"
 325      00000000 
 326 004d BB000000 		.ascii	"\273\000\000\000"
 327 0051 6368436F 		.ascii	"chCoreGetStatusX\000"
 327      72654765 
 327      74537461 
 327      74757358 
 327      00
 328 0062 00       		.ascii	"\000"
 329 0063 00       		.ascii	"\000"
 330 0064 00       		.ascii	"\000"
 331 0065 00000000 		.ascii	"\000\000\000\000\000\000\000\000"
 331      00000000 
 332 006d BE000000 		.ascii	"\276\000\000\000"
 333 0071 5F5F6865 		.ascii	"__heap_base__\000"
 333      61705F62 
 333      6173655F 
 333      5F00
 334 007f 00       		.ascii	"\000"
 335 0080 02       		.ascii	"\002"
 336 0081 00       		.ascii	"\000"
 337 0082 00000000 		.ascii	"\000\000\000\000\000\000\000\000"
 337      00000000 
 338 008a C9000000 		.ascii	"\311\000\000\000"
 339 008e 5F5F6865 		.ascii	"__heap_end__\000"
 339      61705F65 
 339      6E645F5F 
 339      00
 340 009b 00       		.ascii	"\000"
 341 009c 02       		.ascii	"\002"
 342 009d 00       		.ascii	"\000"
 343 009e 00000000 		.ascii	"\000\000\000\000\000\000\000\000"
 343      00000000 
 344 00a6 CE000000 		.ascii	"\316\000\000\000"
 345              		.text
 346              		.section	.gnu.lto_.opts,"",%progbits
 347 0000 272D666D 		.ascii	"'-fmath-errno' '-fsigned-zeros' '-ftrapping-math' '"
 347      6174682D 
 347      6572726E 
ARM GAS  /tmp/ccTOqcnZ.s 			page 25


 347      6F272027 
 347      2D667369 
 348 0033 2D666E6F 		.ascii	"-fno-trapv' '-fno-openmp' '-fno-openacc' '-mcpu=cor"
 348      2D747261 
 348      70762720 
 348      272D666E 
 348      6F2D6F70 
 349 0066 7465782D 		.ascii	"tex-m4' '-mno-thumb-interwork' '-mthumb' '-ggdb' '-"
 349      6D342720 
 349      272D6D6E 
 349      6F2D7468 
 349      756D622D 
 350 0099 4F322720 		.ascii	"O2' '-fomit-frame-pointer' '-falign-functions=16' '"
 350      272D666F 
 350      6D69742D 
 350      6672616D 
 350      652D706F 
 351 00cc 2D666675 		.ascii	"-ffunction-sections' '-fdata-sections' '-fno-common"
 351      6E637469 
 351      6F6E2D73 
 351      65637469 
 351      6F6E7327 
 352 00ff 2720272D 		.ascii	"' '-flto'\000"
 352      666C746F 
 352      2700
 353              		.text
 354              		.comm	__gnu_lto_v1,1,1
 355              		.comm	__gnu_lto_slim,1,1
 356              		.ident	"GCC: (15:6.3.1+svn253039-1build1) 6.3.1 20170620"
ARM GAS  /tmp/ccTOqcnZ.s 			page 26


DEFINED SYMBOLS
                            *ABS*:0000000000000000 chmemcore.c
                            *COM*:0000000000000001 __gnu_lto_v1
                            *COM*:0000000000000001 __gnu_lto_slim

NO UNDEFINED SYMBOLS
