ARM GAS  /tmp/ccbYge6K.s 			page 1


   1              		.cpu cortex-m4
   2              		.eabi_attribute 20, 1
   3              		.eabi_attribute 21, 1
   4              		.eabi_attribute 23, 3
   5              		.eabi_attribute 24, 1
   6              		.eabi_attribute 25, 1
   7              		.eabi_attribute 26, 1
   8              		.eabi_attribute 30, 2
   9              		.eabi_attribute 34, 1
  10              		.eabi_attribute 18, 4
  11              		.file	"chregistry.c"
  12              		.text
  13              	.Ltext0:
  14              		.section	.gnu.lto_.profile.87eb977cca20c3cb,"",%progbits
  15 0000 789C6365 		.ascii	"x\234ce`b`a```d\220\025\002\000\000\314\000<"
  15      60626061 
  15      60606064 
  15      90150200 
  15      00CC003C 
  16              		.text
  17              		.section	.gnu.lto_.icf.87eb977cca20c3cb,"",%progbits
  18 0000 789C6365 		.ascii	"x\234ce`b\020a@\000f\206#\255\313\276q1\255\231\362"
  18      60621061 
  18      40006686 
  18      23ADCBBE 
  18      7131AD99 
  19 0015 742707F3 		.ascii	"t'\007\363\316\355O?r3\000\000`\177\011J"
  19      CEED4F3F 
  19      72330000 
  19      607F094A 
  20              		.text
  21              		.section	.gnu.lto_.jmpfuncs.87eb977cca20c3cb,"",%progbits
  22 0000 789C6365 		.ascii	"x\234ce`b\020d@\000&\020fdd\254gb\252\004\013\000\000"
  22      60621064 
  22      40002610 
  22      666464AC 
  22      6762AA04 
  23 0017 0AB9011C 		.ascii	"\012\271\001\034"
  24              		.text
  25              		.section	.gnu.lto_.inline.87eb977cca20c3cb,"",%progbits
  26 0000 789C6365 		.ascii	"x\234ce`b\320g@\000&\006\006N\016F\006&\236\007\261"
  26      6062D067 
  26      40002606 
  26      064E0E46 
  26      06269E07 
  27 0015 0C6C0BE4 		.ascii	"\014l\013\344\231 b\274\242@!\376\005%\014\354\035\352"
  27      992062BC 
  27      A24021FE 
  27      05250CEC 
  27      1DEA
  28 0027 10216E06 		.ascii	"\020!n\006\006\306\011~\014\000\201\224\005K"
  28      06C6097E 
  28      0C008194 
  28      054B
  29              		.text
  30              		.section	.gnu.lto_.pureconst.87eb977cca20c3cb,"",%progbits
  31 0000 789C6365 		.ascii	"x\234ce`b`g`\000\222\273\030\231v1\002\000\005\360\001"
ARM GAS  /tmp/ccbYge6K.s 			page 2


  31      60626067 
  31      600092BB 
  31      18997631 
  31      020005F0 
  32 0015 89       		.ascii	"\211"
  33              		.text
  34              		.section	.gnu.lto_chRegFirstThread.87eb977cca20c3cb,"",%progbits
  35 0000 789C8593 		.ascii	"x\234\205\223_L[u\024\307\317\367\376.\275\245Ec|0f"
  35      5F4C5B75 
  35      14C7CFF7 
  35      FE2EBDA5 
  35      45637C30 
  36 0015 EEA13C60 		.ascii	"\356\241<`\234Y\270\260\030\027M|0$&>\020\223\361h\342"
  36      9C59B8B0 
  36      18174D7C 
  36      3024263E 
  36      1093F168 
  37 002a C2BAC6D6 		.ascii	"\302\272\306\326\254+\271-\313x\342\322\315\325mf\233"
  37      AC2BB92D 
  37      CB78E2D2 
  37      CDD56D66 
  37      9B
  38 003b 31B22290 		.ascii	"1\262\"\220K\206d\350\204\001\2169\330\206u\003\231"
  38      4B8664E8 
  38      84018E39 
  38      D8867503 
  38      99
  39 004c 8C3947B6 		.ascii	"\2149G\266D\263\304(\210\2049\343\277\007gT\364\234"
  39      44B3C428 
  39      888439E3 
  39      BF076754 
  39      F49C
  40 005e 5F0BF227 		.ascii	"_\013\362'\031M\332\336{\317\371\236\363=\347\367\271"
  40      194DDADE 
  40      7BCFF99E 
  40      F33DE7F7 
  40      B9
  41 006f 4564D0B0 		.ascii	"Ed\320\260Id\200\3501\"\202\"\030\307\276 j\362\033"
  41      496480E8 
  41      31228222 
  41      18C7BE20 
  41      6AF21B
  42 0082 805CB87E 		.ascii	"\200\\\270~P\243\201F\034U\307\025n\354\357kSG\224\307"
  42      50A38146 
  42      1C55C715 
  42      6EECEF6B 
  42      534794C7 
  43 0096 6926DFFE 		.ascii	"i&\337\376z\355\335\231\007\345\026\010\361m\253;u\320"
  43      7AEDDD99 
  43      07E51608 
  43      F16DAB3B 
  43      75D0
  44 00a8 DA74D275 		.ascii	"\332t\322u\323n\356xs\240u\340K\267\330S\006\265pz7"
  44      D36EEE78 
  44      73A075E0 
  44      4BB7D853 
  44      06B5707A 
ARM GAS  /tmp/ccbYge6K.s 			page 3


  45 00bd 36E22436 		.ascii	"6\342$6J\217\367\261\2118{t\366\357\251\240z\012r\335"
  45      4A8FF7B1 
  45      89387B74 
  45      F6EFA9A0 
  45      7A0A72DD 
  46 00d1 74AAB5AD 		.ascii	"t\252\265\255\244\254S+\177\350\336\360\326>\367\212"
  46      A4AC532B 
  46      7FE8DEF0 
  46      D63EF78A 
  47 00e1 6BB2141F 		.ascii	"k\262\024\037@\255T\223\244O\367/\274\363\200\317\304"
  47      40AD5493 
  47      A44FF72F 
  47      BCF380CF 
  47      C4
  48 00f2 29944971 		.ascii	")\224Iq\256\371!|<\002\344\311\351)\344\334\205\177"
  48      AEF9217C 
  48      3C02E4C9 
  48      E929E4DC 
  48      857F
  49 0104 336EEE9B 		.ascii	"3n\356\233'&\316\\\177\330o\220<V\344)e\312\017\321"
  49      2726CE5C 
  49      7FD86F90 
  49      3C56E429 
  49      65CA0FD1 
  50 0118 21FECA70 		.ascii	"!\376\312p\207\331\034\377\253Y\030Rv\356B\346&\324"
  50      87D91CFF 
  50      AB591852 
  50      76EE42E6 
  50      26D4
  51 012a 56ED6870 		.ascii	"V\355hp\344\253l\240\340\350\347\314\343\343]\007\334"
  51      E4AB6CA0 
  51      E0E8E7CC 
  51      E3E35D07 
  51      DC
  52 013b 634D7E4F 		.ascii	"cM~O\231\350Yk\011\275(cMf\336\275h\312:L\204p\232c"
  52      99E8596B 
  52      09BD2863 
  52      4D66DEBD 
  52      68CA3A4C 
  53 0153 77909E9E 		.ascii	"w\220\236\2369\232\235yt\311\363~\227?\271\267\333\002"
  53      399A9D79 
  53      74C9F37E 
  53      973FB9B7 
  53      DB02
  54 0165 DA728B02 		.ascii	"\332r\213\002\255\012\375\336[\3612\241Ob\306\352\330"
  54      AD0AFDDE 
  54      5BF132A1 
  54      4F62C6EA 
  54      D8
  55 0176 8F99272D 		.ascii	"\217\231'-iE\350\227\270Z\266\012\302\000|l\344#\331"
  55      6945E897 
  55      B85AB60A 
  55      C2007C6C 
  55      E423D9
  56 0189 03680E1C 		.ascii	"\003h\016\034:\341\015\334\013\224\336\203\347fC\236"
  56      3AE10DDC 
  56      0B94DE83 
ARM GAS  /tmp/ccbYge6K.s 			page 4


  56      E766439E 
  57 0199 2A92EC9E 		.ascii	"*\222\354\236\231\363\256\33748\361\014J\365*\177\271"
  57      99F3AEDF 
  57      3438F10C 
  57      4AF52A7F 
  57      B9
  58 01aa 7BF3B6C1 		.ascii	"{\363\266\301O0\010S{&\234\325g\333=ry\266\244\364\257"
  58      4F300853 
  58      7B269CD5 
  58      67DB3D72 
  58      79B6A4F4 
  59 01bf 82DA27B9 		.ascii	"\202\332'\271\277\365\016\334\012j\365\307\242\3069"
  59      BFF50EDC 
  59      0A6AF5C7 
  59      A2C639
  60 01ce 98348B74 		.ascii	"\2304\213tH\317O4\217\364\360\237\323\235\2252Y\273"
  60      48CF4F34 
  60      8FF4F09F 
  60      D39D9532 
  60      59BB
  61 01e0 3258D0FC 		.ascii	"2X\320\374\372\245\353\226,\304\322s\016\015\335\275"
  61      FAA5EB96 
  61      2CC4D273 
  61      0E0DDDBD 
  62 01f0 6D35FEE3 		.ascii	"m5\376\343\362\032\255N\225?\312;\223\267F\003\036\332"
  62      F21AAD4E 
  62      953FCA3B 
  62      93B74603 
  62      1EDA
  63 0202 E1293F86 		.ascii	"\341)?\206\231\263!\361\300\201#\347\372\016\372\355"
  63      99B321F1 
  63      C08123E7 
  63      FA0EFAED 
  64 0212 1E19BCE3 		.ascii	"\036\031\274\3435O\025\343<<dU\201\200\2617o\274\267"
  64      354F15E3 
  64      3C3C6455 
  64      8180B137 
  64      6FBCB7
  65 0225 183D0121 		.ascii	"\030=\001!\345\002\354,\257\223m]\204-\266:6h*\370\350"
  65      E502EC2C 
  65      AF936D5D 
  65      842DB63A 
  65      36682AF8 
  66 023a D98C3637 		.ascii	"\331\21467\337\322\205\2749\265\334\234\241\315\375"
  66      DFD285BC 
  66      39B5DC9C 
  66      A1CDFD
  67 0249 313EF146 		.ascii	"1>\361F\011\033i\342\222<p\200E\030)x\351\372>\335k"
  67      091B69E2 
  67      923C7080 
  67      45182978 
  67      E9FA3EDD 
  68 025e E5BB7128 		.ascii	"\345\273q(\210O\264\025C\232\345\270\331<\3665\037\370"
  68      884FB415 
  68      439AE5B8 
  68      D93CF635 
  68      1FF8
ARM GAS  /tmp/ccbYge6K.s 			page 5


  69 0270 5AE54B9B 		.ascii	"Z\345K\233\371\352\203\231\311\376\200T\017\002\370"
  69      F9EA8399 
  69      C9FE8054 
  69      0F02F8
  70 027f 94EBB081 		.ascii	"\224\353\260\201\346bIY\325\253\343\221u\232]\372\277"
  70      E6624959 
  70      D5ABE391 
  70      759A5DFA 
  70      BF
  71 0290 D965D8DC 		.ascii	"\331e\330\334\200\012\270\256Dt\313:\210\216jD\227\206"
  71      800AB8AE 
  71      4474CB3A 
  71      888E6A44 
  71      9786
  72 02a2 361993B1 		.ascii	"6\031\223\261\373!zv\021Qs\005f\237\011fk\230\335\374"
  72      FB217A76 
  72      11517305 
  72      669F0966 
  72      6B98DDFC 
  73 02b6 0A615C92 		.ascii	"\012a\\\222\213\3260;\267\305\222\336\204+k\231\375"
  73      8BD6303B 
  73      B7C592DE 
  73      842B6B99 
  73      FD
  74 02c7 5C333BB1 		.ascii	"\\3;\261\214\331\005\357\273\221\340\"\216c\032\307"
  74      8CD905EF 
  74      BB91E022 
  74      8E631AC7 
  75 02d7 AB1AC7D5 		.ascii	"\253\032\307\325\354M.\261'\305\351'\244\277=\334>\346"
  75      EC4D2EB1 
  75      27C5E927 
  75      A4BF3DDC 
  75      3EE6
  76 02e9 2BB02713 		.ascii	"+\260'\023\037b\032\370\345\346\353J;\232\210G\354\332"
  76      1F621AF8 
  76      E5E6EB4A 
  76      3B9A8847 
  76      ECDA
  77 02fb 9DB571BB 		.ascii	"\235\265q\273*\032\333\021{\251f{\345\323\345\225\345"
  77      2A1ADB11 
  77      7BA9667B 
  77      E5D3E595 
  77      E5
  78 030c CFD889A4 		.ascii	"\317\330\211\244\355\244\354\244\023\266\303Q'\362j"
  78      EDA4ECA4 
  78      13B6C351 
  78      27F26A
  79 031b 2C99721A 		.ascii	",\231r\032\312\303d\244\352\212\366\324\356\252\217"
  79      CAC364A4 
  79      EA8AF6D4 
  79      EEAA8F
  80 032a 3CBB9EB4 		.ascii	"<\273\236\264.\341\244\222\366\363\333\252\253\252\367"
  80      2EE1A492 
  80      F6F3DBAA 
  80      ABAAF7
  81 0339 728D70C2 		.ascii	"r\215p\302\211l\337\2635^\036\245\347\356+\215\354M"
  81      896CDFB3 
ARM GAS  /tmp/ccbYge6K.s 			page 6


  81      355E1EA5 
  81      E7EE2B8D 
  81      EC4D
  82 034b D955D535 		.ascii	"\331U\3255/\326\330\261\335\341]\365;#\266\226\206\343"
  82      2FD6D8B1 
  82      DDE15DF5 
  82      3B23B696 
  82      86E3
  83 035d 2FD4EF0E 		.ascii	"/\324\357\016\263\272b\275\306K\262h\262!\311\202\207"
  83      B3BA62BD 
  83      C64BB268 
  83      B221C982 
  83      87
  84 036e AA6BB685 		.ascii	"\252k\266\205v\324&#uNls\250\254\202\014\207\254x$\236"
  84      76D42623 
  84      754E6C73 
  84      A8AC820C 
  84      87AC7824 
  85 0383 701AE83F 		.ascii	"p\032\350?\016f\320\311"
  85      0E66D0C9 
  86              		.text
  87              		.section	.gnu.lto_chRegNextThread.87eb977cca20c3cb,"",%progbits
  88 0000 789C8554 		.ascii	"x\234\205TkL\233e\024>\347{\277^h;\262\370\313,\213"
  88      6B4C9B65 
  88      143EE77B 
  88      BF5E683B 
  88      B2F8CB2C 
  89 0015 29896459 		.ascii	")\211dY$|\220\350\0264\3760$&\376 &\343\247\211\013"
  89      247C90E8 
  89      1634FE30 
  89      2426FE20 
  89      26E3A789 
  90 002a 748D6DB2 		.ascii	"t\215m\262R\322\226e,&\274\353\230\0141\303+\0247R\""
  90      52D29665 
  90      2C26BCEB 
  90      980C31C3 
  90      2B143752 
  91 003f 2E6C6E50 		.ascii	".lnP\350d\216]\272:\320\215\215\001Cf\320E3\271h@L\274"
  91      E8648E5D 
  91      BA3AD08D 
  91      8D014366 
  91      D04533B9 
  92 0057 CCE91664 		.ascii	"\314\351\026d\236\363\266VVt|I\333\367{\317y\316s.\317"
  92      9EF3B656 
  92      56747C49 
  92      DBF77BCF 
  92      79CE732E 
  93 006c A9093438 		.ascii	"\251\01148i\0020#\300S\000\200&@\355\315Q\200\275VM"
  93      69023023 
  93      C0530080 
  93      2640EDCD 
  93      5180BD56 
  94 0081 D39308D2 		.ascii	"\323\223\010\322&\306G\000\244C\240\236\272\327\021"
  94      26C64700 
  94      A443A09E 
  94      BAD711
  95 0090 F920AD08 		.ascii	"\371 \255\010u\232\320\261\016\233E\253\300\353\365"
ARM GAS  /tmp/ccbYge6K.s 			page 7


  95      759AD0B1 
  95      0E9B45AB 
  95      C0EBF5
  96 009f BD87C541 		.ascii	"\275\207\305A\021\025\200:\275\376r\355\375\231\\~E"
  96      1115803A 
  96      BDFE72ED 
  96      FD995C7E 
  96      45
  97 00b0 74D2EB21 		.ascii	"t\322\353!9\321h\331\334%eX&[\357\330\016\305\307eN"
  97      39D168D9 
  97      DC256558 
  97      265BEFD8 
  97      0EC5C765 
  98 00c5 5468D046 		.ascii	"Th\320F\356Gq#v\341Ff?\206\233\311yhni\302.\236D\240"
  98      EE477123 
  98      76E14666 
  98      3F869BC9 
  98      79686E69 
  99 00de F3E1AE5B 		.ascii	"\363\341\256[\037\346l:\242\200\213\357\012\3718\241"
  99      1FE66C3A 
  99      A2808BEF 
  99      0AF938A1 
 100 00ee F023142B 		.ascii	"\360#\024+\201\034\010\217\343&\366\237\232\3549f\027"
 100      811C088F 
 100      E326F69F 
 100      9AEC3966 
 100      17
 101 00ff 5B1576FA 		.ascii	"[\025v\372\215//\210\374N\205\375\376\370\206\267\366"
 101      8D2F2F88 
 101      FC4E85FD 
 101      FEF886B7 
 101      F6
 102 0110 C9CB5267 		.ascii	"\311\313Rg\374\211\007\361\374\260{\337\362{\353\314"
 102      FC8907F1 
 102      FCB07BDF 
 102      F27BEBCC 
 103 0120 3A76637E 		.ascii	":vc~\247\000N\2152\352An\015\362el\002\223r\371~\203"
 103      A7004E8D 
 103      32EA416E 
 103      0DF2656C 
 103      029372F9 
 104 0136 4C7EFBC4 		.ascii	"L~\373\304W\267o?\342@\340k\352\007q\233\324\331L\271"
 104      57B76F3F 
 104      E240E06B 
 104      EA07719B 
 104      D4D94CB9 
 105 014a 080B7F01 		.ascii	"\010\013\177\001\274N\037nT\023eG\277b\0165f\371\341"
 105      BC4E1F6E 
 105      54136547 
 105      BF620E35 
 105      66F9E1
 106 015d 5CC3248A 		.ascii	"\\\303$\212gT\202\375\211\251\210-\235\340X\304ywjV"
 106      675482FD 
 106      89A9882D 
 106      9DE058C4 
 106      79776A56 
 107 0171 CAB72546 		.ascii	"\312\267%F\251\253\261\325)b/\346\023\250a^\236\327"
ARM GAS  /tmp/ccbYge6K.s 			page 8


 107      A9ABB1D5 
 107      29622FE6 
 107      13A8615E 
 107      9ED7
 108 0183 B9B33A3A 		.ascii	"\271\263::\261\217l\013\030\236\376\25592\363h\246\206"
 108      B18F6C0B 
 108      189EFEAD 
 108      3932F368 
 108      A686
 109 0195 7A494FF2 		.ascii	"zIO\362\235%\233\312\277M d\231\276\210\025\275\004"
 109      9D259BCA 
 109      BF4D2064 
 109      99BE8815 
 109      BD04
 110 01a7 18679B96 		.ascii	"\030g\233\226m\273\032q\356a*\300\223l\027+Z\003\370"
 110      6DBB1A71 
 110      EE612AC0 
 110      936C172B 
 110      5A03F8
 111 01ba 319A2991 		.ascii	"1\232)\221~n\012\302\217H\246\017\242\361?myK\030\225"
 111      7E6E0AC2 
 111      8F48A60F 
 111      A2F13F6D 
 111      794B1895 
 112 01ce 11675498 		.ascii	"\021gT\230\330\273{\346\254\264\352\0329\236\302<\325"
 112      D8BB7BE6 
 112      ACB4EA1A 
 112      399EC23C 
 112      D5
 113 01df DA9F1727 		.ascii	"\332\237\027'ojt\203\237\240\256r\006<\255dr418\347"
 113      6F6A7483 
 113      9FA0AE72 
 113      063CAD64 
 113      72343138 
 114 01f4 C8BB9F46 		.ascii	"\310\273\237F\233\331\367\327\236\370\015\273B\0170"
 114      9BD9F7D7 
 114      9EF80DBB 
 114      420F30
 115 0203 1ACFA00E 		.ascii	"\032\317\240\016s\030v\252\372\001\3461|\346\356t\254"
 115      731876AA 
 115      FA01E631 
 115      7CE6EE74 
 115      AC
 116 0214 842B6B17 		.ascii	"\204+k\027&\002\264\354\2778f\341\206h\252\316?.]9\340"
 116      2602B4EC 
 116      BF3866E1 
 116      8668AACE 
 116      3F2E5D39 
 117 0229 8862FB5E 		.ascii	"\210b\373^*\246\243\212fai\247V\235eR\262\036\231\015"
 117      2AA6A38A 
 117      666169A7 
 117      569D6552 
 117      B21E990D 
 118 023d F7588C6E 		.ascii	"\367X\214n\256\324\311\210s\030\305\210P\355=\217\006"
 118      AED4C988 
 118      7318C588 
 118      50ED3D8F 
ARM GAS  /tmp/ccbYge6K.s 			page 9


 118      06
 119 024e 13753CA6 		.ascii	"\023u<\246\206N\323\244\3600\213\365_\017\216\236p\374"
 119      864ED3A4 
 119      F0308BF5 
 119      5F0F8E9E 
 119      70FC
 120 0260 079D55D1 		.ascii	"\007\235U\321\015\014,\336\264\324\375%\255t\321I\235"
 120      0D0C2CDE 
 120      B4D4FD25 
 120      AD74D149 
 120      9D
 121 0271 E6BB8591 		.ascii	"\346\273\205\221\033C6J\201&\231\203\027hC\022i\366"
 121      1B43364A 
 121      81269983 
 121      17684312 
 121      69F6
 122 0283 83A77B1B 		.ascii	"\203\247{\033\255)\366\216;d\265aR\361cJ\201M\343\211"
 122      AD29F68E 
 122      3B64B561 
 122      52F1634A 
 122      814DE389 
 123 0297 E65C8A75 		.ascii	"\346\\\212u\200\314\013d\266\343\247\224\023\340E\254"
 123      80CC0B64 
 123      B6E3A794 
 123      13E045AC 
 124 02a7 530A68A2 		.ascii	"S\012h\242i\3206\012\356\301\374\324~s*)sV\321NU\262"
 124      69D0360A 
 124      EEC1FCD4 
 124      7E732A29 
 124      7356D14E 
 125 02bd E97F4A76 		.ascii	"\351\177Jv\340\240\242\324\270\344!\012?\217\373Z^k"
 125      E0A0A2D4 
 125      B8E4210A 
 125      3F8FFB5A 
 125      5E6B
 126 02cf 34A56259 		.ascii	"4\245bYR\341\372\033F\372l\\\243\003\021?\2438\304\330"
 126      52E1FA1B 
 126      46FA6C5C 
 126      A303113F 
 126      A338C4D8 
 127 02e3 92C32ED9 		.ascii	"\222\303.\331\015\256\2045\330>\377\227\355\022\032"
 127      0DAE8435 
 127      D83EFF97 
 127      ED121A
 128 02f2 C4A0EAD0 		.ascii	"\304\240\352\3203+\221j4Bz=\262Vbi\215\225\270\254V"
 128      332B916A 
 128      34427A3D 
 128      B2566269 
 128      8D95B8AC 
 129 0307 2233129D 		.ascii	"\"3\022\235d9\374\260\2258eO\257\204\376\200\254\257"
 129      6439FCB0 
 129      9538654F 
 129      AF84FE80 
 129      ACAF
 130 0319 B0AC57ED 		.ascii	"\260\254W\355H\301\313\200W\331\331\264zG\012^en\300"
 130      48C1CB80 
 130      57D9D9B4 
ARM GAS  /tmp/ccbYge6K.s 			page 10


 130      7A470A5E 
 130      656EC0
 131 032c 91D53B72 		.ascii	"\221\325;rM\355\310\350\212\035Y\216~\227\260\377#\377"
 131      4DEDC8E8 
 131      8A1D598E 
 131      7E97B0FF 
 131      23FF
 132 033e 6125FF31 		.ascii	"a%\3771%\377l\255\217g\264\316\301\011\\\177\253\361"
 132      25FF6CAD 
 132      8F67B4CE 
 132      C1095C7F 
 132      ABF1
 133 0350 1B359A2C 		.ascii	"\0335\232,\251\255k\023Lr\235\204A\352\216\212\\\370"
 133      A9AD6B13 
 133      4C729D84 
 133      41EA8E8A 
 133      5CF8
 134 0362 8994DBD9 		.ascii	"\211\224\333\331\272!5F\326\323\3574:\032\212v/>\214"
 134      BA213546 
 134      D6D3EF34 
 134      3A1A8A76 
 134      2F3E8C
 135 0375 3420712F 		.ascii	"4 q/VB\377I\310\215'\302b\303\343\367\271\215\212\035"
 135      5642FF49 
 135      C88D27C2 
 135      62C3E3F7 
 135      B98D8A1D 
 136 0389 153EA3D4 		.ascii	"\025>\243\324\343\255\364\276X\276\275xKaqa\211\341"
 136      E3ADF4BE 
 136      58BEBD78 
 136      4B617161 
 136      89E1
 137 039b 0F1A8190 		.ascii	"\017\032\201\220\021\014\270\014\227'\340~\305\033\014"
 137      110CB80C 
 137      9727E07E 
 137      C51B0C
 138 03aa 056A0B5D 		.ascii	"\005j\013]\240\205\252EU\250\332\264\253bg\215\373\351"
 138      A085AA45 
 138      55A8DAB4 
 138      AB62678D 
 138      FBE9
 139 03bc B5E0D5FE 		.ascii	"\265\340\325\376@(h<\267\255\254\264l7\305q\371\003"
 139      4028683C 
 139      B7ADACB4 
 139      6C37C571 
 139      F903
 140 03ce EEEDBBB6 		.ascii	"\356\355\273\266\372\012=\360\354C\241\356\335!\243"
 140      FA0A3DF0 
 140      EC43A1EE 
 140      DD21A3
 141 03dd B4ACFC85 		.ascii	"\264\254\374\205r\303[\345\332Y\263\303m(\250\313\367"
 141      72C35BE5 
 141      DA59B3C3 
 141      6D28A8CB 
 141      F7
 142 03ee 7C4D958B 		.ascii	"|M\225\213\320Ek\021g`\236`m\220\000\353\313\312\267"
 142      D0456B11 
ARM GAS  /tmp/ccbYge6K.s 			page 11


 142      67609E60 
 142      6D9000EB 
 142      CBCAB7
 143 0401 392B2B82 		.ascii	"9++\202\356\352\200\267\300\231_\004Z\000,>\267\317"
 143      EEEA80B7 
 143      C0995F04 
 143      5A002C3E 
 143      B7CF
 144 0413 1FA885BF 		.ascii	"\037\250\205\277\001\235\231'6"
 144      019D9927 
 144      36
 145              		.text
 146              		.section	.gnu.lto_ch_debug.87eb977cca20c3cb,"",%progbits
 147 0000 789C558E 		.ascii	"x\234U\216MK\002Q\024\206\347\235\353\224\346g\020\321"
 147      4D4B0251 
 147      1486E79D 
 147      EB94E667 
 147      10D1
 148 0012 62EA3FE8 		.ascii	"b\352?\350\312e?\315H#Z\010A\220\204\242\324BM\313\311"
 148      CA653FCD 
 148      48235A08 
 148      419084A2 
 148      D4424DCB 
 149 0027 CACF8490 		.ascii	"\312\317\204\220Z\024\265H\014jSF\030\006*\026EJA\235"
 149      5A14B548 
 149      0C6A5346 
 149      18062A16 
 149      454A419D 
 150 003b E39D4DC3 		.ascii	"\343\235M\303=<<\363\336s\356\321\024U\031BQ\350\214"
 150      3D3C3CF3 
 150      DE73EED1 
 150      14551942 
 150      51E88C
 151 004e BF4D815C 		.ascii	"\277M\201\\\267<r\206E\\\320O\322\312r\3060u\201t\273"
 151      B73C7286 
 151      455CD04F 
 151      D2CA72C6 
 151      30758174 
 152 0063 737DA149 		.ascii	"s}\241I\235'-\325z>i:Y?\330n\331\245\316\221\276\375"
 152      9D272DD5 
 152      7A3E693A 
 152      593FD86E 
 152      D9A5CE91 
 153 0079 C48A36A9 		.ascii	"\304\2126\2513\244\215\301U\314L=\244\337\235\215{H"
 153      33A48DC1 
 153      55CC4C3D 
 153      A4DF9D8D 
 153      7B48
 154 008b 75906E55 		.ascii	"u\220nU?.\315\301V\322\350c\375\301\354=\3435\316\177"
 154      3F2ECDC1 
 154      56D2E863 
 154      FDC1EC3D 
 154      E335CE7F 
 155 009f BF4EDDD2 		.ascii	"\277N\335\322U\322\233\240\021\025R-\244\241\37407\276"
 155      55D29BA0 
 155      1115522D 
 155      A4A1FC30 
ARM GAS  /tmp/ccbYge6K.s 			page 12


 155      37BE
 156 00b1 0D2C79C9 		.ascii	"\015,y\311?Gk}\263{\226\264Y\354\246\306\267U\364yX"
 156      3F476B7D 
 156      B37B96B4 
 156      59ECA6C6 
 156      B755F479 
 157 00c6 FDDD483A 		.ascii	"\375\335H:\330\005\004\351`\347y\305!\343\327\177o\211"
 157      D80504E9 
 157      60E779C5 
 157      21E3D77F 
 157      6F89
 158 00d8 F15B772F 		.ascii	"\361[w/\355\232]\306O\0347\303\321\226Uz\217}=\224\276"
 158      ED9A5DC6 
 158      4F1C37C3 
 158      D196557A 
 158      8F7D3D94 
 159 00ed 55FD85C0 		.ascii	"U\375\205\300j\"\260\030\027\026xuT\240\303\247\243"
 159      6A22B018 
 159      17167875 
 159      54A0C3A7 
 159      A3
 160 00fe 4C285115 		.ascii	"L(Q\025\251\012T\307\320\271!\233\3176\\\262!\241\305"
 160      A90A54C7 
 160      D0B9219B 
 160      CF365CB2 
 160      21A1C5
 161 0111 8516A135 		.ascii	"\205\026\2415\253\360Gh\373$\364\010\315=b\010\0342"
 161      ABF04768 
 161      FB24F408 
 161      CD3D6208 
 161      1C32
 162 0123 2CC83334 		.ascii	",\31034\0340&`0&\221cX\261\317\260a\2171\205,\303\216"
 162      1C302660 
 162      30269163 
 162      58B1CFB0 
 162      618F3185 
 163 013a 0CC32187 		.ascii	"\014\303!\2079\261\313p!\315p#\305\360\310l\232\241"
 163      39B1CB70 
 163      21CD7023 
 163      C5F0C86C 
 163      9AA1
 164 014c E0047EE5 		.ascii	"\340\004~\345\017\257.\231S"
 164      0FAF2E99 
 164      53
 165              		.text
 166              		.section	.gnu.lto_.symbol_nodes.87eb977cca20c3cb,"",%progbits
 167 0000 789C6365 		.ascii	"x\234ce`b\010`\000\002\246\317\214\365\014\014\023\316"
 167      60620860 
 167      0002A6CF 
 167      8CF50C0C 
 167      13CE
 168 0012 313000A9 		.ascii	"10\000\251]\015\216\014\014\254_\031\031\024@2_\030"
 168      5D0D8E0C 
 168      0CAC5F19 
 168      19144032 
 168      5F18
 169 0024 EB195165 		.ascii	"\353\031Qe>126*\001\245\030\2773\3263\201\245\030\030"
ARM GAS  /tmp/ccbYge6K.s 			page 13


 169      3E313236 
 169      2A01A518 
 169      BF33D633 
 169      81A51818 
 170 0038 1A1A1C18 		.ascii	"\032\032\034\030\030\230\231X\030\236\264\277\221g\000"
 170      18989958 
 170      189EB4BF 
 170      916700
 171 0047 001D5C13 		.ascii	"\000\035\\\023B"
 171      42
 172              		.text
 173              		.section	.gnu.lto_.refs.87eb977cca20c3cb,"",%progbits
 174 0000 789C6365 		.ascii	"x\234ce`b\340f```\004\"\026F&&F6\006\000\001\217\000"
 174      6062E066 
 174      60606004 
 174      22164626 
 174      26463606 
 175 0018 25       		.ascii	"%"
 176              		.text
 177              		.section	.gnu.lto_.decls.87eb977cca20c3cb,"",%progbits
 178 0000 789CB53B 		.ascii	"x\234\265;iTT\351\225\365\275\257(\240(\300Q\343\230"
 178      695454E9 
 178      95F5BDAF 
 178      28A028C0 
 178      51E398
 179 0013 0C99F438 		.ascii	"\014\231\3648t\207LfD\273;vg\233\351\214\247\223\356"
 179      74874C66 
 179      44BB3B76 
 179      679BE98C 
 179      A793EE
 180 0026 CC7492D3 		.ascii	"\314t\222\323\235\316\311\237\234\032\032Je\232m\212"
 180      9DCEC99F 
 180      9C1A1A4A 
 180      659A6D8A 
 181 0036 72EB9973 		.ascii	"r\353\231s\362X\004\021T\020T\020\025\334AV7\220U6Q"
 181      F2580411 
 181      54105410 
 181      15DC4156 
 181      37905536 
 182 004b 40104444 		.ascii	"@\020DD\021\331TPT\320\002\0276\231\373-U\357U\361\312"
 182      11D95450 
 182      54D00217 
 182      3699FB2D 
 182      55EF55F1 
 183 0060 B6E74CEA 		.ascii	"\266\347L\352xy\357~\357~w\373\356\275\337\362\236N"
 183      7879EF7E 
 183      EF7E77FB 
 183      EEBDDFF2 
 183      9E4E
 184 0072 2A41A55E 		.ascii	"*A\245^\241R\375\301E\245*G*\325,\374\324*\225*O%\375"
 184      A152FDC1 
 184      45A52A47 
 184      2AD52CFC 
 184      D42A952A 
 185 0089 30C00678 		.ascii	"0\300\006x\366?\000\"\200\000\370K\270.\027T6\277'\200"
 185      F63F0022 
 185      8000F84B 
ARM GAS  /tmp/ccbYge6K.s 			page 14


 185      B82E1754 
 185      36BF2780 
 186 009d EBE03A1F 		.ascii	"\353\340:\037`!\300?\003\215\027\\\317\002\274\003\317"
 186      6021C03F 
 186      038D175C 
 186      CF02BC03 
 186      CF
 187 00ae DE03781F 		.ascii	"\336\003x\037`\032\332\373\001\376\005@\205\030\377"
 187      601ADAFB 
 187      01FE0540 
 187      8518FF
 188 00bd 49B87603 		.ascii	"I\270v\003\254\002\320py?\005\332\237\003\254\004\370"
 188      AC02D070 
 188      793F05DA 
 188      9F03AC04 
 188      F8
 189 00ce 10E05702 		.ascii	"\020\340W\002%\247\262\345\277\011h\367\374\032\271"
 189      25A7B2E5 
 189      BF0968F7 
 189      FC1AB9
 190 00dd 44965CF6 		.ascii	"D\226\\\366G\002\223\3751\\\377\314u\370\0221=\210\016"
 190      470293FD 
 190      315CFFCC 
 190      75F81231 
 190      3D880E
 191 00f0 CE2A66AF 		.ascii	"\316*f\257\222\016\026\037\374N\230\253\213\277\232"
 191      920E161F 
 191      FC4E98AB 
 191      8BBF9A
 192 00ff E94FE4BF 		.ascii	"\351O\344\277\005\340\201\230N\177\015\264\313\004\246"
 192      05E08198 
 192      4E7F0DB4 
 192      CB04A6
 193 010e E3DFC1F5 		.ascii	"\343\337\301\365\037\001\336\004\370\033\200%\000\177"
 193      1F01DE04 
 193      F81B8025 
 193      007F
 194 011c 0BF06D80 		.ascii	"\013\360m\200\357\001x\001x\003|\007\340\015\200\277"
 194      EF017801 
 194      78037C07 
 194      E00D80BF 
 195 012c 07F82EC0 		.ascii	"\007\370.\300?\000\274\005\360\003\000\037;\337[~\273"
 195      3F00BC05 
 195      F003001F 
 195      3BDF5B7E 
 195      BB
 196 013d 312ADA5A 		.ascii	"1*\332ZW!\364\240nD\3345\217\266\"\304\376\"\012\024"
 196      5721F4A0 
 196      6E44DC35 
 196      8FB622C4 
 196      FE220A14 
 197 0151 9DB5FC10 		.ascii	"\235\265\374\020\242\355\320*\320\277\214\2206!K\017"
 197      A2EDD02A 
 197      D0BF8C90 
 197      36214B0F 
 198 0161 8E0B1C15 		.ascii	"\216\013\034\0258K\372\217wF2\216\3541\223d\3711w\263"
 198      384BFA8F 
ARM GAS  /tmp/ccbYge6K.s 			page 15


 198      7746328E 
 198      EC319364 
 198      F93177B3 
 199 0175 1BDACDD2 		.ascii	"\033\332\315\322\033\011\222\000\204\344\035d\014\231"
 199      1B099200 
 199      84E41D64 
 199      0C99
 200 0183 DAFCB955 		.ascii	"\332\374\271U?\225d\034\262X\377$\355\322\240\266\027"
 200      3F95641C 
 200      B258FF24 
 200      EDD2A0B6 
 200      17
 201 0194 DD22AD99 		.ascii	"\335\"\255\231\037 \332\366\364L\365\011\015\026\020"
 201      1F20DAF6 
 201      F44CF509 
 201      0D1610
 202 01a3 B9EF9DC8 		.ascii	"\271\357\235\310\372\345\322\\\221\375\\~(\271\355\374"
 202      FAE5D25C 
 202      91FD5C7E 
 202      28B9EDFC 
 203 01b3 ECF32ACF 		.ascii	"\354\363*\317m\030\315\327\"\001\320+\217/\355s\003"
 203      6D18CDD7 
 203      2201D02B 
 203      8F2FED73 
 203      03
 204 01c4 74A116CD 		.ascii	"t\241\026\315\003\264-\272p/fO\325DJ\363\236\333\036"
 204      03B42DBA 
 204      702F664F 
 204      D5444AF3 
 204      9EDB1E
 205 01d7 ECE91B80 		.ascii	"\354\351\033\200\026\217\344\024\273\263\247U\204W\326"
 205      168FE414 
 205      BBB3A755 
 205      8457D6
 206 01e6 E0DE6D3A 		.ascii	"\340\336m:\206\277\017hl\324d\247\032{Q\371\267.f\347"
 206      86BF0F68 
 206      6CD464A7 
 206      1A7B51F9 
 206      B72E66E7 
 207 01fa 1046DFD7 		.ascii	"\020F\337\327\"b\232'4\025<,\231pgM\204\342\312v\363"
 207      22629A27 
 207      34153C2C 
 207      9970674D 
 207      84E2CA76 
 208 020f 6167FC7D 		.ascii	"ag\374}r/\2445v\326\250\221\217\366(\321\266\252\263"
 208      722FA435 
 208      76D6A891 
 208      8FF628D1 
 208      B6AAB3
 209 0222 684952AC 		.ascii	"hIR\254(\012\250\010i\321i\204\321q\264\224\330\376"
 209      280AA808 
 209      69D16984 
 209      D171B494 
 209      D8FE
 210 0234 7D2DFCDD 		.ascii	"}-\374\335,\212\221bb\224\350\372\221\012\345#/\224"
 210      2C8A9162 
 210      6294E8FA 
ARM GAS  /tmp/ccbYge6K.s 			page 16


 210      910AE523 
 210      2F94
 211 0246 87BC54E8 		.ascii	"\207\274T\350\014\362!l\011\035:\005\215'\241\021Dd"
 211      0CF2216C 
 211      091D3A05 
 211      8D27A111 
 211      4464
 212 0258 1F4E3AA8 		.ascii	"\037N:\250\301\377AE\324W\336\274\256FZ\037\305\376"
 212      C1FF4145 
 212      D457DEBC 
 212      AE465A1F 
 212      C5FE
 213 026a 250AFD99 		.ascii	"%\012\375\231.\227\367-\251\337Dt9\013\272\024K\272"
 213      2E97F72D 
 213      A9DF4474 
 213      390BBA14 
 213      4BBA
 214 027c 806ACC9F 		.ascii	"\200j\314\237b\312T\206;N@T\210x\367\374]\301\221\220"
 214      62CA5486 
 214      3B4E4054 
 214      8878F7FC 
 214      5DC19190 
 215 0290 72874286 		.ascii	"r\207B\206\216\277\221:)\212o\2402\020R*\0119k\021\322"
 215      8EBF913A 
 215      298A6FA0 
 215      3210522A 
 215      09396B11 
 216 02a5 3DBA2B46 		.ascii	"=\272+F\203\273\250\020\264\247l\274\321\211y\335\005"
 216      83BBA810 
 216      B4A76CBC 
 216      D18979DD 
 216      05
 217 02b6 D089B30F 		.ascii	"\320\211\263\017\366j\360\035\366\254q \345\226\200"
 217      F66AF01D 
 217      F6AC7120 
 217      E59680
 218 02c5 1F30C432 		.ascii	"\0370\3042\\\013\371p\355\233:}\336\015\217\261\207"
 218      5C0BF970 
 218      ED9B3A7D 
 218      DE0D8FB1 
 218      87
 219 02d6 27C7E3BF 		.ascii	"'\307\343\277\215\247\330}\335\355\366\213N8\222EN\374"
 219      8DA7D87D 
 219      DDEDF68B 
 219      4E389245 
 219      4EFC
 220 02e8 A9E8036A 		.ascii	"\251\350\003j\234\314\220\322\235\345\217\\\360\036"
 220      9CCC90D2 
 220      9DE58F5C 
 220      F01E
 221 02f6 8654CFDC 		.ascii	"\206T\317\334\330\253\305\307\031b\011\234\371,p\212"
 221      D8ABC5C7 
 221      1962099C 
 221      F92C708A 
 222 0306 061BEAB5 		.ascii	"\006\033\352\265L\226\210\000\237>r\371\272\013>\311"
 222      4C968800 
 222      9F3E72F9 
ARM GAS  /tmp/ccbYge6K.s 			page 17


 222      BA0B3EC9 
 223 0316 68CB8ACB 		.ascii	"h\313\212\313\353\271\306\313\000MH\024/\270\3412\366"
 223      EBB9C6CB 
 223      004D4814 
 223      2FB8E132 
 223      F6
 224 0327 AC7E7B74 		.ascii	"\254~{t\202\026\327SD\310\331\272\371\241\303A\272\354"
 224      8216D753 
 224      44C8D9BA 
 224      F9A1C341 
 224      BAEC
 225 0339 D07F5D8B 		.ascii	"\320\177]\213!\306Q\0138\257Y\301y\365}3fO|\205\211"
 225      21C6510B 
 225      38AF59C1 
 225      79F57D33 
 225      664F7C85 
 226 034e DBB4356F 		.ascii	"\333\2645o7\321S\303\342\322\031\232\356<\236,R\263"
 226      37D153C3 
 226      E2D2199A 
 226      EE3C9E2C 
 226      52B3
 227 0360 26C26D03 		.ascii	"&\302m\003\361TZ\367\011\017|\235)\365\260?n\213\213"
 227      F1545AF7 
 227      090F7C9D 
 227      29F5B03F 
 227      6E8B8B
 228 0373 149CCFBE 		.ascii	"\024\234\317\276wV\024\347\241\016\220\326.I\323\360"
 228      775614E7 
 228      A10E90D6 
 228      2E49D3F0 
 229 0383 D814E7A8 		.ascii	"\330\024\347\250}\025\324\326p\265\257@c\033\213M\363"
 229      7D15D4D6 
 229      70B5AF40 
 229      631B8B4D 
 229      F3
 230 0394 C4E3D36A 		.ascii	"\304\343\323j<\300Dl\3517\317x2\273\3472\270\256\300"
 230      3CC0446C 
 230      E937CF78 
 230      32BBE732 
 230      B8AEC0
 231 03a7 C0129C6F 		.ascii	"\300\022\234o\237\241\301\331\011\312\\\223\224\351"
 231      9FA1C1D9 
 231      09CA5C93 
 231      94E9
 232 03b5 B098DE99 		.ascii	"\260\230\336\231\320~S\203\207\231\220\211\341\213y"
 232      D07E5383 
 232      87999089 
 232      E18B79
 233 03c4 6E563B86 		.ascii	"nV;\206\216{\263\230\273\011}oH};\221CK\272\224-I\037"
 233      8E7BB398 
 233      BB097D6F 
 233      487D3B91 
 233      434BBA94 
 234 03db BB75DF95 		.ascii	"\273u\337\225\215\256\017\240\333\307\222:\235\360c"
 234      8DAE0FA0 
 234      DBC7923A 
 234      9DF063
ARM GAS  /tmp/ccbYge6K.s 			page 18


 235 03ea E66E4B01 		.ascii	"\346nK\001\231\317\012\310\276\355\035E\030O\261gq\271"
 235      99CF0AC8 
 235      BEED1D45 
 235      184FB167 
 235      71B9
 236 03fc 71F51E78 		.ascii	"q\365\036x\023\246\310\301se\017\235\361N\206<\271\026"
 236      13A6C8C1 
 236      73650F9D 
 236      F14E863C 
 236      B916
 237 040e 795B8B0F 		.ascii	"y[\213\0173\244\277\373B\241\007\316bH\331\363\3642"
 237      33A4BFFB 
 237      42A107CE 
 237      6248D9F3 
 237      F432
 238 0420 4F5CC090 		.ascii	"O\\\300\220\346\333\263f-.bH[\304\001\210\324\012\336"
 238      E6DBB366 
 238      2D2E6248 
 238      5BC40188 
 238      D40ADE
 239 0433 479C4AD3 		.ascii	"G\234J\323\341Z\212\010ey\2076k\255v\017\323X\271\017"
 239      E15A8A08 
 239      65798736 
 239      6BAD760F 
 239      D358B90F 
 240 0447 460FBD96 		.ascii	"F\017\275\226\321\367\224\215ny\262e\332\02370q\361"
 240      D1F7948D 
 240      6E79B265 
 240      DA133730 
 240      71F1
 241 0459 3B1F1DF5 		.ascii	";\037\035\365\300m\014\231\272\227r\0031\223u\200F\226"
 241      C06D0C99 
 241      BA977203 
 241      31937580 
 241      4696
 242 046b DD48F264 		.ascii	"\335H\362d\211\321G\243\361r\346\230\013\356a\264%I"
 242      89D147A3 
 242      F172E698 
 242      0BEE61B4 
 242      2549
 243 047d 3B40E93B 		.ascii	";@\351;\014\351I\215/s\303\317\031R\271\335|\326\025"
 243      0CE9498D 
 243      2F73C3CF 
 243      1952B9DD 
 243      7CD615
 244 0490 BF6448EC 		.ascii	"\277dH\354\213\201BO\034\253\266I\246\205,\231F\242"
 244      8B81424F 
 244      1CABB649 
 244      A6852C99 
 244      46A2
 245 04a2 EFF6F13C 		.ascii	"\357\366\361<\\\014\350\241\253\265f'\274\215\221\026"
 245      5C0CE8A1 
 245      ABB56627 
 245      BC8D9116 
 246 04b2 6CBA93ED 		.ascii	"l\272\223\355\002\317\274 \330\221\254\002{\261\012"
 246      02CFBC20 
 246      D891AC02 
ARM GAS  /tmp/ccbYge6K.s 			page 19


 246      7BB10A
 247 04c1 7CBA6A2C 		.ascii	"|\272j,O\215wRZ\241\350\364\235=ZY\011\366\244Q>\011"
 247      4F8D7752 
 247      5AA1E8F4 
 247      9D3D5A59 
 247      09F6A451 
 248 04d7 7E7A21F9 		.ascii	"~z!\371\311\313Z\201\037\037\024\361b\025z\307\013-"
 248      C9CB5A81 
 248      1F1F14F1 
 248      62157AC7 
 248      0B2D
 249 04e9 03274D80 		.ascii	"\003'M\200\223\274\270\223\236\203\223\236\361\372\233"
 249      93BCB893 
 249      9E83939E 
 249      F1FA9B
 250 04f8 9155E78E 		.ascii	"\221U\347\2163\230\200\264\235\325\247=\254\002\240"
 250      339880B4 
 250      9DD5A73D 
 250      AC02A0
 251 0507 AE9EA2A1 		.ascii	"\256\236\242\241;\003\022\246$\011\223\310\201\210i"
 251      3B0312A6 
 251      240993C8 
 251      818869
 252 0516 651191C9 		.ascii	"e\021\221\311\355\271\256\370\030\023\321_U\273\003"
 252      EDB9AEF8 
 252      1813D15F 
 252      55BB03
 253 0525 CB22FCFD 		.ascii	"\313\"\374\375N:\215\210\202\026\275\224D\3148\0221"
 253      4E3A8D88 
 253      8216BD94 
 253      44CC3812 
 253      31
 254 0536 AB2CC212 		.ascii	"\253,\302\022\337\013Y|\327e\225\364\270\343\002\346"
 254      DF0B597C 
 254      D76595F4 
 254      B8E302E6 
 255 0546 E1F88497 		.ascii	"\341\370\204\227\005\030\0273\361\373*'\267K\026\016"
 255      05181733 
 255      F1FB2A27 
 255      B74B160E 
 256 0556 387F8036 		.ascii	"8\177\2006\201\344(\341\353%G\013\212\222+b\314a\370"
 256      81E428E1 
 256      EB25470B 
 256      8A922B62 
 256      CC61F8
 257 0569 1C9374B8 		.ascii	"\034\223t\270\266\240\315\031_`\222n\337?\371\302]\012"
 257      B6A0CD19 
 257      5F60926E 
 257      DF3FF9C2 
 257      5D0A
 258 057b 69901407 		.ascii	"i\220\024\007\222b_C\322feI\031\025m\331j\334\312Du"
 258      92625F43 
 258      D2666549 
 258      19156DD9 
 258      6ADCCA44 
 259 0590 BCA898D4 		.ascii	"\274\250\230\324\341N\212\250\373\016\231\037h\220\217"
 259      E14E8AA8 
ARM GAS  /tmp/ccbYge6K.s 			page 20


 259      FB0E991F 
 259      68908F
 260 059f 17425A80 		.ascii	"\027BZ\200\243\226\025\205\012m\003\211\361\002\266"
 260      A3961585 
 260      0A6D0389 
 260      F102B6
 261 05ae ACC8F688 		.ascii	"\254\310\366\210 \355\361\237I\263\222\334\004\220K"
 261      20EDF19F 
 261      49B392DC 
 261      04904B
 262 05bd 1EA9D076 		.ascii	"\036\251\320v\301\013m\025\274\240\203\013m\001\201"
 262      C10B6D15 
 262      BCA0830B 
 262      6D0181
 263 05cc 89CD07D2 		.ascii	"\211\315\007\322]\265\274\327\346W\366\002\352\307c"
 263      5DB5BCD7 
 263      E657F602 
 263      EAC763
 264 05db DD5705DD 		.ascii	"\335W\005\335\026\353\024\201\022A\023K\276\252P\222"
 264      16EB1481 
 264      1241134B 
 264      BEAA5092 
 265 05eb A0E34B9D 		.ascii	"\240\343K\235\214\353%=j\334\315\214\272-\326\266\013"
 265      8CEB253D 
 265      6ADCCD8C 
 265      BA2DD6B6 
 265      0B
 266 05fc F80E43F2 		.ascii	"\370\016C\362\016\365\034q\305\017\031R\321\265\343"
 266      0EF51C71 
 266      C50F1952 
 266      D1B5E3
 267 060b 9E3B3633 		.ascii	"\236;63\244'\377e\271\006?cHF\367\223<g<\301|^\335q"
 267      A427FF65 
 267      B9063F63 
 267      4846F793 
 267      3C673CC1 
 268 0623 20DB1DE9 		.ascii	" \333\035\351|d\202\377\260H\252\023i\240\352\347:\356"
 268      7C6482FF 
 268      B048AA13 
 268      69A0EAE7 
 268      3AEE
 269 0635 7F9E4459 		.ascii	"\177\236DY\270\3716D\240\032\245\012:\264[\032\235\317"
 269      B8F93644 
 269      A01AA50A 
 269      3AB45B1A 
 269      9DCF
 270 0647 754CC1BE 		.ascii	"uL\301\276\310\372v\027\\\342\304\212\336\310\325iw"
 270      C8FA7617 
 270      5CE2C48A 
 270      DEC8D569 
 270      77
 271 0658 5CC11071 		.ascii	"\\\301\020q\242\262K\203\253\031rs\347\213>W\\\307\220"
 271      A2B24B83 
 271      AB197273 
 271      E78B3E57 
 271      5CC790
 272 066b 8B1DF1E7 		.ascii	"\213\035\361\347\324\370\002C\2165\365\211N\270\221"
ARM GAS  /tmp/ccbYge6K.s 			page 21


 272      D4F80243 
 272      8E35F589 
 272      4EB891
 273 067a 21E55B9A 		.ascii	"!\345[\232\246]p3C\366\224\306Fjq+Crf\307\266\353p;"
 273      A65D7033 
 273      43F694C6 
 273      466A712B 
 273      437266C7 
 274 0692 435E94B7 		.ascii	"C^\224\267\035\024X\301\360\006\364xU\374E\314\242;"
 274      1D1458C1 
 274      F006F478 
 274      55FC45CC 
 274      A23B
 275 06a4 1316846E 		.ascii	"\023\026\204n;\017\236\251\363@\336\354\267\300\333"
 275      3B0F9EA9 
 275      F340DEEC 
 275      B7C0DB
 276 06b3 C7FB20B1 		.ascii	"\307\373 \261\267j\266\014\347e7&\210\2315\210Z\263"
 276      B76AB60C 
 276      E7653726 
 276      88993588 
 276      5AB3
 277 06c5 17ACC915 		.ascii	"\027\254\311\025\026H\366_\244\316\317'\177U\254\213"
 277      1648F65F 
 277      A4CECF27 
 277      7F55AC8B 
 278 06d5 F9D76962 		.ascii	"\371\327ibU4\246\344\351\366\344\343\224|\271D= \243"
 278      5534A6E4 
 278      E9F6E4E3 
 278      947CB944 
 278      3D20A3
 279 06e8 DEA7CC5C 		.ascii	"\336\247\314\\F]\363o\022\365.{\352\2369\3242\336\007"
 279      465DF36F 
 279      12F52E7B 
 279      EA9E39D4 
 279      32DE07
 280 06fb ECA97DED 		.ascii	"\354\251}\355\210\033e\304\231\212\304r#\273d\324\373"
 280      881B65C4 
 280      998AC472 
 280      23BB64D4 
 280      FB
 281 070c EDA92B65 		.ascii	"\355\251+e>I\242\223\213(~\240V\241\303\020\314\207"
 281      3E49A293 
 281      8B287EA0 
 281      56A1C310 
 281      CC87
 282 071e 2098D141 		.ascii	" \230\321A\336\003\342\002\345C\000e\013\336\3508@\036"
 282      DE03E202 
 282      E5430065 
 282      0BDEE838 
 282      401E
 283 0730 400EC031 		.ascii	"@\016\3001\200#\000G\001\012\000\262\004o\232lL\366"
 283      80230047 
 283      010A00B2 
 283      046F9A6C 
 283      4CF6
 284 0742 1599EC0C 		.ascii	"\025\231\354\014e\331\324.\026\215#\347\346E\210\"\""
ARM GAS  /tmp/ccbYge6K.s 			page 22


 284      65D9D42E 
 284      168D23E7 
 284      E6458822 
 284      22
 285 0753 542A1E88 		.ascii	"T*\036\210\022\253\227\215\363wD\211\027\227Q^{\224"
 285      12AB978D 
 285      F3774489 
 285      1797515E 
 285      7B94
 286 0765 078BD901 		.ascii	"\007\213\331\001!\223\334\230\274M-O@9\261\012\025Z"
 286      2193DC98 
 286      BC4D2D4F 
 286      4039B10A 
 286      155A
 287 0777 13B07876 		.ascii	"\023\260xv\370\261\023\336\243!q\207\037\215O5\270#"
 287      F8B113DE 
 287      A3217187 
 287      1F8D4F35 
 287      B823
 288 0789 88A8243E 		.ascii	"\210\250$>\315\022OXE\234\000\231'\271'N\203'N\331X"
 288      CD124F58 
 288      459C0099 
 288      27B9274E 
 288      83274ED9 
 289 079e 0A99B4E7 		.ascii	"\012\231\264\347n\023\213>`\217vrj\205Ad\306\266d3c"
 289      6E138B3E 
 289      608F7672 
 289      6A854164 
 289      C6B66433 
 290 07b3 4FDA1A4B 		.ascii	"O\332\032K\226'\335\325\303\002>HuB\017\006s\256\011"
 290      9627DDD5 
 290      C3023E48 
 290      75420F06 
 290      73AE09
 291 07c6 389B217B 		.ascii	"8\233!{{kz\370:\246"
 291      7B6B7AF8 
 291      3AA6
 292 07d0 8E6E307B 		.ascii	"\216n0{S\342t<3\310f\250\276m\266\322\025\237b\304\247"
 292      53E2743C 
 292      33C866A8 
 292      BE6DB6D2 
 292      159F62C4 
 293 07e5 66B36330 		.ascii	"f\263c0.\243\310\317\322\217\354\350\205\234Y\340\255"
 293      2EA3C8CF 
 293      D28FECE8 
 293      859C59E0 
 293      AD
 294 07f6 5B007FBC 		.ascii	"[\000\177\274u4s\300R\037r\201\277\013\241\001\036A"
 294      753473C0 
 294      521F7281 
 294      BF0BA101 
 294      1E41
 295 0808 32E9743E 		.ascii	"2\351t>\336\344j\375\301S\037\335\002\037f\346\320u"
 295      DEE46AFD 
 295      C1531FDD 
 295      021F66E6 
 295      D075
ARM GAS  /tmp/ccbYge6K.s 			page 23


 296 081a FC72FC8E 		.ascii	"\374r\374\216(\356\320\241q\260\362\034\314Y\345\257"
 296      28EED0A1 
 296      71B0F21C 
 296      CC59E5AF 
 297 082a 134F0D40 		.ascii	"\023O\015@@R\0045\362\036\304\213c\340E3\304L\005@\231"
 297      40520435 
 297      F21EC48B 
 297      63E04533 
 297      C44C0540 
 298 083f 8D370776 		.ascii	"\2157\007vc\361\360bT\011\"\252\224EPO\312\006\370\234"
 298      63F1F062 
 298      540922AA 
 298      9445504F 
 298      CA06F89C 
 299 0853 CD00938E 		.ascii	"\315\000\223\216\314\247r%\316BP\027\223\240~\002\202"
 299      CCA77225 
 299      CE425017 
 299      93A07E02 
 299      82
 300 0864 ABB9128F 		.ascii	"\253\271\022\217\341~\024\024\030\001x\004\360\020\340"
 300      E17E1414 
 300      18017804 
 300      F010E0
 301 0873 01C030C0 		.ascii	"\001\3000\300}\200{\000C\000\203\000W\001Z\000.\000"
 301      7D807B00 
 301      43008300 
 301      57015A00 
 301      2E00
 302 0885 D4039C07 		.ascii	"\324\003\234\007\250\005\250\001\250\2621\340A\017>"
 302      A805A801 
 302      A8B231E0 
 302      410F3E
 303 0894 9B132326 		.ascii	"\233\023#&\372\221\212[\002\261P-7\241@2AQ\277\"\336"
 303      FA918A5B 
 303      02B1502D 
 303      37A14032 
 303      4151BF22 
 304 08a9 E12FA75F 		.ascii	"\341/\247_K\327\374d\232Md?w\002\331\351W8\247R\216"
 304      4BD7FC64 
 304      9A4D643F 
 304      7702D9E9 
 304      5738A752 
 305 08be DC58C8E8 		.ascii	"\334X\310\350\353\300\263\025\312\364\366CRn3$u,\347"
 305      EBC0B315 
 305      CAF4F643 
 305      526E3324 
 305      752CE7
 306 08d1 18BB67D7 		.ascii	"\030\273g\327\271x\262#\272d\317\256\311V<$K\315\037"
 306      B978B223 
 306      BA64CFAE 
 306      C9563C24 
 306      4BCD1F
 307 08e4 591D213B 		.ascii	"Y\035!;\201Ve\362\345\022\365\300o#(\365E\240\272\305"
 307      815665F2 
 307      E512F5C0 
 307      6F2328F5 
 307      45A0BAC5 
ARM GAS  /tmp/ccbYge6K.s 			page 24


 308 08f8 A9AB819A 		.ascii	"\251\253\201\232D\016\352V\366\275\365y3\370\273\221"
 308      440EEA56 
 308      F6BDF579 
 308      33F8BB91 
 309 0908 FBFE12DC 		.ascii	"\373\376\022\3347\201\357\032l}W\300}A\242\354<\360"
 309      3781EF1A 
 309      6C7D57C0 
 309      7D41A2EC 
 309      3CF0
 310 091a 6F74507F 		.ascii	"otP\177\025\371\327\361\016\216\371\327\3702c\011\373"
 310      15F9D7F1 
 310      0E8EF9D7 
 310      F8326309 
 310      FB
 311 092b 5A45F6B2 		.ascii	"ZE\366\2622\3622\237\225\221F\3332\302\036\316>\304"
 311      32F2329F 
 311      959146DB 
 311      32C21ECE 
 311      3EC4
 312 093d 59877690 		.ascii	"Y\207v\220\351\235\270\242^Z`\022j\213\267F{\360Hv\013"
 312      E99DB8A2 
 312      5E5A6012 
 312      6A8BB746 
 312      7BF04876 
 313 0952 AB5C9781 		.ascii	"\253\\\227\201\254\327\336\277=sr\332\2562\266\203\031"
 313      ACD7DEBF 
 313      3D7372DA 
 313      AE32B683 
 313      19
 314 0963 6DDCA42B 		.ascii	"m\334\244+p\337j\353\256|\231\273\210=m\312\366(\262"
 314      70DF6AEB 
 314      AE7C99BB 
 314      883D6DCA 
 314      F628B2
 315 0976 EEE3F4F6 		.ascii	"\356\343\364\366\254\231}\365\334\3706\007\306\247E"
 315      AC997DF5 
 315      DCF83607 
 315      C6A745
 316 0985 51E38955 		.ascii	"Q\343\211U\375\222\361m\266\306\337\267\030\337!,D\003"
 316      FD92F16D 
 316      B6C6DFB7 
 316      18DF212C 
 316      4403
 317 0997 CAC65305 		.ascii	"\312\306S\005w((\250\242\275\210vwA\273;0\226\267\001"
 317      772828A8 
 317      A2BD8876 
 317      7741BB3B 
 317      3096B701 
 318 09ab 06007A00 		.ascii	"\006\000z\000\256\003t\002\\\263q\310\344'l|I\354\337"
 318      AE037402 
 318      5CB371C8 
 318      E4276C7C 
 318      49ECDF
 319 09be 06798483 		.ascii	"\006y\204\203\303\271\376\345%Y\342\335\371:j3_t\334"
 319      C3B9FEE5 
 319      2559E2DD 
 319      F93A6A33 
ARM GAS  /tmp/ccbYge6K.s 			page 25


 319      5F74DC
 320 09d1 00E2BB8E 		.ascii	"\000\342\273\216\211eI\332e\223\2447X\222\312\003\367"
 320      896549DA 
 320      6593A437 
 320      5892CA03 
 320      F7
 321 09e2 113C7C48 		.ascii	"\021<|H\272?\000~]|(n\201\261\335`\330M\3110\342\314"
 321      BA3F007E 
 321      5D7C286E 
 321      81B1DD60 
 321      D84DC930 
 322 09f8 293C6A66 		.ascii	")<jf\223\003\331\275\016\362\016J\225\233u\030^D\252"
 322      9303D9BD 
 322      0EF20E4A 
 322      959B7518 
 322      5E44AA
 323 0a0b 3C89CD61 		.ascii	"<\211\315aNkM\023\3738\037\214q\"\273\342.\245\245\001"
 323      4E6B4D13 
 323      FB381F8C 
 323      7122BBE2 
 323      2EA5A501 
 324 0a1f 0C627E03 		.ascii	"\014b~\003\037\304^\260|\344\265,\357\003J\311\362^"
 324      1FC45EB0 
 324      7CE4B52C 
 324      EF034AC9 
 324      F25E
 325 0a31 66B98319 		.ascii	"f\271\203\031\005\365\203\301\322\244b\015\260\204\250"
 325      05F583C1 
 325      D2A4620D 
 325      B084A8
 326 0a40 78126084 		.ascii	"x\022`\204\325\250\024`\225\224\227U\267\014\213n0\025"
 326      D5A81460 
 326      95949755 
 326      B70C8B6E 
 326      3015
 327 0a52 3C7EE508 		.ascii	"<~\345\010\222\220n\340\225\221\224\272'_G\335\370\221"
 327      92906EE0 
 327      959194BA 
 327      275F47DD 
 327      F891
 328 0a64 5417CD8E 		.ascii	"T\027\315\216\211\231\276\327\316i\210\013\201f\256"
 328      8999BED7 
 328      CE69880B 
 328      8166AE
 329 0a73 0B9F95CF 		.ascii	"\013\237\225\317\037\213\024S\227\321\235\350S\236\004"
 329      1F8B1453 
 329      97D19DE8 
 329      539E04
 330 0a82 7C8BC3D6 		.ascii	"|\213\303\326Vc\262\331\240\361g\273\305\252\010L7\217"
 330      5663B2D9 
 330      A0F167BB 
 330      C5AA084C 
 330      378F
 331 0a94 91820271 		.ascii	"\221\202\002q\204 \021\017\377\224\021\223\375_\214"
 331      8420110F 
 331      FF941193 
 331      FD5F8C
ARM GAS  /tmp/ccbYge6K.s 			page 26


 332 0aa3 12B17C9E 		.ascii	"\022\261|\236\271V\312\303\035\366Hh\213\375\2749gI"
 332      B956CAC3 
 332      1DF64868 
 332      8BFDBC39 
 332      6749
 333 0ab5 DEF563A9 		.ascii	"\336\365c\251T\356\260\247\236\273\336\277\"#OV&\227"
 333      54EEB0A7 
 333      9EBBDEBF 
 333      22234F56 
 333      2697
 334 0ac7 0F45091F 		.ascii	"\017E\011\037\012\262\216K\261'\257\234\303}\362}\306"
 334      0AB28E4B 
 334      B127AF9C 
 334      C37DF27D 
 334      C6
 335 0ad8 9D4CA967 		.ascii	"\235L\251g\224\311e\252\217\234\265\233E\252\035\314"
 335      94C965AA 
 335      8F9CB59B 
 335      45AA1DCC 
 336 0ae8 22DCD2F7 		.ascii	"\"\334\322\367m'\205\271\324\362\221>\313\352b\265\203"
 336      6D2785B9 
 336      D4F2913E 
 336      CBEA62B5 
 336      83
 337 0af9 BA383B4E 		.ascii	"\2728;N\216\325H\200\227J[\276jYY\204e\336\2449\232"
 337      8ED54880 
 337      974A5BBE 
 337      6A595984 
 337      65DEA439 
 338 0b0e 6632C9CE 		.ascii	"f2\311\316\032\276\006s\230\235-\261\230\204V\271\255"
 338      1ABE0673 
 338      989D2DB1 
 338      988456B9 
 338      AD
 339 0b1f 3C59323D 		.ascii	"<Y2=\265)3\343s\313\214u\201\370\0142\355U\013D^\016"
 339      B52933E3 
 339      73CB8C75 
 339      81F80C32 
 339      ED550B44 
 340 0b35 76391381 		.ascii	"v9\023\201\204\355\005)\361\312\251\011\344X''\257Z"
 340      84ED0529 
 340      F1CAA909 
 340      E4582727 
 340      AF5A
 341 0b47 58BC8B1E 		.ascii	"X\274\213\036\004D\211\363\004\352\266\\\020\221C\345"
 341      044489F3 
 341      04EAB65C 
 341      109143E5 
 342 0b57 3F1716C3 		.ascii	"?\027\026\303\337/\324\2148\243\255\365\327K2\305\314"
 342      DF2FD48C 
 342      38A3ADF5 
 342      D74B32C5 
 342      CC
 343 0b68 3EB1EA79 		.ascii	">\261\352y\234S\374\335z\310V\364\001!B\331\022o\270"
 343      9C53FCDD 
 343      7AC856F4 
 343      012142D9 
ARM GAS  /tmp/ccbYge6K.s 			page 27


 343      126FB8
 344 0b7b 85BF5930 		.ascii	"\205\277Y0=\242c0+\250\320\013a\011t\336\237\331\027"
 344      3DA26330 
 344      2BA8D00B 
 344      610974DE 
 344      9FD917
 345 0b8e ED8AAB5C 		.ascii	"\355\212\253\\\350\222\373iAL\252\240\026\370\002\024"
 345      E892FB69 
 345      414CAAA0 
 345      16F80214 
 346 0b9e F843DB89 		.ascii	"\370C\333\211\364\310)\354X\225)\252\312\244\300u\251"
 346      F4C829EC 
 346      589529AA 
 346      CAA4C075 
 346      A9
 347 0baf 9C1D1875 		.ascii	"\234\035\030u\347\312t\375\020\206<R$\347C@\205&\244"
 347      E7CA74FD 
 347      10863C52 
 347      24E74340 
 347      8526A4
 348 0bc2 A19A10EC 		.ascii	"\241\232\020\354t\231\246\272L\305\365O\350p\253c]&"
 348      7499A6BA 
 348      4CC5F54F 
 348      E870AB63 
 348      5D26
 349 0bd4 538B4BDD 		.ascii	"S\213K\335\344\272\374a\221L\225Y\252\312K\213*\275"
 349      E4BAFC61 
 349      914C9559 
 349      AACA4B8B 
 349      2ABD
 350 0be6 5563C56A 		.ascii	"Uc\305jP\245\217T\366t\247\364(\360\313\001D\311\320"
 350      50A58F54 
 350      F674A7F4 
 350      28F0CB01 
 350      44C9D0
 351 0bf9 8CEC1C87 		.ascii	"\214\354\034\207\037\260 \021\023\035:\307\237\327h"
 351      1FB02011 
 351      131D3AC7 
 351      9FD768
 352 0c08 F10E5776 		.ascii	"\361\016WvD\230R\220\312\337\306\264\222W9\215\317\223"
 352      44985290 
 352      CADFC6B4 
 352      9257398D 
 352      CF93
 353 0c1a 2AF871BF 		.ascii	"*\370q\277\370-\3007\367\307\266k\331\363\027\364\270"
 353      F82DC037 
 353      F7C7B66B 
 353      D9F317F4 
 353      B8
 354 0c2b 2F26A399 		.ascii	"/&\243\231\237\024^'\247\201e3\231\305j\376z\300\035"
 354      9F145E27 
 354      A7816533 
 354      99C56AFE 
 354      7AC01D
 355 0c3e F0D9FB37 		.ascii	"\360\331\3737\016\361\375\317cB_\223Y\372]\274\223\311"
 355      0EF1FDCF 
 355      63425F93 
ARM GAS  /tmp/ccbYge6K.s 			page 28


 355      59FA5DBC 
 355      93C9
 356 0c50 1A4FEEEA 		.ascii	"\032O\356\352\365\300\251\014\271\237\327\336\216q\206"
 356      F5C0A90C 
 356      B99FD7DE 
 356      8E7186
 357 0c5f 2B3BB2DF 		.ascii	"+;\262\337\324Z\"\310O\225\331\231[\002\326\242-\330"
 357      D45A22C8 
 357      4F95D999 
 357      5B02D6A2 
 357      2DD8
 358 0c71 EE305EF1 		.ascii	"\3560^\361X?\036+\275\273\301\271\251\355\037#\330@"
 358      583F1E2B 
 358      BDBBC1B9 
 358      A9ED1F23 
 358      D840
 359 0c83 F1B4CA75 		.ascii	"\361\264\312uzq\222\244\325v\2540E\015\356vf\371K\244"
 359      7A7192A4 
 359      D576AC30 
 359      450DEE76 
 359      66F94BA4 
 360 0c97 C68154A0 		.ascii	"\306\201T\240z\335E\220\212\022\223|\330\012\212l\303"
 360      7ADD4590 
 360      8A12937C 
 360      D80A8A6C 
 360      C3
 361 0ca8 2C0FC879 		.ascii	",\017\310y\314\241{\035\032\334\311\254\274w\352B<l"
 361      CCA17B1D 
 361      1ADCC9AC 
 361      BC77EA42 
 361      3C6C
 362 0cba 5E95F7AE 		.ascii	"^\225\367\256;\240\243\022\023\276\357~\217\344R\022"
 362      3BA0A312 
 362      13BEEF7E 
 362      8FE45212 
 363 0cca 3C4F94FC 		.ascii	"<O\224\374A\314\240Rv\0156\233]\361=\346\330\321\376"
 363      41CCA052 
 363      760D369B 
 363      5DF13DE6 
 363      D8D1FE
 364 0cdd A8C39E78 		.ascii	"\250\303\236x\214!\231M\233[\\\361s\206\024&FD`\034"
 364      8C21994D 
 364      9B5B5CF1 
 364      73861426 
 364      4644601C 
 365 0cf1 CBCE6D1B 		.ascii	"\313\316m\033\306\343F\350\001X\324\253\017\300\360"
 365      C6E346E8 
 365      0158D4AB 
 365      0FC0F0
 366 0d00 CEE25C10 		.ascii	"\316\342\\\020\355h\313\275\023\324I\345j\357\001\265"
 366      ED68CBBD 
 366      13D449E5 
 366      6AEF01B5 
 367 0d10 D3B065B9 		.ascii	"\323\260e\271\021\035E\247\326\256\255\355lj\335\215"
 367      111D45A7 
 367      D6AEADED 
 367      6C6ADD8D 
ARM GAS  /tmp/ccbYge6K.s 			page 29


 368 0d20 756817A7 		.ascii	"uh\027\247v\\\026\037\262\262\230\212\355\267\334\375"
 368      765C161F 
 368      B2B2988A 
 368      EDB7DCFD 
 369 0d30 714F0BD4 		.ascii	"qO\013\3248\211*/<\030\036\270\354\201|\026X\313\345"
 369      38892A2F 
 369      3C181EB8 
 369      EC817C16 
 369      58CBE5
 370 0d43 4DB68CDC 		.ascii	"M\266\214\334\007\274\323%\007\245R\007)\352\275\027"
 370      07BCD325 
 370      07A55207 
 370      29EABD17 
 371 0d53 7455D29B 		.ascii	"tU\322\233\274\013K\275\037\347\2163\231\233b\273\252"
 371      BC0B4BBD 
 371      1FE78E33 
 371      999B62BB 
 371      AA
 372 0d64 EBDDF131 		.ascii	"\353\335\3611\206\034\231\234zL\216\271\336\"\357}\260"
 372      861C999C 
 372      7A4C8EB9 
 372      DE22EF7D 
 372      B0
 373 0d75 EC2CFC2D 		.ascii	"\354,\374-\366\374\\S\303Q\035.d:&\036\310\211w\265"
 373      F6FC5C53 
 373      C3511D2E 
 373      643A261E 
 373      C88977B5 
 374 0d89 BC86022F 		.ascii	"\274\206\002/;\371\250\254\231\214\016\203\310\267x"
 374      3BF9A8AC 
 374      998C0E83 
 374      C8B778
 375 0d98 BC1EC05E 		.ascii	"\274\036\300^(\023[^\307t>[TB\016\315\017A\024\036\224"
 375      28135B5E 
 375      C7743E5B 
 375      54420ECD 
 375      0F41141E 
 376 0dad 4C798BBF 		.ascii	"Ly\213\277\214\251L\2729\250\305eL\304t\324\256Q\265"
 376      8CA94CBA 
 376      39A8C565 
 376      4CC474D4 
 376      AE51B5
 377 0dc0 EC34FCED 		.ascii	"\3544\374\355:z\032~\014\272\036\221\272\002'K\332\330"
 377      3A7A1A7E 
 377      0CBA1E91 
 377      BA02274B 
 377      DAD8
 378 0dd2 AB715441 		.ascii	"\253qTA\015r\274q\346\346\264'\256cB\262\366\245?\322"
 378      0D72BC71 
 378      E6E6B427 
 378      AE6342B2 
 378      F6A53FD2 
 379 0de6 588580AF 		.ascii	"X\205\200\257\037]%9t\034\204dIB\2169\026\222\255,\244"
 379      1F5D2539 
 379      741C8464 
 379      49428E39 
 379      1692AD2C 
ARM GAS  /tmp/ccbYge6K.s 			page 30


 380 0dfb 3F61A011 		.ascii	"?a\240\021\341\026\346\271\304s\231\025\316\370\032"
 380      E116E6B9 
 380      C4739915 
 380      CEF81A
 381 0e0a 43F273A7 		.ascii	"C\362s\247\012\265\264.~n)\213\017O]:\202\035\226\305"
 381      0AB5B42E 
 381      7E6E298B 
 381      0F4F5D3A 
 381      821D96C5 
 382 0e1e 7C4CCA62 		.ascii	"|L\312b\036\346e\361t\301\245}Z\371\321\022<\227\205"
 382      1EE665F1 
 382      74C1A57D 
 382      5AF9D112 
 382      3C9785
 383 0e31 7601B62C 		.ascii	"v\001\266,\022\2016\2538%\307\015\3670S{/\224\015\270"
 383      128136AB 
 383      3825C70D 
 383      F730537B 
 383      2F940DB8 
 384 0e45 D99ECECA 		.ascii	"\331\236\316\312\273\242\223`\211\324\233Os\351\363"
 384      BBA29360 
 384      89D49B4F 
 384      73E9F3
 385 0e54 2249C49E 		.ascii	"\"I\304\236\200\366B\311\037@\306+\300\263\344>O<\304"
 385      80F642C9 
 385      1F40C62B 
 385      C0B3E43E 
 385      4F3CC4
 386 0e67 2CAB3A5D 		.ascii	",\253:]zJ\207G\031\362dz_1/\225\013\001\235\351MLt\346"
 386      7A4A8747 
 386      19F2647A 
 386      5F312F95 
 386      0B019DE9 
 387 0e7f 2745A4B2 		.ascii	"'E\244\262\2165\364\306\271a\321\215u\234:{S\207c)\242"
 387      8E35F4C6 
 387      B961D18D 
 387      759C3A7B 
 387      53876329 
 388 0e94 DDFAF2EA 		.ascii	"\335\372\362\352\214\026\2213\"\037oo\237\005\336\362"
 388      8C169133 
 388      221F6F6F 
 388      9F05DEF2 
 389 0ea4 49BA081C 		.ascii	"I\272\010\034|\006\034\214*@\327j\036\340Up_\212a\202"
 389      7C061C8C 
 389      2A40D76A 
 389      1EE05570 
 389      5F8A6182 
 390 0eb8 06380750 		.ascii	"\0068\007P\011P\203\345\033\036H\324\356&\276\006.\007"
 390      095083E5 
 390      1B1E48D4 
 390      EE26BE06 
 390      2E07
 391 0eca 4B4E8125 		.ascii	"KN\201%\325\312\211\312\227\214\177b\305\222\020\347"
 391      D5CA89CA 
 391      978C7F62 
 391      C59210E7 
 392 0eda 2812B3A5 		.ascii	"(\022\263\245\221\314\225%X\276\300(\247\016\222\026"
ARM GAS  /tmp/ccbYge6K.s 			page 31


 392      91CC9525 
 392      58BEC028 
 392      A70E9216 
 393 0eea 3C0D6C17 		.ascii	"<\015l\027L\210\316Jn\254\306\013\344:\366\346p\035"
 393      4C88CE4A 
 393      6EACC60B 
 393      E43AF6E6 
 393      701D
 394 0efc 89B773ED 		.ascii	"\211\267s\355\305\316]\357\231\377\224\012\3633\246"
 394      C5CE5DEF 
 394      99FF940A 
 394      F333A6
 395 0f0b C19AC1C9 		.ascii	"\301\232\301\311\255q9\347p\263\347\026_\223\331\026"
 395      AD7139E7 
 395      70B3E716 
 395      5F93D916 
 396 0f1b 1F45F79E 		.ascii	"\037E\367\236\346\334^\317\275-=|%\011\001]l\257\266"
 396      E6DC5ECF 
 396      BD2D3D7C 
 396      2509015D 
 396      6CAFB6
 397 0f2e 6C554B6A 		.ascii	"lUKjL\365\263*-\336\315\206\275(zp\306\023\347SDs\261"
 397      4CF5B32A 
 397      2DDECD86 
 397      BD287A70 
 397      C613E753 
 398 0f45 30B2CF99 		.ascii	"0\262\317\231\036\252\373,\340\346\351m\007\241\321"
 398      1EAAFB2C 
 398      E0E6E96D 
 398      07A1D1
 399 0f54 C120F013 		.ascii	"\301 \360\023;\031\365)Ej\331\370\326\337\233\037\025"
 399      3B19F529 
 399      456AD9F8 
 399      D6DF9B1F 
 399      15
 400 0f65 25662DB3 		.ascii	"%f-\263\272\256\321\201\353\370\201H\240\344\350:e\352"
 400      BAAED181 
 400      EBF88148 
 400      A0E4E83A 
 400      65EA
 401 0f77 5C24F374 		.ascii	"\\$\363t/?\022q\354i\353\246\266\226\263#\236n\000O"
 401      2F3F1271 
 401      EC69EBA6 
 401      B696B323 
 401      9E6E004F 
 402 0f8b D78377CF 		.ascii	"\327\203w\317\003\\\000\270(U\355\344\306\223\303\316"
 402      035C00B8 
 402      2855EDE4 
 402      C693C3CE 
 403 0f9b B894BA4A 		.ascii	"\270\224\272Jx"
 403      78
 404 0fa0 5A53BEDF 		.ascii	"ZS\276\337\331:\323\3321l\006&_\307\320\032\226-Q\273"
 404      D93AD3DA 
 404      316C0626 
 404      5FC7D01A 
 404      962D51BB 
 405 0fb4 48585E02 		.ascii	"HX^\002\372&),\033-3\357\331\212Go\263\024\366\"\037"
ARM GAS  /tmp/ccbYge6K.s 			page 32


 405      FA26292C 
 405      1B2D33EF 
 405      D98A476F 
 405      B314F622 
 406 0fc9 3ADC7A52 		.ascii	":\334zR\305\277\203\351#)\\\330\262m\257;nec\231\374"
 406      C5BF83E9 
 406      23295CD8 
 406      B26DAF3B 
 406      6E656399 
 407 0fde F2422D94 		.ascii	"\362B-\2248\206TT\215U\252q\017C\322\316\025^\300x\220"
 407      38865454 
 407      8D55AA71 
 407      0F43D2CE 
 407      155EC078 
 408 0ff3 21A3070F 		.ascii	"!\243\007\017\337\023\360C\206$Eg\016"
 408      DF13F043 
 408      86244567 
 408      0E
 409 1000 C15CCE90 		.ascii	"\301\\\316\220\274\244\010\330\021M1$?r\340\2743\216"
 409      BCA408D8 
 409      114D3124 
 409      3F72E0BC 
 409      338E
 410 1012 D311C465 		.ascii	"\323\021\304e\307\345\242d-{\335\002\213\035\353\261"
 410      C7E5A264 
 410      2D7BDD02 
 410      8B1DEBB1 
 411 1022 49765E8B 		.ascii	"Iv^\213H\263\205l\020:@\373^\254\270A\340#\376@\266"
 411      48B3856C 
 411      103A40FB 
 411      5EACB841 
 411      E023FE40 
 412 1037 DB69E3D4 		.ascii	"\333i\343\324\257\330\251u})mw:\355\311m\267\201\244"
 412      AFD8A975 
 412      7D296D77 
 412      3AEDC96D 
 412      B781A4
 413 104a 4C0ECB76 		.ascii	"L\016\313vj\355\366\344s3\367\345\260L\233+\312\332"
 413      6AEDF6E4 
 413      7333F7E5 
 413      B04C9B2B 
 413      CADA
 414 105c C852B77E 		.ascii	"\310R\267~\230\005T\257\322\312\356\332\260\354$\365"
 414      980554AF 
 414      D2CAEEDA 
 414      B0EC24F5 
 415 106c AAB2EC39 		.ascii	"\252\262\3549\247\215\227!\323[H\246_\343\035\350\241"
 415      A78D9721 
 415      D35B48A6 
 415      5FE31DE8 
 415      A1
 416 107d 0A84CB75 		.ascii	"\012\204\313u\010\223\036\200\233\000\335\0007\000\272"
 416      08931E80 
 416      9B00DD00 
 416      3700BA
 417 108c A438BC33 		.ascii	"\2448\2743\272\353\276\032'\323\201\021\236L\336?\202"
 417      BAEBBE1A 
ARM GAS  /tmp/ccbYge6K.s 			page 33


 417      27D38111 
 417      9E4CDE3F 
 417      82
 418 109d ECE2D0CA 		.ascii	"\354\342\320\312x\000\230\275.ck<\026\324n'\361\330"
 418      780098BD 
 418      2E636B3C 
 418      16D46E27 
 418      F1D8
 419 10af 0FFDFAA4 		.ascii	"\017\375\372\244x\354\265\304c\353\370\2418\015\316"
 419      78ECB5C4 
 419      63EBF8A1 
 419      380DCE
 420 10be A4D25174 		.ascii	"\244\322Qtk\304O\360qv?4t \205\177e\365\0352\271\024"
 420      6BC44FF0 
 420      71763F34 
 420      7420857F 
 420      65F51D32 
 421 10d4 6EC977D6 		.ascii	"n\311w\326J\337*\220v\2516\017\222\311\034\002\004\335"
 421      4ADF2A90 
 421      76A9360F 
 421      92C91C02 
 421      04DD
 422 10e6 6553F5A3 		.ascii	"eS\365\243#-'\311L\345\243E\177\226\255z|\330<\2667"
 422      232D27C9 
 422      4CE5A345 
 422      7F96AD7A 
 422      7CD83CB6 
 423 10fb 6960B72B 		.ascii	"i`\267+.a\026\357\177x=\312]\366\235\313R\366\021\326"
 423      2E6116EF 
 423      7F783DCA 
 423      5DF69DCB 
 423      52F611D6 
 424 110f 03A80BF7 		.ascii	"\003\250\013\367%}}\254\213\205\314(\361\257\"\226\313"
 424      257D7DAC 
 424      8B85CC28 
 424      F1AF2296 
 424      CB
 425 1120 0E5F87C1 		.ascii	"\016_\207\301\023>|\265p\017\\5\304T\210\215\316\332"
 425      133E7CB5 
 425      700F5C35 
 425      C454888D 
 425      CEDA
 426 1132 EE86EB98 		.ascii	"\356\206\353\230\220\3637c\326\311\227=\027\350\262"
 426      90F33763 
 426      D6C9973D 
 426      17E8B2
 427 1141 6704643C 		.ascii	"g\004d<\224d<\300\216\205<R\026\322Sp\263N\215\233\231"
 427      94643CC0 
 427      8E853C52 
 427      16D25370 
 427      B34E8D9B 
 428 1156 902BBB63 		.ascii	"\220+\273cF\235$K\262\360\255\332-\304\365O@\314\250"
 428      469D244B 
 428      B2F0ADDA 
 428      2DC4F54F 
 428      40CCA8
 429 1169 2466E415 		.ascii	"$f\344\025b\036+\213I4\357\314r\237\237\310c\342\215"
ARM GAS  /tmp/ccbYge6K.s 			page 34


 429      621E2B8B 
 429      4934EFCC 
 429      729F9FC8 
 429      63E28D
 430 117c C594650C 		.ascii	"\305\224e\014<\337\204\211\367\315x\276e\014Hr\227l"
 430      3CDF8489 
 430      F7CD78BE 
 430      650C4872 
 430      976C
 431 118e 9B4C7421 		.ascii	"\233Lt!\357\205\350+\037kr\357)\340\311MJ\323~\320g"
 431      EF85E82B 
 431      1F6B72EF 
 431      29E0C94D 
 431      4AD37ED0 
 432 11a3 1CAED61A 		.ascii	"\034\256\326\032'?\266\261\006\337b\025\212\002)\221"
 432      273FB6B1 
 432      06DF6215 
 432      8A022991 
 433 11b3 24F86EF3 		.ascii	"$\370n\363\036$\370^\200\232\223\020lc\000O\001\236"
 433      1E24F85E 
 433      809A9310 
 433      6C63004F 
 433      019E
 434 11c5 013C0798 		.ascii	"\001<\007\230\300\362\243C\363F\226\357d\215\235\302"
 434      C0F2A343 
 434      F34696EF 
 434      648D9DC2 
 435 11d5 7B5B93A8 		.ascii	"{[\223\250\333>\337\257|\305\016\370\311\011F2\247\266"
 435      DB3EDFAF 
 435      7CC50EF8 
 435      C9094632 
 435      A7B6
 436 11e7 BE3CE99E 		.ascii	"\276<\351\236\363\366`\362+\306\234\354p6\3333\217\305"
 436      F3F660F2 
 436      2BC69CEC 
 436      7036DB33 
 436      8FC5
 437 11f9 F6BB8417 		.ascii	"\366\273\204\027,\333\307\347d;\231[\2465 :u\031\361"
 437      2CDBC7E7 
 437      643B995B 
 437      A635203A 
 437      7519F1
 438 120c 23BAC379 		.ascii	"#\272\303yY\274\213\242\261\235\242\317^\314O\026Iq"
 438      59BC8BA2 
 438      B19DA2CF 
 438      5ECC4F16 
 438      4971
 439 121e 2029D5CA 		.ascii	" )\325\312\311\2559*\025IR\2647E?s\307\327Yx\014\034"
 439      C9AD392A 
 439      154952B4 
 439      37453F73 
 439      C7D75978 
 440 1234 A81AC1F2 		.ascii	"\250\032\301\362\324\226{w\006<\372\272\336\265\246"
 440      D4967B77 
 440      063CFABA 
 440      DEB5A6
 441 1243 F6BDDA6D 		.ascii	"\366\275\332m$\276\246\241\337\224\024_\343\226\324"
ARM GAS  /tmp/ccbYge6K.s 			page 35


 441      24BEA6A1 
 441      DF94145F 
 441      E396D4
 442 1252 6ECE3C3D 		.ascii	"n\316<=\343\372\346!\266\331\357\301i'\012\343\304\304"
 442      E3FAE621 
 442      B6D9EFC1 
 442      69270AE3 
 442      C4C4
 443 1264 3A72B200 		.ascii	":r\262\000\035\"X\007\253\006*\322B\216\012\360\233"
 443      1D225807 
 443      AB062AD2 
 443      428E0AF0 
 443      9B
 444 1275 E46B9307 		.ascii	"\344k\223\007\015\321\032|\207U\202\247\023[F\370\262"
 444      0DD11A7C 
 444      875582A7 
 444      135B46F8 
 444      B2
 445 1286 7311A057 		.ascii	"s\021\240W\017\354\356\343sV!\231\263ZSj:]\360#Fk\371"
 445      0FECEEE3 
 445      73562199 
 445      B35A536A 
 445      3A5DF023 
 446 129d 2E6821FB 		.ascii	".h!\373.(f\250\264\016\341i\366\254\244\246\023f\372"
 446      2E2866A8 
 446      B40EE169 
 446      F6ACA4A6 
 446      1366FA
 447 12b0 CDEEEC83 		.ascii	"\315\356\354\203\202\033\233\233<\361N\206\354\230N"
 447      821B9B9B 
 447      3CF14E86 
 447      EC984E
 448 12bf 4852E383 		.ascii	"HR\343\203\014\261|\336\271\220}\336y\360Iz\255\006"
 448      0CB17CDE 
 448      B9907DDE 
 448      79F0497A 
 448      AD06
 449 12d1 9F64CFBA 		.ascii	"\237d\317\272\216\034\356@\270\222!\011\235Y\227\264"
 449      8E1CEE40 
 449      B8922109 
 449      9D5997B4 
 450 12e1 B88921A5 		.ascii	"\270\211!\245\225\261\303n\370:C*\207k\2421\276\315"
 450      95B1C36E 
 450      F83A432A 
 450      876BA231 
 450      BECD
 451 12f3 255DC919 		.ascii	"%]\311\031R\343Q\206t\024\025\2478\343\031\206<\356"
 451      52E35186 
 451      741415A7 
 451      38E31986 
 451      3CEE
 452 1305 B8BACB15 		.ascii	"\270\272\313\025\307y\260\355\355\351|\321\011\2470"
 452      C779B0ED 
 452      EDE97CD1 
 452      09A730
 453 1314 24EB6854 		.ascii	"$\353hT\225\032g0\244v0s\227\033>\306\220{\263\343f"
 453      951A6730 
ARM GAS  /tmp/ccbYge6K.s 			page 36


 453      A4763073 
 453      971B3EC6 
 453      907BB3E3 
 454 1329 011730A4 		.ascii	"\001\0270\244\306\\x\214\327H\262\271\333\234fn\365"
 454      C65C788C 
 454      D748B2B9 
 454      DB9C666E 
 454      F5
 455 133a 74582377 		.ascii	"tX#w\251y\215\334\251\246I}\365aG\261 %5\242\237\266"
 455      A9798DDC 
 455      A9A6497D 
 455      F56147B1 
 455      202535A2 
 456 1350 48E4BBD5 		.ascii	"H\344\273\325\363-\235\350\026\245\267\276\300\025W"
 456      F32D9DE8 
 456      16A5B7BE 
 456      C01557
 457 135f 50B90B0F 		.ascii	"P\271\013\017M\356\231\362D\3366?\037\372\372\227\315"
 457      4DEE99F2 
 457      44DE363F 
 457      1FFAFA97 
 457      CD
 458 1370 5F976F38 		.ascii	"_\227o8O\225v\213b\214\216~\350\264M\215Q\216\332zB"
 458      4F95768B 
 458      628C8E7E 
 458      E8B44D8D 
 458      518EDA7A 
 459 1385 2B5F5DF1 		.ascii	"+_]\361S\316\347\202\230\260\230\322nQ\242\225\237\023"
 459      53CEE782 
 459      98B098D2 
 459      6E51A295 
 459      9F13
 460 1397 D7C46231 		.ascii	"\327\304b1e1\3352&qZ\353\272\315\327\236xXb\234\240"
 460      6531DD32 
 460      26715AEB 
 460      BACDD79E 
 460      7858629C 
 461 13ac C4D86679 		.ascii	"\304\330fy\260\230\235)\023\342\030[b6{\277#;\364\225"
 461      B0989D29 
 461      13E2185B 
 461      62367BBF 
 461      233BF495 
 462 13c0 F86E57E2 		.ascii	"\370nW\342+#\035\220H\267*\221F\251e\266\311T\210S\""
 462      2B231D90 
 462      48B72A91 
 462      46A965B6 
 462      C9548853 
 463 13d5 DEAC96EA 		.ascii	"\336\254\226\352\300\360\"\302\027\206\011\245pR\307"
 463      C0F022C2 
 463      178609A5 
 463      7052C7
 464 13e4 1F77483A 		.ascii	"\037wH:$*\261\225\223\312T\210U\362\202\374\315\220"
 464      242AB195 
 464      93CA5488 
 464      55F282FC 
 464      CD90
 465 13f6 C4365E89 		.ascii	"\3046^\211\255\374\304~\362\231\225v\207-\255\357\234"
ARM GAS  /tmp/ccbYge6K.s 			page 37


 465      ADFCC47E 
 465      F2999576 
 465      872DADEF 
 465      9C
 466 1407 C37D990A 		.ascii	"\303}\231\012\321J*0\227Y\016m\351)1\320\314]F\325\247"
 466      D14A2A30 
 466      97590E6D 
 466      E92931D0 
 466      CC5D46D5 
 467 141c 7DE7097D 		.ascii	"}\347\011}\001A8\245*q\222\2135\313\304F*\021\333lM"
 467      014138A5 
 467      2A71928B 
 467      35CBC446 
 467      2A11DB6C 
 468 1431 64C49B94 		.ascii	"d\304\233\224\210smg2\001d\251\275\220H4\247\304\244"
 468      88736D67 
 468      320164A9 
 468      BD904834 
 468      A7C4A4
 469 1444 F61D53FB 		.ascii	"\366\035S\373\240\003jo\224\013p\004 \035\340 \300~"
 469      A0036A6F 
 469      940B7004 
 469      201DE020 
 469      C07E
 470 1456 8034800C 		.ascii	"\2004\200\014\200\275\000\207\001\366\000d\002\034\002"
 470      80BD0087 
 470      01F60064 
 470      021C02
 471 1465 D807701C 		.ascii	"\330\007p\034\340(@6@\226Z\276u3K\236NV\360\264\365"
 471      E0284036 
 471      40965ABE 
 471      75334B9E 
 471      4E56F0B4 
 472 147a 7B966BE6 		.ascii	"{\226k\346\326\002\015\236\245\031-\034\0362_\325Y\317"
 472      D6020D9E 
 472      A5192D1C 
 472      1E325FD5 
 472      59CF
 473 148c A75AD2E8 		.ascii	"\247Z\322\350[\235\002\350\232\247\266\026v\342ce\223"
 473      5B9D02E8 
 473      9AA7B616 
 473      76E26365 
 473      93
 474 149d 503E58F2 		.ascii	"P>X\362\227\262\212\234\361\346\015\245\253\027p\311"
 474      97B28A9C 
 474      F1E60DA5 
 474      AB1770C9 
 475 14ad 9B1D4956 		.ascii	"\233\035IV\375\177\213\315L\331\367\3370\177\025V\321"
 475      FD7F8BCD 
 475      4CD9F7DF 
 475      307F1556 
 475      D1
 476 14be 43FCACA8 		.ascii	"C\374\254\250&X\277\010\250\020\244\315\362\331K\032"
 476      2658BF08 
 476      A810A4CD 
 476      F2D94B1A 
 477 14ce 53D2F27B 		.ascii	"S\322\362{P\354\204\232\314_[\212\332{\324\016+\361"
ARM GAS  /tmp/ccbYge6K.s 			page 38


 477      50EC849A 
 477      CC5F5B8A 
 477      DA7BD40E 
 477      2BF1
 478 14e0 494B255E 		.ascii	"IK%^F\013q\302\243\266T\235}!\226\316\212N\321BL\373"
 478      460B71C2 
 478      A3B6549D 
 478      7D2196CE 
 478      8A4ED142 
 479 14f6 50842CD9 		.ascii	"P\204,\331\247\362J\371\367\305\032@\237\027d\266\270"
 479      A7F24AF9 
 479      F7C51A40 
 479      9F1764B6 
 479      B8
 480 1507 3B9476C6 		.ascii	";\224v\306\"\3554\253\373\343[6=\347\377\331\201|\007"
 480      22ED34AB 
 480      FBE35B36 
 480      3DE7FFD9 
 480      817C07
 481 151a 7EB335B7 		.ascii	"~\2635\267\336\335^:\324\031TD\355*\246\322\3170\351"
 481      DEDD5E3A 
 481      D4195444 
 481      ED2AA6D2 
 481      CF30E9
 482 152d C554FAD3 		.ascii	"\305T\372\323\344\334I$?\255\232\2669'9\253\246\347"
 482      E4DC4924 
 482      3FAD9AB6 
 482      392739AB 
 482      A6E7
 483 153f 24E44A8C 		.ascii	"$\344J\214\333t<\002\266}\236\354#\274\210\216j\255"
 483      DB743C02 
 483      B67D9EEC 
 483      23BC888E 
 483      6AAD
 484 1551 C343B152 		.ascii	"\303C\261R\265\374\015JC\312\321\024\335\222L\261\252"
 484      B5FC0D4A 
 484      43CAD114 
 484      DD924CB1 
 484      AA
 485 1562 4FACBA39 		.ascii	"O\254\2729\354\\\232\023#\266\202\377?\242t\250D\012"
 485      EC5C9A13 
 485      23B682FF 
 485      3FA274A8 
 485      440A
 486 1574 4BB8B57D 		.ascii	"K\270\265}qQ\246&/\015\216>\177\021\357\201\353\230"
 486      7151A626 
 486      2F0D8E3E 
 486      7F11EF81 
 486      EB98
 487 1586 E04D33E6 		.ascii	"\340M3\346>\017\316l\252\014\247\026\3300+\227\230\225"
 487      3E0FCE6C 
 487      AA0CA716 
 487      D8302B97 
 487      9895
 488 1598 DB33ABA0 		.ascii	"\3333\253\240\314:\007k\002p\013\343u<o\177\241\007"
 488      CC3A076B 
 488      02700BE3 
ARM GAS  /tmp/ccbYge6K.s 			page 39


 488      753C6F7F 
 488      A107
 489 15aa EE66487C 		.ascii	"\356fH|M\355^\215\032\306\375\034\351H\347\344\211\336"
 489      4DED5E8D 
 489      1AC6FD1C 
 489      E948E7E4 
 489      89DE
 490 15bc 79F42890 		.ascii	"y\364(\220\374\327\011v\026XW\2303\343\341\320\354\032"
 490      FCD70976 
 490      16585798 
 490      33E3E1D0 
 490      EC1A
 491 15ce 6A76B59A 		.ascii	"jv\265\232\333=\230\276\253\320\215\253\3329\343\334"
 491      DB3D98BE 
 491      ABD08DAB 
 491      DA39E3DC 
 492 15de 78E24E53 		.ascii	"x\342NS\204\2700\372\007\204\016UZ4EUj5\301l\225\255"
 492      84B830FA 
 492      07840E55 
 492      5A344555 
 492      6A35C16C 
 493 15f4 A5CAB68E 		.ascii	"\245\312\266\216\224%\270\341\254yl%\021\275mV\303\331"
 493      9425B8E1 
 493      AC796C25 
 493      11BD6D56 
 493      C3D9
 494 1606 F50E3BB7 		.ascii	"\365\016;\267\304\223\357\311\"\304\017>\242\226\327"
 494      C493EFC9 
 494      22C40F3E 
 494      A296D7
 495 1615 4996D7D9 		.ascii	"I\226\327\3313;O\231\365e\014%\273\343\323\214YS\345"
 495      333B4F99 
 495      F5650C25 
 495      BBE3D38C 
 495      5953E5
 496 1628 A10E27C9 		.ascii	"\241\016'\311\215\027m\335X/1\253\267gv\2012\333|!v"
 496      8D176DDD 
 496      582F31AB 
 496      B7677681 
 496      32DB7C21 
 497 163d C84D1E39 		.ascii	"\310M\0369\3756\221s\221G\316E\0329\247Nl\033\265\371"
 497      FD369173 
 497      9147CE45 
 497      1A39A74E 
 497      6C1BB5F9 
 498 1651 E095BC24 		.ascii	"\340\225\274$\222\210\0338q\003%\316\211\252x\027W1"
 498      92881B38 
 498      710325CE 
 498      89AA7817 
 498      5731
 499 1663 2D0F348F 		.ascii	"-\0174\217\355\322\342\026\206\344\233\307\3635,\332"
 499      EDD2E216 
 499      86E49BC7 
 499      F3352CDA 
 500 1673 C9FFC699 		.ascii	"\311\377\306\231\030\253*tq\230*\315\226T\271\304R\245"
 500      18AB2A74 
 500      71982ACD 
ARM GAS  /tmp/ccbYge6K.s 			page 40


 500      9654B9C4 
 500      52A5
 501 1685 F6CCB63F 		.ascii	"\366\314\266?\332\247\206\345\245\242\012\265\320\324"
 501      DAA786E5 
 501      A5A20AB5 
 501      D0D4
 502 1693 68B6AC90 		.ascii	"h\266\254\220z\266\\\353\327\310\251\023_E})\362\322"
 502      7AB65CEB 
 502      D7C8A913 
 502      5F457D29 
 502      F2D2
 503 16a5 1D0F282E 		.ascii	"\035\017(.\255\254\270\\>\262I\214\210\201\035\302e"
 503      ADACB85C 
 503      3EB2498C 
 503      88811DC2 
 503      65
 504 16b6 98CF9BC0 		.ascii	"\230\317\233\300\221\323\302\022Y\347F5\253.\255\352"
 504      91D3C212 
 504      59E74635 
 504      AB2EADEA 
 505 16c6 3755F3FC 		.ascii	"7U\363\374\327|jX\375\313@c\270\351\367k\214\006\277"
 505      D77C6A58 
 505      FDCB4063 
 505      B8E9F76B 
 505      8C06BF
 506 16d9 00975FFD 		.ascii	"\000\227_\375\346\3637V._\256\322\206\351\001\017\012"
 506      E6F33756 
 506      2E5FAED2 
 506      86E9010F 
 506      0A
 507 16ea 3306866A 		.ascii	"3\006\206j\365\372\265\201!\246w\336\326\233\376\311"
 507      F5FAB581 
 507      21A677DE 
 507      D69BFEC9 
 508 16fa 776DB8D1 		.ascii	"wm\270\32170\304?hm\200\3017\304\260>(\360\013\337`"
 508      3730C43F 
 508      686D80C1 
 508      37C4B03E 
 508      28F00BDF 
 509 170f 3FFF3581 		.ascii	"?\3775\201!\006_}\200a\225\337\332 \223\336\2641\314"
 509      21065F7D 
 509      806195DF 
 509      DA2093DE 
 509      B431CC
 510 1722 10BE748D 		.ascii	"\020\276t\215\312\305\322m\211R\267\360\215\341\276"
 510      CAC5D26D 
 510      8952B7F0 
 510      8DE1BE
 511 1731 FA705300 		.ascii	"\372pS\000\320\000\255\263\211\210\322\233>\364]\023"
 511      D000ADB3 
 511      8988D29B 
 511      3EF45D13 
 512 1741 1A6CF0F5 		.ascii	"\032l\360\365\013\360\013\366]\271&\360\213\300\337"
 512      0BF00BF6 
 512      5DB926F0 
 512      8BC0DF
 513 1750 7EA65FBE 		.ascii	"~\246_\276b\351\362\245?\366\015\015\3675\232|\303B"
ARM GAS  /tmp/ccbYge6K.s 			page 41


 513      62E9F2A5 
 513      3FF60D0D 
 513      F7359A7C 
 513      C342
 514 1762 8DA670DF 		.ascii	"\215\246p\337_|\372\311\312O6\370\372\207\006\207\005"
 514      5F7CFAC9 
 514      CA4F36F8 
 514      FA870687 
 514      05
 515 1773 06198CE1 		.ascii	"\006\031\214\341\276\277Z\271\322\327\177\215E\262k"
 515      BEBF5AB9 
 515      D2D77F8D 
 515      45B26B
 516 1782 983ED8B4 		.ascii	"\230>\330\264!(0\334\244\011\326\207\0306\230\234\203"
 516      212830DC 
 516      A409D687 
 516      1836989C 
 516      83
 517 1793 F5A1EB43 		.ascii	"\365\241\353C\014F\270\376\327Z\303Z\203&\2146\203\375"
 517      0C46B8FE 
 517      D75AC35A 
 517      83268C36 
 517      83FD
 518 17a5 7A13353C 		.ascii	"z\0235<\334\332\036f4\254\363\264i\324C\367\265&\303"
 518      DCDA1E66 
 518      34ACF3B4 
 518      69D443F7 
 518      B526C3
 519 17b8 06BDC905 		.ascii	"\006\275\311\005\350\351-\270\307\020f\010\001\345W"
 519      E8E92DB8 
 519      C7106608 
 519      01E557
 520 17c7 BB19D619 		.ascii	"\273\031\326\031BL\301~\341"
 520      424CC17E 
 520      E1
 521 17d0 5FEA4D4E 		.ascii	"_\352MN 7|\265\253^\317\015w\346W'h\325\233\264\364"
 521      20377CB5 
 521      AB5ECF0D 
 521      77E65727 
 521      68D59BB4 
 522 17e5 2965090A 		.ascii	")e\011\012\256\367\0134AwO\231\012Da\0179\2427\3410"
 522      AEF70B34 
 522      41774F99 
 522      0A44610F 
 522      39A237E1 
 523 17fa FD5A8D61 		.ascii	"\375Z\215a=a\257Yo\002\243\302\340\022n\010\016s\012"
 523      3D61AF59 
 523      6F02A3C2 
 523      E0126E08 
 523      0E730A
 524 180d D7FB8798 		.ascii	"\327\373\207\230\234\000@\014WT\007\274\340\231_\330"
 524      9C00400C 
 524      575407BC 
 524      E0995FD8 
 525 181d 9A50A3C1 		.ascii	"\232P\243\301i\275\311d\014\233\317\330\301`\2562\030"
 525      69BDC964 
 525      0C9BCFD8 
ARM GAS  /tmp/ccbYge6K.s 			page 42


 525      C160AE32 
 525      18
 526 182e 0D21FE60 		.ascii	"\015!\376`\0140\010\375\342?\303\\\014\033\002M\376"
 526      0C3008FD 
 526      E23FC35C 
 526      0C1B024D 
 526      FE
 527 183f A101068D 		.ascii	"\241\001\006\2151`#\350\245!#\276*\334\225\215\366\373"
 527      316023E8 
 527      A52123BE 
 527      2ADC958D 
 527      F6FB
 528 1851 C0D57235 		.ascii	"\300\325r5\221v\270\206\351W\005\371\255\016w6\005C"
 528      9176B886 
 528      E95705F9 
 528      AD0E7736 
 528      0543
 529 1863 2F8A879B 		.ascii	"/\212\207\233\374L\006\027\023\275\000cp\252_\260A\355"
 529      FC4C0617 
 529      13BD0063 
 529      70AA5FB0 
 529      41ED
 530 1875 BFC6CF08 		.ascii	"\277\306\317\010\017C\203\002\014\344\012\343m0\202"
 530      0F438302 
 530      0CE40AE3 
 530      6D3082
 531 1884 67FC4D1B 		.ascii	"g\374M\033\260q\371;B\220\321\305hX\355g\014\326\233"
 531      B071F93B 
 531      4290D1C5 
 531      6858ED67 
 531      0CD69B
 532 1897 567CB3D1 		.ascii	"V|\263\321^\343\017v\301\360\002\233\345\000\313\004"
 532      5EE30F76 
 532      C1F0029B 
 532      E500CB04 
 533 18a7 E38F05E3 		.ascii	"\343\217\005\343\373\202\361=\301\270B0\376H0\276\353"
 533      FB82F13D 
 533      C1B84230 
 533      FE4830BE 
 533      EB
 534 18b8 463A10EF 		.ascii	"F:\020\357\203\260\237\374\037\230\353\327\275\027L"
 534      83B09FFC 
 534      1F98EBD7 
 534      BD174C
 535 18c7 A2D13F34 		.ascii	"\242\321?4\004F\331D\303!0\324\325:F`NpXhh\220\013w"
 535      0446D944 
 535      C32130D4 
 535      D53A4660 
 535      4E705868 
 536 18df AB69D9D7 		.ascii	"\253i\331\327\011\261D\275\377\032\030<`\275\374\365"
 536      09B144BD 
 536      FF1A183C 
 536      60BDFCF5 
 537 18ef 3B84FBAF 		.ascii	";\204\373\257\011\200\036?\372\006=6\206[R\340\033("
 537      09801E3F 
 537      FA063D36 
 537      865B52E0 
ARM GAS  /tmp/ccbYge6K.s 			page 43


 537      1B28
 538 1901 0621F33A 		.ascii	"\006!\363:\212\205\033\375\201\030\206\016\002\323\270"
 538      8A851BFD 
 538      8118860E 
 538      02D3B8
 539 1910 71A9BFCA 		.ascii	"q\251\277\312\223V\217\337\200\237X\361\200\360\373"
 539      93568FDF 
 539      809F58F1 
 539      80F0FB
 540 191f FD9A804F 		.ascii	"\375\232\200O\015A\006\277p\303\273\257/?`#\204M\240"
 540      0D4106BF 
 540      70C3BBAF 
 540      2F3F6023 
 540      844DA0
 541 1932 3FE820F8 		.ascii	"?\350 \370\257\021L\301\232\320U\253\302\015&g\243\211"
 541      AF114CC1 
 541      9AD055AB 
 541      C20D2667 
 541      A389
 542 1944 46B7EFEB 		.ascii	"F\267\357\353s2\021C\346\231\202\365\376~Pb\214~\246"
 542      73321143 
 542      E69982F5 
 542      FE7E5062 
 542      8C7EA6
 543 1957 C0D010C8 		.ascii	"\300\320\020\310\273`?\210\010\252\"\016\370\202f\034"
 543      BB603F88 
 543      08AA220E 
 543      F882661C 
 544 1967 71942118 		.ascii	"q\224!\030*\326\027kW\273\206\371\205\004\372\223\324"
 544      2AD6176B 
 544      57BB86F9 
 544      8504FA93 
 544      D4
 545 1978 F4903743 		.ascii	"\364\2207C<\2573\221$tYg\202\226 \223\037/\204\313W"
 545      3CAF3391 
 545      24745967 
 545      82962093 
 545      1F2F84CB 
 546 198d 4021B0DC 		.ascii	"@!\260\334\270\222.\201\301$\035\200\214\324\016r]\265"
 546      B8922E81 
 546      C1241D80 
 546      8CD40E72 
 546      5DB5
 547 199f 36C41FBA 		.ascii	"6\304\037\272\221\013{`)6\353\002\215\246\265~Az\322"
 547      910B7B60 
 547      2936EB02 
 547      8DA6B57E 
 547      417AD2
 548 19b2 C5A8213D 		.ascii	"\305\250!=\374\214\2366\215z\323\"{:V\013\334\200:\310"
 548      FC8C9E36 
 548      8D7AD322 
 548      7B3A560B 
 548      DC803AC8 
 549 19c6 2FDC449A 		.ascii	"/\334D\232\276\245\360\034\252\214\221\\\235\215<\363"
 549      BEA5F01C 
 549      AA8C915C 
 549      9D8D3CF3 
ARM GAS  /tmp/ccbYge6K.s 			page 44


 550 19d6 8C3CF38C 		.ascii	"\214<\363\214$\3634F\032\311\320H+\205;\310 \376\330"
 550      24F33446 
 550      1AC9D048 
 550      2B853BC8 
 550      20FED8
 551 19e9 48BBBA02 		.ascii	"H\273\272\002\311Z#\224\007\223Nj\004\333\254\216\362"
 551      C95A2394 
 551      07934E6A 
 551      04DBAC8E 
 551      F2
 552 19fa 080C0832 		.ascii	"\010\014\0102\360\024\200\302\305\035\261\342]\356\010"
 552      F01480C2 
 552      C51DB1E2 
 552      5DEE08
 553 1a09 72A30D37 		.ascii	"r\243\0157}\011N_\015\376v\223\034L+&u\247\207\377*"
 553      7D094E5F 
 553      0DFE7693 
 553      1C4C2B26 
 553      75A787FF 
 554 1a1e 3D8C2B71 		.ascii	"=\214+q\021T/\240a()-:~O\253\213\005\2415\305\323\212"
 554      11542FA0 
 554      6128292D 
 554      3A7E4FAB 
 554      8B05A135 
 555 1a35 7C191418 		.ascii	"|\031\024\030\034h\355E\312\214\205\220\032kA\250\305"
 555      1C68ED45 
 555      CA8C8590 
 555      1A6B41A8 
 555      C5
 556 1a46 5A8E80D9 		.ascii	"Z\216\200\331nV\251\201\241\356R\245\015\374\312@\224"
 556      6E56A981 
 556      A1EE52A5 
 556      0DFCCA40 
 556      94
 557 1a57 24DE23F7 		.ascii	"$\336#\367Z\270\0173\031-\267\353\300\245\0208\316\304"
 557      5AB80F33 
 557      192DB7EB 
 557      C0A51038 
 557      CEC4
 558 1a69 0C6822D7 		.ascii	"\014h\"\327\257\014F\332?0\000\234\024\270*\320`\264"
 558      AF0C46DA 
 558      3F30009C 
 558      14B82AD0 
 558      60B4
 559 1a7b 70263CBE 		.ascii	"p&<\276A\206Z\323\007&)\210|\026hp\367\331\306\360\177"
 559      41865AD3 
 559      07262988 
 559      7C166870 
 559      F7D9C6F0 
 560 1a90 0FF5FFF2 		.ascii	"\017\365\377\362\233d\355F6\323\221\202\027\004]\335"
 560      9B64ED46 
 560      36D39182 
 560      17045DDD 
 561 1aa0 F550FB4D 		.ascii	"\365P\373M\372\177\375\305g\037\376\356\323\217\335"
 561      FA7FFDC5 
 561      671FFEEE 
 561      D38FDD
ARM GAS  /tmp/ccbYge6K.s 			page 45


 562 1aaf FD82D6FB 		.ascii	"\375\202\326\373m\014\207R\030\004s\363\317_\311\026"
 562      6D0C8752 
 562      180473F3 
 562      CF5FC916 
 563 1abf 62D377E5 		.ascii	"b\323w\345'\237}\374\231\304\235\224B\377\340_B\374"
 563      279F7DFC 
 563      99C49D94 
 563      42FFE05F 
 563      42FC
 564 1ad1 820C37AA 		.ascii	"\202\0147\252\336\347!D\012+\260kC\270D\032\341\372"
 564      DEE72144 
 564      0A2BB06B 
 564      43B8441A 
 564      E1FA
 565 1ae3 A52BDE7D 		.ascii	"\245+\336}{\231\213\005\373_lx\032\356"
 565      7B998B05 
 565      FB5F6C78 
 565      1AEE
 566              		.text
 567              		.section	.gnu.lto_.symtab.87eb977cca20c3cb,"",%progbits
 568 0000 63685265 		.ascii	"chRegFirstThread\000"
 568      67466972 
 568      73745468 
 568      72656164 
 568      00
 569 0011 00       		.ascii	"\000"
 570 0012 00       		.ascii	"\000"
 571 0013 00       		.ascii	"\000"
 572 0014 00000000 		.ascii	"\000\000\000\000\000\000\000\000"
 572      00000000 
 573 001c 78010000 		.ascii	"x\001\000\000"
 574 0020 63685265 		.ascii	"chRegNextThread\000"
 574      674E6578 
 574      74546872 
 574      65616400 
 575 0030 00       		.ascii	"\000"
 576 0031 00       		.ascii	"\000"
 577 0032 00       		.ascii	"\000"
 578 0033 00000000 		.ascii	"\000\000\000\000\000\000\000\000"
 578      00000000 
 579 003b 7C010000 		.ascii	"|\001\000\000"
 580 003f 63685F64 		.ascii	"ch_debug\000"
 580      65627567 
 580      00
 581 0048 00       		.ascii	"\000"
 582 0049 00       		.ascii	"\000"
 583 004a 00       		.ascii	"\000"
 584 004b 00000000 		.ascii	"\000\000\000\000\000\000\000\000"
 584      00000000 
 585 0053 31020000 		.ascii	"1\002\000\000"
 586 0057 636800   		.ascii	"ch\000"
 587 005a 00       		.ascii	"\000"
 588 005b 02       		.ascii	"\002"
 589 005c 00       		.ascii	"\000"
 590 005d 00000000 		.ascii	"\000\000\000\000\000\000\000\000"
 590      00000000 
 591 0065 FE010000 		.ascii	"\376\001\000\000"
ARM GAS  /tmp/ccbYge6K.s 			page 46


 592 0069 63685468 		.ascii	"chThdRelease\000"
 592      6452656C 
 592      65617365 
 592      00
 593 0076 00       		.ascii	"\000"
 594 0077 02       		.ascii	"\002"
 595 0078 00       		.ascii	"\000"
 596 0079 00000000 		.ascii	"\000\000\000\000\000\000\000\000"
 596      00000000 
 597 0081 80010000 		.ascii	"\200\001\000\000"
 598              		.text
 599              		.section	.gnu.lto_.opts,"",%progbits
 600 0000 272D666D 		.ascii	"'-fmath-errno' '-fsigned-zeros' '-ftrapping-math' '"
 600      6174682D 
 600      6572726E 
 600      6F272027 
 600      2D667369 
 601 0033 2D666E6F 		.ascii	"-fno-trapv' '-fno-openmp' '-fno-openacc' '-mcpu=cor"
 601      2D747261 
 601      70762720 
 601      272D666E 
 601      6F2D6F70 
 602 0066 7465782D 		.ascii	"tex-m4' '-mno-thumb-interwork' '-mthumb' '-ggdb' '-"
 602      6D342720 
 602      272D6D6E 
 602      6F2D7468 
 602      756D622D 
 603 0099 4F322720 		.ascii	"O2' '-fomit-frame-pointer' '-falign-functions=16' '"
 603      272D666F 
 603      6D69742D 
 603      6672616D 
 603      652D706F 
 604 00cc 2D666675 		.ascii	"-ffunction-sections' '-fdata-sections' '-fno-common"
 604      6E637469 
 604      6F6E2D73 
 604      65637469 
 604      6F6E7327 
 605 00ff 2720272D 		.ascii	"' '-flto'\000"
 605      666C746F 
 605      2700
 606              		.text
 607              		.comm	__gnu_lto_v1,1,1
 608              		.comm	__gnu_lto_slim,1,1
 609              		.ident	"GCC: (15:6.3.1+svn253039-1build1) 6.3.1 20170620"
ARM GAS  /tmp/ccbYge6K.s 			page 47


DEFINED SYMBOLS
                            *ABS*:0000000000000000 chregistry.c
                            *COM*:0000000000000001 __gnu_lto_v1
                            *COM*:0000000000000001 __gnu_lto_slim

NO UNDEFINED SYMBOLS
