ARM GAS  /tmp/ccPRZ5rm.s 			page 1


   1              		.cpu cortex-m4
   2              		.eabi_attribute 20, 1
   3              		.eabi_attribute 21, 1
   4              		.eabi_attribute 23, 3
   5              		.eabi_attribute 24, 1
   6              		.eabi_attribute 25, 1
   7              		.eabi_attribute 26, 1
   8              		.eabi_attribute 30, 2
   9              		.eabi_attribute 34, 1
  10              		.eabi_attribute 18, 4
  11              		.file	"crt1.c"
  12              		.text
  13              	.Ltext0:
  14              		.section	.gnu.lto_.profile.3401b47cbafc7b9d,"",%progbits
  15 0000 789C6365 		.ascii	"x\234ce`b`a```d\220\024\005\000\000\307\000;"
  15      60626061 
  15      60606064 
  15      90140500 
  15      00C7003B 
  16              		.text
  17              		.section	.gnu.lto_.icf.3401b47cbafc7b9d,"",%progbits
  18 0000 789C6365 		.ascii	"x\234ce`bPc@\0006\206\336\326'\267\271\030\301$\023"
  18      60625063 
  18      40003686 
  18      DED627B7 
  18      B918C124 
  19 0015 98645EDF 		.ascii	"\230d^\337\262\367;\013\313\234I\377>\263\263^\374\266"
  19      B2F73B0B 
  19      CB9C49FF 
  19      3EB3B35E 
  19      FCB6
  20 0027 B1878F01 		.ascii	"\261\207\217\001\000Z\350\021\367"
  20      005AE811 
  20      F7
  21              		.text
  22              		.section	.gnu.lto_.jmpfuncs.3401b47cbafc7b9d,"",%progbits
  23 0000 789C6365 		.ascii	"x\234ce`b\020d@\000V fd\000\0122030\260\0009\000\003"
  23      60621064 
  23      40005620 
  23      6664000A 
  23      32303330 
  24 0019 8C0028   		.ascii	"\214\000("
  25              		.text
  26              		.section	.gnu.lto_.inline.3401b47cbafc7b9d,"",%progbits
  27 0000 789C6365 		.ascii	"x\234ce`b\210g@\000V\006\006f&F\240 \003\003\333\002"
  27      60628867 
  27      40005606 
  27      06662646 
  27      A0200303 
  28 0016 7910C5C0 		.ascii	"y\020\305\300\210!\302\204!\302\014\344ADX\300$\220"
  28      8821C284 
  28      21C20CE4 
  28      414458C0 
  28      2490
  29 0028 1259C901 		.ascii	"\022Y\311\001\024Q\332\364\274\221\021\256\214\001\000"
  29      1451DAF4 
  29      BC9111AE 
ARM GAS  /tmp/ccPRZ5rm.s 			page 2


  29      8C0100
  30 0037 015E06BA 		.ascii	"\001^\006\272"
  31              		.text
  32              		.section	.gnu.lto_.pureconst.3401b47cbafc7b9d,"",%progbits
  33 0000 789C6365 		.ascii	"x\234ce`b\340f```e\220`\224`\222`6a\221\002\000\004"
  33      6062E066 
  33      60606065 
  33      90609460 
  33      92603661 
  34 0018 4600B8   		.ascii	"F\000\270"
  35              		.text
  36              		.section	.gnu.lto___core_init.3401b47cbafc7b9d,"",%progbits
  37 0000 789C6365 		.ascii	"x\234ce`b\250d``\360\000bi fdf`d\232p\216\201\241\221"
  37      6062A864 
  37      6060F000 
  37      62692066 
  37      64666064 
  38 001a 83899111 		.ascii	"\203\211\221\021\304h\340`d\250gb\254g\354g\236\316"
  38      C468E060 
  38      64A86762 
  38      AC67EC67 
  38      9ECE
  39 002c CC78A8FD 		.ascii	"\314x\250\375\331N&\315\345\015@p`\372\006\256\266\206"
  39      D94E26CD 
  39      E50D4070 
  39      60FA06AE 
  39      B686
  40 003e 5689F9CC 		.ascii	"V\211\371\314\014\0143\201\030\004\030\2273j2\000\225"
  40      0C0C3381 
  40      18041897 
  40      336A3200 
  40      95
  41 004f 3DDAF86F 		.ascii	"=\332\370o*/\033\013D\234q\005#\033#\220^\177\211\361"
  41      2A2F1B0B 
  41      449C7105 
  41      231B2390 
  41      5E7F89F1 
  42 0063 40C3BFFF 		.ascii	"@\303\277\377\355\015\007\216,f\334\353\305\304\300"
  42      ED0D078E 
  42      2C66DCEB 
  42      C5C4C0
  43 0072 D0059406 		.ascii	"\320\005\224\006\331\321\315\314\004\242\231\33726)"
  43      D9D1CDCC 
  43      04A299DF 
  43      323629
  44 0081 805483CD 		.ascii	"\200T\203\315\352bf\004\011\002\225\271\351g\344\347"
  44      EA626604 
  44      090295B9 
  44      E967E4E7 
  45 0091 A6EA27A6 		.ascii	"\246\352'\246$\346\352;gd&e\372\007\307\033\232\351"
  45      24E6EA3B 
  45      67642665 
  45      FA07C71B 
  45      9AE9
  46 00a3 19EA59EA 		.ascii	"\031\352Y\352\347\027\353'\347\347\346\346\347\351\027"
  46      E717EB27 
  46      E7E7E6E6 
ARM GAS  /tmp/ccPRZ5rm.s 			page 3


  46      E7E917
  47 00b2 E4179514 		.ascii	"\344\027\225\024\353;\006\371:\373V\200\304\0122sR\213"
  47      EB3B06F9 
  47      3AFB5680 
  47      C40A3273 
  47      528B
  48 00c4 8AF5DD9D 		.ascii	"\212\365\335\235\235\365\223\213J\014\365\222\031\000"
  48      9DF5938B 
  48      4A0CF592 
  48      1900
  49 00d2 FDBA4026 		.ascii	"\375\272@&"
  50              		.text
  51              		.section	.gnu.lto___early_init.3401b47cbafc7b9d,"",%progbits
  52 0000 789C6365 		.ascii	"x\234ce`b(g``\360\000bi fdf`d\232p\216\201\241\221\203"
  52      60622867 
  52      6060F000 
  52      62692066 
  52      64666064 
  53 001b 899111C4 		.ascii	"\211\221\021\304h\340`d\250gb\254g\354g\236\316\314"
  53      68E06064 
  53      A86762AC 
  53      67EC679E 
  53      CECC
  54 002d 78A8FDD9 		.ascii	"x\250\375\331N&\315\345\015@p`\3727\256\266\206V\211"
  54      4E26CDE5 
  54      0D407060 
  54      FA37AEB6 
  54      865689
  55 0040 F9CC0C0C 		.ascii	"\371\314\014\0143\201\030\004\030\2273j2\000\225=\332"
  55      33811804 
  55      1897336A 
  55      3200953D 
  55      DA
  56 0051 F86F2A2F 		.ascii	"\370o*/\033\013D\234q\005#\033#\220^\177\211\361@\303"
  56      1B0B449C 
  56      7105231B 
  56      23905E7F 
  56      89F140C3 
  57 0065 BFFFED0D 		.ascii	"\277\377\355\015\007\316(3310t\001%A6t\0039@\232\371"
  57      07CE2833 
  57      33313074 
  57      01254136 
  57      74033940 
  58 007b 2D639302 		.ascii	"-c\223\002H-\330\244.fF\220 P\231\233~F~n\252~bJb\256"
  58      482DD8A4 
  58      2E664690 
  58      2050999B 
  58      7E467E6E 
  59 0095 BE734666 		.ascii	"\276sFfR\246\177p\274\241\231\236\241\236\245~~\261"
  59      52A67F70 
  59      BCA1999E 
  59      A19EA57E 
  59      7EB1
  60 00a7 7E727E6E 		.ascii	"~r~nn~\236~A~QI\261\276c\220\257\263o\005H\254 3'\265"
  60      6E7E9E7E 
  60      417E5149 
  60      B1BE6390 
ARM GAS  /tmp/ccPRZ5rm.s 			page 4


  60      AFB36F05 
  61 00c1 A858DFDD 		.ascii	"\250X\337\335\331Y?\271\250\304P/\231\001\000Ak>\355"
  61      D9593FB9 
  61      A8C4502F 
  61      99010041 
  61      6B3EED
  62              		.text
  63              		.section	.gnu.lto___late_init.3401b47cbafc7b9d,"",%progbits
  64 0000 789C6365 		.ascii	"x\234ce`b(g``\360\000bi fdf`d\232p\216\201\241\221\203"
  64      60622867 
  64      6060F000 
  64      62692066 
  64      64666064 
  65 001b 899111C4 		.ascii	"\211\221\021\304h\340`d\250gb\254g\354g\236\316\314"
  65      68E06064 
  65      A86762AC 
  65      67EC679E 
  65      CECC
  66 002d 78A8FDD9 		.ascii	"x\250\375\331N&\315\345\015@p`\372&\356\266\206V\211"
  66      4E26CDE5 
  66      0D407060 
  66      FA26EEB6 
  66      865689
  67 0040 F9CC0C0C 		.ascii	"\371\314\014\0143\201\030\004\030\2273j2\000\225=\332"
  67      33811804 
  67      1897336A 
  67      3200953D 
  67      DA
  68 0051 F86F2A2F 		.ascii	"\370o*/\033\013D\234q\005#\033#\220^\177\211\361@\303"
  68      1B0B449C 
  68      7105231B 
  68      23905E7F 
  68      89F140C3 
  69 0065 BFFFED0D 		.ascii	"\277\377\355\015\007\216(3310t\001%A6t\0039@\232\371"
  69      078E2833 
  69      33313074 
  69      01254136 
  69      74033940 
  70 007b 2D639302 		.ascii	"-c\223\002H-\330\244.fF\220 P\231\233~F~n\252~bJb\256"
  70      482DD8A4 
  70      2E664690 
  70      2050999B 
  70      7E467E6E 
  71 0095 BE734666 		.ascii	"\276sFfR\246\177p\274\241\231\236\241\236\245~~\261"
  71      52A67F70 
  71      BCA1999E 
  71      A19EA57E 
  71      7EB1
  72 00a7 7E727E6E 		.ascii	"~r~nn~\236~A~QI\261\276c\220\257\263o\005H\254 3'\265"
  72      6E7E9E7E 
  72      417E5149 
  72      B1BE6390 
  72      AFB36F05 
  73 00c1 A858DFDD 		.ascii	"\250X\337\335\331Y?\271\250\304P/\231\001\000\020\203"
  73      D9593FB9 
  73      A8C4502F 
  73      99010010 
ARM GAS  /tmp/ccPRZ5rm.s 			page 5


  73      83
  74 00d2 3EA2     		.ascii	">\242"
  75              		.text
  76              		.section	.gnu.lto___default_exit.3401b47cbafc7b9d,"",%progbits
  77 0000 789C6365 		.ascii	"x\234ce`b(c``\360\000bS fde`d\232p\216\201\241\221\203"
  77      60622863 
  77      6060F000 
  77      62532066 
  77      64656064 
  78 001b 899119C4 		.ascii	"\211\221\031\304`dfd\201\010\260@\004\034\031\031\352"
  78      60646664 
  78      8108B040 
  78      041C1919 
  78      EA
  79 002c 99985918 		.ascii	"\231\230Y\030\201\004\003\004\3643Ogf<\324\376l'\223"
  79      81040304 
  79      F4334F67 
  79      663CD4FE 
  79      6C2793
  80 003f E6F20620 		.ascii	"\346\362\006 80\375\016w[C\253\304|\240\202\231PE\214"
  80      3830FD0E 
  80      775B43AB 
  80      C47CA082 
  80      9950458C 
  81 0053 CB193519 		.ascii	"\313\0315\031\200\312\036m\3747\225\227\215\005\"\316"
  81      80CA1E6D 
  81      FC379597 
  81      8D0522CE 
  82 0063 B882918D 		.ascii	"\270\202\221\215\021H\257\277\304x\240\341\337\377\366"
  82      1148AFBF 
  82      C478A0E1 
  82      DFFFF6
  83 0072 86037716 		.ascii	"\206\003w\0263~\367\006\012u\001\245\031\201$\023\320"
  83      337EF706 
  83      0A7501A5 
  83      19812413 
  83      D0
  84 0083 FE2E6666 		.ascii	"\376.ff\006\240\305\214]\314,P\232\021l\244\233~F~n"
  84      06A0C58C 
  84      5DCC2C50 
  84      9A116CA4 
  84      9B7E467E 
  85 0098 AA7E624A 		.ascii	"\252~bJb\256\276sFfR\246\177p\274\241\231\236\241\236"
  85      62AEBE73 
  85      466652A6 
  85      7F70BCA1 
  85      999EA19E 
  86 00ac A57E7EB1 		.ascii	"\245~~\261~r~nn~\236~A~QI\261\276c\220\257\263o\005"
  86      7E727E6E 
  86      6E7E9E7E 
  86      417E5149 
  86      B1BE6390 
  87 00c4 48AC2033 		.ascii	"H\254 3'\265\250X\337\335\331Y?\271\250\304P/\231\001"
  87      27B5A858 
  87      DFDDD959 
  87      3FB9A8C4 
  87      502F9901 
ARM GAS  /tmp/ccPRZ5rm.s 			page 6


  88 00d8 00175B41 		.ascii	"\000\027[A^"
  88      5E
  89              		.text
  90              		.section	.gnu.lto___init_ram_areas.3401b47cbafc7b9d,"",%progbits
  91 0000 789C9554 		.ascii	"x\234\225T\335O\223g\024?\347}\336\276\357\333\276\245"
  91      DD4F9367 
  91      143FE77D 
  91      DEBEEFDB 
  91      BEA5
  92 0012 ADA14B96 		.ascii	"\255\241K\226\305\030n\270\360\2067\2751\316;C\262\217"
  92      C5186EB8 
  92      F08637BD 
  92      31CE3B43 
  92      B28F
  93 0024 0BB2AF3F 		.ascii	"\013\262\257?`ch\"\331X\033`\311\256\326\027\250\272"
  93      60636822 
  93      D9581B60 
  93      C9AED617 
  93      A8BA
  94 0036 C1E6306E 		.ascii	"\301\3460n\012\265]\311\314\"\254\203\242s\033\326\241"
  94      0AB55DC9 
  94      CC22AC83 
  94      A2731BD6 
  94      A1
  95 0047 055184F8 		.ascii	"\005Q\204\3701{\261\013\343\225L\031\230-l\225-\222"
  95      317BB10B 
  95      E3954C19 
  95      982D6C95 
  95      2D92
  96 0059 0D779EF3 		.ascii	"\015w\236\363\224Xa\237M\372>_\347\374\316\357\374\316"
  96      9458619F 
  96      4DFA3E5F 
  96      E7FCCEEF 
  96      FCCE
  97 006b F31C0F68 		.ascii	"\363\034\017h\360\241\001\360\002\000|J\177\364\003"
  97      F0A101F0 
  97      02007C4A 
  97      7FF403
  98 007a 6ABD5701 		.ascii	"j\275W\001:,\015\205\232\010\364\250\211\256&\023\226"
  98      3A2C0D85 
  98      9A08F4A8 
  98      89AE2613 
  98      96
  99 008b 47D3DF9B 		.ascii	"G\323\337\233\006p}F\302\004\327o\240%\367\321T\343"
  99      06707D46 
  99      C204D76F 
  99      A025F7D1 
  99      54E3
 100 009d 846569A6 		.ascii	"\204ei\246:\367\362\271W\263G\246\344\322w\313KK[\001"
 100      3AF7F2B9 
 100      57B347A6 
 100      E4D277CB 
 100      4B4B5B01 
 101 00b1 EFF421CA 		.ascii	"\357\364!\312\321\265\020\342\232\320=\206iym\037\306"
 101      D1B510E2 
 101      9AD03D86 
 101      69796D1F 
ARM GAS  /tmp/ccPRZ5rm.s 			page 7


 101      C6
 102 00c2 750158D0 		.ascii	"u\001X\320\011M~\210\023x@\375\254\362\370\2018\"pr"
 102      094D7E88 
 102      137840FD 
 102      ACF2F881 
 102      38227072 
 103 00d6 FF9DD3DA 		.ascii	"\377\235\323\332\326\343.\375\012Gz\003\373\334\275"
 103      D6E32EFD 
 103      0A477A03 
 103      FBDCBD
 104 00e5 8F670440 		.ascii	"\217g\004@\277P6x\034\267\002\231]O\214\246\304\001"
 104      BF503678 
 104      1CB70299 
 104      5D4F8CA6 
 104      C401
 105 00f7 9111883A 		.ascii	"\221\021\210:-\177\276\222\234\013\310\245\2065\264"
 105      2D7FBE92 
 105      9C0BC8A5 
 105      8635B4
 106 0106 4C640673 		.ascii	"Ld\006s\272x\026\245\345g\367\257w\213\332c\256\333"
 106      BA7816A5 
 106      E567F7AF 
 106      778BDA63 
 106      AEDB
 107 0118 E916BE1B 		.ascii	"\351\026\276\033\013\037\352r/\271zF\320\001\012B\305"
 107      0B1FEA72 
 107      2FB97A46 
 107      D0010A42 
 107      C5
 108 0129 21DC8C83 		.ascii	"!\334\214\203\270\231\321\311\374\326\211\325\217\252"
 108      B899D1C9 
 108      FCD689D5 
 108      8FAA
 109 0137 0C1DB358 		.ascii	"\014\035\263X\253\202\342\347h \200\220;t>u\373\367"
 109      AB82E2E7 
 109      68208090 
 109      3B743E75 
 109      FBF7
 110 0149 A22D1A18 		.ascii	"\242-\032\030\272#{4\345/C\3774\266\345`\031Z\307\341"
 110      BA237B34 
 110      E52F43FF 
 110      34B6E560 
 110      195AC7E1 
 111 015d 8DD038C2 		.ascii	"\215\3208\302\356\227\013\357\346|\342yv_-.,y\312\356"
 111      EE970BEF 
 111      E67CE279 
 111      765F2D2E 
 111      2C79CAEE 
 112 0171 BF6CEF77 		.ascii	"\277l\357w\013\211\032\351\234\373\013\347Q\254\315"
 112      0B891AE9 
 112      9CFB0BE7 
 112      51ACCD
 113 0180 15B1E0AE 		.ascii	"\025\261\340\256>\330\357\026.n\037?u\263\3721\004I"
 113      3ED8EF16 
 113      2E6E1F3F 
 113      75B3FA31 
 113      0449
ARM GAS  /tmp/ccPRZ5rm.s 			page 8


 114 0192 496364C1 		.ascii	"Icd\301&:\177-\376\372x\337\346\271\037\010\267\212"
 114      263A7F2D 
 114      FEFA78DF 
 114      E6B91F08 
 114      B78A
 115 01a4 3E9E20AF 		.ascii	">\236 \257C|\266I\356V\363F\230\241\000\272)\341%\200"
 115      437CB649 
 115      EE56F346 
 115      98A100BA 
 115      29E12580 
 116 01b8 1EA1D120 		.ascii	"\036\241\321 nc\347@6\265\203\005P\311\037\336;y\315"
 116      6E63E740 
 116      36B58305 
 116      50C91FDE 
 116      3B79CD
 117 01cb 94321B9C 		.ascii	"\2242\033\234@\327\312\271R \376\207K\0252\216\011\245"
 117      40D7CAB9 
 117      5220FE87 
 117      4B15328E 
 117      09A5
 118 01dd DF4C32FB 		.ascii	"\337L2\373Z\006\323\035\241\2140\361$\306\361\204\314"
 118      5A06D31D 
 118      A18C30F1 
 118      24C6F184 
 118      CC
 119 01ee 810E1E2C 		.ascii	"\201\016\036,\236\034\361\222q\237\353\016|\242I\210"
 119      9E1CF192 
 119      719FEB0E 
 119      7CA24988 
 120 01fe 2F3043C2 		.ascii	"/0C\302\342)\214\203\214) aRL\215\271\244\005\302\002"
 120      E2298C83 
 120      8C292061 
 120      524C8DB9 
 120      A405C202 
 121 0212 76E617DE 		.ascii	"v\346\027\336\2377+\252B\264%_.\012\271~\211FZ\370*"
 121      9F372BAA 
 121      42B4255F 
 121      2E0AB97E 
 121      89465AF8 
 122 0227 890926F6 		.ascii	"\211\011&\366\333\364\354;~\311\202n\321\300Y\244D-"
 122      DBF4EC3B 
 122      7EC9826E 
 122      D1C059A4 
 122      442D
 123 0239 02C4AFCA 		.ascii	"\002\304\257\312T>\356\033+\005\234a\267\327uIq/~MD"
 123      543EEE1B 
 123      2B059C61 
 123      B7D77549 
 123      712F7E4D 
 124 024e FAF882E1 		.ascii	"\372\370\202\341\030: \363~[b\313p\204\317D\206\016"
 124      183A20F3 
 124      7E5B62CB 
 124      7084CF44 
 124      860E
 125 0260 982A9CBD 		.ascii	"\230*\234\275\036?\377\257\370\247\031\037%~\376\021"
 125      1E3FFFAF 
 125      F8A7191F 
ARM GAS  /tmp/ccPRZ5rm.s 			page 9


 125      257EFE11 
 126 0270 FC51896F 		.ascii	"\374Q\211o\003,#V\310)\025\312\246\236Y\023\025\317"
 126      032C2356 
 126      C82915CA 
 126      A69E5913 
 126      15CF
 127 0282 605C2B06 		.ascii	"`\\+\006\322\"l'\357N )\245\003=CA\254V\272\207K1E\253"
 127      D2226C27 
 127      EF4E2029 
 127      A5033D43 
 127      41AC56BA 
 128 029b AA52057D 		.ascii	"\252R\005}\203\012\304\303\227\246\327\361\215\244\210"
 128      830AC4C3 
 128      97A6D7F1 
 128      8DA488
 129 02aa E35279F2 		.ascii	"\343Ry\362?<\363\204\364^\237\321\0266\026e\343\263"
 129      3F3CF384 
 129      F45E9FD1 
 129      16361665 
 129      E3B3
 130 02bc 644CF864 		.ascii	"dL\370d\337\225\3327^zE\305\013J\003y?)\233\232\207"
 130      DF95DA37 
 130      5E7A45C5 
 130      0B4A0379 
 130      3F299B9A 
 131 02d1 C90495D9 		.ascii	"\311\004\225\331\225\322.e\026\222A\0371cMC\\q\017P"
 131      95D22E65 
 131      1692411F 
 131      31634D43 
 131      5C710F50 
 132 02e5 A3502567 		.ascii	"\243P%gg\001<g\013M\225\277\177\336\247\200\374\033"
 132      67013C67 
 132      0B4D95BF 
 132      7FDEA780 
 132      FC1B
 133 02f7 13FA47CD 		.ascii	"\023\372G\315\317\261\346\232\324\257@\232\177\217\211"
 133      CFB1E69A 
 133      D4AF409A 
 133      7F8F89
 134 0306 ABE76FA2 		.ascii	"\253\347o\242\302\022\004'\253\275\214\032\225W\344"
 134      C2120427 
 134      ABBD8C1A 
 134      9557E4
 135 0315 E7EE5382 		.ascii	"\347\356S\202!=9?\203\313H\207\266\270\301[A}\345\016"
 135      213D393F 
 135      83CB4887 
 135      B6B8C15B 
 135      417DE50E 
 136 0329 0B6EC8AB 		.ascii	"\013n\310\253I\346\024\221H\323\206\271V\201{?\014M"
 136      49E61491 
 136      48D386B9 
 136      56817B3F 
 136      0C4D
 137 033b 1B7FAFA1 		.ascii	"\033\177\257\241^\326p\202\330T\026\310G\217w\222NX"
 137      5ED67082 
 137      D85416C8 
 137      478F7792 
ARM GAS  /tmp/ccPRZ5rm.s 			page 10


 137      4E58
 138 034d ACE1E5B2 		.ascii	"\254\341\345\262\246\325\322a\243\246\325,\226%\305"
 138      A6D5D261 
 138      A3A6D52C 
 138      9625C5
 139 035c C28762E9 		.ascii	"\302\207b\351J\240\3015\2016\375O\201\316\263@|\301"
 139      4AA0C135 
 139      8136FD4F 
 139      81CEB340 
 139      7CC1
 140 036e A6D60BA4 		.ascii	"\246\326\013\244\023\234\022\210f\226\001\304\301\274"
 140      139C1288 
 140      669601C4 
 140      C1BC
 141 037c B1C85278 		.ascii	"\261\310Rx\245\024L\373\302\233\3128LQ\010\277\270t"
 141      A5144CFB 
 141      C29BCA38 
 141      4C5108BF 
 141      B874
 142 038e 396DAB8E 		.ascii	"9m\253\216\034\302\013\225I\360s\016\253\010\277\346"
 142      1CC20B95 
 142      49F0730E 
 142      AB08BFE6 
 143 039e 0DF97669 		.ascii	"\015\371viM.\3113\367f=\322\305F\353\277\264\223\351"
 143      4D2EC933 
 143      F7663DD2 
 143      C546EBBF 
 143      B493E9
 144 03b1 8A767270 		.ascii	"\212vrp\366\350\242'\222\223\351\014,\"\345\212\227"
 144      F6E8A227 
 144      9293E90C 
 144      2C22E58A 
 144      97
 145 03c2 2821BCA8 		.ascii	"(!\274\250:&\031\364\334]\3706\270\326oPv\206\031\214"
 145      3A2619F4 
 145      DC5DF836 
 145      B8D66F50 
 145      7686198C 
 146 03d6 50B2B3DC 		.ascii	"P\262\263\334nd\257\263\341\220\201=\364\276\251\327"
 146      6E64AFB3 
 146      E190813D 
 146      F4BEA9D7 
 147 03e6 FD486F72 		.ascii	"\375Hor.\215\252\257\360)\3226]\237\247\234=\321\226"
 147      2E8DAAAF 
 147      F029D236 
 147      5D9FA79C 
 147      3DD196
 148 03f9 DD4EE3AE 		.ascii	"\335N\343\256\306\026\247~O\363\253\315\317\275\364"
 148      C616A77E 
 148      4FF3ABCD 
 148      CFBDF4
 149 0408 72645B5D 		.ascii	"rd[]\244\356I'\332\3464E[Z\242o8\261hk{\233\263\363"
 149      A4EE4927 
 149      DAE63445 
 149      5B5AA26F 
 149      38B1686B 
 150 0420 C586FA86 		.ascii	"\305\206\372\206\267\344^\254\371\365\335\255m\316\323"
ARM GAS  /tmp/ccPRZ5rm.s 			page 11


 150      B7E45EAC 
 150      F9F5DDAD 
 150      6DCED3
 151 042f F5F54E53 		.ascii	"\365\365NSk{\244\256\011DkcLk\217a\354O1\2473\231"
 151      6B7BA4AE 
 151      09446B63 
 151      4C6B8F61 
 151      EC4F31A7 
 152              		.text
 153              		.section	.gnu.lto_ram_areas.3401b47cbafc7b9d,"",%progbits
 154 0000 789C75D1 		.ascii	"x\234u\321\315KTQ\030\006\360\363\336\3438Z\246\246"
 154      CD4B5451 
 154      1806F0F3 
 154      DEE3385A 
 154      A6A6
 155 0012 967D4CF5 		.ascii	"\226}L\365\037\314a\\\304\264+\006\262\026\022\330\037"
 155      1FCC615C 
 155      C4B42B06 
 155      B21612D8 
 155      1F
 156 0023 2036090E 		.ascii	" 6\011\0164]\231q!n\346.\024\244\310mB\301\010\006\246"
 156      345D9971 
 156      216EE62E 
 156      14A4C86D 
 156      42C10806 
 157 0038 664D65EA 		.ascii	"fMe\352\214\225\0375\225\332\227\226+7\202\"\010\202"
 157      8C951F35 
 157      95DA9796 
 157      2B378222 
 157      0882
 158 004a 20CA801A 		.ascii	" \312\200\032zf\236\273\210;\274wq\037x\337\303\303"
 158      7A669EBB 
 158      883BBC77 
 158      711F78DF 
 158      C3C3
 159 005c 8F735CC2 		.ascii	"\217s\\\302\0207]B\334\020\370\036KJ&7\227\335\261\177"
 159      10375D42 
 159      DC10F81E 
 159      4B4A2637 
 159      97DDB17F 
 160 0070 569765AD 		.ascii	"V\227e\255<\334\220\355q)\372d\336\252w\335\310-(\177"
 160      3CDC90ED 
 160      7129FA64 
 160      DEAA77DD 
 160      C82D287F 
 161 0084 41B98591 		.ascii	"A\271\205\221\267\250\310\315en\276\273\2766Y\344\037"
 161      B7A8C8CD 
 161      656EBEBB 
 161      BE3659E4 
 161      1F
 162 0095 B5BA7AAD 		.ascii	"\265\272z\255\253qI=R\320 \305z$\321@6\014z\236\015"
 162      AB71493D 
 162      52D020C5 
 162      7A24D140 
 162      360C7A9E 
 163 00aa 49FD14CB 		.ascii	"I\375\024\313\036\337y\320\231\221\3352\256\027nG\353"
 163      1EDF79D0 
ARM GAS  /tmp/ccPRZ5rm.s 			page 12


 163      9991DD32 
 163      AE176E47 
 163      EB
 164 00bb 7E378405 		.ascii	"~7\204\005\234\320\305\011\013\031\241\233\023& |\005"
 164      9CD0C509 
 164      0B19A19B 
 164      1326207C 
 164      05
 165 00cc E14B0887 		.ascii	"\341K\010\207!\\\333\037N\225BX\350h\335\262\205E\234"
 165      215CDB1F 
 165      4E954258 
 165      E868DDB2 
 165      85459C
 166 00df B098131E 		.ascii	"\260\230\023\036c\204\3079\341(\204\357 \034\201\360"
 166      6384C739 
 166      E12884EF 
 166      201C81F0 
 167 00ef 2D84B3CF 		.ascii	"-\204\263\317R\007%\020\272\034\255\253\266\260\204"
 167      52072510 
 167      BA1CADAB 
 167      B6B084
 168 00fe 139EE084 		.ascii	"\023\236\340\204\245\214\260\214\023\276\207p\002\302"
 168      A58CB08C 
 168      13BE8770 
 168      02C2
 169 010c 14844908 		.ascii	"\024\204I\010\027:\022O\355W.p\264\216\331\302rNx\222"
 169      173A124F 
 169      ED572E70 
 169      B48ED9C2 
 169      724E7892 
 170 0120 135630C2 		.ascii	"\023V0\302JN8\003\3414\204S\020NB8\263\235\350\267\357"
 170      4A4E3803 
 170      E1348453 
 170      104E4238 
 170      B39DE8B7 
 171 0135 503A5A87 		.ascii	"P:Z\207la\025'<\305\011O3\302jN\370\015\302\257\020"
 171      6C611527 
 171      3CC5094F 
 171      33C26A4E 
 171      F80DC2AF 
 172 014a 7E81300D 		.ascii	"~\2010\015a\37203U\006\241\341h=|\004\341\031Nx\226"
 172      61FA3033 
 172      5506A1E1 
 172      683D7C04 
 172      E1194E78 
 173 015f 139E6384 		.ascii	"\023\236c\204\3479\341O\010\177@\370\035\302y\010\377"
 173      E739E14F 
 173      087F40F8 
 173      1DC27908 
 173      FF
 174 0170 AFC9D824 		.ascii	"\257\311\330$\017G\272\300\221.2\244K\034\351\017H\213"
 174      0F47BAC0 
 174      912E32A4 
 174      4B1CE90F 
 174      488B
 175 0182 202D80F4 		.ascii	" -\200\364\033\244\216'\351=7\216[\372\352$\371<\364"
 175      1BA48E27 
ARM GAS  /tmp/ccPRZ5rm.s 			page 13


 175      E93D378E 
 175      5BFAEA24 
 175      F93CF4
 176 0195 97FC54E3 		.ascii	"\227\374T\343\241_:\346\310C\263:?\353\374\244\363\243"
 176      A15F3AE6 
 176      C843B33A 
 176      3FEBFCA4 
 176      F3A3
 177 01a7 CE0F3AC7 		.ascii	"\316\017:\307u\216\351|\243\363\265\316\027:\207\310"
 177      758EE97C 
 177      A3F3B5CE 
 177      173A87C8 
 178 01b7 2F6849FF 		.ascii	"/hI\377\256\253f3\334\244\032\3576\206U\2409t't\353"
 178      AEAB6633 
 178      DCA41AEF 
 178      368655A0 
 178      39742774 
 179 01cc 7683EFB2 		.ascii	"v\203\357\262\327\347\275\242\314\250\012\232\341\260"
 179      D7E7BDA2 
 179      CCA80A9A 
 179      E1B0
 180 01da 795FB598 		.ascii	"y_\265\230\221\326\250\272V_\027\250k\313\316ZB\367"
 180      91D6A8BA 
 180      565F17A8 
 180      6BCBCE5A 
 180      42F7
 181 01ec 9A225155 		.ascii	"\232\"QU\033\010\250`\244\325\347\015\212#0\011\021"
 181      1B08A860 
 181      A4D5E70D 
 181      8A233009 
 181      11
 182 01fd F7       		.ascii	"\367"
 183              		.text
 184              		.section	.gnu.lto_.symbol_nodes.3401b47cbafc7b9d,"",%progbits
 185 0000 789C55CD 		.ascii	"x\234U\315WR\002Q\000D\321\2763<AE1g\021\334\011\213"
 185      57520251 
 185      0044D1BE 
 185      333C4145 
 185      316711DC 
 186 0016 711D6F90 		.ascii	"q\035o\220`V\3149\254\303E\270!E\035\372\207\232\257"
 186      6056CC39 
 186      ACC345B8 
 186      21451DFA 
 186      879AAF
 187 0029 5375ABAB 		.ascii	"Su\253\253:(\321\036\222\222\037Ei\360\245\021\237Y"
 187      3A28D11E 
 187      92921F45 
 187      69F0A511 
 187      9F59
 188 003b 2B2F4345 		.ascii	"+/CE\212\345W1)\226?\305t\\\232y\311\210\245\302&|K"
 188      8AE55731 
 188      29963FC5 
 188      745C9A79 
 188      C988A5C2 
 189 0052 D9AE9486 		.ascii	"\331\256\224\20664\362\253\260Ob;\244\266K\311\366\010"
 189      3634F2AB 
 189      B04F623B 
ARM GAS  /tmp/ccPRZ5rm.s 			page 14


 189      A4B64BC9 
 189      F608
 190 0064 B6CF843D 		.ascii	"\266\317\204=\240l\017\251\330#&\3551S\366\204i{J\325"
 190      A06C0FA9 
 190      D82326ED 
 190      3153F684 
 190      697B4AD5 
 191 0078 9E3163CF 		.ascii	"\2361c\317\231\265\027\324\354\2009{\311\274\275b\301"
 191      99B517D4 
 191      EC80397B 
 191      C9BCBD62 
 191      C1
 192 0089 5EB3686F 		.ascii	"^\263hoX\262\267,\333;V\354=\253\366\2015\373\310\272"
 192      58B2B72C 
 192      DB3B56EC 
 192      3DABF681 
 192      35FBC8BA 
 193 009d 7D62C33E 		.ascii	"}b\303>\263i_\330\262\257l\3337\352\366\235\035\373"
 193      B3695FD8 
 193      B2AF6CDB 
 193      37EAF69D 
 193      1DFB
 194 00af 4163A4FE 		.ascii	"Ac\244\376\001K\2712\221"
 194      014BB932 
 194      91
 195              		.text
 196              		.section	.gnu.lto_.refs.3401b47cbafc7b9d,"",%progbits
 197 0000 789C05C1 		.ascii	"x\234\005\301\007\022\202@\020\000\260\235\014\207 "
 197      07128240 
 197      1000B09D 
 197      0C8720
 198 000f 168A8A58 		.ascii	"\026\212\212XNl\257\341\377\377!I!\226\210PH\244<'\245"
 198      4E6CAFE1 
 198      FFFF2149 
 198      21968850 
 198      48A43C27 
 199 0024 8D4A6DAB 		.ascii	"\215Jm\253\261\263wp\324\352\364\006'g\027\243\253\311"
 199      B1B37770 
 199      D4EAF406 
 199      276717A3 
 199      ABC9
 200 0036 CDDDC353 		.ascii	"\315\335\303S\3662{\373\370\372\371\307\012}f\003\234"
 200      F6327BFB 
 200      F8FAF9C7 
 200      0A7D6603 
 200      9C
 201              		.text
 202              		.section	.gnu.lto_.decls.3401b47cbafc7b9d,"",%progbits
 203 0000 789C8596 		.ascii	"x\234\205\226iPT\331\025\307\337\355\333@\323\264`\300"
 203      695054D9 
 203      15C7DFED 
 203      DB40D3B4 
 203      60C0
 204 0012 C998526B 		.ascii	"\311\230Rk\034\303\214TM\015\035\\\223o\223\262jf\276"
 204      1CC38C54 
 204      4D0D1D5C 
 204      936F93B2 
ARM GAS  /tmp/ccPRZ5rm.s 			page 15


 204      6A66BE
 205 0025 4C26954C 		.ascii	"L&\225L\346k\027b'Ra\261\240-\265\222J=Y\005\005Q\331"
 205      E66B1762 
 205      275261B1 
 205      A02DB592 
 205      4A3D5905 
 206 003c 65547019 		.ascii	"eTp\031\300\005\031\245e\021lEP\021QP\334Y\024Y\024"
 206      C00519A5 
 206      65116C45 
 206      50115150 
 206      DC591459 
 207 0051 10054410 		.ascii	"\020\005D\020\205\234{\356\353\3656\311\253\376\367"
 207      859C7BEE 
 207      EBF536C9 
 207      ABFEF7
 208 0060 7BF7BE73 		.ascii	"{\367\276s~\347\334s\317{\365<$\225\364\237\371\222"
 208      7EE7DC73 
 208      CF7BF53C 
 208      2495F49F 
 208      F992
 209 0072 F40395A4 		.ascii	"\364\003\225\244\004\225$\315\302\341%I\322I\311~x\200"
 209      049524CD 
 209      C2E12549 
 209      D249C97E 
 209      7880
 210 0084 4E83CE80 		.ascii	"N\203\316\200\314\240\032P-\350S\320\023P\017\250\027"
 210      CCA01A50 
 210      2DE853D0 
 210      13500FA8 
 210      17
 211 0095 D40F7A0E 		.ascii	"\324\017z\016\032\004\015\203F@\257Ac\2407\240\267\240"
 211      1A040D83 
 211      4640AF41 
 211      63A037A0 
 211      B7A0
 212 00a7 29D034E8 		.ascii	")\3204\350\003h\026D\210$Q\220\007\310\013\344\015\362"
 212      03681644 
 212      88245190 
 212      07C80BE4 
 212      0DF2
 213 00b9 01CD03F9 		.ascii	"\001\315\003\371\201~\005\012\000}\004\372\030\364\033"
 213      817E050A 
 213      007D04FA 
 213      18F41B
 214 00c8 D022D012 		.ascii	"\320\"\320\022\320'\240O\211\344t\204\302\230M\375\250"
 214      D027A04F 
 214      89E47484 
 214      C2984DFD 
 214      A8
 215 00d9 8C8992BB 		.ascii	"\214\211\222\273\353\361\0177vg\334\330E\272\2613\273"
 215      EBF10F37 
 215      7667DCD8 
 215      45BAB133 
 215      BB
 216 00ea B1DBE2C6 		.ascii	"\261\333\342\306\256\306\215\335\277\340\206N\261\363"
 216      AEC68DDD 
 216      BFE0864E 
ARM GAS  /tmp/ccPRZ5rm.s 			page 16


 216      B1F3
 217 00f8 072D002D 		.ascii	"\007-\000-\203\271\233p^\016\372-\\w\303\271\013\024"
 217      83B99B70 
 217      5E0EFA2D 
 217      5C77C3B9 
 217      0B14
 218 010a 08D737E0 		.ascii	"\010\3277\340\374g\220\032\364\000\324\016\272\013\272"
 218      FC67901A 
 218      F400D40E 
 218      BA0BBA
 219 0119 A7C4A855 		.ascii	"\247\304\250U\316O\\\342\324\023\356sSa\2618\335sp\330"
 219      CE4F5CE2 
 219      D413EE73 
 219      5361B138 
 219      DD7370D8 
 220 012d B154E2B5 		.ascii	"\261T\342\265\374D\251\355\"\245\326\037+\265\017P\366"
 220      FC44A9ED 
 220      22A5D61F 
 220      2BB50F50 
 220      F6
 221 013e C24FD91B 		.ascii	"\302O\331\033\037e\257\274\224\275c{\310\366\222\355"
 221      1F65AFBC 
 221      94BD637B 
 221      C8F692ED 
 222 014e 29DB5BB6 		.ascii	")\333[\266\307l\257\331\236\263\275g=\300z\201\365\004"
 222      C76CAFD9 
 222      9EB3BD67 
 222      3DC07A81 
 222      F504
 223 0160 EB0DD623 		.ascii	"\353\015\326#\254WX\317\260\336\351q\311?\207\022s\332"
 223      AC5758CF 
 223      B0DEE971 
 223      C93F8712 
 223      73DA
 224 0172 E55A5527 		.ascii	"\345ZU'yL\240-\311|^U\302\377\011\212\007\264\036\204"
 224      794CA02D 
 224      C97C5E55 
 224      C2FF098A 
 224      07B41E84 
 225 0186 E03CCCAA 		.ascii	"\340<\314\252$e3\254S\304\352\241\214U\312P\245 \361"
 225      246533AC 
 225      53C4EAA1 
 225      8C55CA50 
 225      A520F1
 226 0199 A7381307 		.ascii	"\2478\023\007\"\277\315#Y\017^o~\201nVo\242\262\007"
 226      22BFCD23 
 226      590F5E6F 
 226      7E816E56 
 226      6FA2B207 
 227 01ad 20C4D1C1 		.ascii	" \304\321\301\001\310\323V\356\333\362\223\354\213#"
 227      01C8D356 
 227      EEDBF293 
 227      EC8B23
 228 01bc D6D5BFCE 		.ascii	"\326\325\277\316k\356\323v\221\0166{\350+\202s\347\036"
 228      6BEED376 
 228      910E367B 
 228      E82B8273 
ARM GAS  /tmp/ccPRZ5rm.s 			page 17


 228      E71E
 229 01ce EEBEE249 		.ascii	"\356\276\342IU\204]\337x<|\302\203\372\342\365\351\202"
 229      55845DDF 
 229      783C7CC2 
 229      83FAE2F5 
 229      E982
 230 01e0 F7AD1A35 		.ascii	"\367\255\0325,\273\224P\356\3355U\374u\360\011\231\037"
 230      2CBB9450 
 230      EEDD3555 
 230      FC75F009 
 230      991F
 231 01f2 9A2FEC45 		.ascii	"\232/\354Em\230}k\361K\247\304_KT0l{\325\374\223\017"
 231      6D987D6B 
 231      F14BA7C4 
 231      5F4B5430 
 231      6C7BD5FC 
 232 0208 0C1768C9 		.ascii	"\014\027h\311|\030Nno\277\250]\230\215^\361\362|\025"
 232      7C184E6E 
 232      6FBFA85D 
 232      988D5EF1 
 232      F27C15
 233 021b F9F1D7E4 		.ascii	"\371\361\327\344\024YLN\222\305\220Z\031Y\010\377\353"
 233      14594C4E 
 233      92C5905A 
 233      195908FF 
 233      EB
 234 022c D59C7425 		.ascii	"\325\234t%%\257\202,;$\037\262\310\226\376\370\317\237"
 234      25AF822C 
 234      3B241FB2 
 234      C896FEF8 
 234      CF9F
 235 023e FE22CB89 		.ascii	"\376\"\313\211q\262\254ff\244\204Pr\202\004\203\371"
 235      71B2AC66 
 235      66A48450 
 235      72820483 
 235      F9
 236 024f 71A26623 		.ascii	"q\242f#\270*&]\204\374L:a\305\247\3112\266\304\341\335"
 236      B82A265D 
 236      84FC4C3A 
 236      61C5A7C9 
 236      32B6C4E1 
 237 0264 2D7E346C 		.ascii	"-~4l\216%\324\324Y\252}\024\376\303/\362dK\334vYV!\275"
 237      8E25D4D4 
 237      59AA7D14 
 237      FEC32FF2 
 237      644BDC76 
 238 027c DC46FF05 		.ascii	"\334F\377\005\350\345\256\3643H\037\271\363\252\223"
 238      E8E5AEF4 
 238      33481FB9 
 238      F3AA93
 239 028b D24D73D0 		.ascii	"\322Ms\320\207\207n\247x(\364\246/\235\350gm\364\012"
 239      87876EA7 
 239      7828F4A6 
 239      2F9DE867 
 239      6DF40A
 240 029e A09F75A5 		.ascii	"\240\237u\245\233\221^\362\340\315%\037\372o\244\037"
 240      9B915EF2 
ARM GAS  /tmp/ccPRZ5rm.s 			page 18


 240      E0CD251F 
 240      FA6FA41F 
 241 02ae BCF6B450 		.ascii	"\274\366\264PGw\022\034<\037\270\363\310\217\205\252"
 241      4777121C 
 241      3C1FB8F3 
 241      C88F85AA 
 242 02be B486EA49 		.ascii	"\264\206\352Ii=\357m\015N\252\210\232M\026\275\217\317"
 242      693DEF6D 
 242      0D4EAA88 
 242      9A4D16BD 
 242      8FCF
 243 02d0 F664F12F 		.ascii	"\366d\361/\312\226\321`\247\370\347l\361\253!\3769\327"
 243      CA96D160 
 243      A7F8E76C 
 243      F1AB21FE 
 243      39D7
 244 02e2 F83518FF 		.ascii	"\3705\030\377V\356\316$B3y\314\304\212\206b_\006\353"
 244      56EECE24 
 244      423379CC 
 244      C48A8662 
 244      5F06EB
 245 02f5 962D977E 		.ascii	"\226-\227~\317`\262\025v\336\012\223\330\2453\251\026"
 245      CF60B215 
 245      76DE0A93 
 245      D8A533A9 
 245      16
 246 0306 49552DFB 		.ascii	"IU-\373\352}\351QN2\367]k\324\362\366\220\011\214?\334"
 246      EA7DE951 
 246      4E32F75D 
 246      6BD4F2F6 
 246      90098C3F 
 247 031b 1DBC4C78 		.ascii	"\035\274Lx\177\310\032\030\217\247&\276\245\374\276"
 247      7FC81A18 
 247      8FA726BE 
 247      A5FCBE
 248 032a 170C5B13 		.ascii	"\027\014[\023N\027(C5\333\320\033\371=\276\334z)\014"
 248      4E172843 
 248      35DBD01B 
 248      F93DBEDC 
 248      7A290C
 249 033d EF15F64E 		.ascii	"\357\025\366Nj\265;X3e\304\313\336\3372\263z\350\246"
 249      6AB53B58 
 249      3365C4CB 
 249      DEDF32B3 
 249      7AE8A6
 250 0350 4BD84D97 		.ascii	"K\330M\227\211\026\376\365\213\311E\030\202u~\315x\223"
 250      8916FEF5 
 250      8BC94518 
 250      82757ECD 
 250      7893
 251 0362 0767B148 		.ascii	"\007g\261H\311c\227\343\324\264\214\247\325q\265\344"
 251      C96397E3 
 251      D4B48CA7 
 251      D571B5E4 
 252 0372 388BB35C 		.ascii	"8\213\263\\K\330s\344\007SeCUS\363\370\024\263h\333"
 252      4BD873E4 
 252      07536543 
ARM GAS  /tmp/ccPRZ5rm.s 			page 19


 252      5553F3F8 
 252      14B368DB 
 253 0386 3D7AC48B 		.ascii	"=z\304\213V\243\271*\257\351\336%5\011\322\036c\241"
 253      56A3B92A 
 253      AFE9DE25 
 253      3509D21E 
 253      63A1
 254 0398 2D23959F 		.ascii	"-#\225\237\347\216\312\362Rr\235h\3115{=\226C|\011\262"
 254      E78ECAF2 
 254      52729D68 
 254      C9357B3D 
 254      96437C09 
 255 03ad 8BE3D949 		.ascii	"\213\343\331I\266\334H\023\011b\\fG\256\302\344\025"
 255      B6DC4813 
 255      09625C66 
 255      47AEC2E4 
 255      15
 256 03be 9E61C991 		.ascii	"\236a\311\221=E\236t\214\307h\254{t_M\264An\001-n\000"
 256      3D459E74 
 256      8CC768AC 
 256      7B745F4D 
 256      B4416E01 
 257 03d5 3C99FE0B 		.ascii	"<\231\376\013\313\032\023\331\346\334\200d\232\355\311"
 257      CB1A13D9 
 257      E6DC8064 
 257      9AEDC9
 258 03e4 5C67D560 		.ascii	"\\g\325`A\222\037\367Vz\350RmT4\264W\355&\321)O\362"
 258      41921FF7 
 258      567AE852 
 258      6D5434B4 
 258      57ED26D1 
 259 03fb F5E6B43A 		.ascii	"\365\346\264:/z\220\277\0152^\026\324\372\320\022>\260"
 259      2F7A90BF 
 259      0D325E16 
 259      D4FAD012 
 259      3EB0
 260 040d 3ED4FEFC 		.ascii	">\324\376\374\241\266\356\351\002eOo\016\275\255\324"
 260      A1B6EEE9 
 260      02654F6F 
 260      0EBDADD4 
 261 041d D24AB4F5 		.ascii	"\322J\264\365l?\325;AI```P`@\021\013j\351\257_T\015"
 261      6C3FD53B 
 261      41496060 
 261      60506040 
 261      110B6AE9 
 262 0435 CF728A27 		.ascii	"\317r\212'\213EnA\212\017I\200}iz\226E=\313E\342\366"
 262      8B456E41 
 262      8A0F4980 
 262      7D697A96 
 262      453DCB45 
 263 044b EFB2A97C 		.ascii	"\357\262\251|d!\0327\272\0327`\316!v\343K96\343;\356"
 263      64211A37 
 263      BA1A3760 
 263      CE2176E3 
 263      4B3936E3 
 264 0461 8D399A17 		.ascii	"\2159\232\027\253\017\320\262\206YIJ\235$\033\351\345"
 264      AB0FD0B2 
ARM GAS  /tmp/ccPRZ5rm.s 			page 20


 264      8659494A 
 264      9D241BE9 
 264      E5
 265 0472 312F68F4 		.ascii	"1/h\364\004\212\254V\267Yb\334=\330~\262\374\225Z\""
 265      048AAC56 
 265      B75962DC 
 265      3DD87EB2 
 265      FC955A22 
 266 0486 B7E1761B 		.ascii	"\267\341v\033Fa\306@$\367a\243\036\220@\322\016\272"
 266      4661C640 
 266      24F761A3 
 266      1E9040D2 
 266      0EBA
 267 0498 0BBA4702 		.ascii	"\013\272G\002\255o\312\273\367[\033\275i\003\226I\325"
 267      AD6FCABB 
 267      F75B1BBD 
 267      69039649 
 267      D5
 268 04a9 76ABE99E 		.ascii	"v\253\351\236'\011\010rG\203wt\320\377\005\362\005\265"
 268      27090872 
 268      47837774 
 268      D0FF05F2 
 268      05B5
 269 04bb AC65EB79 		.ascii	"\254e\353y\014\266\217\354[\317\226\207\021\213&\252"
 269      0CB68FEC 
 269      5BCF9687 
 269      118B26AA 
 270 04cb F678FA67 		.ascii	"\366x\372g(!\226\252\321\320\002Q.`\316\235\304\337"
 270      282196AA 
 270      D1D00251 
 270      2E60CE9D 
 270      C4DF
 271 04dd FAD830EB 		.ascii	"\372\3300\353\201\332;Y\276\001JB;\346JH\232kyg\363"
 271      81DA3B59 
 271      BE014A42 
 271      3BE64A48 
 271      9A6B7967 
 272 04f2 1A5A3D1C 		.ascii	"\032Z=\034\203u\375\257`\235I\035I\272\317\016\313\267"
 272      8375FDAF 
 272      609D491D 
 272      49BACF0E 
 272      CBB7
 273 0504 E075D9B7 		.ascii	"\340u\331\267\177\361>Y\376\226t\023\177R\307\227\341"
 273      7FF13E59 
 273      FE967413 
 273      7F52C797 
 273      E1
 274 0515 E0C8667E 		.ascii	"\340\310f~\200\227\335\023\362\031\370\215\216\247\235"
 274      8097DD13 
 274      F219F88D 
 274      8EA79D
 275 0524 F5A3EDBC 		.ascii	"\365\243\355\274/G\246g\276\007F7\354^c\256\377\336"
 275      2F47A667 
 275      BE074637 
 275      EC5E63AE 
 275      FFDE
 276 0536 F843BCB9 		.ascii	"\370C\274\271\237*\014{\223?\3057U\017\022^\244\265"
ARM GAS  /tmp/ccPRZ5rm.s 			page 21


 276      9F2A0C7B 
 276      933FC537 
 276      550F125E 
 276      A4B5
 277 0548 CFFAD101 		.ascii	"\317\372\321\001N\260\\\311\2245\012b(\223f\004\"\340"
 277      4EB05CC9 
 277      94350A62 
 277      28936604 
 277      22E0
 278 055a 99007886 		.ascii	"\231\000x\206\200^\004\034\233\271c\366\244\023\034"
 278      805E041C 
 278      9BB963F6 
 278      A4131C
 279 0569 D03AF2A8 		.ascii	"\320:\362\250\321C\001<\313\266\002\372\004@\037\002"
 279      D143013C 
 279      CBB602FA 
 279      04401F02 
 280 0579 FA119057 		.ascii	"\372\021\220W:\234\247\245\211\024\001\273\236\177\310"
 280      3A9CA7A5 
 280      891401BB 
 280      9E7FC8
 281 0588 F6B30216 		.ascii	"\366\263\002\026\346\311\360\236a\204\001\2010\200\204"
 281      E6C9F09E 
 281      61840181 
 281      308084
 282 0597 E748E8AD 		.ascii	"\347H\350\255\277\372DC\2638\241\274\350\331S\235B\350"
 282      BFFA4443 
 282      B338A1BC 
 282      E8D9539D 
 282      42E8
 283 05a9 7428C30B 		.ascii	"t(\303\013\001\361\002\021\203\210\210{\225S\356C\213"
 283      01F10211 
 283      8388887B 
 283      9553EE43 
 283      8B
 284 05ba 39E2FE9E 		.ascii	"9\342\376\236\232to\241\014C\002`\010\001\303\010h\265"
 284      9A746FA1 
 284      0C430260 
 284      0801C308 
 284      68B5
 285 05cc 54947A51 		.ascii	"T\224zQ3\007t\310;oi\2052\274\024\000/\0210\202\200"
 285      330774C8 
 285      3B6F6985 
 285      32BC1400 
 285      2F113082 
 286 05e1 BE9E5DE5 		.ascii	"\276\236]\345\236\264\201\003\306[GR\251X\206W\002\341"
 286      9EB48103 
 286      C65B4752 
 286      A9588657 
 286      02E1
 287 05f3 15125E23 		.ascii	"\025\022^#\341\361\301\237\247t\264\235\023\016$\227"
 287      E1F1C19F 
 287      A774B49D 
 287      130E2497 
 288 0603 7FA40026 		.ascii	"\177\244\000&\034\2520*\020F\2210\206\204\234\352\346"
 288      1CAA302A 
 288      10469130 
ARM GAS  /tmp/ccPRZ5rm.s 			page 22


 288      86849CEA 
 288      E6
 289 0614 735E7480 		.ascii	"s^t\200\023&K\315Y\363\204*\214\013\200q\004\274A\300"
 289      13264BCD 
 289      59F3842A 
 289      8C0B8071 
 289      04BC41C0 
 290 0628 6CCBC11B 		.ascii	"l\313\301\033*:\301\001\226\202\201\036_\241\012\023"
 290      2A3AC101 
 290      9682811E 
 290      5FA10A13 
 291 0638 02600201 		.ascii	"\002`\002\001o\021\320t~o\0154\203\032\001I\351\267"
 291      6F11D074 
 291      7E6F0D34 
 291      831A0149 
 291      E9B7
 292 064a BA756215 		.ascii	"\272ub\025&\005\302$\022\246\220\220\273+e\011\315\342"
 292      2605C224 
 292      12A69090 
 292      BB2B6509 
 292      CDE2
 293 065c 80C1FEC2 		.ascii	"\200\301\376\302\303\326\215l\311\263W\341\235@x\207"
 293      C3D68D6C 
 293      C9B357E1 
 293      9D407887 
 294 066c 8469FE48 		.ascii	"\204i\376H\234\252\252\360\246\305\034Q\365`\342\244"
 294      9CAAAAF0 
 294      A6C51C51 
 294      F560E2A4 
 295 067c 8F5085F7 		.ascii	"\217P\205\367\002\340=\002> `\272p\252TM\315\034p3\261"
 295      02E03D02 
 295      3E2060BA 
 295      70AA544D 
 295      CD1C7033 
 296 0691 EE8EF848 		.ascii	"\356\216\370H\314\010\200\031\004\314\"`\177\301\201"
 296      CC088019 
 296      04CC2260 
 296      7FC181
 297 06a0 1A1D6DE0 		.ascii	"\032\035m\340\200\270\266\013%j\261\012\262\312\225"
 297      80B8B60B 
 297      256AB10A 
 297      B2CA95
 298 06af 0033F0BF 		.ascii	"\0003\360\277]\305\010\247\352:\252\275i;'\024\327\246"
 298      5DC508A7 
 298      EA3AAABD 
 298      693B2714 
 298      D7A6
 299 06c1 165953E8 		.ascii	"\026YS\350s(C\234\200\210CD<\"\022'\223\366k\350\000"
 299      7328439C 
 299      80884344 
 299      3C221227 
 299      93F66BE8 
 300 06d6 476CAF1B 		.ascii	"Gl\257\033-\026\337\014\011\002 \001\001\211\010h\314"
 300      2D16DF0C 
 300      09022001 
 300      01890868 
 300      CC
ARM GAS  /tmp/ccPRZ5rm.s 			page 23


 301 06e7 493BEB43 		.ascii	"I;\353C'8\2407w\360\270X\206$\001\220\204\200d\004\034"
 301      2738A037 
 301      77F0B858 
 301      86240190 
 301      84806404 
 302 06fc 1DCFB8A6 		.ascii	"\035\317\270\246\246\211\036\010\230\276\336\026$Va"
 302      A6891E08 
 302      98BEDE16 
 302      245661
 303 070b 8700D881 		.ascii	"\207\000\330\201\200\024\004\244\\<V\242\245Y\034\220"
 303      801404A4 
 303      5C3C56A2 
 303      A5591C90 
 304 071b 9C72E185 		.ascii	"\234r\341\205\247B\230q\250B\252\200HE\304NDT\027\227"
 304      A7429871 
 304      A842AA80 
 304      4845C44E 
 304      44541797 
 305 072f 8DC28B81 		.ascii	"\215\302\213\201#\362\253\336\215\210/\206]\002`\027"
 305      23F2ABDE 
 305      8D882F86 
 305      5D026017 
 306 073f 02D21050 		.ascii	"\002\322\020P9\374p\322\223\2329\340Q\307#Y|$\322\005"
 306      39FC70D2 
 306      939A39E0 
 306      51C72359 
 306      7C24D205 
 307 0753 403A0276 		.ascii	"@:\002v#`\354z\006<\022\015\034\360&~\260]#\226!C d"
 307      2360EC7A 
 307      063C120D 
 307      1CF0267E 
 307      B05D2396 
 308 076b 20610F12 		.ascii	" a\017\022j\316O/\241\355\034\320\234Y\377\223\265\237"
 308      6ACE4F2F 
 308      A1ED1CD0 
 308      9C59FF93 
 308      B59F
 309 077d EFE6DBAB 		.ascii	"\357\346\333\253\260W \354E\302>$d\224\025\276\207^"
 309      B05720EC 
 309      45C23E24 
 309      649415BE 
 309      875E
 310 078f E08882DA 		.ascii	"\340\210\202\332\2528\235P\205L\001\220\211\200,\276"
 310      AA389D50 
 310      854C0190 
 310      89802CBE 
 311 079f 88DB27EE 		.ascii	"\210\333'\356\315\243\023\034\360\360\304l\222\330\013"
 311      CDA3131C 
 311      F0F0C46C 
 311      92D80B
 312 07ae D902201B 		.ascii	"\331\002 \033\0019\010\350\2560\227\371\322DO^\306\364"
 312      013908E8 
 312      AE3097F9 
 312      D2444F5E 
 312      C6F4
 313 07c0 D2342FB1 		.ascii	"\3224/\261\012\271\002!\027\011yH8\231\321\223"
 313      0AB90221 
ARM GAS  /tmp/ccPRZ5rm.s 			page 24


 313      17097948 
 313      3899D193 
 314 07d0 E345B338 		.ascii	"\343E\2638a:\353\364\003k\035_:\224!_@\344#b?\"\362"
 314      613AEBF4 
 314      036B1D5F 
 314      3A94215F 
 314      40E42362 
 315 07e7 6F67D610 		.ascii	"og\326\020Z\314\021\307\022Jr\3052\024\010\200\002\004"
 315      5ACC11C7 
 315      124A72C5 
 315      32140880 
 315      0204
 316 07f9 FC8480A1 		.ascii	"\374\204\200\241\344\256Nh\006\0160\017m?,6\303\001"
 316      E4AE4E68 
 316      060E300F 
 316      6D3F2C36 
 316      C301
 317 080b 01700001 		.ascii	"\001p\000\001\007\021\2203\366.\036\232\201\003f\362"
 317      07119033 
 317      F62E1E9A 
 317      810366F2 
 318 081b 9F8FB969 		.ascii	"\237\217\271i\206C\002\341\020\022\012y\012'\217\216"
 318      864302E1 
 318      10120A79 
 318      0A278F8E 
 319 082b E81C3F80 		.ascii	"\350\034?\200\273\034>\354$R\244\302\017`v\006\343\251"
 319      BB1C3EEC 
 319      2452A4C2 
 319      0F607606 
 319      E3A9
 320 083d A3E6618D 		.ascii	"\243\346a\215\2431\373(\261\033\037V\214\017\243q\333"
 320      A331FB28 
 320      B11B1F56 
 320      8C0FA371 
 320      DB
 321 084e EDE20AB5 		.ascii	"\355\342\012\265\325x\307\\\237\326\344\0108\371\030"
 321      D578C75C 
 321      9FD6E408 
 321      38F918
 322 085d 0C61D131 		.ascii	"\014a\3211FCxT\270I\275\305\030\372O\3157\177\372\333"
 322      46437854 
 322      B849BDC5 
 322      18FA4FCD 
 322      377FFADB 
 323 0871 D2752121 		.ascii	"\322u!!\322\327\372\215\321\221F}\350\206\320H\375\272"
 323      D2D7FA8D 
 323      D191467D 
 323      E886D048 
 323      FDBA
 324 0883 8DE1EBC3 		.ascii	"\215\341\353\303\277\377\253!dMpH\360\037\364\321\261"
 324      BFFFAB21 
 324      644D7048 
 324      F01FF4D1 
 324      B1
 325 0894 FAB0E8C8 		.ascii	"\372\260\350\310\310\350(\375\246\350\030S\254\376\217"
 325      C8E828FD 
 325      A6E81853 
ARM GAS  /tmp/ccPRZ5rm.s 			page 25


 325      ACFE8F
 326 08a3 7FF96EDD 		.ascii	"\177\371n\335w[\331\334\246\360\010cL\254\376\233u\353"
 326      775BD9DC 
 326      A6F00863 
 326      4CACFE9B 
 326      75EB
 327 08b5 F46131A6 		.ascii	"\364a1\246\220\3400Ig0\030Cc\"\266a\004\210\026\021"
 327      90E03049 
 327      67301843 
 327      6322B661 
 327      04881611 
 328 08c9 6AE2D17C 		.ascii	"j\342\321|\015\206\015\306\277\207n\2160\031\214[\303"
 328      0D860DC6 
 328      BF876E8E 
 328      30198C5B 
 328      C3
 329 08da 4D9A2848 		.ascii	"M\232(H\303\2649&j\276\001o\033bB#\015\2411\306\320"
 329      C3B43926 
 329      6ABE016F 
 329      1B624223 
 329      0DA131C6 
 330 08ef 586FDB95 		.ascii	"Xo\333\2256,\002Xx\2555\0306\207G\231V\2560\230\276"
 330      362C0258 
 330      78AD3518 
 330      36874799 
 330      56AE3098 
 331 0904 D46F8E8D 		.ascii	"\324o\216\215\321\207G\205El\336`\324G\031\267D\204"
 331      D1874785 
 331      456CDE60 
 331      D44719B7 
 331      4484
 332 0916 AFD74786 		.ascii	"\257\327G\206\206m\014\2172\352m1L\3336\031c\2037J\032"
 332      866D0C8F 
 332      32EA6D31 
 332      4CDB3619 
 332      6383374A 
 333 092b ABDB3277 		.ascii	"\253\3332wn\261\333b\365\206X\323\006\260\001[oL\204"
 333      6EB1DB62 
 333      F58658D3 
 333      06B0015B 
 333      6F4C84
 334 093e 85F3C52B 		.ascii	"\205\363\305+\223q+\037\352\242\242\015\266{~,?\333"
 334      93712B1F 
 334      EAA2A20D 
 334      B67B7E2C 
 334      3FDB
 335 0950 C860F237 		.ascii	"\310`\3627\260\334\177g\260\273\030\3469N\031|\225\021"
 335      B0DC7F67 
 335      B0BB18E6 
 335      394E197C 
 335      9511
 336 0962 5F8DC14F 		.ascii	"_\215\301O\031FE\363\333\334?D\364\017q\362\017q\366"
 336      194645F3 
 336      DBDC3F44 
 336      F40F71F2 
 336      0F71F6
 337 0975 0F71F15F 		.ascii	"\017q\361_!\372\257p\362_\341\354\277\302\305\177\245"
ARM GAS  /tmp/ccPRZ5rm.s 			page 26


 337      21FAAF70 
 337      F25FE1EC 
 337      BFC2C57F 
 337      A5
 338 0986 E8BFD2C9 		.ascii	"\350\277\322\311\177\245\263\377J\027\377U\242\377*"
 338      7FA5B3FF 
 338      4A17FF55 
 338      A2FF2A
 339 0995 27FF55CE 		.ascii	"'\377U\316\376\253\\\374W\213\376\253\235\374W;\373"
 339      FEAB5CFC 
 339      578BFEAB 
 339      9DFC573B 
 339      FB
 340 09a6 AF76F15F 		.ascii	"\257v\361_#\372\257q\362_\343\354\277\306\305\177\255"
 340      23FAAF71 
 340      F25FE3EC 
 340      BFC6C57F 
 340      AD
 341 09b7 E8BFD6C9 		.ascii	"\350\277\326\311\177\255\263\377Z\233\377\177\001\232"
 341      7FADB3FF 
 341      5A9BFF7F 
 341      019A
 342 09c5 FA441D   		.ascii	"\372D\035"
 343              		.text
 344              		.section	.gnu.lto_.symtab.3401b47cbafc7b9d,"",%progbits
 345 0000 5F5F636F 		.ascii	"__core_init\000"
 345      72655F69 
 345      6E697400 
 346 000c 00       		.ascii	"\000"
 347 000d 01       		.ascii	"\001"
 348 000e 00       		.ascii	"\000"
 349 000f 00000000 		.ascii	"\000\000\000\000\000\000\000\000"
 349      00000000 
 350 0017 B0000000 		.ascii	"\260\000\000\000"
 351 001b 5F5F6561 		.ascii	"__early_init\000"
 351      726C795F 
 351      696E6974 
 351      00
 352 0028 00       		.ascii	"\000"
 353 0029 01       		.ascii	"\001"
 354 002a 00       		.ascii	"\000"
 355 002b 00000000 		.ascii	"\000\000\000\000\000\000\000\000"
 355      00000000 
 356 0033 B3000000 		.ascii	"\263\000\000\000"
 357 0037 5F5F6C61 		.ascii	"__late_init\000"
 357      74655F69 
 357      6E697400 
 358 0043 00       		.ascii	"\000"
 359 0044 01       		.ascii	"\001"
 360 0045 00       		.ascii	"\000"
 361 0046 00000000 		.ascii	"\000\000\000\000\000\000\000\000"
 361      00000000 
 362 004e B6000000 		.ascii	"\266\000\000\000"
 363 0052 5F5F6465 		.ascii	"__default_exit\000"
 363      6661756C 
 363      745F6578 
 363      697400
ARM GAS  /tmp/ccPRZ5rm.s 			page 27


 364 0061 00       		.ascii	"\000"
 365 0062 01       		.ascii	"\001"
 366 0063 00       		.ascii	"\000"
 367 0064 00000000 		.ascii	"\000\000\000\000\000\000\000\000"
 367      00000000 
 368 006c BB000000 		.ascii	"\273\000\000\000"
 369 0070 5F5F696E 		.ascii	"__init_ram_areas\000"
 369      69745F72 
 369      616D5F61 
 369      72656173 
 369      00
 370 0081 00       		.ascii	"\000"
 371 0082 00       		.ascii	"\000"
 372 0083 00       		.ascii	"\000"
 373 0084 00000000 		.ascii	"\000\000\000\000\000\000\000\000"
 373      00000000 
 374 008c BD000000 		.ascii	"\275\000\000\000"
 375 0090 5F5F7261 		.ascii	"__ram0_init_text__\000"
 375      6D305F69 
 375      6E69745F 
 375      74657874 
 375      5F5F00
 376 00a3 00       		.ascii	"\000"
 377 00a4 02       		.ascii	"\002"
 378 00a5 00       		.ascii	"\000"
 379 00a6 00000000 		.ascii	"\000\000\000\000\000\000\000\000"
 379      00000000 
 380 00ae E3000000 		.ascii	"\343\000\000\000"
 381 00b2 5F5F7261 		.ascii	"__ram0_init__\000"
 381      6D305F69 
 381      6E69745F 
 381      5F00
 382 00c0 00       		.ascii	"\000"
 383 00c1 02       		.ascii	"\002"
 384 00c2 00       		.ascii	"\000"
 385 00c3 00000000 		.ascii	"\000\000\000\000\000\000\000\000"
 385      00000000 
 386 00cb E5000000 		.ascii	"\345\000\000\000"
 387 00cf 5F5F7261 		.ascii	"__ram0_clear__\000"
 387      6D305F63 
 387      6C656172 
 387      5F5F00
 388 00de 00       		.ascii	"\000"
 389 00df 02       		.ascii	"\002"
 390 00e0 00       		.ascii	"\000"
 391 00e1 00000000 		.ascii	"\000\000\000\000\000\000\000\000"
 391      00000000 
 392 00e9 E7000000 		.ascii	"\347\000\000\000"
 393 00ed 5F5F7261 		.ascii	"__ram0_noinit__\000"
 393      6D305F6E 
 393      6F696E69 
 393      745F5F00 
 394 00fd 00       		.ascii	"\000"
 395 00fe 02       		.ascii	"\002"
 396 00ff 00       		.ascii	"\000"
 397 0100 00000000 		.ascii	"\000\000\000\000\000\000\000\000"
 397      00000000 
ARM GAS  /tmp/ccPRZ5rm.s 			page 28


 398 0108 E9000000 		.ascii	"\351\000\000\000"
 399 010c 5F5F7261 		.ascii	"__ram1_init_text__\000"
 399      6D315F69 
 399      6E69745F 
 399      74657874 
 399      5F5F00
 400 011f 00       		.ascii	"\000"
 401 0120 02       		.ascii	"\002"
 402 0121 00       		.ascii	"\000"
 403 0122 00000000 		.ascii	"\000\000\000\000\000\000\000\000"
 403      00000000 
 404 012a EB000000 		.ascii	"\353\000\000\000"
 405 012e 5F5F7261 		.ascii	"__ram1_init__\000"
 405      6D315F69 
 405      6E69745F 
 405      5F00
 406 013c 00       		.ascii	"\000"
 407 013d 02       		.ascii	"\002"
 408 013e 00       		.ascii	"\000"
 409 013f 00000000 		.ascii	"\000\000\000\000\000\000\000\000"
 409      00000000 
 410 0147 ED000000 		.ascii	"\355\000\000\000"
 411 014b 5F5F7261 		.ascii	"__ram1_clear__\000"
 411      6D315F63 
 411      6C656172 
 411      5F5F00
 412 015a 00       		.ascii	"\000"
 413 015b 02       		.ascii	"\002"
 414 015c 00       		.ascii	"\000"
 415 015d 00000000 		.ascii	"\000\000\000\000\000\000\000\000"
 415      00000000 
 416 0165 EF000000 		.ascii	"\357\000\000\000"
 417 0169 5F5F7261 		.ascii	"__ram1_noinit__\000"
 417      6D315F6E 
 417      6F696E69 
 417      745F5F00 
 418 0179 00       		.ascii	"\000"
 419 017a 02       		.ascii	"\002"
 420 017b 00       		.ascii	"\000"
 421 017c 00000000 		.ascii	"\000\000\000\000\000\000\000\000"
 421      00000000 
 422 0184 F1000000 		.ascii	"\361\000\000\000"
 423 0188 5F5F7261 		.ascii	"__ram2_init_text__\000"
 423      6D325F69 
 423      6E69745F 
 423      74657874 
 423      5F5F00
 424 019b 00       		.ascii	"\000"
 425 019c 02       		.ascii	"\002"
 426 019d 00       		.ascii	"\000"
 427 019e 00000000 		.ascii	"\000\000\000\000\000\000\000\000"
 427      00000000 
 428 01a6 F3000000 		.ascii	"\363\000\000\000"
 429 01aa 5F5F7261 		.ascii	"__ram2_init__\000"
 429      6D325F69 
 429      6E69745F 
 429      5F00
ARM GAS  /tmp/ccPRZ5rm.s 			page 29


 430 01b8 00       		.ascii	"\000"
 431 01b9 02       		.ascii	"\002"
 432 01ba 00       		.ascii	"\000"
 433 01bb 00000000 		.ascii	"\000\000\000\000\000\000\000\000"
 433      00000000 
 434 01c3 F5000000 		.ascii	"\365\000\000\000"
 435 01c7 5F5F7261 		.ascii	"__ram2_clear__\000"
 435      6D325F63 
 435      6C656172 
 435      5F5F00
 436 01d6 00       		.ascii	"\000"
 437 01d7 02       		.ascii	"\002"
 438 01d8 00       		.ascii	"\000"
 439 01d9 00000000 		.ascii	"\000\000\000\000\000\000\000\000"
 439      00000000 
 440 01e1 F7000000 		.ascii	"\367\000\000\000"
 441 01e5 5F5F7261 		.ascii	"__ram2_noinit__\000"
 441      6D325F6E 
 441      6F696E69 
 441      745F5F00 
 442 01f5 00       		.ascii	"\000"
 443 01f6 02       		.ascii	"\002"
 444 01f7 00       		.ascii	"\000"
 445 01f8 00000000 		.ascii	"\000\000\000\000\000\000\000\000"
 445      00000000 
 446 0200 F9000000 		.ascii	"\371\000\000\000"
 447 0204 5F5F7261 		.ascii	"__ram3_init_text__\000"
 447      6D335F69 
 447      6E69745F 
 447      74657874 
 447      5F5F00
 448 0217 00       		.ascii	"\000"
 449 0218 02       		.ascii	"\002"
 450 0219 00       		.ascii	"\000"
 451 021a 00000000 		.ascii	"\000\000\000\000\000\000\000\000"
 451      00000000 
 452 0222 FB000000 		.ascii	"\373\000\000\000"
 453 0226 5F5F7261 		.ascii	"__ram3_init__\000"
 453      6D335F69 
 453      6E69745F 
 453      5F00
 454 0234 00       		.ascii	"\000"
 455 0235 02       		.ascii	"\002"
 456 0236 00       		.ascii	"\000"
 457 0237 00000000 		.ascii	"\000\000\000\000\000\000\000\000"
 457      00000000 
 458 023f FD000000 		.ascii	"\375\000\000\000"
 459 0243 5F5F7261 		.ascii	"__ram3_clear__\000"
 459      6D335F63 
 459      6C656172 
 459      5F5F00
 460 0252 00       		.ascii	"\000"
 461 0253 02       		.ascii	"\002"
 462 0254 00       		.ascii	"\000"
 463 0255 00000000 		.ascii	"\000\000\000\000\000\000\000\000"
 463      00000000 
 464 025d FF000000 		.ascii	"\377\000\000\000"
ARM GAS  /tmp/ccPRZ5rm.s 			page 30


 465 0261 5F5F7261 		.ascii	"__ram3_noinit__\000"
 465      6D335F6E 
 465      6F696E69 
 465      745F5F00 
 466 0271 00       		.ascii	"\000"
 467 0272 02       		.ascii	"\002"
 468 0273 00       		.ascii	"\000"
 469 0274 00000000 		.ascii	"\000\000\000\000\000\000\000\000"
 469      00000000 
 470 027c 01010000 		.ascii	"\001\001\000\000"
 471 0280 5F5F7261 		.ascii	"__ram4_init_text__\000"
 471      6D345F69 
 471      6E69745F 
 471      74657874 
 471      5F5F00
 472 0293 00       		.ascii	"\000"
 473 0294 02       		.ascii	"\002"
 474 0295 00       		.ascii	"\000"
 475 0296 00000000 		.ascii	"\000\000\000\000\000\000\000\000"
 475      00000000 
 476 029e 03010000 		.ascii	"\003\001\000\000"
 477 02a2 5F5F7261 		.ascii	"__ram4_init__\000"
 477      6D345F69 
 477      6E69745F 
 477      5F00
 478 02b0 00       		.ascii	"\000"
 479 02b1 02       		.ascii	"\002"
 480 02b2 00       		.ascii	"\000"
 481 02b3 00000000 		.ascii	"\000\000\000\000\000\000\000\000"
 481      00000000 
 482 02bb 05010000 		.ascii	"\005\001\000\000"
 483 02bf 5F5F7261 		.ascii	"__ram4_clear__\000"
 483      6D345F63 
 483      6C656172 
 483      5F5F00
 484 02ce 00       		.ascii	"\000"
 485 02cf 02       		.ascii	"\002"
 486 02d0 00       		.ascii	"\000"
 487 02d1 00000000 		.ascii	"\000\000\000\000\000\000\000\000"
 487      00000000 
 488 02d9 07010000 		.ascii	"\007\001\000\000"
 489 02dd 5F5F7261 		.ascii	"__ram4_noinit__\000"
 489      6D345F6E 
 489      6F696E69 
 489      745F5F00 
 490 02ed 00       		.ascii	"\000"
 491 02ee 02       		.ascii	"\002"
 492 02ef 00       		.ascii	"\000"
 493 02f0 00000000 		.ascii	"\000\000\000\000\000\000\000\000"
 493      00000000 
 494 02f8 09010000 		.ascii	"\011\001\000\000"
 495 02fc 5F5F7261 		.ascii	"__ram5_init_text__\000"
 495      6D355F69 
 495      6E69745F 
 495      74657874 
 495      5F5F00
 496 030f 00       		.ascii	"\000"
ARM GAS  /tmp/ccPRZ5rm.s 			page 31


 497 0310 02       		.ascii	"\002"
 498 0311 00       		.ascii	"\000"
 499 0312 00000000 		.ascii	"\000\000\000\000\000\000\000\000"
 499      00000000 
 500 031a 0B010000 		.ascii	"\013\001\000\000"
 501 031e 5F5F7261 		.ascii	"__ram5_init__\000"
 501      6D355F69 
 501      6E69745F 
 501      5F00
 502 032c 00       		.ascii	"\000"
 503 032d 02       		.ascii	"\002"
 504 032e 00       		.ascii	"\000"
 505 032f 00000000 		.ascii	"\000\000\000\000\000\000\000\000"
 505      00000000 
 506 0337 0D010000 		.ascii	"\015\001\000\000"
 507 033b 5F5F7261 		.ascii	"__ram5_clear__\000"
 507      6D355F63 
 507      6C656172 
 507      5F5F00
 508 034a 00       		.ascii	"\000"
 509 034b 02       		.ascii	"\002"
 510 034c 00       		.ascii	"\000"
 511 034d 00000000 		.ascii	"\000\000\000\000\000\000\000\000"
 511      00000000 
 512 0355 0F010000 		.ascii	"\017\001\000\000"
 513 0359 5F5F7261 		.ascii	"__ram5_noinit__\000"
 513      6D355F6E 
 513      6F696E69 
 513      745F5F00 
 514 0369 00       		.ascii	"\000"
 515 036a 02       		.ascii	"\002"
 516 036b 00       		.ascii	"\000"
 517 036c 00000000 		.ascii	"\000\000\000\000\000\000\000\000"
 517      00000000 
 518 0374 11010000 		.ascii	"\021\001\000\000"
 519 0378 5F5F7261 		.ascii	"__ram6_init_text__\000"
 519      6D365F69 
 519      6E69745F 
 519      74657874 
 519      5F5F00
 520 038b 00       		.ascii	"\000"
 521 038c 02       		.ascii	"\002"
 522 038d 00       		.ascii	"\000"
 523 038e 00000000 		.ascii	"\000\000\000\000\000\000\000\000"
 523      00000000 
 524 0396 13010000 		.ascii	"\023\001\000\000"
 525 039a 5F5F7261 		.ascii	"__ram6_init__\000"
 525      6D365F69 
 525      6E69745F 
 525      5F00
 526 03a8 00       		.ascii	"\000"
 527 03a9 02       		.ascii	"\002"
 528 03aa 00       		.ascii	"\000"
 529 03ab 00000000 		.ascii	"\000\000\000\000\000\000\000\000"
 529      00000000 
 530 03b3 15010000 		.ascii	"\025\001\000\000"
 531 03b7 5F5F7261 		.ascii	"__ram6_clear__\000"
ARM GAS  /tmp/ccPRZ5rm.s 			page 32


 531      6D365F63 
 531      6C656172 
 531      5F5F00
 532 03c6 00       		.ascii	"\000"
 533 03c7 02       		.ascii	"\002"
 534 03c8 00       		.ascii	"\000"
 535 03c9 00000000 		.ascii	"\000\000\000\000\000\000\000\000"
 535      00000000 
 536 03d1 17010000 		.ascii	"\027\001\000\000"
 537 03d5 5F5F7261 		.ascii	"__ram6_noinit__\000"
 537      6D365F6E 
 537      6F696E69 
 537      745F5F00 
 538 03e5 00       		.ascii	"\000"
 539 03e6 02       		.ascii	"\002"
 540 03e7 00       		.ascii	"\000"
 541 03e8 00000000 		.ascii	"\000\000\000\000\000\000\000\000"
 541      00000000 
 542 03f0 19010000 		.ascii	"\031\001\000\000"
 543 03f4 5F5F7261 		.ascii	"__ram7_init_text__\000"
 543      6D375F69 
 543      6E69745F 
 543      74657874 
 543      5F5F00
 544 0407 00       		.ascii	"\000"
 545 0408 02       		.ascii	"\002"
 546 0409 00       		.ascii	"\000"
 547 040a 00000000 		.ascii	"\000\000\000\000\000\000\000\000"
 547      00000000 
 548 0412 1B010000 		.ascii	"\033\001\000\000"
 549 0416 5F5F7261 		.ascii	"__ram7_init__\000"
 549      6D375F69 
 549      6E69745F 
 549      5F00
 550 0424 00       		.ascii	"\000"
 551 0425 02       		.ascii	"\002"
 552 0426 00       		.ascii	"\000"
 553 0427 00000000 		.ascii	"\000\000\000\000\000\000\000\000"
 553      00000000 
 554 042f 1D010000 		.ascii	"\035\001\000\000"
 555 0433 5F5F7261 		.ascii	"__ram7_clear__\000"
 555      6D375F63 
 555      6C656172 
 555      5F5F00
 556 0442 00       		.ascii	"\000"
 557 0443 02       		.ascii	"\002"
 558 0444 00       		.ascii	"\000"
 559 0445 00000000 		.ascii	"\000\000\000\000\000\000\000\000"
 559      00000000 
 560 044d 1F010000 		.ascii	"\037\001\000\000"
 561 0451 5F5F7261 		.ascii	"__ram7_noinit__\000"
 561      6D375F6E 
 561      6F696E69 
 561      745F5F00 
 562 0461 00       		.ascii	"\000"
 563 0462 02       		.ascii	"\002"
 564 0463 00       		.ascii	"\000"
ARM GAS  /tmp/ccPRZ5rm.s 			page 33


 565 0464 00000000 		.ascii	"\000\000\000\000\000\000\000\000"
 565      00000000 
 566 046c 21010000 		.ascii	"!\001\000\000"
 567              		.text
 568              		.section	.gnu.lto_.opts,"",%progbits
 569 0000 272D666D 		.ascii	"'-fmath-errno' '-fsigned-zeros' '-ftrapping-math' '"
 569      6174682D 
 569      6572726E 
 569      6F272027 
 569      2D667369 
 570 0033 2D666E6F 		.ascii	"-fno-trapv' '-fno-openmp' '-fno-openacc' '-mcpu=cor"
 570      2D747261 
 570      70762720 
 570      272D666E 
 570      6F2D6F70 
 571 0066 7465782D 		.ascii	"tex-m4' '-mno-thumb-interwork' '-mthumb' '-ggdb' '-"
 571      6D342720 
 571      272D6D6E 
 571      6F2D7468 
 571      756D622D 
 572 0099 4F322720 		.ascii	"O2' '-fomit-frame-pointer' '-falign-functions=16' '"
 572      272D666F 
 572      6D69742D 
 572      6672616D 
 572      652D706F 
 573 00cc 2D666675 		.ascii	"-ffunction-sections' '-fdata-sections' '-fno-common"
 573      6E637469 
 573      6F6E2D73 
 573      65637469 
 573      6F6E7327 
 574 00ff 2720272D 		.ascii	"' '-flto'\000"
 574      666C746F 
 574      2700
 575              		.text
 576              		.comm	__gnu_lto_v1,1,1
 577              		.comm	__gnu_lto_slim,1,1
 578              		.ident	"GCC: (15:6.3.1+svn253039-1build1) 6.3.1 20170620"
ARM GAS  /tmp/ccPRZ5rm.s 			page 34


DEFINED SYMBOLS
                            *ABS*:0000000000000000 crt1.c
                            *COM*:0000000000000001 __gnu_lto_v1
                            *COM*:0000000000000001 __gnu_lto_slim

NO UNDEFINED SYMBOLS
