ARM GAS  /tmp/ccyW6IJZ.s 			page 1


   1              		.cpu cortex-m4
   2              		.eabi_attribute 20, 1
   3              		.eabi_attribute 21, 1
   4              		.eabi_attribute 23, 3
   5              		.eabi_attribute 24, 1
   6              		.eabi_attribute 25, 1
   7              		.eabi_attribute 26, 1
   8              		.eabi_attribute 30, 2
   9              		.eabi_attribute 34, 1
  10              		.eabi_attribute 18, 4
  11              		.file	"hal.c"
  12              		.text
  13              	.Ltext0:
  14              		.section	.gnu.lto_.profile.2e80e9c32c2806ec,"",%progbits
  15 0000 789C6365 		.ascii	"x\234ce`b`a```d\010\346\002\000\0010\000j"
  15      60626061 
  15      60606064 
  15      08E60200 
  15      0130006A 
  16              		.text
  17              		.section	.gnu.lto_.icf.2e80e9c32c2806ec,"",%progbits
  18 0000 789C6365 		.ascii	"x\234ce`b\340`@\000F\206\311Kfned\000\000\014\217\002"
  18      6062E060 
  18      40004686 
  18      C94B666E 
  18      65640000 
  19 0017 97       		.ascii	"\227"
  20              		.text
  21              		.section	.gnu.lto_.jmpfuncs.2e80e9c32c2806ec,"",%progbits
  22 0000 789C6365 		.ascii	"x\234ce`b\320b@\000F8\213\211q:3c\363\257\375\237\371"
  22      6062D062 
  22      40004638 
  22      8B89713A 
  22      3363F3AF 
  23 0017 EAFF3648 		.ascii	"\352\3776H\314gfX\314\014\222_\316X\317\300\310\002"
  23      CC676658 
  23      CC0C925F 
  23      CE58CFC0 
  23      C802
  24 0029 640100B9 		.ascii	"d\001\000\271F\010\227"
  24      460897
  25              		.text
  26              		.section	.gnu.lto_.inline.2e80e9c32c2806ec,"",%progbits
  27 0000 789C6365 		.ascii	"x\234ce`b\260c@\000F\006\006\236\313@\222\011\310f["
  27      6062B063 
  27      40004606 
  27      069ECB40 
  27      9209C866 
  28 0015 20CF0416 		.ascii	" \317\004\026\343\302G0q\203t\201\231\014\000u\366\002"
  28      E3C24730 
  28      71837481 
  28      990C0075 
  28      F602
  29 0027 4B       		.ascii	"K"
  30              		.text
  31              		.section	.gnu.lto_.pureconst.2e80e9c32c2806ec,"",%progbits
  32 0000 789C6365 		.ascii	"x\234ce`b`f```d\220\000\000\000\204\000$"
ARM GAS  /tmp/ccyW6IJZ.s 			page 2


  32      60626066 
  32      60606064 
  32      90000000 
  32      840024
  33              		.text
  34              		.section	.gnu.lto_halInit.2e80e9c32c2806ec,"",%progbits
  35 0000 789C75D1 		.ascii	"x\234u\321AK\002A\024\000\340\367vt\335\"\245C\007\303"
  35      414B0241 
  35      1400E0F7 
  35      7674DD22 
  35      A54307C3 
  36 0014 0E5D2572 		.ascii	"\016]%r\361\022t\356\326\245C? \314\002\245D\310\037"
  36      F11274EE 
  36      D6A5433F 
  36      20CC02A5 
  36      44C81F
  37 0027 B06B1682 		.ascii	"\260k\026\202Au\250\314 v)B\315\322\264:x\210\026o]"
  37      4175A8CC 
  37      20762942 
  37      CDD2B43A 
  37      7888166F 
  38 003c 0ABA768B 		.ascii	"\012\272v\213\352\220\005E\267D\355\215F\354a\033\030"
  38      EA900545 
  38      B744ED8D 
  38      46EC611B 
  38      18
  39 004d 66F6BD8F 		.ascii	"f\366\275\2177og\354 \200[\000\030\005\000\017Md\200"
  39      376F67EC 
  39      20805B00 
  39      1805000F 
  39      4D6480
  40 0060 C2E62D40 		.ascii	"\302\346-@\\\022\020\371F\225\020\024\001\025\334`i"
  40      5C1210F9 
  40      46951014 
  40      0115DC60 
  40      69
  41 0071 86B5E44B 		.ascii	"\206\265\344KU\360fU\032F\372cP\315\031\2501\200\014"
  41      55F06655 
  41      1A46FA63 
  41      50CD19A8 
  41      31800C
  42 0084 4D3E308B 		.ascii	"M>0\213^ \366Xnm;E[7\2169\024\221\326\322=\032j\253"
  42      5E20F658 
  42      6E6D3B45 
  42      5B378E39 
  42      1491D6D2 
  43 009c 9D548DA7 		.ascii	"\235T\215\247\003\274\232\354\005HQ\232\237\261\306"
  43      03BC9AEC 
  43      0548519A 
  43      9FB1C6
  44 00ab 04BEB23A 		.ascii	"\004\276\262:&\364\206\207{^\244Z}{p(MU\322\030f\030"
  44      26F48687 
  44      7B5EA45A 
  44      7D7B7028 
  44      4D55D218 
  45 00c1 55C03C2A 		.ascii	"U\300<*\240\221\255\343\212~\324g\341X\206\262\200\307"
  45      A091ADE3 
ARM GAS  /tmp/ccyW6IJZ.s 			page 3


  45      8A7ED467 
  45      E15886B2 
  45      80C7
  46 00d3 E428B1B3 		.ascii	"\344(\261\263Z\273s\2543\215\331\220\177&\276\257\277"
  46      5ABB73AC 
  46      338DD990 
  46      7F26BEAF 
  46      BF
  47 00e4 5CE4DC14 		.ascii	"\\\344\334\0248\344\215Q\354f\257\260\240\341~\274_"
  47      38E48D51 
  47      EC66AFB0 
  47      A0E17EBC 
  47      5F
  48 00f5 63763CA1 		.ascii	"cv<\241\277,\340P'\321~\255\024{\010\357\252\3520/p"
  48      BF2CE050 
  48      27D17EAD 
  48      147B08EF 
  48      AAEA302F 
  49 010a 8A1A760E 		.ascii	"\212\032v\016\304\"*\032\023\201\367Z\266\352\201z\245"
  49      C4222A1A 
  49      1381F75A 
  49      B6EA817A 
  49      A5
  50 011b E258FAEB 		.ascii	"\342X\372\3535\241?;\255\235\215\334\231\3115\377qv"
  50      35A13F3B 
  50      AD9D8DDC 
  50      99C935FF 
  50      7176
  51 012d 726593CB 		.ascii	"re\223\313\273\254\235H\256br\227\003\326\316A\356\334"
  51      BBAC9D48 
  51      AE627297 
  51      03D6CE41 
  51      EEDC
  52 013f E43EFF71 		.ascii	"\344>\377q\022\271\213_\367\216\313zc\253{\007|\244"
  52      12B98B5F 
  52      F78ECB7A 
  52      63AB7B07 
  52      7CA4
  53 0151 E845E8CD 		.ascii	"\350E\350\315\350\272G\344P42/\007\346\002\021y\"\024"
  53      E8BA47E4 
  53      5034322F 
  53      07E60211 
  53      792214
  54 0164 9E0D4F4D 		.ascii	"\236\015OM\317\370\307|~\337\270\034\215\311\241\300"
  54      CFF8C77C 
  54      7EDFB81C 
  54      8DC9A1C0 
  55 0174 A21C5B0A 		.ascii	"\242\034[\012\362\325\027\204\037\326f\2742"
  55      F2D51784 
  55      1FD666BC 
  55      32
  56              		.text
  57              		.section	.gnu.lto_.symbol_nodes.2e80e9c32c2806ec,"",%progbits
  58 0000 789C55C9 		.ascii	"x\234U\311\273\015\3020\030E\341\343\3538\011S\300("
  58      BB0DC230 
  58      1845E1E3 
  58      EB380953 
ARM GAS  /tmp/ccyW6IJZ.s 			page 4


  58      C028
  59 0012 30D9EF22 		.ascii	"0\331\357\"\242\346\375\2523\005ujf\000\311%3 \214+"
  59      A2E6FDAA 
  59      3305756A 
  59      6600C925 
  59      33208C2B 
  60 0026 7C9B237D 		.ascii	"|\233#}7 \022y\332\312`\363\200\234{\\A8\210E~\334M"
  60      37201279 
  60      DACA60F3 
  60      809C7B5C 
  60      41388845 
  61 003d E6CA0331 		.ascii	"\346\312\0031.3\\e\252\340\"\363\025\234eM\005'Y\250"
  61      2E335C65 
  61      AAE022F3 
  61      159C654D 
  61      052759A8 
  62 0051 E0286B2B 		.ascii	"\340(k+\330\313\272\012v\262\376\037<3\306\347\307y"
  62      D8CBBA0A 
  62      76B2FE1F 
  62      3C33C6E7 
  62      C779
  63 0063 7AA6D28E 		.ascii	"z\246\322\216T\3322\274~\015\214\245\015S\251'\225\212"
  63      54DA32BC 
  63      7E0D8CA5 
  63      0D53A927 
  63      958A
  64 0075 61FD9EF3 		.ascii	"a\375\236\363\005w\2408{"
  64      0577A038 
  64      7B
  65              		.text
  66              		.section	.gnu.lto_.refs.2e80e9c32c2806ec,"",%progbits
  67 0000 789C6365 		.ascii	"x\234ce`b`c```d`bdb\000\000\000\275\000\024"
  67      60626063 
  67      60606064 
  67      60626462 
  67      000000BD 
  68              		.text
  69              		.section	.gnu.lto_.decls.2e80e9c32c2806ec,"",%progbits
  70 0000 789C9556 		.ascii	"x\234\225VkP\023W\024\336\2737\004\262`\261\352\264"
  70      6B501357 
  70      14DEBB37 
  70      04B260B1 
  70      EAB4
  71 0012 FE703A0E 		.ascii	"\376p:\016\203S\246\265lA\247C\377\264*>[T\246V\377"
  71      8353A6B5 
  71      6C41A743 
  71      FFB42A3E 
  71      5B54A656 
  72 0027 66228926 		.ascii	"f\"\211&3@2I\250:\355\217U\360I\305\367\003|\214\212"
  72      33403249 
  72      A83AED8F 
  72      55F049C5 
  72      F7037C8C 
  73 003c 15505444 		.ascii	"\025PTDT\004\321\210\212\200 \250UDP\024\025\025\225"
  73      5404D188 
  73      8A8020A8 
  73      55445014 
ARM GAS  /tmp/ccyW6IJZ.s 			page 5


  73      151595
  74 004f 970F4011 		.ascii	"\227\017@\021z\356\275\273l\214\261\352N\316\336\234"
  74      7AEEBDBB 
  74      6C8CB1EA 
  74      4ECEDE9C 
  75 005f 7BBFEF3B 		.ascii	"{\277\357;\347\336{\366\356\372p<\227\351\317q\337`"
  75      E7DE7BF6 
  75      EEFA703C 
  75      97E9CF71 
  75      DF60
  76 0071 8ECBE338 		.ascii	"\216\313\3438\256\017.\036\332\375`\010\254\221c\227"
  76      AE0F2E1E 
  76      DAFD6008 
  76      AC916397 
  77 0081 0EEC11D8 		.ascii	"\016\354\021\330c\260\247`\255`\355`\317\300^\200u\203"
  77      63B0A760 
  77      AD60ED60 
  77      CFC05E80 
  77      7583
  78 0093 BD96396F 		.ascii	"\275\2269o\270\267\257+\320\351\013\355,\260^\260\207"
  78      B8B7AF2B 
  78      D0E90BED 
  78      2CB05EB0 
  78      87
  79 00a4 248EAC7D 		.ascii	"$\216\254}\007\254\313#\306kY\357\205\254\337.\307{"
  79      07ACCB23 
  79      C66B59EF 
  79      85ACDF2E 
  79      C77B
  80 00b6 2AC7F716 		.ascii	"*\307\367\026c\023F\227\222r\266\342\024\214\006\011"
  80      63134697 
  80      9272B6E2 
  80      148C0609 
  81 00c6 48036E7B 		.ascii	"H\003n{e\332\335\317\300\035\"\240\341\340fW\236\257"
  81      65DADDCF 
  81      C01D22A0 
  81      E1E06657 
  81      9EAF
  82 00d8 97479721 		.ascii	"\227G\227!\360\363\213\236\2063w\030x\0057\333]\376"
  82      F0F38B9E 
  82      86337718 
  82      780537DB 
  82      5DFE
  83 00ea 0C7C9B8C 		.ascii	"\014|\233\214\366=\252M\327\261\3416\242\275\342\310"
  83      F63DAA4D 
  83      D7B1E136 
  83      A2BDE2C8 
  84 00fa BAF440CC 		.ascii	"\272\364@\314#\362\277%\351\376m\17766\024\334\313m"
  84      23F2BF25 
  84      E9FE6D7F 
  84      363614DC 
  84      CB6D
  85 010c 15DB6477 		.ascii	"\025\333dw \270\365\313\227l\327b\035E\336,\315\332"
  85      20B8F5CB 
  85      976CD762 
  85      1D45DE2C 
  85      CDDA
ARM GAS  /tmp/ccyW6IJZ.s 			page 6


  86 011e 47627E2D 		.ascii	"Gb~- \262\256\201\320u\360\311\361\356\001\254\213 "
  86      20B2AE81 
  86      D075F0C9 
  86      F1EE01AC 
  86      8B20
  87 0130 1ABA3327 		.ascii	"\032\2723'\206fK\354\362\373J\235\314\345U\035\273}"
  87      86664BEC 
  87      F2FB4A9D 
  87      CCE5551D 
  87      BB7D
  88 0142 F19704C4 		.ascii	"\361\227\004\304\247\226\327\024kP\210\260\207\200\\"
  88      A796D714 
  88      6B5088B0 
  88      87805C
  89 0151 3579416B 		.ascii	"5yAk\226J\022\217\216\"\001\345!\214\016\243P\262(_"
  89      964A128F 
  89      8E2201E5 
  89      218C0EA3 
  89      50B2285F 
  90 0165 0B705F26 		.ascii	"\013p_&I\213\244\325\211\222n2\2072\3210\224\201\206"
  90      498BA4D5 
  90      89926E32 
  90      8732D130 
  90      948186
  91 0178 71E8080A 		.ascii	"q\350\010\012!\361\010\016\345B\347!\350\204\020Y\273"
  91      21F1080E 
  91      E542E721 
  91      E8841059 
  91      BB
  92 0189 D7ECD2E2 		.ascii	"\327\354\322\342h\032\242\344d\335u\015\022B\274\362"
  92      681AA2E4 
  92      64DD750D 
  92      1242BCF2 
  93 0199 8F7BE1B3 		.ascii	"\217{\341\263\\\252\266\004\225,&\271\344C.\307\324"
  93      5CAAB604 
  93      952C26B9 
  93      E4432EC7 
  93      D4
  94 01aa 5C203536 		.ascii	"\\ 56\215\306\202\372\205<\376\213\3165\255\360y\271"
  94      8DC682FA 
  94      853CFE8B 
  94      CE35ADF0 
  94      79B9
  95 01bc 0F5B283F 		.ascii	"\017[(?p[\327\235\253\344\261\204\350X\323\365\304T"
  95      705BD79D 
  95      ABE4B184 
  95      E858D3F5 
  95      C454
  96 01ce 2D5EC29C 		.ascii	"-^\302\234\325oj%-Na\316\312\326\256\235\032\274\201"
  96      D56F6A25 
  96      2D4E61CE 
  96      CAD6AE9D 
  96      1ABC81
  97 01e1 39B5899D 		.ascii	"9\265\211\235\327\006\340-\324\321-9\230\237\027\200"
  97      D706E02D 
  97      D4D12D39 
  97      989F1780 
ARM GAS  /tmp/ccyW6IJZ.s 			page 7


  98 01f1 82C93538 		.ascii	"\202\3115888d\027I\335u>{di\307=IZ\033@srAN%h\260:\227"
  98      38386417 
  98      49DD753E 
  98      7B6469C7 
  98      3D495A1B 
  99 020f 0370E350 		.ascii	"\003p\343P\030\3348Fx\365S\252\344J\302\024}\312\023"
  99      18DC3846 
  99      78F553AA 
  99      E44AC214 
  99      7DCA13
 100 0222 2D7A809B 		.ascii	"-z\200\233\177V\301'<\301\205T:\023\271i\273\301\013"
 100      7F56C127 
 100      3CC18554 
 100      3A13B969 
 100      BBC10B
 101 0235 3CE1073D 		.ascii	"<\341\007=3\271\341\206.\362.N\321k\310\322\257\226"
 101      33B9E186 
 101      2EF22E4E 
 101      D16BC8D2 
 101      AF96
 102 0247 A4311A0E 		.ascii	"\2441\032\016\355\203\361\275t\210\240a\365Q\031lV1"
 102      ED83F1BD 
 102      7488A061 
 102      F551196C 
 102      5631
 103 0259 0A46E7C1 		.ascii	"\012F\347\301\316\201\235\001;\013V\012v\032\005\323"
 103      CE819D01 
 103      3B0B560A 
 103      761A05D3 
 104 0269 FA62F1CA 		.ascii	"\372b\361\312\335\342\235\364:s\367\271\224OV\3219\336"
 104      DDE29DF4 
 104      3A73F7B9 
 104      944F56D1 
 104      39DE
 105 027b E7C2E0AC 		.ascii	"\347\302\340\2542ZN\016Z(\301\346\002\214\223\253B\256"
 105      325A4E0E 
 105      5A28C1E6 
 105      028C93AB 
 105      42AE
 106 028d EC53BD49 		.ascii	"\354S\275I\325Z|\227\356!\277{E\305Q?48\304\333\234"
 106      D55A7C97 
 106      EE21BF7B 
 106      45C5513F 
 106      3438C4DB 
 107 02a2 50054CE5 		.ascii	"P\005L\345S\246\305\"7\225j\341QB\027\200X\256V$\311"
 107      53A6C522 
 107      37956AE1 
 107      51421780 
 107      58AE5624 
 108 02b7 8386BFD2 		.ascii	"\203\206\277\322\2643)\200Ua5\361SV\035>$\340\227\254"
 108      B4332980 
 108      556135F1 
 108      53561D3E 
 108      24E097AC 
 109 02cb BE329BB6 		.ascii	"\2762\233\266\246\310\203\021\340\036\251\314\277\345"
 109      A6C88311 
 109      E01EA9CC 
ARM GAS  /tmp/ccyW6IJZ.s 			page 8


 109      BFE5
 110 02d9 83DFB0B1 		.ascii	"\203\337\260\261\372\216kK\375q\022;\003\016\366\254"
 110      FA8E6B4B 
 110      FD71123B 
 110      030EF6AC 
 111 02e9 CFD0E264 		.ascii	"\317\320\342d\346<\313\314\335\356\307X\231\344\360"
 111      E63CCBCC 
 111      DDEEC758 
 111      99E4F0
 112 02f8 D8B6D495 		.ascii	"\330\266\324\225'\037&.\001\374\344\305\253\226\373"
 112      271F262E 
 112      01FCE4C5 
 112      AB96FB
 113 0307 E2B514EC 		.ascii	"\342\265\024\354\327|qO*\217X\315\322\242\205\224K\312"
 113      D77C714F 
 113      2A8F58CD 
 113      D2A28594 
 113      4BCA
 114 0319 07AD93A4 		.ascii	"\007\255\223\244\322\357i\322\227!\351Zh\373\227\341"
 114      D2EF69D2 
 114      9721E95A 
 114      68FB97E1 
 115 0329 AD220474 		.ascii	"\255\"\004t\343\324\205t'\010\370\252'8\353\355\"\004"
 115      E3D48574 
 115      2708F8AA 
 115      2738EBED 
 115      2204
 116 033b 7871940A 		.ascii	"xq\224\012\337\357\011\317\366^V\377\302\370\025:T+"
 116      DFEF09CF 
 116      F65E56FF 
 116      C2F8153A 
 116      542B
 117 034d AFFF4D58 		.ascii	"\257\377MX\377k\260\326u`\365`7\300\256\203\325\250"
 117      FF6BB0D6 
 117      7560F560 
 117      37C0AE83 
 117      D5A8
 118 035f 254552FB 		.ascii	"%ER\373U\215u\3213V\345;\2515\376\242\302/y\302\017"
 118      558D75D1 
 118      3356E53B 
 118      A935FEA2 
 118      C22F79C2 
 119 0374 BC3B1337 		.ascii	"\274;\0237\365jOx\225:\023\271\002\313X\005\326\276"
 119      F56A4F78 
 119      953A13B9 
 119      02CB5805 
 119      D6BE
 120 0386 5381A7BB 		.ascii	"S\201\247\273\237,\016\304\251t?\370=\033\213\317\351"
 120      9F2C0EC4 
 120      A9743FF8 
 120      3D1B8BCF 
 120      E9
 121 0397 3C2A5099 		.ascii	"<*P\231>\274\013B>z\005X\324kU\264\372\032\200tK\255"
 121      3EBC0B42 
 121      3E7A0558 
 121      D46B55B4 
 121      FA1A8074 
ARM GAS  /tmp/ccyW6IJZ.s 			page 9


 122 03ad BE5AA5FA 		.ascii	"\276Z\245\372\272\367\235\352\365\033,\307Z\366\276"
 122      BAF79DEA 
 122      F51B2CC7 
 122      5AF6BE
 123 03bc 58DCFF06 		.ascii	"X\334\377\006\"\207\342\343c\313\205\200\025\375\207"
 123      2287E2E3 
 123      63CB8580 
 123      15FD87
 124 03cb 35BAE3F6 		.ascii	"5\272\343\3664r\250\021\005\020 i\001|t\345\331\"\376"
 124      3472A811 
 124      05102069 
 124      017C74E5 
 124      D922FE
 125 03de 1648C17B 		.ascii	"\026H\301{\035\015\244\022\010\261;\242F\335>\345B\210"
 125      1D0DA412 
 125      08B13BA2 
 125      46DD3EE5 
 125      4288
 126 03f0 F6432F4F 		.ascii	"\366C/O\357\014H\273\220\302\220}^vyY\222\376d2rSd\303"
 126      EF0C48BB 
 126      90C2907D 
 126      5E767959 
 126      92FE6432 
 127 0408 2C9272B1 		.ascii	",\222r\261\3678\373Ci\012\033\361j\000\204\334\011n"
 127      F738FB43 
 127      690A1BF1 
 127      6A0084DC 
 127      096E
 128 041a 822C6D79 		.ascii	"\202,my\274??N\235\034R\226\252=\265\242Ih\200\335\203"
 128      BC3F3F4E 
 128      9D1C5296 
 128      AA3DB5A2 
 128      496880DD 
 129 042f 9E1D6310 		.ascii	"\236\035c\020\355k;,5\0128\235=\275\347\372:]\201\354"
 129      ED6B3B2C 
 129      350A389D 
 129      3DBDE7FA 
 129      3A5D81EC 
 130 0443 E9E5DD5E 		.ascii	"\351\345\335^\347C\330\353\274k\341\325\323\302\320"
 130      E743D8EB 
 130      BC6BE1D5 
 130      D3C2D0
 131 0452 8DF4FD9C 		.ascii	"\215\364\375\234(\015\344\321\254/\320\003X\350&\272"
 131      280DE4D1 
 131      AC2FD003 
 131      58E826BA 
 132 0462 D00FD150 		.ascii	"\320\017\321P\270\317\326\310uU\275\262P\010\332!\355"
 132      B8CFD6C8 
 132      7555BDB2 
 132      5008DA21 
 132      ED
 133 0473 B82DB91A 		.ascii	"\270-\271\032*\207?\310\225$x9J\032\002C\367\325j\200"
 133      2A873FC8 
 133      95247839 
 133      4A1A0243 
 133      F7D56A80 
 134 0487 BF70BF07 		.ascii	"\277p\277\007E\202\356B\225p\350\021\012\002\372\322"
ARM GAS  /tmp/ccyW6IJZ.s 			page 10


 134      4582EE42 
 134      9570E811 
 134      0A02FAD2 
 135 0497 DC96061F 		.ascii	"\334\226\006\037\\\303\262Z\223[\335\210A\3536\324T"
 135      5CC3B25A 
 135      935BDD88 
 135      41EB36D4 
 135      54
 136 04a8 675D445A 		.ascii	"g]DZ\316=i\231@\003\242fU\251\231(\221?\217\251BE\323"
 136      CE3D6999 
 136      4003A266 
 136      55A99928 
 136      913F8FA9 
 137 04bf CD3FF14A 		.ascii	"\315?\361JL\005\016l\250j\365\225\005^7GT\374\263\304"
 137      4C050E6C 
 137      A86AF595 
 137      055E3747 
 137      54FCB3C4 
 138 04d3 15CDF84F 		.ascii	"\025\315\370OT\376\023\205\377\224\362\253\312\323{"
 138      54FE1385 
 138      FF94F2AB 
 138      CAD37B
 139 04e2 06E05A26 		.ascii	"\006\340Z&\260\361\304\351\013:Y\340LODY\256\224\344"
 139      B0F1C4E9 
 139      0B3A59E0 
 139      4C4F4459 
 139      AE94E4
 140 04f5 43F92D2A 		.ascii	"C\371-*\277E\341\267R~\327\361\365\347\005\274N\303"
 140      BF45E1B7 
 140      527ED7F1 
 140      F5E705BC 
 140      4EC3
 141 0507 3E93AAF7 		.ascii	">\223\252\367]\017\220\371u\311\370TV\177\002m\252@"
 141      5D0F90F9 
 141      75C9F854 
 141      567F026D 
 141      AA40
 142 0519 9B22D04E 		.ascii	"\233\"\320N\005\012\313Z/k\360\005&PR\266\250]\253\010"
 142      050ACB5A 
 142      2F6BF005 
 142      265052B6 
 142      A85DAB08 
 143 052d A4E1A28C 		.ascii	"\244\341\242\214~\201\016U\240C\021xF\005R6\271\352"
 143      7E810E55 
 143      A0431178 
 143      46055236 
 143      B9EA
 144 053f B438D187 		.ascii	"\2648\321\207}G\234\255\277\037\250\010d\341W\252\300"
 144      7D479CAD 
 144      BF1FA808 
 144      64E157AA 
 144      C0
 145 0550 7355E0B9 		.ascii	"sU\340\271\"\360\202\012\354\315N\275\257\303\205L\240"
 145      22F0820A 
 145      ECCD4EBD 
 145      AFC3854C 
 145      A0
ARM GAS  /tmp/ccyW6IJZ.s 			page 11


 146 0561 3325F973 		.ascii	"3%\371s\015\317\036$\262\313\320\225q\357\360.\337\367"
 146      0DCF1E24 
 146      B2CBD095 
 146      71EFF02E 
 146      DFF7
 147 0573 D64317AD 		.ascii	"\326C\027\255\207N$\027D\361\206\374>\215\262\204\331"
 147      874E2417 
 147      44F186FC 
 147      3E8DB284 
 147      D9
 148 0584 23FF4EA7 		.ascii	"#\377N\247\011\000\010\275T\023x\251$\320M\023H\335"
 148      090008BD 
 148      541378A9 
 148      24D04D13 
 148      48DD
 149 0596 BE2A07E3 		.ascii	"\276*\007\3432\226\300\332\264\236\213\274,\360\254"
 149      3296C0DA 
 149      B49E8BBC 
 149      2CF0AC
 150 05a5 006F6E57 		.ascii	"\000onW\253\340\225\252\360JQxM\025J\317\034x\351\217"
 150      ABE095AA 
 150      F04A5178 
 150      4D154ACF 
 150      1C78E98F 
 151 05b9 376BA942 		.ascii	"7k\251B\345\226\202\312\300\021\351R\233D\276\215\""
 151      E59682CA 
 151      C011E952 
 151      9B44BE8D 
 151      22
 152 05ca 92132F4A 		.ascii	"\222\023/J\322N\236\236\027=L\301\355\260\357\241\205"
 152      D24E9E9E 
 152      173D4CC1 
 152      EDB0EFA1 
 152      85
 153 05db F9068D20 		.ascii	"\371\006\215 _\246]5\267\002\334\217\030\022T=bz\345"
 153      5FA65D35 
 153      B702DC8F 
 153      1812543D 
 153      627AE5
 154 05ee 23A6971E 		.ascii	"#\246\227\0361\313\213\262r\002\335\301]o\201\373d0"
 154      31CB8BB2 
 154      7202DDC1 
 154      5D6F81FB 
 154      6430
 155 0600 69B5D113 		.ascii	"i\265\321\023\306\033\234\006\215a\216=\326o\322\264"
 155      C61B9C06 
 155      8D618E3D 
 155      D66FD2B4 
 156 0610 99C323C3 		.ascii	"\231\303#\303\3028A\257O\260\304;G\205\353\235\337\211"
 156      C23841AF 
 156      4FB0C43B 
 156      4785EB9D 
 156      DF89
 157 0622 090EBB68 		.ascii	"\011\016\273h\211\217\211M0\232\304x\323\274X\313l1"
 157      898F894D 
 157      309AC478 
 157      D3BC58CB 
ARM GAS  /tmp/ccyW6IJZ.s 			page 12


 157      6C31
 158 0634 CE1063B6 		.ascii	"\316\020c\266\304\233D\275\3214\307\220\020\353\324"
 158      C49B44BD 
 158      D134C790 
 158      10EBD4
 159 0643 3B17D84C 		.ascii	";\027\330L\216P3\347\247\320\202\274\321\034\013\034"
 159      8E5033E7 
 159      A7D082BC 
 159      D11C0B1C 
 160 0653 A2DEE134 		.ascii	"\242\336\3414\002\006\260\330j\264\373\330\022lF\273"
 160      0206B0D8 
 160      6AB4FBD8 
 160      126C46BB 
 161 0663 AFD56133 		.ascii	"\257\325a3\231\214v\255\225\350\330}\342\254F\223\235"
 161      998C76AD 
 161      95E8D87D 
 161      E2AC4693 
 161      9D
 162 0674 64641E27 		.ascii	"dd\036'\232\255q&\321`4\304\211\221f\313l\313\364\031"
 162      9AAD7126 
 162      D16034C4 
 162      899166CB 
 162      6CCBF419 
 163 0688 FAB01F42 		.ascii	"\372\260\037B\303B\177\024\255\016\321l\210\025mV\273"
 163      C3427F14 
 163      AD0ED16C 
 163      88156D56 
 163      BB
 164 0699 D321CEF8 		.ascii	"\323!\316\370}\352\250p1*j\2748)z\312\364?\302E\233"
 164      7DEAA870 
 164      312A6ABC 
 164      38297ACA 
 164      F43FC245 
 165 06ae 21561F1B 		.ascii	"!V\037\033k\2040\203\034\3168\310h\256\315b\325;L\316"
 165      6B843083 
 165      1CCE38C8 
 165      68AECD62 
 165      D53B4CCE 
 166 06c2 049BDEA9 		.ascii	"\004\233\336\251\215\036O\346\254\215\216d\3158\326"
 166      8D1E4FE6 
 166      AC8D8E64 
 166      CD38D6
 167 06d1 8C65CD64 		.ascii	"\214e\315d\322\350\242\307FEZ\343\347X\346\372B\224"
 167      D2E8A2C7 
 167      46455AE3 
 167      E758E6FA 
 167      4294
 168 06e3 29F116E7 		.ascii	")\361\026\347\267\037L\305a\217!mh\014\247u8\011%\364"
 168      B71F4CC5 
 168      618F216D 
 168      680CA775 
 168      380925F4 
 169 06f7 83146581 		.ascii	"\203\024e\201\034dAt\263\255\006\273\221\020\307~\220"
 169      1C644174 
 169      B3AD06BB 
 169      9110C77E 
 169      90
ARM GAS  /tmp/ccyW6IJZ.s 			page 13


 170 0708 48A164DE 		.ascii	"H\241d\336\372i3#\243&L\327O\034\035\026\366\333\004"
 170      FA693323 
 170      A3264CD7 
 170      4F1C1D16 
 170      F6DB04
 171 071b D60F5A5A 		.ascii	"\326\017ZZ\007\025\012\377\370\014Lv\013\344n\346|m"
 171      07150AFF 
 171      F80C4C76 
 171      0BE46EE6 
 171      7C6D
 172 072d F3E20855 		.ascii	"\363\342\010U\374h*\020\010\317\022\223\360i< \020\236"
 172      FC682A10 
 172      08CF1293 
 172      F0693C20 
 172      109E
 173 073f C118F369 		.ascii	"\301\030\363i< \000o\200^\336c\275\005\330\001f7\347"
 173      3C20006F 
 173      805EDE63 
 173      BD05D801 
 173      6637E7
 174 0752 C3CBE75E 		.ascii	"\303\313\347^5\364>q\364\374\371\242Y-\032\242\255\024"
 174      35F43E71 
 174      F4FCF9A2 
 174      592D1AA2 
 174      AD14
 175 0764 770CAD83 		.ascii	"w\014\255\203\377\000\002\274ls"
 175      FF0002BC 
 175      6C73
 176              		.text
 177              		.section	.gnu.lto_.symtab.2e80e9c32c2806ec,"",%progbits
 178 0000 68616C49 		.ascii	"halInit\000"
 178      6E697400 
 179 0008 00       		.ascii	"\000"
 180 0009 00       		.ascii	"\000"
 181 000a 00       		.ascii	"\000"
 182 000b 00000000 		.ascii	"\000\000\000\000\000\000\000\000"
 182      00000000 
 183 0013 E9000000 		.ascii	"\351\000\000\000"
 184 0017 70616C5F 		.ascii	"pal_default_config\000"
 184      64656661 
 184      756C745F 
 184      636F6E66 
 184      696700
 185 002a 00       		.ascii	"\000"
 186 002b 02       		.ascii	"\002"
 187 002c 00       		.ascii	"\000"
 188 002d 00000000 		.ascii	"\000\000\000\000\000\000\000\000"
 188      00000000 
 189 0035 FD000000 		.ascii	"\375\000\000\000"
 190 0039 7374496E 		.ascii	"stInit\000"
 190      697400
 191 0040 00       		.ascii	"\000"
 192 0041 02       		.ascii	"\002"
 193 0042 00       		.ascii	"\000"
 194 0043 00000000 		.ascii	"\000\000\000\000\000\000\000\000"
 194      00000000 
 195 004b EB000000 		.ascii	"\353\000\000\000"
ARM GAS  /tmp/ccyW6IJZ.s 			page 14


 196 004f 626F6172 		.ascii	"boardInit\000"
 196      64496E69 
 196      7400
 197 0059 00       		.ascii	"\000"
 198 005a 02       		.ascii	"\002"
 199 005b 00       		.ascii	"\000"
 200 005c 00000000 		.ascii	"\000\000\000\000\000\000\000\000"
 200      00000000 
 201 0064 ED000000 		.ascii	"\355\000\000\000"
 202 0068 7364496E 		.ascii	"sdInit\000"
 202      697400
 203 006f 00       		.ascii	"\000"
 204 0070 02       		.ascii	"\002"
 205 0071 00       		.ascii	"\000"
 206 0072 00000000 		.ascii	"\000\000\000\000\000\000\000\000"
 206      00000000 
 207 007a EF000000 		.ascii	"\357\000\000\000"
 208 007e 70776D49 		.ascii	"pwmInit\000"
 208      6E697400 
 209 0086 00       		.ascii	"\000"
 210 0087 02       		.ascii	"\002"
 211 0088 00       		.ascii	"\000"
 212 0089 00000000 		.ascii	"\000\000\000\000\000\000\000\000"
 212      00000000 
 213 0091 F1000000 		.ascii	"\361\000\000\000"
 214 0095 69637549 		.ascii	"icuInit\000"
 214      6E697400 
 215 009d 00       		.ascii	"\000"
 216 009e 02       		.ascii	"\002"
 217 009f 00       		.ascii	"\000"
 218 00a0 00000000 		.ascii	"\000\000\000\000\000\000\000\000"
 218      00000000 
 219 00a8 F3000000 		.ascii	"\363\000\000\000"
 220 00ac 61646349 		.ascii	"adcInit\000"
 220      6E697400 
 221 00b4 00       		.ascii	"\000"
 222 00b5 02       		.ascii	"\002"
 223 00b6 00       		.ascii	"\000"
 224 00b7 00000000 		.ascii	"\000\000\000\000\000\000\000\000"
 224      00000000 
 225 00bf F5000000 		.ascii	"\365\000\000\000"
 226 00c3 5F70616C 		.ascii	"_pal_lld_init\000"
 226      5F6C6C64 
 226      5F696E69 
 226      7400
 227 00d1 00       		.ascii	"\000"
 228 00d2 02       		.ascii	"\002"
 229 00d3 00       		.ascii	"\000"
 230 00d4 00000000 		.ascii	"\000\000\000\000\000\000\000\000"
 230      00000000 
 231 00dc F9000000 		.ascii	"\371\000\000\000"
 232 00e0 68616C5F 		.ascii	"hal_lld_init\000"
 232      6C6C645F 
 232      696E6974 
 232      00
 233 00ed 00       		.ascii	"\000"
 234 00ee 02       		.ascii	"\002"
ARM GAS  /tmp/ccyW6IJZ.s 			page 15


 235 00ef 00       		.ascii	"\000"
 236 00f0 00000000 		.ascii	"\000\000\000\000\000\000\000\000"
 236      00000000 
 237 00f8 FB000000 		.ascii	"\373\000\000\000"
 238              		.text
 239              		.section	.gnu.lto_.opts,"",%progbits
 240 0000 272D666D 		.ascii	"'-fmath-errno' '-fsigned-zeros' '-ftrapping-math' '"
 240      6174682D 
 240      6572726E 
 240      6F272027 
 240      2D667369 
 241 0033 2D666E6F 		.ascii	"-fno-trapv' '-fno-openmp' '-fno-openacc' '-mcpu=cor"
 241      2D747261 
 241      70762720 
 241      272D666E 
 241      6F2D6F70 
 242 0066 7465782D 		.ascii	"tex-m4' '-mno-thumb-interwork' '-mthumb' '-ggdb' '-"
 242      6D342720 
 242      272D6D6E 
 242      6F2D7468 
 242      756D622D 
 243 0099 4F322720 		.ascii	"O2' '-fomit-frame-pointer' '-falign-functions=16' '"
 243      272D666F 
 243      6D69742D 
 243      6672616D 
 243      652D706F 
 244 00cc 2D666675 		.ascii	"-ffunction-sections' '-fdata-sections' '-fno-common"
 244      6E637469 
 244      6F6E2D73 
 244      65637469 
 244      6F6E7327 
 245 00ff 2720272D 		.ascii	"' '-flto'\000"
 245      666C746F 
 245      2700
 246              		.text
 247              		.comm	__gnu_lto_v1,1,1
 248              		.comm	__gnu_lto_slim,1,1
 249              		.ident	"GCC: (15:6.3.1+svn253039-1build1) 6.3.1 20170620"
ARM GAS  /tmp/ccyW6IJZ.s 			page 16


DEFINED SYMBOLS
                            *ABS*:0000000000000000 hal.c
                            *COM*:0000000000000001 __gnu_lto_v1
                            *COM*:0000000000000001 __gnu_lto_slim

NO UNDEFINED SYMBOLS
