ARM GAS  /tmp/cc8ZMX31.s 			page 1


   1              		.cpu cortex-m4
   2              		.eabi_attribute 20, 1
   3              		.eabi_attribute 21, 1
   4              		.eabi_attribute 23, 3
   5              		.eabi_attribute 24, 1
   6              		.eabi_attribute 25, 1
   7              		.eabi_attribute 26, 1
   8              		.eabi_attribute 30, 2
   9              		.eabi_attribute 34, 1
  10              		.eabi_attribute 18, 4
  11              		.file	"hal_lld.c"
  12              		.text
  13              	.Ltext0:
  14              		.section	.gnu.lto_.profile.22fff1c7ce2681d5,"",%progbits
  15 0000 789C6365 		.ascii	"x\234ce`b`a```dH\012\007\000\001\233\000\306"
  15      60626061 
  15      60606064 
  15      480A0700 
  15      019B00C6 
  16              		.text
  17              		.section	.gnu.lto_.icf.22fff1c7ce2681d5,"",%progbits
  18 0000 789C6365 		.ascii	"x\234ce`b\020f@\000f\206I\253\377\3530\336\231\360k"
  18      60621066 
  18      40006686 
  18      49ABFFEB 
  18      30DE99F0 
  19 0015 223FD396 		.ascii	"\"?\323\2269\253N\3611\000\000U\253\010a"
  19      39AB4EF1 
  19      31000055 
  19      AB0861
  20              		.text
  21              		.section	.gnu.lto_.jmpfuncs.22fff1c7ce2681d5,"",%progbits
  22 0000 789C6365 		.ascii	"x\234ce`b\340d@\000&\020\301\010\304\000\001\227\000"
  22      6062E064 
  22      40002610 
  22      C108C400 
  22      019700
  23 0013 14       		.ascii	"\024"
  24              		.text
  25              		.section	.gnu.lto_.inline.22fff1c7ce2681d5,"",%progbits
  26 0000 789C6365 		.ascii	"x\234ce`b0`@\000&\006\006\005\015F\006&\213\005\353"
  26      60623060 
  26      40002606 
  26      06050D46 
  26      06268B05 
  27 0015 9919D816 		.ascii	"\231\031\330\026\3103\201\004\031\271@\004\203\365Z"
  27      C8338104 
  27      19B94004 
  27      83F55A
  28 0024 26A04CC1 		.ascii	"&\240L\301\205]*p\031\006\000\244}\006\264"
  28      855D2A70 
  28      190600A4 
  28      7D06B4
  29              		.text
  30              		.section	.gnu.lto_.pureconst.22fff1c7ce2681d5,"",%progbits
  31 0000 789C6365 		.ascii	"x\234ce`b`e`\000\222R\214R\000\001\005\000D"
  31      60626065 
ARM GAS  /tmp/cc8ZMX31.s 			page 2


  31      60009252 
  31      8C520001 
  31      050044
  32              		.text
  33              		.section	.gnu.lto_hal_lld_init.22fff1c7ce2681d5,"",%progbits
  34 0000 789CA595 		.ascii	"x\234\245\225MHTQ\024\307\357y\367\315\227L)\370ID\264"
  34      4D485451 
  34      14C7EF79 
  34      F7CD974C 
  34      29F84944 
  35 0015 75E3A312 		.ascii	"u\343\243\022\241\215\020B\213 Z\330^\324\002\005\305"
  35      A18D1042 
  35      8B205AD8 
  35      5ED40205 
  35      C5
  36 0026 C8162D02 		.ascii	"\310\026-\002\337\344\250a\037\2660M\310\236\021afi"
  36      DFE4A861 
  36      1FB6304D 
  36      C89E1161 
  36      6669
  37 0038 665F3356 		.ascii	"f_3V\216\366iMj\246}\251i\"~`i\224\013M\035\273\347"
  37      8EF6694D 
  37      6AA67DA9 
  37      69227E60 
  37      69940B4D 
  38 004f DEE7BC99 		.ascii	"\336\347\274\23169\343\203w\336\327}\277\363?\347\334"
  38      3639E383 
  38      77DED77D 
  38      BFF33FE7 
  38      DC
  39 0060 7BAE8948 		.ascii	"{\256\211H\244\336JH\032!$\231\235`\" \235\357&\304"
  39      A4DE4A48 
  39      1A212499 
  39      9D602220 
  39      9DEF26C4 
  40 0074 619524DA 		.ascii	"a\225$\332\225J\324\010\371e$Q\355\024d\361Z\006\300"
  40      954AD408 
  40      F9652451 
  40      ED1464F1 
  40      5A06C0
  41 0087 1BD50AA4 		.ascii	"\033\325\012\244H\2422\024A\005\255\246\320Y6\341\222"
  41      48A23214 
  41      4105ADA6 
  41      D05936E1 
  41      92
  42 0098 12EB5576 		.ascii	"\022\353Uvx\252\373-\245jI\202F\011\251a'\036P\017\211"
  42      78AAFB2D 
  42      A56A4982 
  42      4609A961 
  42      271E500F 
  43 00ad 840D1B6B 		.ascii	"\204\015\033k\361]\330d\226\305{\270\016f`\327\346>"
  43      F15DD864 
  43      96C57BB8 
  43      0E6660D7 
  43      E63E
  44 00bf F0A8BED5 		.ascii	"\360\250\276\3252\325\343\275\012\255\373\266ID\243"
  44      32D5E3BD 
ARM GAS  /tmp/cc8ZMX31.s 			page 3


  44      0AADFBB6 
  44      4944A3
  45 00ce 4C083356 		.ascii	"L\0103V464v4\221h\242\320D\243\211A\023\213&\016M<\232"
  45      34363476 
  45      349168A2 
  45      D044A389 
  45      41138B26 
  46 00e6 04348494 		.ascii	"\0044\204\2243>\312<M%\274\322i\350tO\317f\243\307Z"
  46      333ECA3C 
  46      4D25BCD2 
  46      69E8744F 
  46      CF66A3C7 
  47 00fb 2A312155 		.ascii	"*1!U%\235=\226sT\243\022\240.g\355\363\011\233xT\177"
  47      259D3D96 
  47      7354A312 
  47      A02E67ED 
  47      F3099B78 
  48 0111 9E5265F6 		.ascii	"\236Re\366jfd\311e\322\240\326\301B\332\256Q\0127`+"
  48      6A6664C9 
  48      65D2A0D6 
  48      C142DAAE 
  48      510A3760 
  49 0126 34C05682 		.ascii	"4\300V\202\343\177U\365\216\332\225[\252\0234\226\203"
  49      E37F55F5 
  49      8EDA955B 
  49      AA133496 
  49      83
  50 0137 46D0E022 		.ascii	"F\320\340\"\217\024n\202B\230\263y+\272\012\215r\313"
  50      8F146E82 
  50      4298B379 
  50      2BBA0A8D 
  50      72CB
  51 0149 A03481C2 		.ascii	"\2404\201\302>\017\277jh\244(\012`\225\035\221\320\314"
  51      3E0FBF6A 
  51      68A4280A 
  51      60951D91 
  51      D0CC
  52 015b FE0B1DEE 		.ascii	"\376\013\035\356\300o2\3346\360-\034\357O\201\014\004"
  52      C06F32DC 
  52      36F02D1C 
  52      EF4F810C 
  52      04
  53 016c EE08B4BB 		.ascii	"\356\010\264\273a\216\212$\231B\023\337\312\351XM\270"
  53      618E8A24 
  53      994213DF 
  53      CAE9584D 
  53      B8
  54 017d 1B7E0AEE 		.ascii	"\033~\012\356\031\224\373\240l,\336\007\006\353!c\371"
  54      1994FBA0 
  54      6C2CDE07 
  54      06EB2163 
  54      F9
  55 018e 035CD003 		.ascii	"\003\\\320\003\264\206&\315\305q\022\342\334<\300\342"
  55      B48626CD 
  55      C57112E2 
  55      DC3CC0E2 
  56 019e 85521024 		.ascii	"\205R\020$\233\200\235]\031\351\010(\327fh\023.\253"
ARM GAS  /tmp/cc8ZMX31.s 			page 4


  56      9B809D5D 
  56      19E90828 
  56      D7666813 
  56      2EAB
  57 01b0 6CA127E2 		.ascii	"l\241'\342\221\341\3551(\314E\370yxb\240\332\003\363"
  57      91E1ED31 
  57      28CC45F8 
  57      797862A0 
  57      DA03F3
  58 01c3 B0A8E7C1 		.ascii	"\260\250\347\301\036\2322\017\307\361\345\333\021~\241"
  58      1E9A320F 
  58      C7F1E5DB 
  58      117EA1
  59 01d2 3B0DCAD3 		.ascii	";\015\312\323\215\026\372\231\301z\036\030\340\262\036"
  59      8D16FA99 
  59      C17A1E18 
  59      E0B21E
  60 01e1 606468D2 		.ascii	"`dh\322^p\234\214\270\227\377\024:J\300^\270\377\374"
  60      5E709C8C 
  60      B897FF14 
  60      3A4AC05E 
  60      B8FFFC
  61 01f4 B68B4263 		.ascii	"\266\213Bc\277\003x\025~\241\273\014o\257\261\320Q\\"
  61      BF037815 
  61      7EA1BB0C 
  61      6FAFB1D0 
  61      515C
  62 0206 FBF4628A 		.ascii	"\373\364b\212\277Y:yO\365if\336/k(\004\366Qx\003f\366"
  62      BF593A79 
  62      4FF56966 
  62      DE2F6B28 
  62      04F65178 
  63 021d AB17D545 		.ascii	"\253\027\325E\007\256i\023\037ve\305\331d\023\217\352"
  63      07AE6913 
  63      1F7665C5 
  63      D964138F 
  63      EA
  64 022e A883B7B5 		.ascii	"\250\203\267\265\313\336\241g\021L\033\363n\206n\246"
  64      CBDEA167 
  64      114C1BF3 
  64      6E866EA6 
  65 023e EBADAEAB 		.ascii	"\353\255\256\253\273\247|\336\342\327\325\303u\231\204"
  65      BBA77CDE 
  65      E2D7D5C3 
  65      759984
  66 024d 03E85D4B 		.ascii	"\003\350]KD\355\234Y8\213\021\376\232\246\332/E\350"
  66      44ED9C59 
  66      388B11FE 
  66      9AA6DA2F 
  66      45E8
  67 025f A990E09D 		.ascii	"\251\220\340\235?\017^\236\207u\372\352\013\362\365"
  67      3F0F5E9E 
  67      8775FAEA 
  67      0BF2F5
  68 026e 1ED31023 		.ascii	"\036\323\020#JxB8\213\015\310)\374o:\364s\232Y\247\015"
  68      4A784238 
  68      8B0DC829 
ARM GAS  /tmp/cc8ZMX31.s 			page 5


  68      FC6F3AF4 
  68      739A59A7 
  69 0283 08E5CBA5 		.ascii	"\010\345\313\245\015&\301\212\023\270\361k\343u6]\270"
  69      0D26C18A 
  69      13B8F16B 
  69      E375365D 
  69      B8
  70 0294 193E30D6 		.ascii	"\031>0\32688\007\237&\353\203\330\210\352\037\213[\364"
  70      3838079F 
  70      26EB83D8 
  70      88EA1F8B 
  70      5BF4
  71 02a6 01327C44 		.ascii	"\0012|Dg\004\367\023J\272Rq;\231\237\362\245\352a\256"
  71      6704F713 
  71      4ABA5271 
  71      3B999FF2 
  71      A5EA61AE 
  72 02ba 475A5D16 		.ascii	"GZ]\026j\373\024\244\3553o\303\223\2637\317X\326f\223"
  72      6AFB14A4 
  72      ED336FC3 
  72      93B337CF 
  72      58D66693 
  73 02ce 0C5FF4A5 		.ascii	"\014_\364\2450\265\032:~0\010?\244/\006T-\033\273`W"
  73      30B51A3A 
  73      7E30083F 
  73      A42F0654 
  73      2D1BBB60 
  74 02e3 B1450419 		.ascii	"\261E\004\031\277\376\012\015s\260E\007\177]\313)\010"
  74      BFFE0A0D 
  74      73B04507 
  74      7F5DCB29 
  74      08
  75 02f4 508260DD 		.ascii	"P\202`\335\255h\033\330\244\367\277%\334\256F\302\233"
  75      AD681BD8 
  75      A4F7BF25 
  75      DCAE46C2 
  75      9B
  76 0305 0EA341CE 		.ascii	"\016\243A\316\276\341tH 3P\\\327X\311W4\376\341r}\037"
  76      BEE17448 
  76      2033505C 
  76      D758C957 
  76      34FEE172 
  77 031b B414ADA8 		.ascii	"\264\024\255\250V\215Zj\260\271\301\030\024\261\255"
  77      568D5A6A 
  77      B0B9C118 
  77      14B1AD
  78 032a DF4A7EC0 		.ascii	"\337J~\300\311\272\311J\276`y\305\312\331\202a\261\263"
  78      C9BAC94A 
  78      BE6079C5 
  78      CAD98261 
  78      B1B3
  79 033c 217B949C 		.ascii	"!{\224\234\202\374\303J\346\241\314|%-'7+\367@z\306"
  79      82FCC34A 
  79      E6A1CC7C 
  79      252D2737 
  79      2BF7407A 
  80 0351 8E94A41D 		.ascii	"\216\224\244\035I\273\225\202B%'3O9Rp\364X\241\222~"
ARM GAS  /tmp/cc8ZMX31.s 			page 6


  80      49BB9582 
  80      42252733 
  80      4F395270 
  80      F458A192 
  81 0366 70FFAE9D 		.ascii	"p\377\256\235\302\356M>~\034\277d\344\345\035J\312&"
  81      C2EE4D3E 
  81      7E1CBF64 
  81      E4E51D4A 
  81      CA26
  82 0378 7F01F35C 		.ascii	"\177\001\363\\\334g"
  82      DC67
  83              		.text
  84              		.section	.gnu.lto_stm32_clock_init.22fff1c7ce2681d5,"",%progbits
  85 0000 789CA557 		.ascii	"x\234\245Wkl\024U\024\276gfwgv\272\317>BS^Mh(\015M7"
  85      6B6C1455 
  85      14BE6766 
  85      776776BA 
  85      CF3E4253 
  86 001b A831F1E7 		.ascii	"\2501\361\347\206\304\177\306D\374O@L \201`\304\030"
  86      86C47FC6 
  86      44FC4F40 
  86      4C208160 
  86      C418
  87 002d FE31953E 		.ascii	"\3761\225>\260m\004#\226\207)[c\010\202\322\002\242"
  87      B06D0423 
  87      9687295B 
  87      630882D2 
  87      02A2
  88 003f D222B896 		.ascii	"\322\"\270\226\226\265\245\266\200(P\020j\245/)\017"
  88      96B5A5B6 
  88      80285010 
  88      6AA52F29 
  88      0F
  89 0050 6929B420 		.ascii	"i)\264 \365\236{\356\356l\206\030\235e\177|w\367\336"
  89      F59E7BEE 
  89      EE6C8618 
  89      9D657F7C 
  89      77F7DE
  90 0063 99EF7EE7 		.ascii	"\231\357~\347\234\357>\326\315\024v\304\317\330R\306"
  90      9CEF3ED6 
  90      CD1476C4 
  90      CFD852C6 
  91 0073 D81C600C 		.ascii	"\330\034`\014\362\030(\333z\030+\327\025P\351\213\252"
  91      F21828DB 
  91      7A182BD7 
  91      1550E98B 
  91      AA
  92 0084 E4D62518 		.ascii	"\344\326%\0303\015W\205\306L_.\365G]\340\246q\267\222"
  92      330D5785 
  92      C64C5F2E 
  92      F5475DE0 
  92      A671B792 
  93 0098 43E31E31 		.ascii	"C\343\0361\236C\375Q\017h4\256)\3314\256\213\361l\352"
  93      9E43FD51 
  93      0F6834AE 
  93      29D934AE 
  93      8BF16CEA 
ARM GAS  /tmp/cc8ZMX31.s 			page 7


  94 00ac 8FEAE0A5 		.ascii	"\217\352\340\245q\257\022\246qC\214\207\251?j@\000["
  94      71AF12A6 
  94      71438C87 
  94      A93F6A40 
  94      005B
  95 00be 0828211A 		.ascii	"\010(!\032\316\022\303!\352\216f\201\217^\367)A\032"
  95      CE12C321 
  95      EA8E6681 
  95      8F5EF729 
  95      411A
  96 00d0 F78BF120 		.ascii	"\367\213\361 \365G\375\000\330\232:\260M\212\232\353"
  96      F547FD00 
  96      D89A3AB0 
  96      4D8A9AEB 
  97 00e0 72E778B4 		.ascii	"r\347x\264l\335\0336\002\241,_\320\017\2334\225\321"
  97      6CDD1B36 
  97      02A12C5F 
  97      D00F9B34 
  97      95D1
  98 00f2 C72D5B4D 		.ascii	"\307-[M\266^\331\006d\353\223\355Vu\207\012m\325C-J"
  98      B65ED906 
  98      64EB93ED 
  98      5675870A 
  98      6DD5432D 
  99 0107 C93E937F 		.ascii	"\311>\223\177\342;.\030Ufe~\214\023\355\222d\260\017"
  99      E23B2E18 
  99      5566657E 
  99      8C13ED92 
  99      64B00F
 100 011a 4A187F6C 		.ascii	"J\030\177l\340\360\223\217\375\036\027\365\303\347\340"
 100      E0F0938F 
 100      FD1E17F5 
 100      C3E7E0
 101 0129 E1B965CD 		.ascii	"\341\271e\315\347!n>\231\2516\343c\237\301\305\327\312"
 101      E7216E3E 
 101      99A936E3 
 101      639FC1C5 
 101      D7CA
 102 013b 5C2CA682 		.ascii	"\\,\246\202\033AC\320\021\274\010\006\202\017!\200\020"
 102      1B4143D0 
 102      11BC0806 
 102      820F2180 
 102      10
 103 014c 44082184 		.ascii	"D\010!\204\021r\021\362\020f!\344#\024 \314F\230\213"
 103      117211F2 
 103      106621E4 
 103      231420CC 
 103      46988B
 104 015f 300F613E 		.ascii	"0\017a>B!\302\002\204\"\204\205\010\305\010\213\020"
 104      4221C202 
 104      84228485 
 104      08C5088B 
 104      10
 105 0170 4A101623 		.ascii	"J\020\026#\224\"0V\303\365\3624\326\252\012o\324Qh\233"
 105      94223056 
 105      C3F5F234 
 105      D6AA0A6F 
ARM GAS  /tmp/cc8ZMX31.s 			page 8


 105      D451689B 
 106 0184 1869AA34 		.ascii	"\030i\25240\000\036T}e[\257\366\201\032S\025\300\030"
 106      30001E54 
 106      7D655BAF 
 106      F6811A53 
 106      15C018
 107 0197 2B1A3A86 		.ascii	"+\032:\206\274\364\323\274\273\305t\361\256\233\327"
 107      BCF4D3BC 
 107      BBC574F1 
 107      AE9BD7
 108 01a6 1FB5B863 		.ascii	"\037\265\270c\320P\316\323\323X\020SU8\000s`?\314a\370"
 108      D050CED3 
 108      D3581053 
 108      55380073 
 108      603FCC61 
 109 01bb C2BDFAB3 		.ascii	"\302\275\372\263\375\276\310A\263\242\334,\214\251."
 109      FDBEC841 
 109      B3A2DC2C 
 109      8CA92E
 110 01ca F80262B0 		.ascii	"\370\002b\260S$\016\276\204\010\177\340t\353\364\270"
 110      53240EBE 
 110      84087FE0 
 110      74EBF4B8 
 111 01da 0F190130 		.ascii	"\017\031\0010\301\000\007\371\233BD\353\240\307.\302"
 111      C10007F9 
 111      9B4244EB 
 111      A0C72EC2 
 112 01ea 2D447CFA 		.ascii	"-D|\372wE\223\227~\232\375\345B\304\236\356\253\355"
 112      77459397 
 112      7E9AFDE5 
 112      42C49EEE 
 112      ABED
 113 01fc 469A080F 		.ascii	"F\232\010\0174s\021MRDOo\315\204\226&\342\220\020\201"
 113      3473114D 
 113      52444F6F 
 113      CD849626 
 113      E2901081 
 114 0210 E581C342 		.ascii	"\345\201\303BDG\323\364\200`tq\021*\034!\011\255\243"
 114      4447D3F4 
 114      80607471 
 114      112A1C21 
 114      09ADA3
 115 0223 9D24A141 		.ascii	"\235$\241A\265\007Z\370\257q\002\222|%&Pp\202\243\020"
 115      B5075AF8 
 115      AF710292 
 115      7C252650 
 115      7082A310 
 116 0237 E15C9B1F 		.ascii	"\341\\\233\037V\0011\271\211\354h{\242J\247\260\001"
 116      560131B9 
 116      89EC687B 
 116      A24AA7B0 
 116      01
 117 0248 BEA6F9EA 		.ascii	"\276\246\371\352\2752^\0073}c\315\364-D8=\377V\253\252"
 117      BD325E07 
 117      337D63CD 
 117      F42D4438 
 117      3DFF56AB 
ARM GAS  /tmp/cc8ZMX31.s 			page 9


 118 025d 8CAF0355 		.ascii	"\214\257\003U\204\3205\250\321\304\332\377&\226Y:fQ"
 118      84D035A8 
 118      D1C4DAFF 
 118      2696593A 
 118      6651
 119 026f B750108F 		.ascii	"\267P\020\217\253:\335D\246\023_\307\314\203x\220\242"
 119      AB3ADD44 
 119      A6135FC7 
 119      CC837890 
 119      A2
 120 0280 50A095F3 		.ascii	"P\240\225\363\334\200\212\276S\3352T\235?\321<\3262"
 120      DC808ABE 
 120      53DD3254 
 120      9D3FD13C 
 120      D632
 121 0292 E5A72718 		.ascii	"\345\247'\030\034\307\231\030:.\227\361\365\013\265"
 121      1CC79918 
 121      3A2E97F1 
 121      F50BB5
 122 02a1 AA4B5AAE 		.ascii	"\252KZ\256u\364\322^\251\323\353,\001\337\011\225b\311"
 122      75F4D25E 
 122      A9D3EB2C 
 122      01DF0995 
 122      62C9
 123 02b3 9D48AA94 		.ascii	"\235H\252\224\363\033Dvr\262\362]R\360xff&\010'3\317"
 123      F31B4476 
 123      72B2F25D 
 123      52F07866 
 123      66260827 
 124 02c9 F6F7D664 		.ascii	"\366\367\326dq\314\266!l\262\377\262\314\212\317\031"
 124      71CCB621 
 124      6CB2FFB2 
 124      CC8ACF19 
 125 02d9 DB0F165B 		.ascii	"\333\017\026[\233\220\236\221\246S\026K;j\362\011\007"
 125      9B909E91 
 125      A653164B 
 125      3B6AF209 
 125      07
 126 02ea B82D07F4 		.ascii	"\270-\007\364u\310\314\006\234:\240\303\242>\235\314"
 126      75C8CC06 
 126      9C3AA0C3 
 126      A23E9DCC 
 127 02fa 6D32D620 		.ascii	"m2\326 \361=\032\331~\031(\273>H\220\003\256\244\034"
 127      F13D1AD9 
 127      7E1928BB 
 127      3E489003 
 127      AEA41C
 128 030d 104C2B79 		.ascii	"\020L+y\216,\271'U\362k\311\325\025r\026\361\217\226"
 128      8E2CB927 
 128      55F26BC9 
 128      D5157216 
 128      F18F96
 129 0320 313B6D25 		.ascii	"1;m%\017\023YsgeB\252\232\002\350\312\274\340g\254\251"
 129      0F135973 
 129      676542AA 
 129      9A02E8CA 
 129      BCE067AC 
ARM GAS  /tmp/cc8ZMX31.s 			page 10


 130 0335 BA31B961 		.ascii	"\2721\271a\332\232\256\223Y\035\357~?Y\011\355\021\033"
 130      DA9AAE93 
 130      591DEF7E 
 130      3F5909ED 
 130      111B
 131 0347 4F6A6773 		.ascii	"Ojgs\361\345\321\233\334v\266T\313\212\345:S{V\320\273"
 131      F1E5D19B 
 131      DC76B654 
 131      CB8AE53A 
 131      537B56D0 
 132 035c 90FE9C6D 		.ascii	"\220\376\234m\333\311\343d\317\262\317\234\267\250\177"
 132      DBC9E364 
 132      CFB2CF9C 
 132      B7A87F
 133 036b C644E409 		.ascii	"\306D\344\011\227i\226\313\336OH\315\263\234\272\354"
 133      976996CB 
 133      DE4F48CD 
 133      B39CBAEC 
 134 037b 8245FD8B 		.ascii	"\202E\375\213}\237\311\347|Oo,\371i\266\312\226\266"
 134      7D9FC9E7 
 134      7C4F6F2C 
 134      F969B6CA 
 134      96B6
 135 038d D25387D7 		.ascii	"\322S\207\327\326j#\243\342\374*t\340\006\012\027Eq"
 135      D66A23A3 
 135      E2FC2A74 
 135      E0060A17 
 135      4571
 136 039f 3E3C327E 		.ascii	"><2~?\213\212\263-^\031gp)Y\240]\303\322\271\005\316"
 136      3F8B8AB3 
 136      2D5E1967 
 136      702959A0 
 136      5DC3D2B9 
 137 03b5 B278D9B2 		.ascii	"\262x\331\262S\237\255@\263\211\354\334\340t\2577u\034"
 137      539FAD40 
 137      B389ECDC 
 137      E074AF37 
 137      751C
 138 03c7 EA7025F3 		.ascii	"\352p%\363\222]\265&\373\015K6[\224\314k\225\254!Y\262"
 138      925DB526 
 138      FB0D4B36 
 138      5B94CC6B 
 138      95AC2159 
 139 03dc B9B613B4 		.ascii	"\271\266\023\264\360\277\016\320k\202\332\203\324\327"
 139      F0BF0ED0 
 139      6B82DA83 
 139      D4D7
 140 03ea ED259B47 		.ascii	"\355%\233G|W\272\216]\320\222\201\000\364\333k8/\255"
 140      7C57BA8E 
 140      5DD09281 
 140      00F4DB6B 
 140      382FAD
 141 03fd 866151C3 		.ascii	"\206aQ\303\032\276\235\362\032\326\252\001\224\010B"
 141      1ABE9DF2 
 141      1AD6AA01 
 141      940842
 142 040c E2896129 		.ascii	"\342\211a)q\276SW\375nE?`\227XH|gf\352\356\270S\271"
ARM GAS  /tmp/cc8ZMX31.s 			page 11


 142      71BE5357 
 142      FD6E453F 
 142      60975848 
 142      7C6766EA 
 143 0424 0EC11F76 		.ascii	"\016\301\037v\215\205i\032C\322gY)\237\335\336\227\331"
 143      8D85691A 
 143      43D26759 
 143      299FDDDE 
 143      97D9
 144 0436 2670C3DA 		.ascii	"&p\303\332\004\006\205\317\216\336\331c\032\362\366"
 144      040685CF 
 144      8EDED963 
 144      1AF2F6
 145 0445 D1D8D8AE 		.ascii	"\321\330\330\256\302P\362\012T\327\231\234\"\265Qh\342"
 145      C250F20A 
 145      54D7999C 
 145      22B55168 
 145      E2
 146 0456 0A347228 		.ascii	"\0124r(1\355\247\237\346C\272\207%v\232\207SW\240\225"
 146      31EDA79F 
 146      E643BA87 
 146      25769A87 
 146      5357A095 
 147 046a FC6AA7C3 		.ascii	"\374j\247\303\010W1,UTL&\266{\322T\214\012\025x\377"
 147      0857312C 
 147      55544C26 
 147      B67BD254 
 147      8C0A1578 
 148 047f 853F858A 		.ascii	"\205?\205\212s\037\215\226\033\224\215\315\001\270\231"
 148      731F8D96 
 148      1B948DCD 
 148      01B899
 149 048e B4FAEEFD 		.ascii	"\264\372\356\375\262\002\013\234\271o\314\212\362\226"
 149      B2020B9C 
 149      B96FCC8A 
 149      F296
 150 049c CDEA459C 		.ascii	"\315\352E\234L,\352\014\215}\333\242\276\203\306.\022"
 150      4C2CEA0C 
 150      8D7DDBA2 
 150      BE83C62E 
 150      12
 151 04ad C6F659C6 		.ascii	"\306\366Y\306\376\244Sj^\350\3245w-\352\277\354'^1\347"
 151      FEA4536A 
 151      5EE8D435 
 151      772DEABF 
 151      EC275E31 
 152 04c2 7BFA882B 		.ascii	"{\372\210+\346,\273\217OtI#\351p/e\231\240\264\214?"
 152      E62CBB8F 
 152      4F744923 
 152      E9702F65 
 152      99A0B48C 
 153 04d7 75E21D58 		.ascii	"u\342\035XC/-r\026\360\270P\245\243\252\011[.K8\231"
 153      432F2D72 
 153      16F0B850 
 153      A5A3AA09 
 153      5B2E4B38 
 154 04ec 585C19E6 		.ascii	"X\\\031\346\362\276E=\211\271,\021U\367\022\371bg\\"
ARM GAS  /tmp/cc8ZMX31.s 			page 12


 154      F2BE453D 
 154      89B92C11 
 154      55F712F9 
 154      62675C
 155 04ff 0F0417FE 		.ascii	"\017\004\027\376\225\202\2076\231\245\234\354YdNY\324"
 155      95828736 
 155      99A59CEC 
 155      59644E59 
 155      D4
 156 0510 D328B394 		.ascii	"\323(\263\224\335\202\367\032\233\367\012z\231n\340"
 156      DD82F71A 
 156      9BF70A7A 
 156      996EE0
 157 051f 69E6EB3D 		.ascii	"i\346\353=\032Y\275~\335\233\221\025\253V\254\213,]"
 157      1A59BD7E 
 157      DD9B9115 
 157      AB56AC8B 
 157      2C5D
 158 0531 BD66E59A 		.ascii	"\275f\345\232W\227-_\362b\331\222\262\227\"\3537DV\257"
 158      57972D5F 
 158      F262D992 
 158      B29722EB 
 158      374456AF 
 159 0545 581B796B 		.ascii	"X\033yk\375\333\357l\210,{\375\225\347\237#|\371\205"
 159      FDDBEF6C 
 159      882C7BFD 
 159      95E79F23 
 159      7CF985
 160 0558 8D1B7164 		.ascii	"\215\033qd\371\332\265\253\312\336`\377\000\215\313"
 160      F9DAB5AB 
 160      CADE60FF 
 160      008DCB
 161 0567 8DDB     		.ascii	"\215\333"
 162              		.text
 163              		.section	.gnu.lto_.symbol_nodes.22fff1c7ce2681d5,"",%progbits
 164 0000 789C6365 		.ascii	"x\234ce`b\360`\000\002\246\311L\365\014\014\023\316"
 164      6062F060 
 164      0002A6C9 
 164      4CF50C0C 
 164      13CE
 165 0012 313000A9 		.ascii	"10\000\251]\015\216@\221)L\365\214(\"\254\023\231\030"
 165      5D0D8E40 
 165      91294CF5 
 165      8C2822AC 
 165      139918
 166 0025 1A95808A 		.ascii	"\032\225\200\212\031\2472\3253\201\245\030\030\032\032"
 166      19A732D5 
 166      3381A518 
 166      181A1A
 167 0034 1C181898 		.ascii	"\034\030\030\230\201\260\245\377\215<\003\000jS\020"
 167      81B0A5FF 
 167      8D3C0300 
 167      6A5310
 168 0043 44       		.ascii	"D"
 169              		.text
 170              		.section	.gnu.lto_.refs.22fff1c7ce2681d5,"",%progbits
 171 0000 789C6365 		.ascii	"x\234ce`b`d\000\002\000\000I\000\011"
ARM GAS  /tmp/cc8ZMX31.s 			page 13


 171      60626064 
 171      00020000 
 171      490009
 172              		.text
 173              		.section	.gnu.lto_.decls.22fff1c7ce2681d5,"",%progbits
 174 0000 789CCD57 		.ascii	"x\234\315WkPTG\026\236\276=<f@\264 \225u7\326\206u\315"
 174      6B505447 
 174      169EBE3D 
 174      3C6640B4 
 174      20957537 
 175 0018 4A6D5518 		.ascii	"JmU\030\007M\366\361+8>0\301\304\232q\335\332\2555S"
 175      074DF6F1 
 175      2B383E30 
 175      C1C49A71 
 175      DDDAAD35 
 176 002d 085850F2 		.ascii	"\010XP\362\260\004w\365\337\345a$\210\0174D@@@TFFD\024"
 176      B00477F5 
 176      DFE56124 
 176      880F3444 
 176      40404054 
 177 0045 51011901 		.ascii	"Q\001\031\001G\3047&\312\373!\021\021\205ETD$\262\247"
 177      47C43726 
 177      CAFB2111 
 177      11854554 
 177      4424B2A7 
 178 0059 BBEF702F 		.ascii	"\273\357p/\227k*\371\267Ssn\367\351\363\365\351\323"
 178      976B2AF9 
 178      B753736E 
 178      F7E9F3F5 
 178      E9D3
 179 006b E7D1B7AF 		.ascii	"\347\321\267\257\223\212S\265{\252TW9\225\352\035\244"
 179      938A53B5 
 179      7BAA5457 
 179      3995EA1D 
 179      A4
 180 007c 524DC00F 		.ascii	"RM\300\017\253T\252\343*\361G\370b\240\022\240R \200"
 180      AB54AAE3 
 180      2AF147F8 
 180      62A012A0 
 180      522080
 181 008f A9AA5553 		.ascii	"\251\252US\177kaP\003\355\032\240\371@\277\002\376]"
 181      7F6B6150 
 181      03ED1AA0 
 181      F940BF02 
 181      FE5D
 182 00a1 A01AE8BF 		.ascii	"\240\032\350\277\017\355o\201\274\021\323\353\012\244"
 182      0FED6F81 
 182      BC11D3EB 
 182      0AA4
 183 00af 81BE0790 		.ascii	"\201\276\007\220\027\320\010\360jh\337\003z\003\375"
 183      17D008F0 
 183      6A68DF03 
 183      7A03FD
 184 00be 5F2371CD 		.ascii	"_#q\315\271\210\255)\377\005\375\214\365\376\004\364"
 184      B988AD29 
 184      FF05FD8C 
 184      F5FE04F4 
ARM GAS  /tmp/cc8ZMX31.s 			page 14


 185 00ce 119056A2 		.ascii	"\021\220V\242\177\026\320k\262'h\307\205\265\374\200"
 185      7F16D06B 
 185      B22768C7 
 185      85B5FC80 
 186 00de 5E407F54 		.ascii	"^@\177T\330[\211\302z\3731:\263\263\256\212\353@m\010"
 186      D85B89C2 
 186      7AFB313A 
 186      B3B3AE8A 
 186      EB406D08 
 187 00f2 5C8566D1 		.ascii	"\\\205f\321Q\204\330\023Q\242\354\204\343\207\020\035"
 187      5184D813 
 187      51A2EC84 
 187      E387101D 
 188 0102 87518E3E 		.ascii	"\207Q\216>\031\220\016!\307\014\201\347\004\226\023"
 188      19900E21 
 188      C70C81E7 
 188      049613
 189 0111 54D2BF30 		.ascii	"T\322\2770\031I421[\311\361c6\263\016\235\346\230\215"
 189      19493432 
 189      315BC9F1 
 189      6336B30E 
 189      9DE6988D 
 190 0125 38710184 		.ascii	"8q\001\204\244\023$\012\231\331\202|\322>\225\2709\344"
 190      A413240A 
 190      99D9827C 
 190      D23E95B8 
 190      39E4
 191 0137 D8FDD38C 		.ascii	"\330\375\323\214k\275\332N\324NFs?At,#gw\011\306\034"
 191      6BBDDA4E 
 191      D44E4673 
 191      3F41742C 
 191      23677709 
 192 014d 22FDCE57 		.ascii	"\"\375\316W\205\313|\255<\373\271\276/\272\355\322\304"
 192      85CB7CAD 
 192      3CFBB9BE 
 192      2FBAEDD2 
 192      C4
 193 015e 4BDBCC5D 		.ascii	"K\333\314]\030yj\021\007l\343\320\265l7`\337\321\242"
 193      18796A11 
 193      076CE3D0 
 193      B56C3760 
 193      DFD1A2
 194 0171 59C08EC6 		.ascii	"Y\300\216\306}\177Q;\373[:+\201\237\305\2415\357\"+"
 194      7D7F513B 
 194      FB5B3A2B 
 194      819FC5A1 
 194      35EF222B 
 195 0185 9A838AD0 		.ascii	"\232\203\212\320\034X\3748\232\015\317uj\246)\256\371"
 195      1C58FC38 
 195      9A0DCF75 
 195      6AA629AE 
 195      F9
 196 0196 70A67A6E 		.ascii	"p\246zn.\237\333\305\333.\327\376\265\273\224\347\267"
 196      2E9FDBC5 
 196      DB2ED7FE 
 196      B5BB94E7 
 196      B7
ARM GAS  /tmp/cc8ZMX31.s 			page 15


 197 01a7 C1343581 		.ascii	"\30145\201!\013\302\350\030\362%&C\027\236\205\250\023"
 197      210BC2E8 
 197      18F22526 
 197      43179E85 
 197      A813
 198 01b9 A1A3A803 		.ascii	"\241\243\250\0036T\214\346\302t\276\257\242m&\376'\265"
 198      36548CE6 
 198      C274BEAF 
 198      A26D26FE 
 198      27B5
 199 01cb 76FBF1AE 		.ascii	"v\373\361\256BwAU\343\0373x[<(\342\250\242\023\242\242"
 199      42774155 
 199      E31F3378 
 199      5B3C28E2 
 199      A8A213A2 
 200 01e0 13724525 		.ascii	"\023rE%T\321\225\2075\035\030o\240\212\356Z\212\323"
 200      54D19587 
 200      351D186F 
 200      A08AEE5A 
 200      8AD3
 201 01f2 894D5D3C 		.ascii	"\211M]<o\353\314\361.J\260\247\360y\210Z\216N\212\232"
 201      6FEBCCF1 
 201      2E4AB0A7 
 201      F079885A 
 201      8E4E8A9A 
 202 0206 4E124DA4 		.ascii	"N\022M\244SJ5\264\327[\21208a\276\026\2218\314\204\241"
 202      534A35B4 
 202      D75B8A30 
 202      3861BE16 
 202      9138CC84 
 203 021b 134FCEBD 		.ascii	"\023O\316\275\232\301\206\210\336\306\335\303\005.\270"
 203      9AC18688 
 203      DEC6DDC3 
 203      052EB8
 204 022a 1C51E676 		.ascii	"\034Q\346vbI\026f.T\223P\\\317\354\361`.\364\336\217"
 204      62491666 
 204      2E549350 
 204      5CCFECF1 
 204      602EF4DE 
 205 023f B98C867B 		.ascii	"\271\214\206{5j\344\243=B|h\273w\366\017\351\303<\357"
 205      356AE4A3 
 205      3D427C68 
 205      BB77F60F 
 205      E9C33CEF 
 206 0253 8DCE212D 		.ascii	"\215\316!-*\023-\230O\252 \211\347\343\371=\011\274"
 206      2A132D98 
 206      4FAA2089 
 206      E7E3F93D 
 206      09BC
 207 0265 264085CA 		.ascii	"&@\205\312\301\313g\300\313\350,\362!\253\022\034:\015"
 207      C1CB67C0 
 207      CBE82CF2 
 207      21AB121C 
 207      3A0D
 208 0277 83A76010 		.ascii	"\203\247`\020V\261\024\244\346;\343!j\001g\277\320\332"
 208      56B114A4 
 208      E63BE321 
ARM GAS  /tmp/cc8ZMX31.s 			page 16


 208      6A0167BF 
 208      D0DA
 209 0289 A4465A1F 		.ascii	"\244FZ\037E\005\225\012\012\23017\253\347\332\267\021"
 209      4505950A 
 209      0A983137 
 209      ABE7DAB7 
 209      11
 210 029a C7568031 		.ascii	"\307V\2001\347Ec\3006\026\322\2137\355c$\033\210\234"
 210      E74563C0 
 210      3616D28B 
 210      37ED6324 
 210      1B889C
 211 02ad 2FE9F910 		.ascii	"/\351\371\020\206J\012\036\374\036g\261\244z>\221\227"
 211      864A0A1E 
 211      FC1E67B1 
 211      A47A3E91 
 211      97
 212 02be E6F6C121 		.ascii	"\346\366\301!>\267\006\"\336\343\225\011\021\327P\354"
 212      3EB70622 
 212      DEE39509 
 212      11D750EC 
 213 02ce 05A66BD2 		.ascii	"\005\246k\322\006\025\035\251\"\326T\243\017H\261\366"
 213      06151DA9 
 213      22D654A3 
 213      0F48B1F6 
 214 02de 5EB16B99 		.ascii	"^\261k\231\313x\004\274\315\2362\200\260\225\251M\262"
 214      CB7804BC 
 214      CD9E3280 
 214      B095A94D 
 214      B2
 215 02ef EEAAC5DA 		.ascii	"\356\252\305\332$\222q?g/dF\367\366;\202\272Q\302gV"
 215      2492713F 
 215      672F6446 
 215      F7F63B82 
 215      BA51C267 
 216 0304 3C6F7062 		.ascii	"<opb\274+\260\345\203E\3453XDlD<Q\363\262i\006.e\253"
 216      BC2BB0E5 
 216      8345E533 
 216      58446C44 
 216      3C51F3B2 
 217 031d 259FB9D3 		.ascii	"%\237\271\323\241&\253\361l52I\264\3732q\005\322\315"
 217      A126ABF1 
 217      6C353249 
 217      B4FB3271 
 217      05D2CD
 218 0330 410BE842 		.ascii	"A\013\350BiUie\036\236{(\030\242\250\246\273\275\004"
 218      69556965 
 218      1E9E7B28 
 218      18A2A8A6 
 218      BBBD04
 219 0343 E83A8AAE 		.ascii	"\350:\212\256G\236\2169t\235G\315\2074\314\214!\302"
 219      479E8E39 
 219      749D47CD 
 219      8734CC8C 
 219      21C2
 220 0355 EF3F777F 		.ascii	"\357?w\177\310\003W\262uSk_<s\3036\306\264\345\177s"
 220      C80357B2 
ARM GAS  /tmp/cc8ZMX31.s 			page 17


 220      75536B5F 
 220      3C73C336 
 220      C6B4E57F 
 221 036a 58CD907D 		.ascii	"X\315\220}\204\317\036\037OT\343KL\030_\321\234*\224"
 221      84CF1E1F 
 221      4F54E34B 
 221      4C185FD1 
 221      9C2A94
 222 037d 68174DBE 		.ascii	"h\027M\276\370}\005\316\370&\023\276\036<:\344\214\233"
 222      F87D05CE 
 222      F82613BE 
 222      1E3C3AE4 
 222      8C9B
 223 038f 1953DE9D 		.ascii	"\031S\336\235V-,\330D\370\332gYO\335q\017\023n+\370"
 223      562D2CD8 
 223      44F8DA67 
 223      594FDD71 
 223      0F136E2B 
 224 03a4 2EC5050F 		.ascii	".\305\005\0170\346No^\242;C\336\"\374\263\326\235vw"
 224      30E64E6F 
 224      5EA23B43 
 224      DE22FCB3 
 224      D69D7677 
 225 03b8 FC9209EB 		.ascii	"\374\222\011\353\352{\356\270\3428L\231\035\227\312"
 225      EA7BEEB8 
 225      E2384C99 
 225      1D97CA
 226 03c7 EC4276D7 		.ascii	"\354Bv\327\3232\357+\331\216\361\016&tx\326S\360\354"
 226      D332EF2B 
 226      D98EF10E 
 226      267478D6 
 226      53F0EC
 227 03da D35BB5C9 		.ascii	"\323[\265\311\032\234\306\204\327\277\336\233\306\341"
 227      1A9CC684 
 227      D7BFDE9B 
 227      C6E1
 228 03e8 6CC614F6 		.ascii	"l\306\024\366f\355\022\026\3743q\315\201\241lw|\230"
 228      66ED1216 
 228      FC3371CD 
 228      81A16C77 
 228      7C98
 229 03fa C92A0F6D 		.ascii	"\311*\017m\263\270\342\023\214\251(\257\264\013\261"
 229      B3B8E213 
 229      8CA928AF 
 229      B40BB1
 230 0409 5B006CE2 		.ascii	"[\000l\342\215\235m\356\270\234\311\212\373\266\333"
 230      8D9D6DEE 
 230      B89CC98A 
 230      FBB6DB
 231 0418 5C703563 		.ascii	"\\p5c\016<k\177$l\326\207(\271\376\312\352\201/3\231"
 231      0E3C6B7F 
 231      246CD687 
 231      28B9FECA 
 231      EA812F33 
 232 042d A3063D69 		.ascii	"\243\006=i\015\242\312\3262\035\276\315Dy}\347\366\315"
 232      0DA2CAD6 
 232      321DBECD 
ARM GAS  /tmp/cc8ZMX31.s 			page 18


 232      44797DE7 
 232      F6CD
 233 043f C42D8C19 		.ascii	"\304-\214\031L|\320\345\306p\263\201\355n\177\230\354"
 233      4C7CD0E5 
 233      C670B381 
 233      ED6E7F98 
 233      EC
 234 0450 817B98EC 		.ascii	"\201{\230\354\253\352\264*\015\036`\214\343\\\364d\347"
 234      ABEAB42A 
 234      0D1E608C 
 234      E35CF464 
 234      E7
 235 0461 625D5707 		.ascii	"b]W\007\302#L\3648\331\326\314\341\011\306X\316\355"
 235      C2234CF4 
 235      38D9D6CC 
 235      E109C658 
 235      CEED
 236 0473 EC76C249 		.ascii	"\354v\302Ij\312\364\224'\216\250q\012c\212\306snip*"
 236      6ACAF494 
 236      278EA871 
 236      0A638AC6 
 236      736E6970 
 237 0488 636E9DEF 		.ascii	"cn\235\357z\340\2013\030c\275~\271M\360p\022)\006ka"
 237      7AE08133 
 237      1863BD7E 
 237      B94DF070 
 237      1229066B 
 238 049d 7BAF8B90 		.ascii	"{\257\213\220\256$}\013\316v\215#\234E\301\336\205\205"
 238      AE247D0B 
 238      CE768D23 
 238      9C45C1DE 
 238      8585
 239 04af B6271E68 		.ascii	"\266'\036h\236\344\347E\237>\322\241y\371|b\002o\233"
 239      9EE4E745 
 239      9F3ED2A1 
 239      79F97C62 
 239      026F9B
 240 04c2 48C1C9C7 		.ascii	"H\301\311\307\033R\240>\021\252\201D\275\010E\310s^"
 240      1B52A03E 
 240      11AA8144 
 240      BD0845C8 
 240      735E
 241 04d4 6239D968 		.ascii	"b9\331h\326\352\341\241b3\206\277\204\3036\021St\213"
 241      D6EAE1A1 
 241      623386BF 
 241      84C33611 
 241      53748B
 242 04e7 1CDD4CD1 		.ascii	"\034\335L\321\345H\204\217\255\025\341\017\344\360\037"
 242      E548848F 
 242      AD15E10F 
 242      E4F01F
 243 04f6 A6C1EF4B 		.ascii	"\246\301\357K\340\217\344\360\207r[\372\315\"\372\246"
 243      E08FE4F0 
 243      87725BFA 
 243      CD22FAA6 
 244 0506 1C7D639A 		.ascii	"\034}c\232\362\2260\021\376Ly\243\01689\373\032\302"
 244      F2963011 
ARM GAS  /tmp/cc8ZMX31.s 			page 19


 244      FE4C79A3 
 244      0E3839FB 
 244      1AC2
 245 0518 E2281C4A 		.ascii	"\342(\034J\026\331\005\270\243\220Q\255\334\226\032"
 245      16D905B8 
 245      A39051AD 
 245      DC961A
 246 0527 89E58372 		.ascii	"\211\345\203r\345ur\364\330\277D\364\177\345h\235\334"
 246      E57572F4 
 246      D8BF44F4 
 246      7FE5689D 
 246      DC
 247 0538 F01AC93E 		.ascii	"\360\032\311>\357\312\321\337M\323-A_\225\243\257\310"
 247      EFCAD1DF 
 247      4DD32D41 
 247      5F95A3AF 
 247      C8
 248 0549 D18D12F4 		.ascii	"\321\215\022\364\0359\372\266\210N\025N\264O\324*4\014"
 248      1D39FAB6 
 248      884E154E 
 248      B44FD42A 
 248      340C
 249 055b F2A75444 		.ascii	"\362\247TD\320\344\030\377\212\363A{\270yh\034\315C"
 249      D0E418FF 
 249      8AF3417B 
 249      B879681C 
 249      CD43
 250 056d AF81B641 		.ascii	"\257\201\266A\377k\240]@/\201O\205v\037\320\010\364"
 250      FF6BA05D 
 250      402F814F 
 250      85761FD0 
 250      08F4
 251 057f E3A14D01 		.ascii	"\343\241M\001\212\003J\006\332\016\224\010\364\002d"
 251      8A034A06 
 251      DA0E9408 
 251      F40264
 252 058e 3BA0FD11 		.ascii	";\240\375\021\332$h'\240\335\015\355N\240Q\350\357\205"
 252      DA246827 
 252      A0DD0DED 
 252      4EA051E8 
 252      EF85
 253 05a0 F60DB409 		.ascii	"\366\015\264\011\320\216A\373\034\350\025\232G_\313"
 253      D08E41FB 
 253      1CE8159A 
 253      475FCB
 254 05af C25E24B9 		.ascii	"\302^$\271\331%\337K\347\264\000\327|)\006\270G\036"
 254      D925DF4B 
 254      E7B400D7 
 254      7C2906B8 
 254      471E
 255 05c1 E0FBD302 		.ascii	"\340\373\323\002,\311\236\006e\267Jc\326/\261\245U\271"
 255      2CC99E06 
 255      65B74A63 
 255      D62FB1A5 
 255      55B9
 256 05d3 4E24CA1B 		.ascii	"N$\312\033$\3313\240\234=L9{-\367\266y\306\361<\"0\225"
 256      24D933A0 
ARM GAS  /tmp/cc8ZMX31.s 			page 20


 256      9C3D4C39 
 256      7B2DF7B6 
 256      79C6F13C 
 257 05ea F04A665E 		.ascii	"\360Jf^\200\227\273\255\267\303so\002_\277\200\276y"
 257      8097BBAD 
 257      B7C3736F 
 257      025FBF80 
 257      BE79
 258 05fc DAE5CADA 		.ascii	"\332\345\312\332\246Y\332 \311\200\357\225\263K\012"
 258      A659DA20 
 258      C980EF95 
 258      B34B0A
 259 060b 6F9498FA 		.ascii	"o\224\230\372D\016\357\227o\254E\342\206\016e[\364b"
 259      440EEF97 
 259      6FAC45E2 
 259      860E655B 
 259      F462
 260 061d 44C62411 		.ascii	"D\306$\021i\222G\344\3364\247Itw+\207[\202\276/\331"
 260      699247E4 
 260      DE34A749 
 260      74772B87 
 260      5B82BE2F 
 261 0632 E62DE5C3 		.ascii	"\346-\345\303Bj\267d\227\217\225w9\231J\340\363\026"
 261      426AB764 
 261      978F9577 
 261      39994AE0 
 261      F316
 262 0644 41397179 		.ascii	"A9qy\243r\025I}8,)\377!\305\362\327\213\272\373\327"
 262      A3721549 
 262      7D382C29 
 262      FF21C5F2 
 262      D78BBAFB 
 263 0659 8ABAFB94 		.ascii	"\212\272\373\224\317DiV\017\233E\037^\227\373\360\332"
 263      CF446956 
 263      0F9B451F 
 263      5E97FBF0 
 263      DA
 264 066a B4E35CB2 		.ascii	"\264\343\\\262\317^\345\363\231\242\341%\363\302jmw"
 264      CF5EE5F3 
 264      99A2E125 
 264      F3C26A6D 
 264      77
 265 067b C3FDF425 		.ascii	"\303\375\364%\303\235N\255H\235\201|\274X>\016\3669"
 265      C39D4EAD 
 265      489D817C 
 265      BC583E0E 
 265      F639
 266 068d C33703FA 		.ascii	"\3037\003\372\026&\177\303M^\022Iv*\037\034(\015\316"
 266      16267FC3 
 266      4D5E1249 
 266      762A1F1C 
 266      280DCE
 267 06a0 8BFF97B3 		.ascii	"\213\377\227\263\203\334\335\257\266>G\356\311\223w"
 267      83DCDDAF 
 267      B63E47EE 
 267      C99377
 268 06af 63BA13F1 		.ascii	"c\272\023\361\212\267\237s\247w\177h\367cuk|\216E\215"
ARM GAS  /tmp/cc8ZMX31.s 			page 21


 268      8AB79F73 
 268      A7777F68 
 268      F763756B 
 268      7C8E458D 
 269 06c3 BCE07D2A 		.ascii	"\274\340}*\335\232x\305K\027\366\225\011\373:\000\353"
 269      DD9A78C5 
 269      4B17F695 
 269      09FB3A00 
 269      EB
 270 06d4 6570D233 		.ascii	"ep\3223j\260U\250N\3079\222\376\226\243\237y\366n+\253"
 270      6AB055A8 
 270      4EC73992 
 270      FE96A39F 
 270      79F66E2B 
 271 06e9 F47479A5 		.ascii	"\364ty\245\023]\275R]C\212\272\034\301\313,\255\253"
 271      135DBD52 
 271      5D438ABA 
 271      1CC1CB2C 
 271      ADAB
 272 06fb 76C1232C 		.ascii	"v\301#,x\226\252\266|\365d\360FZi\360r`n\226\030\274"
 272      7896AAB6 
 272      7CF564F0 
 272      465A69F0 
 272      72606E96 
 273 0711 F469C19B 		.ascii	"\364i\301\233L\242l\330\330\3336I\276\256,c\243S\234"
 273      4CA26CD8 
 273      D8DB3649 
 273      BEAE2C63 
 273      A3539C
 274 0724 9933C599 		.ascii	"\2313\305\231\007\005g\036$\316D\235\243\367:\334\245"
 274      0705671E 
 274      24CE449D 
 274      A3F73ADC 
 274      A5
 275 0735 60F2DD25 		.ascii	"`\362\335%\202s\005p.\005g7\345_\340p\274\023\275\023"
 275      82730570 
 275      2E056737 
 275      E55FE070 
 275      BC13BD13 
 276 0749 958EEDF9 		.ascii	"\225\216\355\371\035|\267\331\350\267\344{\331\354["
 276      1D7CB7D9 
 276      E8B7E47B 
 276      D9EC5B
 277 0758 329E7D4B 		.ascii	"2\236}K\346\211\373\200\356\324O\300|\216|\300\335\035"
 277      E689FB80 
 277      EED44FC0 
 277      7C8E7CC0 
 277      DD1D
 278 076a C8DEEB84 		.ascii	"\310\336\353\204\263\231\252\341L\373c->\304\230\003"
 278      B399AAE1 
 278      4CFB632D 
 278      3EC49803 
 279 077a C5C71231 		.ascii	"\305\307\0221>\302\230\266\312\270:\017\\\314\230\356"
 279      3EC298B6 
 279      CAB83A0F 
 279      5CCC98EE 
 280 078a 83F13F38 		.ascii	"\203\361?8\341S\2149[5\340\307nds\200;\337\376\324&"
ARM GAS  /tmp/cc8ZMX31.s 			page 22


 280      E1538C39 
 280      5B35E0C7 
 280      6E647380 
 280      3BDFFED4 
 281 079f 7C147791 		.ascii	"|\024w\221\013\332\301\307}]n\270\234B5?\236\255\313"
 281      0BDAC1C7 
 281      7D5D6EB8 
 281      9C42353F 
 281      9EADCB
 282 07b2 7346EC16 		.ascii	"sF\354\026\346#\271y\035\263Hn^G\300d\353[RA\032\005"
 282      E623B979 
 282      1DB3486E 
 282      5E47C064 
 282      EB5B5241 
 283 07c8 0B370715 		.ascii	"\0137\007\025rDf\025"
 283      72446615 
 284 07d0 42701242 		.ascii	"Bp\022BP\012!(\002*\006:\005t\002\250\004\350\370\224"
 284      500A2128 
 284      022A063A 
 284      057402A8 
 284      04E8F894 
 285 07e4 DC1BFB54 		.ascii	"\334\033\373T,\366c\362\365\246\335\256Z$\350\303r\364"
 285      2CF663F2 
 285      F5A6DDAE 
 285      5A24E8C3 
 285      72F4
 286 07f6 B41B4DFF 		.ascii	"\264\033M\377\247S\2174\353O\276\026\206%\350Cr\335"
 286      A7538F34 
 286      EB4FBE16 
 286      8625E843 
 286      72DD
 287 0808 D2E395A5 		.ascii	"\322\343\225\245\350\233+\254\012\254JUp\243AR\005G"
 287      E89B2BAC 
 287      0AAC4A55 
 287      70A34152 
 287      0547
 288 081a 15DD287D 		.ascii	"\025\335(}\015HV.P\336\025[\231\334\357\233\371&7|\201"
 288      0D48562E 
 288      50DE155B 
 288      99DCEF9B 
 288      F926377C 
 289 082f 4691ABEF 		.ascii	"F\221\253\357\353+rC^>J\301@g \006\277$\036l[\366\253"
 289      EB2B7243 
 289      5E3E4AC1 
 289      40672006 
 289      BF241E6C 
 290 0846 B4F2CA60 		.ascii	"\264\362\312`\342i1c\255\264\362\310'@\253\245\310C"
 290      E2693163 
 290      ADB4F2C8 
 290      2740ABA5 
 290      C843
 291 0858 5A1B6553 		.ascii	"Z\033eS\012\251\\\250\015\322\272\207\005E\230#\"B\314"
 291      0AA95CA8 
 291      0DD2BA87 
 291      05459823 
 291      2242CC
 292 086b E151E1B1 		.ascii	"\341Q\341\261\256\313?\377\233\267A\257W\371\353\302"
ARM GAS  /tmp/cc8ZMX31.s 			page 23


 292      AECB3FFF 
 292      9BB741AF 
 292      57F9EBC2 
 293 087b A2234375 		.ascii	"\242#CuA!A\221:CX\370\272\360/Lf\375\307\276z\337\277"
 293      41214191 
 293      3A4358F8 
 293      BAF02F4C 
 293      66FDC7BE 
 294 0892 E8A26374 		.ascii	"\350\242ct0E\2671zSl\214\316\264z\345B?\366\\\266h\313"
 294      3045B731 
 294      7A536C8C 
 294      CEB47AE5 
 294      423FF65C 
 295 08a9 169DA0CC 		.ascii	"\026\235\240\3147X5+&6r\241\23798\":x\003\325\355\022"
 295      3758352B 
 295      263672A1 
 295      9F393822 
 295      3A7803D5 
 296 08bf 1219B402 		.ascii	"\022\031\264\002Z\303/R\035\030\270D\267d\245\377\277"
 296      5AC32F52 
 296      1D18B844 
 296      B764A5FF 
 296      BF
 297 08d0 FD744C1F 		.ascii	"\375tL\037(\361\015Si\315\346\315\341Q\261\300\307~"
 297      28F10D53 
 297      69CDE6CD 
 297      E151B1C0 
 297      C77E
 298 08e2 A8DB1CB3 		.ascii	"\250\333\034\263I\027\036\025\034\2619$T\027\025\372"
 298      49171E15 
 298      1CB13924 
 298      541715FA 
 299 08f2 9F88F075 		.ascii	"\237\210\360u\272\310\240\340\260\360\250P\2359$t}\320"
 299      BAC8A0E0 
 299      B0F0A850 
 299      9D392474 
 299      7DD0
 300 0904 E6885873 		.ascii	"\346\210Xs\354\326\215\24110\321\3251m\256\322\264\230"
 300      ECD68DA1 
 300      3130D1D5 
 300      316DAED2 
 300      B498
 301 0916 AD313A73 		.ascii	"\2551:sLl\010`\000;\323\2645&64\322\020\275)\324@v\341"
 301      4C6C0860 
 301      003BD3B4 
 301      35263634 
 301      D210BD29 
 302 092e 64321996 		.ascii	"d2\031\226\0335\306\245\246\245\3065K\227|\214\015&"
 302      1B35C6A5 
 302      A6A5C635 
 302      4B977C8C 
 302      0D26
 303 0940 A37AF112 		.ascii	"\243z\361\022\2038\364\221\306\177\325b\277\300UK?7"
 303      8338F491 
 303      C67FD562 
 303      BFC0554B 
 303      3F37
ARM GAS  /tmp/cc8ZMX31.s 			page 24


 304 0952 929E9EF5 		.ascii	"\222\236\236\365\034\322E\032\377\200\305\013\005i\300"
 304      1CD2451A 
 304      FF80C50B 
 304      0569C0
 305 0961 242E408E 		.ascii	"$.@\216[\350B\264\300\010i\365R\211\237\013\321@%\001"
 305      5BE842B4 
 305      C00869F5 
 305      52899F0B 
 305      D1402501 
 306 0975 0222602A 		.ascii	"\002\"`*B\357J\346\032M\253\215\244\243'\235I\331\002"
 306      42EF4AE6 
 306      1A4DAB8D 
 306      A4A3279D 
 306      49D902
 307 0988 57329BC9 		.ascii	"W2\233\311\002\034\240\000\006\302\206\025F\265a\331"
 307      021CA000 
 307      06C28615 
 307      46B561D9 
 308 0998 72A3CBAA 		.ascii	"r\243\313\252\300@\322r\006\243\026\272+\374L\204[\374"
 308      C040D272 
 308      06A316BA 
 308      2BFC4C84 
 308      5BFC
 309 09aa 93310BDD 		.ascii	"\2231\013\335\022\2533\2544\2550A\314$\271@\003\266"
 309      12AB33AC 
 309      34AD3041 
 309      CC24B940 
 309      03B6
 310 09bc 7E915EBF 		.ascii	"~\221^\277%\024\274\351f4\030\314\253!\014KB\327\273"
 310      2514BCE9 
 310      663418CC 
 310      AB210C4B 
 310      42D7BB
 311 09cf ADFABBD1 		.ascii	"\255\372\273\321\321\377\215#\377\326\005\005o\330\274"
 311      D1FF8D23 
 311      FFD60505 
 311      6FD8BC
 312 09de D11C121D 		.ascii	"\321\034\022\035\031\024\036E3\306\351\213U\253\015"
 312      19141E45 
 312      33C6E98B 
 312      55AB0D
 313 09ed 46CE6474 		.ascii	"F\316dt\201\316gK\377aT\223\007\3667\030\235\251D?c"
 313      81CE674B 
 313      FF615493 
 313      07F63718 
 313      9DA9443F 
 314 0a02 59A0BF29 		.ascii	"Y\240\277)\300\241\351\177k\200\021k"
 314      C0A1E97F 
 314      6B80116B 
 315              		.text
 316              		.section	.gnu.lto_.symtab.22fff1c7ce2681d5,"",%progbits
 317 0000 68616C5F 		.ascii	"hal_lld_init\000"
 317      6C6C645F 
 317      696E6974 
 317      00
 318 000d 00       		.ascii	"\000"
 319 000e 00       		.ascii	"\000"
ARM GAS  /tmp/cc8ZMX31.s 			page 25


 320 000f 00       		.ascii	"\000"
 321 0010 00000000 		.ascii	"\000\000\000\000\000\000\000\000"
 321      00000000 
 322 0018 AE000000 		.ascii	"\256\000\000\000"
 323 001c 73746D33 		.ascii	"stm32_clock_init\000"
 323      325F636C 
 323      6F636B5F 
 323      696E6974 
 323      00
 324 002d 00       		.ascii	"\000"
 325 002e 00       		.ascii	"\000"
 326 002f 00       		.ascii	"\000"
 327 0030 00000000 		.ascii	"\000\000\000\000\000\000\000\000"
 327      00000000 
 328 0038 B0000000 		.ascii	"\260\000\000\000"
 329 003c 53797374 		.ascii	"SystemCoreClock\000"
 329      656D436F 
 329      7265436C 
 329      6F636B00 
 330 004c 00       		.ascii	"\000"
 331 004d 00       		.ascii	"\000"
 332 004e 00       		.ascii	"\000"
 333 004f 00000000 		.ascii	"\000\000\000\000\000\000\000\000"
 333      00000000 
 334 0057 BF000000 		.ascii	"\277\000\000\000"
 335 005b 646D6149 		.ascii	"dmaInit\000"
 335      6E697400 
 336 0063 00       		.ascii	"\000"
 337 0064 02       		.ascii	"\002"
 338 0065 00       		.ascii	"\000"
 339 0066 00000000 		.ascii	"\000\000\000\000\000\000\000\000"
 339      00000000 
 340 006e B2000000 		.ascii	"\262\000\000\000"
 341              		.text
 342              		.section	.gnu.lto_.opts,"",%progbits
 343 0000 272D666D 		.ascii	"'-fmath-errno' '-fsigned-zeros' '-ftrapping-math' '"
 343      6174682D 
 343      6572726E 
 343      6F272027 
 343      2D667369 
 344 0033 2D666E6F 		.ascii	"-fno-trapv' '-fno-openmp' '-fno-openacc' '-mcpu=cor"
 344      2D747261 
 344      70762720 
 344      272D666E 
 344      6F2D6F70 
 345 0066 7465782D 		.ascii	"tex-m4' '-mno-thumb-interwork' '-mthumb' '-ggdb' '-"
 345      6D342720 
 345      272D6D6E 
 345      6F2D7468 
 345      756D622D 
 346 0099 4F322720 		.ascii	"O2' '-fomit-frame-pointer' '-falign-functions=16' '"
 346      272D666F 
 346      6D69742D 
 346      6672616D 
 346      652D706F 
 347 00cc 2D666675 		.ascii	"-ffunction-sections' '-fdata-sections' '-fno-common"
 347      6E637469 
ARM GAS  /tmp/cc8ZMX31.s 			page 26


 347      6F6E2D73 
 347      65637469 
 347      6F6E7327 
 348 00ff 2720272D 		.ascii	"' '-flto'\000"
 348      666C746F 
 348      2700
 349              		.text
 350              		.comm	__gnu_lto_v1,1,1
 351              		.comm	__gnu_lto_slim,1,1
 352              		.ident	"GCC: (15:6.3.1+svn253039-1build1) 6.3.1 20170620"
ARM GAS  /tmp/cc8ZMX31.s 			page 27


DEFINED SYMBOLS
                            *ABS*:0000000000000000 hal_lld.c
                            *COM*:0000000000000001 __gnu_lto_v1
                            *COM*:0000000000000001 __gnu_lto_slim

NO UNDEFINED SYMBOLS
