ARM GAS  /tmp/cczRgF7q.s 			page 1


   1              		.cpu cortex-m4
   2              		.eabi_attribute 20, 1
   3              		.eabi_attribute 21, 1
   4              		.eabi_attribute 23, 3
   5              		.eabi_attribute 24, 1
   6              		.eabi_attribute 25, 1
   7              		.eabi_attribute 26, 1
   8              		.eabi_attribute 30, 2
   9              		.eabi_attribute 34, 1
  10              		.eabi_attribute 18, 4
  11              		.file	"main.c"
  12              		.text
  13              	.Ltext0:
  14              		.section	.gnu.lto_.profile.4a1d7eac3d515e15,"",%progbits
  15 0000 789C6365 		.ascii	"x\234ce`b`a```d\210\023\003\000\001R\000\201"
  15      60626061 
  15      60606064 
  15      88130300 
  15      01520081 
  16              		.text
  17              		.section	.gnu.lto_.icf.4a1d7eac3d515e15,"",%progbits
  18 0000 789C6365 		.ascii	"x\234ce`b\340`@\000F\206-\353o412\000\000\015\357\002"
  18      6062E060 
  18      40004686 
  18      2DEB6F34 
  18      31320000 
  19 0017 CF       		.ascii	"\317"
  20              		.text
  21              		.section	.gnu.lto_.jmpfuncs.4a1d7eac3d515e15,"",%progbits
  22 0000 789C6365 		.ascii	"x\234ce`b\270\311\300\300 \302\000\001\214@\314\305"
  22      6062B8C9 
  22      C0C020C2 
  22      00018C40 
  22      CCC5
  23 0012 389D9971 		.ascii	"8\235\231q\347\3167\267\331\353\3776p\314gfX\314\014"
  23      E7CE37B7 
  23      D9EBFF36 
  23      70CC6766 
  23      58CC0C
  24 0025 9259CE58 		.ascii	"\222Y\316X\317\300\310\302\000\222\374\362o\376KFE\306"
  24      CFC0C8C2 
  24      0092FCF2 
  24      6FFE4B46 
  24      45C6
  25 0037 F90D3314 		.ascii	"\371\0153\024\346332\000E\246>[\262\235\005\250\\b>"
  25      E6333332 
  25      0045A63E 
  25      5BB29D05 
  25      A85C623E 
  26 004b 3313E30A 		.ascii	"3\023\343\012FE\240\372\225\020\365p\300\004\322\271"
  26      4645A0FA 
  26      9510F570 
  26      C004D2B9 
  27 005b 677ECF4A 		.ascii	"g~\317J\256>\346\371\314\314\214L\214\253\030e\240\302"
  27      AE3EE6F9 
  27      CCCC8C4C 
  27      8CAB1865 
ARM GAS  /tmp/cczRgF7q.s 			page 2


  27      A0C2
  28 006d 5BDBCF6C 		.ascii	"[\333\317l\204\01232\256\206\013Ok=t\236\035\"\314\300"
  28      840A3332 
  28      AE860B4F 
  28      6B3D749E 
  28      1D22CCC0 
  29 0081 B806A1FA 		.ascii	"\270\006\241\372Yg\003/H\230\205\321\210q-H\230\205"
  29      5967032F 
  29      489885D1 
  29      88712D48 
  29      9885
  30 0093 11220D92 		.ascii	"\021\"\015\222\335p\367\314{6\220,+c\203\000\343:\220"
  30      DD70F7CC 
  30      7B36902C 
  30      2B638300 
  30      E33A90
  31 00a6 30100817 		.ascii	"0\020\010\027\027\244\246\246X)\250\246@\021/\027\003"
  31      17A4A6A6 
  31      5829A8A6 
  31      40112F17 
  31      03
  32 00b7 00C00F39 		.ascii	"\000\300\0179~"
  32      7E
  33              		.text
  34              		.section	.gnu.lto_.inline.4a1d7eac3d515e15,"",%progbits
  35 0000 789C6365 		.ascii	"x\234ce`b\360b@\000F\006\006\211?\226\214@Q\006\006"
  35      6062F062 
  35      40004606 
  35      06893F96 
  35      8C405106 
  36 0015 1630C9C0 		.ascii	"\0260\311\300\306\317\310\300\312\3000\301\017\004\231"
  36      C6CFC8C0 
  36      CAC030C1 
  36      0F0499
  37 0024 7918816A 		.ascii	"y\030\201j\220I&n\030\033\250\232\221\213\001J0\000"
  37      9049266E 
  37      181BA89A 
  37      918B014A 
  37      3000
  38 0036 00FFA304 		.ascii	"\000\377\243\004\310"
  38      C8
  39              		.text
  40              		.section	.gnu.lto_.pureconst.4a1d7eac3d515e15,"",%progbits
  41 0000 789C6365 		.ascii	"x\234ce`b`f```d0\001\000\000\240\000@"
  41      60626066 
  41      60606064 
  41      30010000 
  41      A00040
  42              		.text
  43              		.section	.gnu.lto_main.4a1d7eac3d515e15,"",%progbits
  44 0000 789C6D92 		.ascii	"x\234m\222\317k\023Q\020\307\347\273\263\331\244\311"
  44      CF6B1351 
  44      10C7E7BB 
  44      B3D9A4C9 
  45 0010 E647ADC7 		.ascii	"\346G\255\307\010\351A\260\027\017\036z\360\346\237"
  45      08E941B0 
  45      170F1E7A 
ARM GAS  /tmp/cczRgF7q.s 			page 3


  45      F0E69F
  46 001f 22B6871E 		.ascii	"\"\266\207\036\024\301? \253\266D\253\250\007k\263b"
  46      14C13F20 
  46      ABB644AB 
  46      A8076BB3 
  46      62
  47 0030 794185B6 		.ascii	"yA\205\266\306\246\215\265\326h\225 =F\245B\016\"\275"
  47      C6A68DB5 
  47      D6689520 
  47      3D46A542 
  47      0E22BD
  48 0043 28546245 		.ascii	"(TbE\261xQ0:\223\227\213e\037\273o\347\315\373~?owv"
  48      B1785130 
  48      3A93978B 
  48      651FBB6F 
  48      E7CDFB7E 
  49 005b 62E4D028 		.ascii	"b\344\320(\023\035\"\242Q\271\021#87\336\020\235O8`"
  49      131D22A2 
  49      51B91123 
  49      3837DE10 
  49      9D4F3860 
  50 006f 1B305C1B 		.ascii	"\0330\\\033\2706s\002Tt\330\205Ld\307u\236elM\256\334"
  50      B8367302 
  50      5474D885 
  50      4C64C775 
  50      9E656C4D 
  51 0085 E16B6C98 		.ascii	"\341kl\230\340\312\362\307\353\333\2372\272\004\012"
  51      E0CAF2C7 
  51      EBDB9F32 
  51      BA040A
  52 0094 B26CDFAC 		.ascii	"\262l\337\254U\375\221\371@Fs\266\206p\241\351\032v"
  52      55FD91F9 
  52      404673B6 
  52      8670A1E9 
  52      1A76
  53 00a6 2814F502 		.ascii	"(\024\365\002\362\230G^O_\304\010\211\370c\275;\223"
  53      F298475E 
  53      4F5FC408 
  53      89F863BD 
  53      3B93
  54 00b8 F65CDD95 		.ascii	"\366\\\335\225\344\003x\220\347\362;4\203\356\337R\320"
  54      E4037890 
  54      E7F23B34 
  54      83EEDF52 
  54      D0
  55 00c9 DCBC8B6D 		.ascii	"\334\274\213mw0A\206y@&'\245\221\257QF\243\254FD\323"
  55      77304186 
  55      79402627 
  55      A591AF51 
  55      46A3AC46 
  56 00df 62065D91 		.ascii	"b\006]\221\020\274\213\213\225\317G\224\244\370F\343"
  56      10BC8B8B 
  56      95CF4794 
  56      A4F846E3 
  57 00ef EB8778F1 		.ascii	"\353\207x\361O\2200\354\206,lTQ\024S\214T7\021-\023"
  57      4F9030EC 
  57      862C6C54 
ARM GAS  /tmp/cczRgF7q.s 			page 4


  57      5114538C 
  57      5437112D 
  58 0104 221EF665 		.ascii	"\"\036\366e$X&\251\205\200\247*\325\016\",^\310\372"
  58      245826A9 
  58      8580A72A 
  58      D50E222C 
  58      5EC8FA
  59 0117 024B6291 		.ascii	"\002Kb\221\215[S\257\336\306\265\032q\020j\310Kje\273"
  59      8D5B53AF 
  59      DEC6B51A 
  59      71106AC8 
  59      4B6A65BB 
  60 012b F5DDD354 		.ascii	"\365\335\323T\002A\016\313\310\033\371\232]LV\226\242"
  60      02410ECB 
  60      C81BF99A 
  60      5D4C5696 
  60      A2
  61 013c 70C9905D 		.ascii	"p\311\220]\301\255X\334\332\316\345 \255\336\024\216"
  61      C1AD58DC 
  61      DACEE520 
  61      ADDE148E 
  62 014c A1AE56BF 		.ascii	"\241\256V\277g]\335\362\324;\307\211\377\335\351P\337"
  62      675DDDF2 
  62      D43BC789 
  62      FFDDE950 
  62      DF
  63 015d 1A8FC4AD 		.ascii	"\032\217\304\255\247\033\316P\007\027\366J\357\331\312"
  63      A71BCE50 
  63      0717F64A 
  63      EFD9CA
  64 016c 07C4D103 		.ascii	"\007\304\321\003\274\364m\"\025\351_\355\237^j\325\223"
  64      BCF46D22 
  64      15E95FED 
  64      9F5E6AD5 
  64      93
  65 017d F66380C7 		.ascii	"\366c\200\307\0218_\000=\334^\332&2\221\2705\213\333"
  65      11385F00 
  65      3DDC5EDA 
  65      263291B8 
  65      358BDB
  66 0190 305717FB 		.ascii	"0W\027\3738\007O\"pY\001\010\256\034\270\021\205\311"
  66      38074F22 
  66      70590108 
  66      AE1CB811 
  66      85C9
  67 01a2 86EC096B 		.ascii	"\206\354\011k}_\235s\330\247\313\335\323f\222\334\227"
  67      7D5F9D73 
  67      D8A7CBDD 
  67      D36692DC 
  67      97
  68 01b3 567B3369 		.ascii	"V{3i0\007\303\203h\240\210\247\332{\262Q\371\375\253"
  68      3007C383 
  68      68A088A7 
  68      DA7BB251 
  68      F9FDAB
  69 01c6 ED8BF852 		.ascii	"\355\213\370R\020T\236A\0212\333\177\201\347(\212\342"
  69      10549E41 
ARM GAS  /tmp/cczRgF7q.s 			page 5


  69      1132DB7F 
  69      81E7288A 
  69      E2
  70 01d7 67D77430 		.ascii	"g\327t0\2344A\271`\370\200zfv\356\257\273\342)\213\347"
  70      9C3441B9 
  70      60F8807A 
  70      6676EEAF 
  70      BBE2298B 
  71 01ec 9B7886B0 		.ascii	"\233x\206\260\201aky\201b\257\260R\214\254\341\203\244"
  71      81616B79 
  71      8162AFB0 
  71      528CACE1 
  71      83A4
  72 01fe 1DE96AD3 		.ascii	"\035\351j\323`Z{NF\374\364\311\2113GO\321\320\271\263"
  72      605A7B4E 
  72      46FCF4C9 
  72      8933474F 
  72      D1D0B9B3 
  73 0212 E3E363C7 		.ascii	"\343\343c\307\013\207\307\372W:I\377\000\300\200\013"
  73      0B87C7FA 
  73      573A49FF 
  73      00C0800B 
  74 0222 06       		.ascii	"\006"
  75              		.text
  76              		.section	.gnu.lto_.symbol_nodes.4a1d7eac3d515e15,"",%progbits
  77 0000 789C55CF 		.ascii	"x\234U\317\273\015\302@\020\204\341\377v}v\033\224B"
  77      BB0DC240 
  77      1084E1FF 
  77      767D761B 
  77      9442
  78 0012 4B54B017 		.ascii	"KT\260\027 \022\022\336\020b\311U8&!qHLpu \226\223@"
  78      201212DE 
  78      1062C955 
  78      38262171 
  78      484C7075 
  79 002a DC2633FA 		.ascii	"\334&3\372&\332\210p\307O\266b\260\231\300cL}\200x\021"
  79      26DA8870 
  79      C74FB662 
  79      B099C063 
  79      4C7D8078 
  80 003f 663E85B3 		.ascii	"f>\205\263X(\023\2444w8\211I\005G1\255\340 \326T\260"
  80      582813A4 
  80      34773889 
  80      49054731 
  80      ADE020D6 
  81 0055 178B15EC 		.ascii	"\027\213\025\354\304\332\177P:\206\347+(-\267\222\221"
  81      C4DA7F50 
  81      3A86E72B 
  81      282DB792 
  81      91
  82 0066 7C7DAC3B 		.ascii	"|}\254;\245a\331\227\242\014\337\222\177\262\312\343"
  82      A561D997 
  82      A20CDF92 
  82      7FB2CAE3 
  83 0076 42FD8DFC 		.ascii	"B\375\215\374)\274\001\220\2663\321"
  83      29BC0190 
  83      B633D1
ARM GAS  /tmp/cczRgF7q.s 			page 6


  84              		.text
  85              		.section	.gnu.lto_.refs.4a1d7eac3d515e15,"",%progbits
  86 0000 789C6365 		.ascii	"x\234ce`b`c```d`b\344f\000\000\000\317\000\035"
  86      60626063 
  86      60606064 
  86      6062E466 
  86      000000CF 
  87              		.text
  88              		.section	.gnu.lto_.decls.4a1d7eac3d515e15,"",%progbits
  89 0000 789CB55B 		.ascii	"x\234\265[\011P\024i\226\256?\377\254\242(\0120\320"
  89      09501469 
  89      96AE3FFF 
  89      ACA2280A 
  89      30D0
  90 0012 ED76268C 		.ascii	"\355v&\214\330\016\303\351&vcD\264\247\247gw6bf\354"
  90      D80EC3E9 
  90      26766344 
  90      B4A7A767 
  90      77366266 
  91 0027 E939FB08 		.ascii	"\3519\373\010\265'v7b\243\026\261Tv\344\260([\335k\212"
  91      B5277637 
  91      62A316B1 
  91      5476E4B0 
  91      285BDD6B 
  92 003c 43E4520E 		.ascii	"C\344R\016\221K\021\005/T@\274\361@\004\004\001\305"
  92      914B1105 
  92      2F5440BC 
  92      F1400404 
  92      01C5
  93 004e 03454144 		.ascii	"\003EAD\020\305\223[\221K\330\367\037Y\231Udu\353D,"
  93      10C5935B 
  93      914BD8F7 
  93      1F599955 
  93      6475EB44 
  94 0063 E1ABAA97 		.ascii	"\341\253\252\227\371\376\377}\357\375\357\275\377\310"
  94      F9FEFF7D 
  94      EFFDEFBD 
  94      FFC8
  95 0071 54AB1134 		.ascii	"T\253\0214_\376\223F\263E\257\321\364i4\232I\370\023"
  95      5FFE9346 
  95      B345AFD1 
  95      F469349A 
  95      49F813
  96 0084 E0BB1048 		.ascii	"\340\273\020H\007\364k`~\017\364\007\240\305@\037\302"
  96      07F46B60 
  96      7E0FF407 
  96      A0C5401F 
  96      C2
  97 0095 B57F2502 		.ascii	"\265\177%\002\360\347\006\364\357\360{\015\320z\240"
  97      F0E706F4 
  97      EFF07B0D 
  97      D07AA0
  98 00a4 FF018A04 		.ascii	"\377\001\212\004\332\000\264\021\010\301\3758.+\375"
  98      DA00B411 
  98      08C1FD38 
  98      2E2BFD
  99 00b3 5D10359A 		.ascii	"]\0205\232\277\201o\037\240\031@_\003\315\004\212\007"
ARM GAS  /tmp/cczRgF7q.s 			page 7


  99      BF816F1F 
  99      A019405F 
  99      03CD048A 
  99      07
 100 00c4 B968A004 		.ascii	"\271h\240\004\256\207\350\210\000J\344:\377\033\276"
 100      AE87E888 
 100      004AE43A 
 100      FF1BBE
 101 00d3 3701AD03 		.ascii	"7\001\255\003\332,0\\\013\025\330\254N\2306r\034\221"
 101      DA2C305C 
 101      0B15D8AC 
 101      4E983672 
 101      1C91
 102 00e5 1CD77A8E 		.ascii	"\034\327z\216S\015S\006F\327\243\017o\307\2331\3621"
 102      530D5306 
 102      46D7A30F 
 102      6FC79B31 
 102      F231
 103 00f7 2011D8FE 		.ascii	" \021\330\376+\331\235^\300\3160\240\017\200\235|\332"
 103      2BD99D5E 
 103      C0CE30A0 
 103      0F809D7C 
 103      DA
 104 0108 9CEFCEEE 		.ascii	"\234\357\316\356\366\021\351\3103\315)\336\214o'\374"
 104      F611E9C8 
 104      33CD29DE 
 104      8C6F27FC 
 105 0118 8DBECB39 		.ascii	"\215\276\3139\036\214\237\006\354\211\256\332j\003k"
 105      1E8C9F06 
 105      EC89AEDA 
 105      6A036B
 106 0127 6D43C05F 		.ascii	"mC\300_H(O\327c\001\021\321\242\201\227E:&\352\015\354"
 106      48284FD7 
 106      630111D1 
 106      A2819745 
 106      3A26EA0D 
 107 013c C860F961 		.ascii	"\310`\371a\275!\326\006\177\311Q6\367\337\222\353\373"
 107      BD21D606 
 107      7FC95136 
 107      F7DF92EB 
 107      FB
 108 014d D12CB40F 		.ascii	"\321,\264\017\315\002\254\305\310\000\237~\263P\021"
 108      CD02ACC5 
 108      C8009F7E 
 108      B35011
 109 015c B0205DBC 		.ascii	"\260 ]\274\341a\201\036\032\3172\240I\322q\361\213\322"
 109      E161811E 
 109      1ACF32A0 
 109      49D271F1 
 109      8BD2
 110 016e 114FC693 		.ascii	"\021O\306\223\333\367G\366\177>\367\220\215\375\351"
 110      DBF747F6 
 110      7F3EF790 
 110      8DFDE9
 111 017d B5B275C7 		.ascii	"\265\262u\307\312\007\013E\354E\204\204\023\307\036"
 111      CA070B45 
 111      EC458484 
ARM GAS  /tmp/cczRgF7q.s 			page 8


 111      13C71E
 112 018c 661B90AF 		.ascii	"f\033\220\257a/\021*\2579\352}\312f\233\206\216#\003"
 112      612F112A 
 112      AF39EA7D 
 112      CA669B86 
 112      8E2303
 113 019f 3A8A303A 		.ascii	":\2120:\202\346B\023\350\020>\001U\244\255/\317\206"
 113      82E64213 
 113      E8103E01 
 113      55A4AD2F 
 113      CF86
 114 01b1 676AD082 		.ascii	"gj\320\202Yh\336,\015:\206|\2112\"\205J\000\346a\206"
 114      5968DE2C 
 114      0D3A867C 
 114      89322285 
 114      4A00E661 
 115 01c6 AB20777F 		.ascii	"\253 w\177\225'\376\234\366\237\265\365\3021/{\377\257"
 115      9527FE9C 
 115      F69FB5F5 
 115      C2312F7B 
 115      FFAF
 116 01d8 B3661FDD 		.ascii	"\263f\037\335`\263\011\350\024(8!+8\216\\h8\251\256"
 116      60B309E8 
 116      14283821 
 116      2B388E5C 
 116      6838A9AE 
 117 01ec A1F7C693 		.ascii	"\241\367\306\223\035\310'\231\372\311f\373\000\321\376"
 117      1DC82799 
 117      FAC966FB 
 117      00D1FE
 118 01fb 0EC1FD83 		.ascii	"\016\301\375\203\324Q\245\310Gr\027\221n\354\332\025"
 118      D451A5C8 
 118      47721791 
 118      6EECDA15 
 119 020b 6D644EBE 		.ascii	"mdN\276F\370\266\224\327\257\014x5u\322\231\223g\253"
 119      46F8B694 
 119      D7AF0C78 
 119      3575D299 
 119      9367AB
 120 021e B5ECDE3C 		.ascii	"\265\354\336<`\207\317^\317\023\030;\007\330\003\345"
 120      6087CF5E 
 120      CF13183B 
 120      07D803E5 
 121 022e 0997301B 		.ascii	"\011\2270\033\272\235\002\351)\245e\207\210\255\264"
 121      BA9D02E9 
 121      29A56587 
 121      88ADB4
 122 023d A514143E 		.ascii	"\245\024\024>,(z\242\037\265\363A\237\011l\374\243\250"
 122      2C287AA2 
 122      1FB5F341 
 122      9F096CFC 
 122      A3A8
 123 024f 2823FE2F 		.ascii	"(#\376/*y\276\375\365N\003\216F\224i\034K\355\027\214"
 123      2A79BEFD 
 123      F54E038E 
 123      4694691C 
 123      4BED178C 
ARM GAS  /tmp/cczRgF7q.s 			page 9


 124 0263 F1C45436 		.ascii	"\361\304T6\304\004\272<\306U\310\310G).\376\345\021"
 124      C404BA3C 
 124      C655C8C8 
 124      47292EFE 
 124      E511
 125 0275 0F9CC85A 		.ascii	"\017\234\310Z]\217\177sP\217\323\030\223}\346e\035\307"
 125      5D8F7F73 
 125      508FD318 
 125      937DE665 
 125      1DC7
 126 0287 AC07F659 		.ascii	"\254\007\366Y[\311>-\316f\367F\036%\331<q>c\356]*8H"
 126      5BC93E2D 
 126      CE66F746 
 126      1E25D93C 
 126      713E63EE 
 127 029f E07F0501 		.ascii	"\340\177\005\001\002\177\336\212\030\371\212\305\310"
 127      027FDE8A 
 127      18F98AC5 
 127      C8
 128 02ac EE91DE93 		.ascii	"\356\221\336\223F\\H\305\205\353\347\272;\364\366\261"
 128      465C48C5 
 128      85EBE7BA 
 128      3BF4F6B1 
 129 02bc 7A5C34FB 		.ascii	"z\\4\373L\033qn\003\000\274,\217\325W\366\241\242\370"
 129      4C1B716E 
 129      0300BC2C 
 129      8FD557F6 
 129      A1A2F8
 130 02cf 3576F0E8 		.ascii	"5v\360\350\012\014\326W|\260\352\341b\035\033\254\321"
 130      0A0CD657 
 130      7CB0EAE1 
 130      621D1BAC 
 130      D1
 131 02e0 C82B97DC 		.ascii	"\310+\227\334IPG\275m\213\223=\007Oz2\267\227\023\276"
 131      495047BD 
 131      6D8B933D 
 131      074F7A32 
 131      B79713BE 
 132 02f4 A23B7937 		.ascii	"\242;y7\306\217\231QG^&\374\000\367\263\337\222\240"
 132      C68F9951 
 132      475E26FC 
 132      00F7B3DF 
 132      92A0
 133 0306 0F17DCDF 		.ascii	"\017\027\334\337\265}3\037\351O\201\335\0305z[\304\303"
 133      B57D331F 
 133      E94F81DD 
 133      18357A5B 
 133      C4C3
 134 0318 8ECEF868 		.ascii	"\216\316\370h\2523>b\316\270\2214\260\333\015G\011,"
 134      AA333E62 
 134      CEB89134 
 134      B0DB0D47 
 134      092C
 135 032a 70EB6E57 		.ascii	"p\353nW\210\212\304\230\235\262\221\004n\0138\343\216"
 135      888AC498 
 135      9DB29104 
 135      6E0B38E3 
ARM GAS  /tmp/cczRgF7q.s 			page 10


 135      8E
 136 033b EC8C8F5C 		.ascii	"\354\214\217\\:\243\031L\373\210\233v\033.6\361\334"
 136      3AA3194C 
 136      FB889B76 
 136      1B2E36F1 
 136      DC
 137 034c D89D92A7 		.ascii	"\330\235\222\247\303\233\231\216\352\262\273wDd\360"
 137      C39B998E 
 137      EAB2BB77 
 137      4464F0
 138 035b 55EDE09E 		.ascii	"U\355\340\236J\007\366,\252\246Y\324\012`\356\312`Z"
 138      4A07F62C 
 138      AAA659D4 
 138      0A60EECA 
 138      605A
 139 036d A480B7A5 		.ascii	"\244\200\267\245\215\345z\342\014\246\304\366\350\342"
 139      8DE57AE2 
 139      0CA6C4F6 
 139      E8E2
 140 037b 23C19592 		.ascii	"#\301\225\222v\227J&\353?\310\034%\303\177\037\224\264"
 140      76974A26 
 140      EB3FC81C 
 140      25C37F1F 
 140      94B4
 141 038d C94A5A25 		.ascii	"\311JZ%%\255\275\3511:\374\210\325\261\221S\317\267"
 141      25ADBDE9 
 141      313AFC88 
 141      D5B19153 
 141      CFB7
 142 039f EB702F63 		.ascii	"\353p/c\352\036\244\335\023\360\020cr\306\216]\364\300"
 142      EA1EA4DD 
 142      13F01063 
 142      72C68E5D 
 142      F4C0
 143 03b1 138CB9F0 		.ascii	"\023\214\271\360\246y\273\001\307`\312\214\357\271z"
 143      A679BB01 
 143      C760CA8C 
 143      EFB97A
 144 03c0 474F4684 		.ascii	"GOF\2040\211\311\266\032\017\234\301\230\352\244\350"
 144      3089C9B6 
 144      1A0F9CC1 
 144      98EAA4E8 
 145 03d0 4403CEA3 		.ascii	"D\003\316\243\214ppS\354\013\227Nz\346\022\177\313L"
 145      8C707053 
 145      EC0B974E 
 145      7AE6127F 
 145      CB4C
 146 03e2 287AE829 		.ascii	"(z\350)\200\177\242\002\276\272\375\315\2007.b\3526"
 146      807FA202 
 146      BEBAFDCD 
 146      80372E62 
 146      EA36
 147 03f4 6C2ACC20 		.ascii	"l*\314 \005Z\307\"\303\015.=\354\033=!\262K\244\267"
 147      055AC722 
 147      C30D2E3D 
 147      EC1B3D21 
 147      B24BA4B7 
ARM GAS  /tmp/cczRgF7q.s 			page 11


 148 0408 75C490AC 		.ascii	"u\304\220\254\326\022/|\214\201z\321\021\027/\247J\315"
 148      D6122F7C 
 148      8C817AD1 
 148      11172FA7 
 148      4ACD
 149 041a E0DFD2B2 		.ascii	"\340\337\322\262\331\007\332zdm:\036\034\266)\260{\001"
 149      D907DA7A 
 149      646D3A1E 
 149      1CB629B0 
 149      7B01
 150 042c B68EC3EE 		.ascii	"\266\216\303\356\206\213/Xp\014\214\364\035\023q\031"
 150      868B2F58 
 150      700C8CF4 
 150      1D137119 
 151 043c 5311DF31 		.ascii	"S\021\3371\360\306\233\331=\265\203A\225\016\244\340"
 151      F0C69BD9 
 151      3DB58341 
 151      950EA4E0 
 152 044c 987F9C06 		.ascii	"\230\177\234\006\307\000\200\351\227\301\364I\246\337"
 152      C70080E9 
 152      97C1F449 
 152      A6DF
 153 045a 4E6CBCAB 		.ascii	"Nl\274\253\303\325L\311\310\263K\205\036v;&\353\347"
 153      C3D54CC9 
 153      C8B34B85 
 153      1E763B26 
 153      EBE7
 154 046c B0311F82 		.ascii	"\2601\037\202\266/\345\266\003\310\245%\257\324-\331"
 154      B62FE5B6 
 154      03C8A525 
 154      AFD42DD9 
 155 047c 3678EF29 		.ascii	"6x\357)\237\"}\201M\032L\271\255\305\227\231\273s\222"
 155      9F227D81 
 155      4D1A4CB9 
 155      ADC59799 
 155      BB7392
 156 048f 6E9DC0F8 		.ascii	"n\235\300\3706c\342\016\305U{\341\016\306\344\235?\363"
 156      3663E20E 
 156      C5557BE1 
 156      0EC6E49D 
 156      3FF3
 157 04a1 C20DF733 		.ascii	"\302\015\3673\246\277)\262\323\200m\"e:Zk\016{\341h"
 157      A6BF29B2 
 157      D3806D22 
 157      653A5A6B 
 157      0E7BE168 
 158 04b5 C69C79BD 		.ascii	"\306\234y\275\355\2147N`\314\225\316\311\001\003Ne\314"
 158      ED8C374E 
 158      60CC95CE 
 158      C901034E 
 158      65CC
 159 04c7 F5885DDD 		.ascii	"\365\210]\335z\234\305\333\330\306\262\2148\2272\302"
 159      7A9CC5DB 
 159      D8C6B28C 
 159      389732C2 
 160 04d7 99C2FC58 		.ascii	"\231\302\374Xy\236{F\203#J0\240\010\341m\254\214\024"
 160      799E7B46 
ARM GAS  /tmp/cczRgF7q.s 			page 12


 160      83234A30 
 160      A008E16D 
 160      AC8C14
 161 04ea 54AD6CE8 		.ascii	"T\255l\350\217\037\367\306{\230\272\204\255\335{\275"
 161      8F1FF7C6 
 161      7B98BA84 
 161      ADDD7BBD 
 162 04fa 702163C6 		.ascii	"p!c\306\236\2445#f\277Q\261B\230\301W\010\325Ww\016"
 162      9EA43523 
 162      66BF51B1 
 162      4298C157 
 162      08D55777 
 163 050f EAF16926 		.ascii	"\352\361i&[\232\222\012\240\313\031\323\226\231p\306"
 163      5B9A920A 
 163      A0CB19D3 
 163      969970C6 
 164 051f 033732A6 		.ascii	"\00372\246,i\340\224;na\314\306\341\007\207\275q\247"
 164      2C69E094 
 164      3B6E61CC 
 164      C6E10787 
 164      BD71A7
 165 0532 E8306DCD 		.ascii	"\3500m\315`\323V\376\315\312\001-~\306\356Eni<\344\216"
 165      60D356FE 
 165      CDCA012D 
 165      7EC6EE45 
 165      6E693CE4 
 166 0547 FB99DD1D 		.ascii	"\373\231\335\035\345\225\251\330n\367\200\333/P\012"
 166      E595A9D8 
 166      6EF780DB 
 166      2F500A
 167 0556 589D245B 		.ascii	"X\235$[}\312\325\324\233,\250N\275\322\310\316`#[\265"
 167      7DCAD5D4 
 167      9B2CA84E 
 167      BDD2C8CE 
 167      60235BB5 
 168 056a BFB4CD13 		.ascii	"\277\264\315\023\217p\027$N\024c\034\241\245\232s\312"
 168      8F701724 
 168      4E14631C 
 168      A1A59A73 
 168      CA
 169 057b 4693E499 		.ascii	"F\223\344\231\377\001hN\007\315io\241y\253\272\346s"
 169      FF01684E 
 169      07CD696F 
 169      A179ABBA 
 169      E673
 170 058d 31036138 		.ascii	"1\003a8N\313\346\255\312\342\353n8\205i\352|zd\330S"
 170      4ECBE6AD 
 170      CAE2EB6E 
 170      388569EA 
 170      7C7A64D8 
 171 05a2 1E5BD094 		.ascii	"\036[\320\224\015\2322\337BS\226\272\246\334s\327\013"
 171      0D9A32DF 
 171      425396BA 
 171      A6DC73D7 
 171      0B
 172 05b3 449CCD54 		.ascii	"D\234\315T\335\032>7j\304\273(#\266\347\017<\327!\337"
 172      DD1A3E37 
ARM GAS  /tmp/cczRgF7q.s 			page 13


 172      6AC4BB28 
 172      23B6E70F 
 172      3CD721DF 
 173 05c7 59081980 		.ascii	"Y\010\031\200\366J\213+\015\312\005\215\333\005,\255"
 173      F64A8B2B 
 173      0DCA058D 
 173      DB052CAD 
 174 05d7 21B36DA0 		.ascii	"!\263m\240\255\357/\344\262\232\336\034\320Kni`Y1\013"
 174      ADEF2FE4 
 174      B29ADE1C 
 174      D04B6E69 
 174      6059310B 
 175 05eb ED106641 		.ascii	"\355\020fA\003=\275\002\012\223\257\354\332F\347K\322"
 175      033DBD02 
 175      0A93AFEC 
 175      DA46E74B 
 175      D2
 176 05fc 2AF63B5B 		.ascii	"*\366;[\201t\337`\353M\207\365\304.A\271\236\310\023"
 176      8174DF60 
 176      EB4D87F5 
 176      C42E41B9 
 176      9EC813
 177 060f A4F544EE 		.ascii	"\244\365D\356\235\3226\021\357eFu\332*\033\005\\\304"
 177      9DD23611 
 177      EF654675 
 177      DA2A1B05 
 177      5CC4
 178 0621 98C2FCB6 		.ascii	"\230\302\374\266=\356\370\004c\316\265\244>\361\304"
 178      3DEEF804 
 178      63CEB5A4 
 178      3EF1C4
 179 0630 6719D356 		.ascii	"g\031\323V4qV\207\313\031\223\333\332_\350\206+\231"
 179      34715687 
 179      CB1993DB 
 179      DA5FE886 
 179      2B99
 180 0642 CF2FDCDA 		.ascii	"\317/\334\332U\340\211\214\276\012\305\177zON\230\003"
 180      55E0898C 
 180      BE0AC57F 
 180      7A4F4E98 
 180      03
 181 0653 00F51B23 		.ascii	"\000\365\033#\367?_O\224\342+\2350\207\212\250@0\242"
 181      F73F5F4F 
 181      94E22B9D 
 181      30878AA8 
 181      4030A2
 182 0666 FDF2E87C 		.ascii	"\375\362\350|cd\000\333#\253\033\3658J\307\262\277\347"
 182      636400DB 
 182      23AB1BF5 
 182      384AC7B2 
 182      BFE7
 183 0678 E6B827DE 		.ascii	"\346\270'\336\310\030\333HY\213\016'0\346\356\326\341"
 183      C818DB48 
 183      598B0E27 
 183      30E6EED6 
 183      E1
 184 0689 7677BC99 		.ascii	"vw\274\2311\227n%\234\027q\012c\366\325\267\333\264"
ARM GAS  /tmp/cczRgF7q.s 			page 14


 184      31976E25 
 184      9C17710A 
 184      63F6D5B7 
 184      DBB4
 185 069b 388D3167 		.ascii	"8\2151g\343\353\307\3658\2031\331\2477F\032p6c\016N"
 185      E3EBC7F5 
 185      388331D9 
 185      A737461A 
 185      7036630E 
 186 06b0 0E261971 		.ascii	"\016&\031q\016e<\266\346\035\257\362Bs\330\337\3649"
 186      0E653CB6 
 186      E61DAFF2 
 186      4273D8DF 
 186      F439
 187 06c2 BE73F288 		.ascii	"\276s\362\210A\345W\257\340\302\202\272D\333\316\012"
 187      41E557AF 
 187      E0C282BA 
 187      44DBCE0A 
 188 06d2 44E11602 		.ascii	"D\341\026\002\3343\302t\331@\266\320\334O>5\254\311"
 188      DC33C274 
 188      D940B6D0 
 188      DC4F3E35 
 188      ACC9
 189 06e4 C0EFB36C 		.ascii	"\300\357\263l\345\321\230\212\037r\026\277@\305\375"
 189      E5D1988A 
 189      1F7216BF 
 189      40C5FD
 190 06f3 65E9070A 		.ascii	"e\351\007\012\351\"\365\316\025\322\025\177\220\245"
 190      E922F5CE 
 190      15D2157F 
 190      90A5
 191 0701 F7394B97 		.ascii	"\3679K\227O\221V\364}\304Y\332\317I\270N!\\\242*\254"
 191      4F9156F4 
 191      7DC459DA 
 191      CF49B84E 
 191      215CA22A 
 192 0716 34B24521 		.ascii	"4\262E!]\354,]\243\360I\012_\233\377B\324\2402\0208"
 192      5DEC2C5D 
 192      A3F0490A 
 192      5F9BFF42 
 192      D4A03210 
 193 072b 47048EF2 		.ascii	"G\004\216\362\0260\360\350\034D\310)a\016*\005:\013"
 193      1630F0E8 
 193      1C44C829 
 193      610E2A05 
 193      3A0B
 194 073d 741AE804 		.ascii	"t\032\350\004\3201\240\343@e@'\20594\233\230\356\033"
 194      D031A0E3 
 194      40654027 
 194      8539349B 
 194      98EE1B
 195 0750 0ADD87D5 		.ascii	"\012\335\207\325uS\273X\270\365\234\237\026a\263!\""
 195      7553BB58 
 195      B8F59C9F 
 195      1661B321 
 195      22
 196 0761 A5E19126 		.ascii	"\245\341\221&w5Q\347\223\032e\2734\217\366uP}\260\230"
ARM GAS  /tmp/cczRgF7q.s 			page 15


 196      773551E7 
 196      931A65BB 
 196      348FF675 
 196      507DB098 
 197 0775 1D102F5B 		.ascii	"\035\020/[\352\266l\026\225\031\246\024\326\240\363"
 197      EAB66C16 
 197      9519A614 
 197      D6A0F3
 198 0784 F60C3B39 		.ascii	"\366\014;9\371\254O\213\037\322\300\302\335/\307j=\021"
 198      F9AC4F8B 
 198      1FD2C0C2 
 198      DD2FC76A 
 198      3D11
 199 0796 44540A9F 		.ascii	"DT\012\237P\210'\3441\003\235\027\270'*\301\023\025"
 199      508827E4 
 199      31039D17 
 199      B8272AC1 
 199      1315
 200 07a8 0E9642AA 		.ascii	"\016\226B\252d?\252g\321\007\335\243\275\\Ze\020\231"
 200      643FAA67 
 200      D107DDA3 
 200      BD5C5A65 
 200      1099
 201 07ba B10D05CC 		.ascii	"\261\015\005\314\330\013\216\306\222\231\267\365\302"
 201      D80B8EC6 
 201      9299B7F5 
 201      C2
 202 07c7 3301BF60 		.ascii	"3\001\277`\221\237p4z"
 202      919F7034 
 202      7A
 203 07d0 97880719 		.ascii	"\227\210\007\031\363\274\353`\223\200G\031\263\375~"
 203      F3BCEB60 
 203      93804719 
 203      B3FD7E
 204 07df 451B9FAF 		.ascii	"E\033\237\257\253\010\177\342~Z\234\221o|\310\016\270"
 204      AB087FE2 
 204      7E5A9C91 
 204      6F7CC80E 
 204      B8
 205 07f0 FAFA6499 		.ascii	"\372\372d\231;\216v\243\302G'\013b0NdLUg\343%-\336\312"
 205      3B8E76A3 
 205      C247270B 
 205      62304E64 
 205      4C5567E3 
 206 0808 98D35BCF 		.ascii	"\230\323[\317\302T\266\2272?\337\266'\365>\244\326\364"
 206      C254B697 
 206      323FDFB6 
 206      27F53EA4 
 206      D6F4
 207 081a 39C6E9F0 		.ascii	"9\306\351\3601\307H\023\014\034\342K\276\340s\006\\"
 207      31C74813 
 207      0C1CE24B 
 207      BEE07306 
 207      5C
 208 082b 805B9073 		.ascii	"\200[\220sF\243\357\034\362m\377\203\273\276\306\351"
 208      46A3EF1C 
 208      F26DFF83 
ARM GAS  /tmp/cczRgF7q.s 			page 16


 208      BBBEC6E9 
 209 083b BECC1BAF 		.ascii	"\276\314\033\257{\360\304\313\2076[\252\021\305`#z\000"
 209      7BF0C4CB 
 209      87365BAA 
 209      11C56023 
 209      7A00
 210 084d EB9286B7 		.ascii	"\353\222\206\267\011;i?\210\272x\013\342\354\015\330"
 210      093B693F 
 210      88BA780B 
 210      E2EC0DD8 
 211 085d 1745E339 		.ascii	"\027E\3439\350*\204\327\025\007\247?\310\300\266\335"
 211      E82A84D7 
 211      1507A73F 
 211      C8C0B6DD 
 212 086d 33D135F0 		.ascii	"3\3215\360w\247\272\012\352pE\034\\w\210\003\322\220"
 212      77A7BA0A 
 212      EA70451C 
 212      5C778803 
 212      D290
 213 087f B95E09E2 		.ascii	"\271^\011\342\022T\352\032\250\324(\012\0247r\020\221"
 213      1254EA1A 
 213      A8D4280A 
 213      14377210 
 213      91
 214 0890 F03B0240 		.ascii	"\360;\002@\330\200&\001\310\004\320\033\240q\2401\240"
 214      D8802601 
 214      C804D01B 
 214      A071A031 
 214      A0
 215 08a1 51A011A0 		.ascii	"Q\240\021\240a\240.\240v\240f\240;@\267\201n\001\335"
 215      61A02EA0 
 215      76A066A0 
 215      3B40B781 
 215      6E01DD
 216 08b4 04BAE160 		.ascii	"\004\272\341`\300\3308>u0\306\226\034@*o-\204L\243\322"
 216      C0D8383E 
 216      7530C696 
 216      1C402A6F 
 216      2D844CA3 
 217 08c9 8446D904 		.ascii	"\204F\331\004U|\325\274\301\377\037\276\206\026\237"
 217      557CD5BC 
 217      C1FF1FBE 
 217      86169F
 218 08d8 2D34E9C8 		.ascii	"-4\351\310\216\342\026r\302wsJA\355i\236\301\344\233"
 218      8EE21672 
 218      C277734A 
 218      41ED699E 
 218      C1E49B
 219 08eb C0B31DEA 		.ascii	"\300\263\035\352\362\316C\322\3400$M,5YwCw\270z\262"
 219      F2CE43D2 
 219      E030244D 
 219      2C355977 
 219      4377B87A 
 220 0900 2778ECDC 		.ascii	"'x\354\334\335YG\365\220S\025\377\314\312\015Y\013?"
 220      DD5947F5 
 220      905315FF 
 220      CCCA0D59 
ARM GAS  /tmp/cczRgF7q.s 			page 17


 220      0B3F
 221 0912 5717F797 		.ascii	"W\027\367\227\245\037|\025A\245[@j\230K_\003i\0229\350"
 221      A51F7C15 
 221      41A55B40 
 221      6A984B5F 
 221      03691239 
 222 0927 B5BAEFED 		.ascii	"\265\272\357\355\367\357C\005h\345\276o\203\337\367"
 222      F7EF4305 
 222      68E5BE6F 
 222      83DFF7
 223 0936 C077771D 		.ascii	"\300ww\035}W\314}A\242\354\"\014U\253\2132\255\332\177"
 223      7D57CC7D 
 223      41A2EC22 
 223      0C55AB8B 
 223      32ADDA7F 
 224 094a 3D6FE0BA 		.ascii	"=o\340\272\377\012?f,\351\376\006R\353^Qm&\212X\265"
 224      FF0A3F66 
 224      2CE9FE06 
 224      52EB5E51 
 224      6D268A58 
 225 095f 6975AC36 		.ascii	"iu\2546\354\346\325\004\355\376\374T2\315\023W\\\226"
 225      ECE6D504 
 225      EDFEFC54 
 225      32CD1357 
 225      5C96
 226 0971 A779222D 		.ascii	"\247y\"-ykr\034\367\0244\260\002\327\001b#\316\376-"
 226      796B721C 
 226      F71434B0 
 226      02D70162 
 226      23CEFE2D 
 227 0985 9F92D34E 		.ascii	"\237\222\323N\005\364\021\230\321\311Mz\010\277\037"
 227      05F41198 
 227      D1C94D7A 
 227      08BF1F
 228 0994 38BAAB48 		.ascii	"8\272\253H\341.bO\247\272=\252]\217ry\347\256\231}\325"
 228      E12E624F 
 228      A7BA3DAA 
 228      5D8F7279 
 228      E7AE997D 
 229 09a9 DCF84E17 		.ascii	"\334\370N\027\306gEQ\343\211Uc\362\016\252\323\321\370"
 229      C6674551 
 229      E3895563 
 229      F20EAAD3 
 229      D1F8
 230 09bb A792F18F 		.ascii	"\247\222\361\217\205\031h\\\335x\0120U\005\240\206\266"
 230      8519685C 
 230      DD780A30 
 230      5505A086 
 230      B6
 231 09cc 22E85E03 		.ascii	"\"\350^\003\272!\030\313W@/\201\372\200\236\001=\005"
 231      BA2118CB 
 231      57402F81 
 231      FA809E01 
 231      3D05
 232 09de 7AE2E090 		.ascii	"z\342\340\220\321/\330\370\222\330\177\003\372H\017"
 232      D12FD8F8 
 232      92D87F03 
ARM GAS  /tmp/cczRgF7q.s 			page 18


 232      FA480F
 233 09ed 2E970413 		.ascii	".\227\004\023\227\025\2117\361}\322\003|m\362\034\204"
 233      97158937 
 233      F17DD203 
 233      7C6DF21C 
 233      84
 234 09fe 275D0B2B 		.ascii	"']\013+\222\364\205C\222>gI\252\014\334\215P\224bHQ"
 234      92F48543 
 234      923E6749 
 234      AA0CDC8D 
 234      50946248 
 235 0a13 DA00E1F3 		.ascii	"\332\000\341\363\202\017E/\030\333\003\206u\313\206"
 235      820F452F 
 235      18DB0386 
 235      75CB86
 236 0a22 11676669 		.ascii	"\021gfi{\007\330\344@\266s6\336@\255r\263\006\317\336"
 236      7B07D8E4 
 236      40B67336 
 236      DE40AD72 
 236      B306CFDE 
 237 0a36 23559EC4 		.ascii	"#U\236\304f4\227\265\247\211s\234w\305h\3116\361\205"
 237      663497B5 
 237      A789739C 
 237      77C568C9 
 237      36F185
 238 0a49 DA0A0206 		.ascii	"\332\012\002\006\261\250\226\017b?X\036+\274\215\345"
 238      B1A8960F 
 238      623F581E 
 238      2BBC8DE5 
 239 0a59 0364E56B 		.ascii	"\003d\345k\267\274\237Y\356bFA\203`\260<\251\330\003"
 239      B7BC9F59 
 239      EE624641 
 239      8360B03C 
 239      A9D803
 240 0a6c 2C312A81 		.ascii	",1*\201\004\030\351*N\316\256k\264/;\266\\\011\033L"
 240      0418E92A 
 240      4ECEAE6B 
 240      B42F3BB6 
 240      5C091B4C 
 241 0a80 05F1AEA1 		.ascii	"\005\361\256\2411\227T\327\362\312HJ]\302\367I\327\375"
 241      319754D7 
 241      F2CA484A 
 241      5DC2F749 
 241      D7FD
 242 0a92 56AE8B89 		.ascii	"V\256\213\211\256\205\031\336\246\363:\342B\220\231"
 242      AE8519DE 
 242      A6F33AE2 
 242      429099
 243 0aa1 EAC2A1B3 		.ascii	"\352\302\241\263>\203\221\266\314ytG\272\231O?|\253"
 243      3E8391B6 
 243      CC797447 
 243      BA994F3F 
 243      7CAB
 244 0ab3 C396609B 		.ascii	"\303\226`\233\004\305:\365\347\031\266\362\010L7\221"
 244      04C53AF5 
 244      E719B6F2 
 244      084C3791 
ARM GAS  /tmp/cczRgF7q.s 			page 19


 245 0ac3 5BD48453 		.ascii	"[\324\204S\025\302\317\376\221\011\223}`\206\232\260"
 245      15C2CFFE 
 245      9109937D 
 245      60869AB0 
 246 0ad3 729E693A 		.ascii	"r\236i:\315\303\035\366Jh\233\363\2749e\345\336\362"
 246      CDC31DF6 
 246      4A689BF3 
 246      BC3965E5 
 246      DEF2
 247 0ae5 33B954E6 		.ascii	"3\271T\346;KO\335\026\334P\210\357V\027W\016E)\037\012"
 247      3B4B4FDD 
 247      16DC5088 
 247      EF561757 
 247      0E45291F 
 248 0afa B2DCDBE3 		.ascii	"\262\334\333\343,^3\245\367\321OY\357dJ\255R\027W@\357"
 248      2C5E33A5 
 248      F7D14F59 
 248      EF644AAD 
 248      52175740 
 249 0b0f 39E5348B 		.ascii	"9\3454\2134\272\230E\270\245\237:N\012S\245\225#}\212"
 249      34BA9845 
 249      B8A59F3A 
 249      4E0A53A5 
 249      95237D8A 
 250 0b23 D5C54617 		.ascii	"\325\305F\027uq\362%9X\"\001^'Gm\243\242,\3022ot \232"
 250      7571F225 
 250      39582201 
 250      5E27476D 
 250      A3A22CC2 
 251 0b3c 6632C9CE 		.ascii	"f2\311\316\207|\015\3462;\0336b\022Z\015\216\372\024"
 251      877C0DE6 
 251      323B1B36 
 251      62125A0D 
 251      8EFA14
 252 0b4f C9B4112B 		.ascii	"\311\264\021+\313\014,\035\235\313\214}\201\030\013"
 252      CB0C2C1D 
 252      9DCB8C7D 
 252      81180B
 253 0b5e EB9DEF5A 		.ascii	"\353\235\357Z \362r\220\356F\024\222n\037\311\225\275"
 253      20F27290 
 253      EE461492 
 253      6E1FC995 
 253      BD
 254 0b6f 819A006B 		.ascii	"\201\232\000k\337\343\033w%zc\233;]\010_\234|]\316\037"
 254      DFE31B77 
 254      257A639B 
 254      3B5D085F 
 254      9C7C5DCE 
 255 0b84 09098A27 		.ascii	"\011\011\212'B3\330\023\241\366\247\023\227\2658\201"
 255      4233D813 
 255      A1F6A713 
 255      97B53881 
 256 0b94 896ED97B 		.ascii	"\211n\331{\377\254\210\2672\346D\355\253~-\336A\031"
 256      FFAC88B7 
 256      32E644ED 
 256      AB7E2DDE 
 256      4119
ARM GAS  /tmp/cczRgF7q.s 			page 20


 257 0ba6 9F0D695B 		.ascii	"\237\015i[\"<\221H\227\317F\343L_imL\236[%\303Jx\251"
 257      223C9148 
 257      97CF46E3 
 257      4C5F696D 
 257      4C9E5B25 
 258 0bbe A83437C5 		.ascii	"\25047\305\301\334\344\251\346\332\267a;\301\304-\230"
 258      C1DCE4A9 
 258      E6DAB761 
 258      3BC1C42D 
 258      98
 259 0bcf 999B0BBF 		.ascii	"\231\233\013\277w\200\2719@\333\201\266\001e\003e\001"
 259      7780B939 
 259      40DB81B6 
 259      01650365 
 259      01
 260 0be0 A501A562 		.ascii	"\245\001\245b\3454\322{H[T)W\226\315\030\323\216\324"
 260      E534D27B 
 260      485B5429 
 260      5796CD18 
 260      D38ED4
 261 0bf3 662E55CD 		.ascii	"f.U\315\233x\203w\327\334\223\315\023c+\030^\201\234"
 261      9B788377 
 261      D7DC93CD 
 261      13632B18 
 261      5E819C
 262 0c06 F42A935A 		.ascii	"\364*\223Z\341\222\014<S\226\311\004}\351X*\247.\244"
 262      E1920C3C 
 262      5396C904 
 262      7DE9582A 
 262      A72EA4
 263 0c19 340A9174 		.ascii	"4\012\221tz\266\023e\233&\220\243\215\004<\013\305c"
 263      7AB61365 
 263      9B2690A3 
 263      8D043C0B 
 263      C563
 264 0c2b 2201F2F0 		.ascii	"\"\001\362\360\231\204E9\3663\247E\222\330'\330\022"
 264      99844539 
 264      F633A745 
 264      92D827D8 
 264      12
 265 0c3c B13D34D2 		.ascii	"\261=4\322\261\\\223\273\262y\352U!#\252T\307\257,2"
 265      B15C93BB 
 265      B279EA55 
 265      2123AA54 
 265      C7AF2C32 
 266 0c50 3F64A947 		.ascii	"?d\251G\244/:KO-2u\012\361juq\345\371\200B\372\222\263"
 266      A42F3A4B 
 266      4F2D3275 
 266      0AF16A75 
 266      71E5F980 
 267 0c68 B4638D89 		.ascii	"\264c\215\211\216\202\345@\026w\375U(2\265\352\362\212"
 267      8E82E540 
 267      1677FD55 
 267      2832B5EA 
 267      F28A
 268 0c7a 1236F003 		.ascii	"\0226\360\003y%|\235K\273L\342\236,V5@hj\325\230\310"
 268      79257C9D 
ARM GAS  /tmp/cczRgF7q.s 			page 21


 268      4BBB4CE2 
 268      9E2C5635 
 268      40686AD5 
 269 0c90 A0094702 		.ascii	"\240\011G\002;N\366*\021\245\011\267\367j\376U\035n"
 269      3B4EF62A 
 269      11A509B7 
 269      F76AFE55 
 269      1D6E
 270 0ca2 A6B9226C 		.ascii	"\246\271\"l\336\324\026# \337\351\2746\354\230I\007"
 270      DED41623 
 270      20DFE9BC 
 270      36EC9849 
 270      07
 271 0cb3 241F9AEE 		.ascii	"$\037\232\356\222\233\246\320\246\252\221\231\367W\344"
 271      929BA6D0 
 271      A6AA9199 
 271      F757E4
 272 0cc2 0460D8D1 		.ascii	"\004`\330\321\222\234i\304OX\362f<\254\256\021q/\003"
 272      929C69C4 
 272      4F58F266 
 272      3CACAE11 
 272      712F03
 273 0cd5 9494D1DD 		.ascii	"\224\224\321\335\344\216\246\373\252j\333\367Wh\343"
 273      E48EA6FB 
 273      AA6ADBF7 
 273      5768E3
 274 0ce4 E7A8B388 		.ascii	"\347\250\263\210K\366B\333=\316v\221g\\9\275\203\"~"
 274      4BF642DB 
 274      3DCE7691 
 274      675C39BD 
 274      83227E
 275 0cf7 E35883BE 		.ascii	"\343X\203\276f5\250\2401\371\2467\216b\217\272\3664"
 275      6635A8A0 
 275      31F9A637 
 275      8E628FBA 
 275      F634
 276 0d09 1EBA8F45 		.ascii	"\036\272\217EA\203\016@/\005$\254\341btJy\216;Nd\022"
 276      41830E40 
 276      2F0524AC 
 276      E162744A 
 276      798E3B4E 
 277 0d1f 3DE7774F 		.ascii	"=\347wO\350\210\304!\220\370{(\224\020\357\344\020p"
 277      E888C421 
 277      90F87B28 
 277      9410EFE4 
 277      1070
 278 0d31 306DD81B 		.ascii	"0m\330\033\2471\231\350\203\305\371\006\"S\0042\177"
 278      A73199E8 
 278      83C5F906 
 278      22530432 
 278      7F
 279 0d42 370B1552 		.ascii	"7\013\025R\031!?%\373\200\026\371\352\371\003\211zm"
 279      19213F25 
 279      FB8016F9 
 279      EAF90389 
 279      7A6D
 280 0d54 61253DF7 		.ascii	"a%=\367+\301z\345 \307\320\023\316\310\010\371\204S"
ARM GAS  /tmp/cczRgF7q.s 			page 22


 280      2BC17AE5 
 280      20C7D013 
 280      CEC808F9 
 280      8453
 281 0d66 4344A853 		.ascii	"CD\250S\016\203S\212\261\250<\224\3359\322\335%\342"
 281      0E83538A 
 281      B1A83C94 
 281      DD39D2DD 
 281      25E2
 282 0d78 EB54B3F0 		.ascii	"\353T\263\360\372J\366\015\021\351}\247\366\201\216"
 282      FA4AF60D 
 282      11E97DA7 
 282      F6818E
 283 0d87 415357DD 		.ascii	"ASW\335\360\350\330F\027%G\211\220\354D\202\216\272"
 283      F0E8D846 
 283      17254789 
 283      90EC4482 
 283      8EBA
 284 0d99 2133E24D 		.ascii	"!3\342M\256\027\276\313L\254|\3720\326\200;\030\323"
 284      AE17BECB 
 284      4CAC7CFA 
 284      30D6803B 
 284      18D3
 285 0dab 52B416F7 		.ascii	"R\264\026\367\260\237e;O\325\351\360\020c\016\3065\256"
 285      B09F653B 
 285      4FD5E9F0 
 285      10630EC6 
 285      35AE
 286 0dbd C7930C59 		.ascii	"\307\223\014YUi\363\023\345\023\225y\354\211\312\031"
 286      5569F313 
 286      E5139579 
 286      EC89CA19 
 287 0dcd 6C40A5D8 		.ascii	"l@\245\330\351A\224\352#\255\323X\365\301\341\355=\203"
 287      E94194EA 
 287      23ADD358 
 287      F5C1E1ED 
 287      3D83
 288 0ddf 35469CE8 		.ascii	"5F\234\350A\025v\037\250\211\323\341t\306\014fl\255"
 288      4115761F 
 288      A889D3E1 
 288      74C60C66 
 288      6CAD
 289 0df1 F0C6798C 		.ascii	"\360\306y\214)I\273>\251\303\007\030\323?\236s\222\237"
 289      2949BB3E 
 289      A9C30718 
 289      D33F9E73 
 289      929F
 290 0e03 EACC00F6 		.ascii	"\352\314\000\366\315\375\344d7~\250C\336\0278[X\222"
 290      CDFDE464 
 290      377EA843 
 290      DE17385B 
 290      5892
 291 0e15 A4C3A54C 		.ascii	"\244\303\245L\366jIc\204\027\256\244\214!%\243\362\226"
 291      F66A4963 
 291      8417AEA4 
 291      8C2125A3 
 291      F296
ARM GAS  /tmp/cczRgF7q.s 			page 23


 292 0e27 1E4D9F6E 		.ascii	"\036M\237n\234\303\016f\224A|\001\012a9D\014:\017\346"
 292      9CC30E66 
 292      94417C01 
 292      0A613944 
 292      0C3A0FE6 
 293 0e3b 54F120BE 		.ascii	"T\361 \276\014\240\353!X\257\000\325\001\325\002\325"
 293      0CA0EB21 
 293      58AF00D5 
 293      01D502D5 
 294 0e4b F0C0556D 		.ascii	"\360\300Um|\011\032\274McE\235\276\3500\301Uc\305\336"
 294      7C091ABC 
 294      4D63459D 
 294      BEE830C1 
 294      5563C5DE 
 295 0e5f FEF1A836 		.ascii	"\376\361\2506!\237\317K\304\323\025\034\232Z\015\344"
 295      219FCF4B 
 295      C4D3151C 
 295      9A5A0DE4 
 296 0e6f 93F910AD 		.ascii	"\223\371\020\255-\244\317JyX\252\360t{\237\015\231\274"
 296      2DA4CF4A 
 296      7958AAF0 
 296      747B9F0D 
 296      99BC
 297 0e81 EC910E4F 		.ascii	"\354\221\016O9w\250\262\024c\347Gd\207uV]ZQ\202\233"
 297      3977A8B2 
 297      1463E747 
 297      64877556 
 297      5D5A5182 
 298 0e96 F6B9B11A 		.ascii	"\366\271\261\032\014f\2402gq\027K\235*\254\262\021\351"
 298      0C66A032 
 298      6771174B 
 298      9D2AACB2 
 298      11E9
 299 0ea8 917A22AB 		.ascii	"\221z\"\253\264s\252=I'\231\270\273\253\266L\207\346"
 299      B473AA3D 
 299      492799B8 
 299      BBABB64C 
 299      87E6
 300 0eba F84EE793 		.ascii	"\370N\347\223\314\017d\014'\241\345\265\357\302\320"
 300      CC0F640C 
 300      27A1E5B5 
 300      EFC2D0
 301 0ec9 94C5E6B8 		.ascii	"\224\305\346\270k\216 Tw\320'xgdp\257\222\265\225\\"
 301      6B8E2054 
 301      77D02778 
 301      676470AF 
 301      92B5955C 
 302 0edd 30EF8E5E 		.ascii	"0\357\216^\214\364\306\261F\232+C}i\015Z{\321\036\312"
 302      8CF4C6B1 
 302      469A2B43 
 302      7D690D5A 
 302      7BD11ECA 
 303 0ef1 A269D908 		.ascii	"\242i\331\010\015\257\313CrMQ\263\235\324\334\200\256"
 303      0DAFCB43 
 303      724D51B3 
 303      9DD4DC80 
 303      AE
ARM GAS  /tmp/cczRgF7q.s 			page 24


 304 0f02 5DA84999 		.ascii	"]\250I\231\334}\323\035g\030\331S\347C\021ez\274\215"
 304      DC7DD31D 
 304      6718D953 
 304      E7431165 
 304      7ABC8D
 305 0f15 317B46C7 		.ascii	"1{F\307\372\310C\347\017\311\303^\254x\011\340C\226"
 305      FAC843E7 
 305      0FC9C35E 
 305      AC7809E0 
 305      4396
 306 0f27 CBE7EB6B 		.ascii	"\313\347\353k\367\032q\036\003\230\274\353 \254\322"
 306      F71A711E 
 306      0398BCEB 
 306      20ACD2
 307 0f36 F8B36758 		.ascii	"\370\263gX\012h}5\366\205\000j\001\225\037J\211\012"
 307      0A687D35 
 307      F685006A 
 307      01951F4A 
 307      890A
 308 0f48 179BB054 		.ascii	"\027\233\260T`j\006\337+%\317\203\233!r\356\310\246"
 308      606A06DF 
 308      2B25CF83 
 308      9B2172EE 
 308      C8A6
 309 0f5a 7CC89FC0 		.ascii	"|\310\237\300\226\245\334\3552\340B\246b<*\275WT\274"
 309      96A5DCED 
 309      32E042A6 
 309      623C2ABD 
 309      5754BC
 310 0f6d 2033BF8A 		.ascii	" 3\277\212>\275\275\007M\357\312M\241'\251^8\303hU\201"
 310      3EBDBD07 
 310      4DEFCA4D 
 310      A127A95E 
 310      38C36855 
 311 0f82 410E7E8F 		.ascii	"A\016~\217\337\035\367\306'\230\222\3759\333\272uv%"
 311      DF1DF7C6 
 311      279892FD 
 311      39DBBA75 
 311      7625
 312 0f94 B01AEFBE 		.ascii	"\260\032\357\276I\212R;(i\223\225"
 312      498A523B 
 312      28699395 
 313 0fa0 DC73ADE4 		.ascii	"\334s\255\344\276\272\222\302\013\345\227=E\262\036"
 313      BEBA92C2 
 313      0BE5973D 
 313      45B21E
 314 0faf 255D2DA5 		.ascii	"%]-\2453\304\213{\343\303\356\364\032yq\244\203M\033"
 314      33C48B7B 
 314      E3C3EEF4 
 314      1A7971A4 
 314      834D1B
 315 0fc2 67FA0707 		.ascii	"g\372\007\007\220\3323-\027/\370\234\272t\376\231Qy"
 315      90DA332D 
 315      172FF89C 
 315      BA74FE99 
 315      5179
 316 0fd4 E6DE8995 		.ascii	"\346\336\211\225O\265\036b\351\314\375xT$\235\246\350"
ARM GAS  /tmp/cczRgF7q.s 			page 25


 316      4FB51E62 
 316      E9CCFD78 
 316      54249DA6 
 316      E8
 317 0fe5 35F48069 		.ascii	"5\364\200i\033in.\020\350EX\244>b\327\252\367\247\215"
 317      1B696E2E 
 317      10E84558 
 317      A43E62D7 
 317      AAF7A78D 
 318 0ff9 A3998A35 		.ascii	"\243\231\2125\035A'"
 318      1D4127
 319 1000 2FEA1ED3 		.ascii	"/\352\036\323E]\027]\324\221\007\311y\265\031\016g\376"
 319      455D175D 
 319      D49107C9 
 319      79B5190E 
 319      67FE
 320 1012 8F1D1689 		.ascii	"\217\035\026\211O\354\372\263m\235\227\275q9\213-5w"
 320      4FECFAB3 
 320      6D9D97BD 
 320      71398B2D 
 320      3577
 321 1024 2496D4BC 		.ascii	"$\226\324\274\021%,\317\030\226=\325w\2168`\031r\300"
 321      11252CCF 
 321      18963DD5 
 321      778E3860 
 321      1972C0
 322 1037 F2826279 		.ascii	"\362\202by.a\311h\311\331\341\241\304\362\302\001K\267"
 322      2E61C968 
 322      C9D9E1A1 
 322      C4F2C201 
 322      4BB7
 323 1049 1DCBF6CC 		.ascii	"\035\313\366\314D\330I\\t\215\245\246\356\342+\003\275"
 323      44D8495C 
 323      748DA5A6 
 323      EEE22B03 
 323      BD
 324 105a 465E3AEA 		.ascii	"F^:\352e`^e\236+\262\003\354c\327\"\353\013\352\365"
 324      65605E65 
 324      9E2BB203 
 324      EC63D722 
 324      EB0BEAF5 
 325 106e AE010E50 		.ascii	"\256\001\016P\200\375\022\300\374\356\215o\220\022\340"
 325      80FD12C0 
 325      FCEE8D6F 
 325      9012E0
 326 107d 8003C041 		.ascii	"\200\003\300A;\300\342{y\261\236\270\216\001,:4v\330"
 326      3BC0E27B 
 326      79B19EB8 
 326      8E012C3A 
 326      3476D8
 327 1090 20E965F8 		.ascii	" \351e\370\212\222\273\337s\255u\210j}ew\313\216\023"
 327      8A92BBDF 
 327      73AD7588 
 327      6A7D6577 
 327      CB8E13
 328 10a3 471CDC32 		.ascii	"G\034\3342\344\240\365\265]\353d\357`\233\02170\255"
 328      E4A0F5B5 
ARM GAS  /tmp/cczRgF7q.s 			page 26


 328      5DEB64EF 
 328      609B1137 
 328      30AD
 329 10b5 FD350FB7 		.ascii	"\3755\017\267\"\273\013\230\332\301m\333\217i%$#\314"
 329      22BB0B98 
 329      DAC16DDB 
 329      8F692524 
 329      23CC
 330 10c7 03879F25 		.ascii	"\003\207\237%\3571\272\3062F\261\214JX\372\306\242\252"
 330      EF31BAC6 
 330      3246B18C 
 330      4A58FAC6 
 330      A2AA
 331 10d9 1CB08C39 		.ascii	"\034\260\2149`\031\267c\351\2119}\317\013\337`XvT\364"
 331      6019B763 
 331      E989397D 
 331      CF0BDF60 
 331      587654F4 
 332 10ed 4618ED99 		.ascii	"F\030\355\231\302\2604\274\254\037b\303FV\347\023\014"
 332      C2B034BC 
 332      AC1F62C3 
 332      4656E713 
 332      0C
 333 10fe CC8ECEBD 		.ascii	"\314\216\316\275\347\355\000'\331\265\313C\033.\010"
 333      E7ED0027 
 333      D9B5CB43 
 333      1B2E08
 334 110d AEE33942 		.ascii	"\256\3439B$\000m\"\0078Q\035\377\330M\011\020\356+\000"
 334      24006D22 
 334      0738511D 
 334      FFD84D09 
 334      10EE2B00 
 335 1121 468A12C0 		.ascii	"F\212\022\300[\217K\207<\360m\327\000S\357\275h\360"
 335      5B8F4B87 
 335      3CF06DD7 
 335      0053EFBD 
 335      68F0
 336 1133 B2275CB4 		.ascii	"\262'\\\264H/\246\337\210\334\351.\001\334\300\256="
 336      482FA6DF 
 336      88DCE92E 
 336      01DCC0AE 
 336      3D
 337 1144 EEA8CFF3 		.ascii	"\356\250\317\363v\015p#\005\030#\001\214+y:\354\245"
 337      760D7023 
 337      05182301 
 337      8C2B793A 
 337      ECA5
 338 1156 04B8D101 		.ascii	"\004\270\321\001`\254\035`~\301@\237\007\276\307c\350"
 338      60AC1D60 
 338      7EC1409F 
 338      07BEC763 
 338      E8
 339 1167 C9F9EDD2 		.ascii	"\311\371\355\322\253\225d\215[r\266b7Ls\2563\300\261"
 339      AB95648D 
 339      5B72B662 
 339      374C73AE 
 339      33C0B1
ARM GAS  /tmp/cczRgF7q.s 			page 27


 340 117a 382532A4 		.ascii	"8%2\2449\003I#\336v\237ob\027\343\232G\374%\2136\263"
 340      39034923 
 340      DE769F6F 
 340      6217E39A 
 340      47FC258B 
 341 1190 4BB78AAA 		.ascii	"K\267\212\252\016\033\\[\224L-J\222,\032\270\332|\327"
 341      0E1B5C5B 
 341      944C2D4A 
 341      922C1AB8 
 341      DA7CD7
 342 11a3 212B921D 		.ascii	"!+\222\035,J\221,2\354-\036}@\036AO\347\217\300\370"
 342      2C4A912C 
 342      32EC2D1E 
 342      7D401E41 
 342      4FE78FC0 
 343 11b8 53AF7A6D 		.ascii	"S\257zm[';\330\204j\203nA\231N\023\277k\313x\011\301"
 343      5B273BD8 
 343      846A836E 
 343      41994E13 
 343      BF6BCB78 
 344 11ce 5A05720D 		.ascii	"Z\005r\015\3658\213*\026?\312\265X\2748\213n\330Q\234"
 344      F5388B2A 
 344      163FCAB5 
 344      58BC388B 
 344      6ED8519C 
 345 11e2 C81A9079 		.ascii	"\310\032\220y4C\364E\333\3049h+P:P&\320\026\240l\240"
 345      3443F445 
 345      DBC43968 
 345      2B503A50 
 345      26D016A0 
 346 11f8 54A02C51 		.ascii	"T\240,Q\271+\247:!x\320\033g\235S\016\223\250($\002"
 346      B92BA73A 
 346      2178D01B 
 346      679D530E 
 346      93A82824 
 347 120d 1A76169D 		.ascii	"\032v\026\235\372\3506\207m\012AJ\345\3240G\307V-\220"
 347      FAE83687 
 347      6D0A414A 
 347      E5D43047 
 347      C7562D90 
 348 1221 E0E8A57A 		.ascii	"\340\350\245z_S\364\202\263Q\202\250\352\301)\262PO"
 348      5F53F482 
 348      B35182A8 
 348      EAC129B2 
 348      504F
 349 1233 D1537517 		.ascii	"\321Su\027N\221\205\260DQ\316\375\312+'\262\336\351"
 349      4E9185B0 
 349      4451CEFD 
 349      CA2B27B2 
 349      DEE9
 350 1245 4D3BAC9F 		.ascii	"M;\254\237\316\335\036\353\312\355\232\267\3629)\017"
 350      CEDD1EEB 
 350      CAED9AB7 
 350      F239290F 
 351 1255 C7D25A1D 		.ascii	"\307\322Z\035\346\305\355\242rQ\234cO\223\372\355\317"
 351      E6C5EDA2 
 351      72519C63 
ARM GAS  /tmp/cczRgF7q.s 			page 28


 351      4F93FAED 
 351      CF
 352 1266 47F47890 		.ascii	"G\364x\220eBl\307\306F\003\333\007\014\323\375J\376"
 352      65426CC7 
 352      C64603DB 
 352      070CD3FD 
 352      4AFE
 353 1278 D86BFEF6 		.ascii	"\330k\376\366P9y\333\355\320P\3413\204m\236T\270=5\265"
 353      503979DB 
 353      EDD050E1 
 353      33846D9E 
 353      54B83D35 
 354 128d CC03C730 		.ascii	"\314\003\3070&\366\320\346J\254\376\356\246\332\373"
 354      26F6D0E6 
 354      4AACFEEE 
 354      A6DAFB
 355 129c 89D0E266 		.ascii	"\211\320\342f\351\255X\017\034\317\233\227\224dz\340"
 355      E9AD580F 
 355      1CCF9B97 
 355      94647AE0 
 356 12ac CD8C39D2 		.ascii	"\315\2149\322\264\377\214\036\2472\246\347U\374\003"
 356      B4FF8C1E 
 356      A732A6E7 
 356      55FC03
 357 12bb 11A73366 		.ascii	"\021\2473f \273\372\271\001g1\346\324\271\356\371\014"
 357      20BBFAB9 
 357      016731E6 
 357      D4B9EEF9 
 357      0C
 358 12cc EB2CF244 		.ascii	"\353,\362D\371^\1779?9k'{\226\246\247\021\021z\274\235"
 358      F95E7F39 
 358      3F396B27 
 358      7B96A6A7 
 358      11117ABC 
 359 12e1 8ABA8F6E 		.ascii	"\212\272\217n\275Z\202\221\342\325\015r\\q\365\220\333"
 359      BD5A8291 
 359      E2D50D72 
 359      5C71F590 
 359      DB
 360 12f2 F692DDB5 		.ascii	"\366\222\335\265\021d1\236/\032\320nps\211\213t`-n\304"
 360      1164319E 
 360      2F1AD06E 
 360      7073898B 
 360      74602D6E 
 361 1307 61165244 		.ascii	"a\026RD|\257\263x\215\263\370\200R\374\240\263\370\005"
 361      7CAFB378 
 361      8DB3F880 
 361      52FCA0B3 
 361      F805
 362 1319 67F1674A 		.ascii	"g\361gJ\361<u0\312\343\226\012\245\374~gy\347gW,\225"
 362      F13C7530 
 362      CAE3960A 
 362      A5FC7E67 
 362      79E76757 
 363 132f 0F404C15 		.ascii	"\017@L\025\210t\003\315\363\370(\344\361a\210\235c@"
 363      887403CD 
 363      F3F828E4 
ARM GAS  /tmp/cczRgF7q.s 			page 29


 363      F161889D 
 363      6340
 364 1341 85404780 		.ascii	"\205@G\200\016\001\025\003\025\331s\230\350kQ\352\333"
 364      0E011503 
 364      15D97398 
 364      E86B51EA 
 364      DB
 365 1352 A36E3DC3 		.ascii	"\243n=\303\307\227\351\261 \017\213\333\022\347\354"
 365      C797E9B1 
 365      200F8BDB 
 365      12E7EC
 366 1361 249D35C4 		.ascii	"$\2355\304\341\202#6[\234\216\366\266O\025\275\375\305"
 366      E1822336 
 366      5B9C8EF6 
 366      B64F15BD 
 366      FDC5
 367 1373 8A4BF74A 		.ascii	"\212K\367J\3220~H\307Rh\311H\316\224\367\002\023q8\212"
 367      D2307E48 
 367      C75268C9 
 367      48CE94F7 
 367      02137138 
 368 1388 948093D0 		.ascii	"\224\200\223\320\372\270(\357\321E\347\003\034\311r"
 368      FAB828EF 
 368      D145E703 
 368      1CC972
 369 1397 74020C7E 		.ascii	"t\002\014~\027\343\311lq\264\336O\231K'\035r\351\224"
 369      17E3C96C 
 369      71B4DE4F 
 369      994B271D 
 369      72E994
 370 13aa BD403717 		.ascii	"\275@7\027\237\253\320\"\207W\204\000\342`\275v,\337"
 370      9FABD022 
 370      87578400 
 370      E260BD76 
 370      2CDF
 371 13bc 461EB793 		.ascii	"F\036\267\223S\246\363\010\266\016\320\336~\304\343"
 371      53A6F308 
 371      B60ED0DE 
 371      7EC4E3
 372 13cb F884582A 		.ascii	"\370\204X*\030\320)\332%2Q\273W\012\034\213\213\215"
 372      18D029DA 
 372      253251BB 
 372      570A1C8B 
 372      8B8D
 373 13dd CB928DD0 		.ascii	"\313\222\215\320q\354$;\245\2566\345\372\244\321m*\344"
 373      71EC243B 
 373      A5AE36E5 
 373      FAA4D16D 
 373      2AE4
 374 13ef 3EBAA92A 		.ascii	">\272\251*\2568\234k\313\325\261\3239r\202\264\033;"
 374      AE389C6B 
 374      CBD5B1D3 
 374      397282B4 
 374      1B3B
 375 1401 619E5A3D 		.ascii	"a\236Z=O\241\314y\364\240d?\227\345\313vER(Gc'\214F"
 375      4FA1CC79 
 375      F4A0643F 
ARM GAS  /tmp/cczRgF7q.s 			page 30


 375      97E5CB76 
 375      45522847 
 376 1419 2E198D1D 		.ascii	".\031\215\035\334F2\032\027`4\316\202\347\317\000\225"
 376      DC46321A 
 376      176034CE 
 376      82E7CF00 
 376      95
 377 142a 019D032A 		.ascii	"\001\235\003*\005*\007\252\000:-*\037\350\351Aa)\362"
 377      052A07AA 
 377      003A2D2A 
 377      1FE8E941 
 377      6129F2
 378 143d 4167B843 		.ascii	"Ag\270C\355\207\364\247\247Dbu.\233'\316O\231'\354\226"
 378      ED87F4A7 
 378      A7446275 
 378      2E9B27CE 
 378      4F9927EC 
 379 1452 4660DA59 		.ascii	"F`\332Y\241sg\007\2202\022\205\226\202\212;\330\351"
 379      A1736707 
 379      90321285 
 379      96828A3B 
 379      D8E9
 380 1464 B0CE6E4B 		.ascii	"\260\316nK\025\340\177W[x\252l\373!\215\342Jh\275C\216"
 380      15E07F57 
 380      5B78AA6C 
 380      FB218DE2 
 380      4A68BD43 
 381 1479 E2F3223F 		.ascii	"\342\363\"?\256\033MO\177\203\225\021X\351\020\201\027"
 381      AE1B4D4F 
 381      7F839511 
 381      58E91081 
 381      17
 382 148a 5904926F 		.ascii	"Y\004\222o\022\255\355\343gEV\030}\200}ZTu\332\313\345"
 382      12ADEDE3 
 382      67455618 
 382      7D807D5A 
 382      5475DACB 
 383 149f 7F15A911 		.ascii	"\177\025\251\021\371\177\025\251\026iU~Y\0323\312\377"
 383      F97F15A9 
 383      1669557E 
 383      591A33CA 
 383      FF
 384 14b0 B3C27460 		.ascii	"\263\302t`k#7\355\343\257\367d\222\252\232\336\324\222"
 384      6B2337ED 
 384      E3AFF764 
 384      92AA9ADE 
 384      D492
 385 14c2 2428FF3F 		.ascii	"$(\377?\005y\235\261\026\034p\211\026\225:\321G\352"
 385      05799DB1 
 385      161C7089 
 385      16953AD1 
 385      47EA
 386 14d4 9332D0C2 		.ascii	"\2232\320\302\326=\274\301a\275\006\227\025\372\353"
 386      D63DBCC1 
 386      61BD0697 
 386      15FAEB
 387 14e3 39F47A0A 		.ascii	"9\364z\012\375@~\373\016r\016\365>\354\271\351\036\273"
ARM GAS  /tmp/cczRgF7q.s 			page 31


 387      FD407EFB 
 387      0E720EF5 
 387      3EECB9E9 
 387      1EBB
 388 14f5 B19D2EDB 		.ascii	"\261\235.\333\200\267\375\005\370\255\015\333o\352\361"
 388      80B7FD05 
 388      F8AD0DDB 
 388      6FEAF1
 389 1504 002B045D 		.ascii	"\000+\004]q\273\237z+^\255\366*&\325\346\032\224\223"
 389      71BB9F7A 
 389      2B5EADF6 
 389      2A26D5E6 
 389      1A9493
 390 1517 06D985EF 		.ascii	"\006\331\205\357\333_\325u|\261\362*\214\317\373|R\272"
 390      DB5FD575 
 390      7CB1F22A 
 390      8CCFFB7C 
 390      52BA
 391 1529 02F82F33 		.ascii	"\002\370/3\363\033[G\313\365x\214)\330\324\3243[\271"
 391      F31B5B47 
 391      CBF5788C 
 391      29D8D4D4 
 391      335BB9
 392 153c E1CEA31B 		.ascii	"\341\316\243\033\356FPp]VpMt\241\341\206\212\006\322"
 392      EE465070 
 392      5D56704D 
 392      74A1E186 
 392      8A06D2
 393 154f 18B474E6 		.ascii	"\030\264t\3465\344\223\377<2\223\034-\020\267f\227_"
 393      35E493FF 
 393      3C32931C 
 393      2D10B766 
 393      975F
 394 1561 FB37C6DB 		.ascii	"\3737\306\333l\377K^\234\272\373\262@\300\221\354\177"
 394      6CFF4B5E 
 394      9CBAFBB2 
 394      40C091EC 
 394      7F
 395 1572 DE8C66DF 		.ascii	"\336\214f\337\2554H\357w;\357\267\357\200\226\231\\"
 395      AD3448EF 
 395      773BEFB7 
 395      EF809699 
 395      5C
 396 1583 CB2DD072 		.ascii	"\313-\320rS\264\237-\034}\217\276k~\033\3606\311xg\362"
 396      53B49F2D 
 396      1C7D8FBE 
 396      6B7E1BF0 
 396      36C97867 
 397 1598 B385E399 		.ascii	"\263\205\343\231W\266x\341D\246\342\374\276\270Z7W*"
 397      57B678E1 
 397      44A6E2FC 
 397      BEB85A37 
 397      572A
 398 15aa EEBA54F1 		.ascii	"\356\272T\361:k\3661\352\223\026\320\321,\353\270\315"
 398      3A6BF631 
 398      EA9316D0 
 398      D12CEBB8 
ARM GAS  /tmp/cczRgF7q.s 			page 32


 398      CD
 399 15bb 02A0851A 		.ascii	"\002\240\205\032{bS\3259\241\015\265\"\262F\236F\203"
 399      7B6253D5 
 399      39A10DB5 
 399      22B2469E 
 399      4683
 400 15cd 1E21F689 		.ascii	"\036!\366\211(QvR\372C\210^\207\253\002\375d\202\364"
 400      28517652 
 400      FA43885E 
 400      87AB02FD 
 400      6482F4
 401 15e0 12925A70 		.ascii	"\022\222Zp^\340\254\300\273\244\377xc\244\350\221\335"
 401      5EE0ACC0 
 401      BBA4FF78 
 401      63A4E891 
 401      DD
 402 15f1 669AA43F 		.ascii	"f\232\244?\015\023gH4\264w\326\032\011\262\002\204\224"
 402      0D136748 
 402      34B477D6 
 402      1A09B202 
 402      8494
 403 1603 0D141D32 		.ascii	"\015\024\0352\330\374\276\035\237F6\016ISG\177\326\345"
 403      D8FCBE1D 
 403      9F46360E 
 403      4953477F 
 403      D6E5
 404 1615 2EC37D58 		.ascii	".\303}X\003\301\225\235\277@\364Z\326\345\372-\030\247"
 404      03C1959D 
 404      BF40F45A 
 404      D6E5FA2D 
 404      18A7
 405 1627 51D7A3E1 		.ascii	"Q\327\243\341\210[\027\034\366\012_+\267\012\367\351"
 405      885B171C 
 405      F60A5F2B 
 405      B70AF7E9 
 406 1637 566129DF 		.ascii	"Va)\337)\264\367\327n\325\317\336i\333\331\001\253\227"
 406      29B4F7D7 
 406      6ED5CFDE 
 406      69DBD901 
 406      AB97
 407 1649 7AB7DB30 		.ascii	"z\267\3330\201\202\373m\"\021Cm\262\377\341'9\245\021"
 407      8182FB6D 
 407      2211436D 
 407      B2FFE127 
 407      39A511
 408 165c EF23D42A 		.ascii	"\357#\324*\266\001\264vq64\337\325\235s\315\023\357"
 408      B601B476 
 408      713634DF 
 408      D59D73CD 
 408      13EF
 409 166e 627A7BB6 		.ascii	"bz{\266_\213a\273j\372\346/\\\031Kj\255\307\370\000"
 409      5F8B61BB 
 409      6AFAE62F 
 409      5C194B6A 
 409      ADC7F800 
 410 1682 BDADDBB9 		.ascii	"\275\255\333\271\273-\335\233\3545|\245}\306\355;nq"
 410      BB2DDD9B 
ARM GAS  /tmp/cczRgF7q.s 			page 33


 410      EC357CA5 
 410      7DC6ED3B 
 410      6E71
 411 1694 7C9F212D 		.ascii	"|\237!-\344\273\336~!\337\345b\245\244\372\230\265S"
 411      E4BBDE7E 
 411      21DFE562 
 411      A5A4FA98 
 411      B553
 412 16a6 640D4821 		.ascii	"d\015H!}\014\321\367\024\012\346C\240G@O\034\012gu&"
 412      7D0CD1F7 
 412      140AE643 
 412      A047404F 
 412      1C0A6775 
 413 16bb ABEC5D6A 		.ascii	"\253\354]j;\200\206L\247\035\200\012\010\227+\365\251"
 413      3B80864C 
 413      A71D800A 
 413      08972BF5 
 413      A9
 414 16cc B6492BF5 		.ascii	"\266I+\365\203\2359\233\334\035V\352j\3005\252\250\311"
 414      839D399B 
 414      DC1D56EA 
 414      6AC035AA 
 414      A8C9
 415 16de 21C248DD 		.ascii	"!\302H\335soeA|\346P\313\237K\253\011\3740\263\254\306"
 415      736F6541 
 415      7CE650CB 
 415      9F4BAB09 
 415      FC30B3AC 
 416 16f3 4B3E846D 		.ascii	"K>\204m\313\362\331J\347\357\347|\376\356QG\310O\202"
 416      CBF2D94A 
 416      E7EFE77C 
 416      FEEE5147 
 416      C84F82
 417 1706 B37CA863 		.ascii	"\263|\250cz\304\357=\205\325\320\236\210\257\273\301"
 417      7AC4EF3D 
 417      85D5D09E 
 417      88AFBBC1 
 418 1716 D72F64A4 		.ascii	"\327/d\244Y\305\245G=\361kV\"rF\333\322\005\373\314"
 418      59C5A547 
 418      3DF16B56 
 418      227246DB 
 418      D205FBCC 
 419 172a E774C0DA 		.ascii	"\347t\300\332\017\015\325:\221\236\335\321\363\332>"
 419      0F0DD53A 
 419      919EDDD1 
 419      F3DA3E
 420 1739 10E89583 		.ascii	"\020\350\225\203\264G\232\334jn\267\337q8B\353sp\310"
 420      B4479ADC 
 420      6A6EB7DF 
 420      713842EB 
 420      7370C8
 421 174c 807DAB92 		.ascii	"\200}\253\222raW9;\222\201k\350\001\333k\237\030\253"
 421      72615739 
 421      3B92816B 
 421      E801DB6B 
 421      9F18AB
 422 175f 69757399 		.ascii	"ius\231?/i\376\014J[\355\346\270\035\207\275 \201\332"
ARM GAS  /tmp/cczRgF7q.s 			page 34


 422      3F2F69FE 
 422      0C4A5BED 
 422      E6B81D87 
 422      BD2081DA 
 423 1773 01D5E3A7 		.ascii	"\001\325\343\247n\315E1\345_S!\324!\003\353\020\331"
 423      6ECD4531 
 423      E55F5321 
 423      D42103EB 
 423      10D9
 424 1785 DBF9E815 		.ascii	"\333\371\350\025\315\232\370\222\273\367\334\360Eo\366"
 424      CD9AF892 
 424      BBF7DCF0 
 424      456FF6
 425 1794 466BF9D9 		.ascii	"Fk\371\331s\354P\203L\003\354\250\340u\346x\261\303"
 425      73EC5083 
 425      4C03ECA8 
 425      E075E678 
 425      B1C3
 426 17a6 1918A986 		.ascii	"\031\030\251\2062\204a\012\341\265\004!7\373R\261;\207"
 426      3284610A 
 426      E1B50421 
 426      37FB52B1 
 426      3B87
 427 17b8 F07AD4ED 		.ascii	"\360z\324\355\340\221\207\266X\003\225BC2\206!\011\303"
 427      E09187B6 
 427      58039542 
 427      43328621 
 427      09C3
 428 17ca 08C5909D 		.ascii	"\010\305\220\235\034w"
 428      1C77
 429 17d0 C90BDFF7 		.ascii	"\311\013\337\367vy\\Q\0305\031\3535\323\325\203\350"
 429      76795C51 
 429      183519EB 
 429      35D3D583 
 429      E8
 430 17e1 710A614C 		.ascii	"q\012aL\202p$\351\370\023#\207p\373\215[\321\206\352"
 430      827024E9 
 430      F8132387 
 430      70FB8D5B 
 430      D186EA
 431 17f4 44DB2E44 		.ascii	"D\333.D\305\320\250\214aT\302\360\206b(\355\316OC8w"
 431      C5D0A88C 
 431      6154C2F0 
 431      866228ED 
 431      CE4F4338 
 432 1809 1AFBDF38 		.ascii	"\032\373\3378M'^1?\264\330\375\360p\317\016\301\356"
 432      4D275E31 
 432      3FB4D8FD 
 432      F070CF0E 
 432      C1EE
 433 181b 9A497EB6 		.ascii	"\232I~\2663\321\244w\011+BK\217\236\264\034\326\335"
 433      33D1A477 
 433      092B424B 
 433      8F9EB41C 
 433      D6DD
 434 182d 922BA53A 		.ascii	"\222+\245:\3313\271\207\350\340\200\020\232\220AMH\240"
 434      D933B987 
ARM GAS  /tmp/cczRgF7q.s 			page 35


 434      E8E08010 
 434      9A90414D 
 434      48A0
 435 183f 22B50454 		.ascii	"\"\265\004T\177\374\215\021\021\037\230\246^J\035\264"
 435      7FFC8D11 
 435      111F98A6 
 435      5E4A1DB4 
 436 184f 456B95A5 		.ascii	"Ek\225\2454\242c\323\035\304\225unv\317:b\213\326\022"
 436      34A263D3 
 436      1DC49575 
 436      6E76CF3A 
 436      628BD612 
 437 1863 1114A5B5 		.ascii	"\021\024\245\265\353\202\237L\327\006\252kg\342\223"
 437      EB829F4C 
 437      D706AA6B 
 437      67E293
 438 1872 212D2E63 		.ascii	"!-.c\272\216<\237\303[\337H\301\3113h\323\030\271i\214"
 438      BA8E3C9F 
 438      C35BDF48 
 438      C1C93368 
 438      D318B969 
 439 1887 D474236D 		.ascii	"\324t#mz\371F^\231\027\256eM\313F\273S\304\037\345\323"
 439      7AF9465E 
 439      9917AE65 
 439      4DCB46BB 
 439      53C41FE5 
 440 189c C6BD59EE 		.ascii	"\306\275Y\356\361\007\353m\266]\002]\322\305\262\036"
 440      F107EB6D 
 440      B65D025D 
 440      D2C5B21E 
 441 18ac EC4B4A0D 		.ascii	"\354KJ\015\271\002\237q\332\037A\303\373\303\267\333"
 441      B9029F71 
 441      DA1F41C3 
 441      FBC3B7DB 
 442 18bc 1CF6F444 		.ascii	"\034\366\364D\251\234(\361Z\266\224\202ort<|\377\216"
 442      A99C28F1 
 442      5AB69482 
 442      6F72743C 
 442      7CFF8E
 443 18cf BBC3419E 		.ascii	"\273\303A\236\203p\002\027N\240\302\321\007vV9\234\372"
 443      83700217 
 443      4EA0C2D1 
 443      07765639 
 443      9CFA
 444 18e1 8D3B1C41 		.ascii	"\215;\034A%r\341D*|\344yG\234\303\031\346\260\203\360"
 444      2572E144 
 444      2A7CE479 
 444      479CC319 
 444      E6B083F0 
 445 18f5 262EBC89 		.ascii	"&.\274\211\012\347\327\304\345k\225\302/\035\2047sa"
 445      0AE7D7C4 
 445      E56B95C2 
 445      2F1D8437 
 445      7361
 446 1907 F22D842E 		.ascii	"\362-\204.\325\377\346\313o>X\350\357\257q7\231\326"
 446      D5FFE6CB 
 446      6F3E58E8 
ARM GAS  /tmp/cczRgF7q.s 			page 36


 446      EFAF7137 
 446      99D6
 447 1919 0485583F 		.ascii	"\004\205X?5Y\177\354\267&\334\342\027\024\022\270j\315"
 447      35597FEC 
 447      B726DCE2 
 447      171412B8 
 447      6ACD
 448 192b 32B35F88 		.ascii	"2\263_\210y\355\252\240\245~\301\001\201+\203B\314~"
 448      79EDAAA0 
 448      A57EC101 
 448      812B8342 
 448      CC7E
 449 193d A665E6E5 		.ascii	"\246e\346\345\001kVYM\326\365a\346\360\271+5n\274\325"
 449      016B5659 
 449      4DD6F561 
 449      E6F0B92B 
 449      356EBCD5 
 450 1951 6CB556E1 		.ascii	"l\265V\341\353\303\375L\341\326e \002\242B\320R]\350"
 450      EBC3FD4C 
 450      E1D66520 
 450      02A242D0 
 450      525DE8
 451 1964 EA35E635 		.ascii	"\3525\3465f\375jSH\2505h\371z\267\325&\313\2620\253"
 451      66FD6A53 
 451      48A83568 
 451      F97AB7D5 
 451      26CBB230 
 452 1979 05BED75A 		.ascii	"\005\276\327Z\340[\273\332d\015\015\203\333K\327,_n"
 452      E05BBBDA 
 452      640D0D83 
 452      DB4BD72C 
 452      5F6E
 453 198b B6B8AF36 		.ascii	"\266\270\2576\005\206\256\011\261\232-\272\360\240\377"
 453      0586AE09 
 453      B19A2DBA 
 453      F0A0FF
 454 199a 349BACF3 		.ascii	"4\233\254\363\251\026\322\365\212\300@\277\000K\360"
 454      A916D2F5 
 454      8AC040BF 
 454      004BF0
 455 19a9 8F434243 		.ascii	"\217CBC\314?6\007,\015\362\373d\356\202\271\376v\004"
 455      CC3F3607 
 455      2C0DF2FB 
 455      64EE82B9 
 455      FE7604
 456 19bc A015A082 		.ascii	"\240\025\240\202V\350cm@\2205(d\205.\314\024b^g5\204"
 456      56E8636D 
 456      40903528 
 456      64852ECC 
 456      14625E67 
 457 19d2 992CE680 		.ascii	"\231,\346\200Ua\226\240P\0033z\301|\223U/\375p\263\222"
 457      556196A0 
 457      5003337A 
 457      C17C9355 
 457      2FFD70B3 
 458 19e7 3B26EBAF 		.ascii	";&\353\257\375V\206\006\233\375\002\226\005\004\373"
 458      FD568606 
ARM GAS  /tmp/cczRgF7q.s 			page 37


 458      9BFD0296 
 458      0504FB
 459 19f6 2D5C19B4 		.ascii	"-\\\031\2644\350\253\305&\377O\346\372\317\375\231_"
 459      34E8ABC5 
 459      26FF4FE6 
 459      FACFFD99 
 459      5F
 460 1a07 68B89FC5 		.ascii	"h\270\237\305\352\027\026j\261\206\373\375r\321\027"
 460      EA17166A 
 460      B186FBFD 
 460      72D117
 461 1a16 0BBF58E7 		.ascii	"\013\277X\347\027\030\032\034\026\264\312l\011\367\373"
 461      17181A1C 
 461      16B4CA6C 
 461      09F7FB
 462 1a25 CDC2857E 		.ascii	"\315\302\205~\201+%\367\270\207\231\202\255\353V\005"
 462      812B25F7 
 462      B8879982 
 462      ADEB5605 
 463 1a35 855B75C1 		.ascii	"\205[u\301T\273[\260)tm\210\331\002\337\324\025n\301"
 463      54BB5BB0 
 463      29746D88 
 463      D902DFD4 
 463      156EC1
 464 1a48 6BACE675 		.ascii	"k\254\346u\240?p\245\211\376\004x\3460s\010\370l\205"
 464      A03F70A5 
 464      89FE0478 
 464      E6307308 
 464      F86C85
 465 1a5b 87F95B73 		.ascii	"\207\371[s\21058 \374\317&\253\026:\012_\001\243$\301"
 465      88353820 
 465      FCCF26AB 
 465      163A0A5F 
 465      01A324C1 
 466 1a6f E4DF5AB8 		.ascii	"\344\337Z\270j\"6\3017\355\0204r{\275\241K\353J\260"
 466      6A2236C1 
 466      37ED1034 
 466      727BBDA1 
 466      4BEB4AB0 
 467 1a83 7559B889 		.ascii	"uY\270\211 \360R2&+\0163\255\321\231\327\222\356uk\255"
 467      20F05232 
 467      262B0E33 
 467      ADD199D7 
 467      92EE756B 
 468 1a98 80320CBE 		.ascii	"\2002\014\276\302\315\301a\332pS`\210U\013\004j\302"
 468      C2CDC161 
 468      DA705360 
 468      88550B04 
 468      6AC2
 469 1aaa 194C23F4 		.ascii	"\031L#\364\005\367\002\302V\206Z\314\332\265V\253%\314"
 469      05F702C2 
 469      56865ACC 
 469      DAB556AB 
 469      25CC
 470 1abc 877507CE 		.ascii	"\207u\007\316\204\2212\207\004\302\360@\007\241K\377"
 470      84913287 
 470      04C2F040 
ARM GAS  /tmp/cczRgF7q.s 			page 38


 470      07A14BFF 
 471 1acc 234C6F5E 		.ascii	"#Lo^\027d\015\014]f\326Y\226\255\007\\:\342\361\345"
 471      17640D0C 
 471      5D66D659 
 471      96AD075C 
 471      3AE2F1E5 
 472 1ae0 E16E56F2 		.ascii	"\341nV\362\011}\206\231\226\257\012X\001|0\310P>\334"
 472      097D8699 
 472      96AF0A58 
 472      017C30C8 
 472      503EDC
 473 1af3 1A6035EB 		.ascii	"\032`5\353\255\364\013\272\201\201\012\0106\213\201"
 473      ADF40BBA 
 473      81810A08 
 473      368B81
 474 1b02 2B032C70 		.ascii	"+\003,p3t\32523\371\206\2402[\300\017\201\326u\330\342"
 474      3374D532 
 474      33F986A0 
 474      325BC00F 
 474      81D675D8 
 475 1b17 BF405865 		.ascii	"\277@Xe\321[\314+ \010L\326O\336m\260V\006\202\0250"
 475      D15BCC2B 
 475      20084CD6 
 475      4FDE6DB0 
 475      56068215 
 476 1b2c 3AD08D3F 		.ascii	":\320\215?\320<\301\3623\301\362\251`\371\251`\371D"
 476      D03CC1F2 
 476      33C1F2A9 
 476      60F9A960 
 476      F944
 477 1b3e B0FC44B0 		.ascii	"\260\374D\260|\354A\032\020_\203\262\177\370+:7}\373"
 477      7CEC411A 
 477      105F83B2 
 477      7FF82B3A 
 477      377DFB
 478 1b51 D360921D 		.ascii	"\323`\222\035\201\241\020\275\353\210E$\252\350\227"
 478      81A110BD 
 478      EB884524 
 478      AAE897
 479 1b60 F95B77FB 		.ascii	"\371[w\373\300\200U\301a\241\241\253\364\334\227\326"
 479      C08055C1 
 479      61A1A1AB 
 479      F4DC97D6 
 480 1b70 698A31A3 		.ascii	"i\2121\243\216\367v\340L\326y\337\007FJ\200\300\225"
 480      8EF776E0 
 480      4CD679DF 
 480      07464A80 
 480      C095
 481 1b82 30A400C1 		.ascii	"0\244\000\301\377\355\033\204\007\256\\\006-~\362\016"
 481      FFED1B84 
 481      07AE5C06 
 481      2D7EF20E 
 482 1b92 2DD6874B 		.ascii	"-\326\207K\221\376\016\300 \220\240\201\001\262\214"
 482      91FE0EC0 
 482      2090A081 
 482      01B28C
 483 1ba1 1BE5BE9A 		.ascii	"\033\345\276\232\225\003H\003\351\242n5\204i\310\237"
ARM GAS  /tmp/cczRgF7q.s 			page 39


 483      95034803 
 483      E9A26E35 
 483      8469C89F 
 484 1bb1 17BC7DAF 		.ascii	"\027\274}\257\264\031A\342\025\272\306\032\266\306*"
 484      B41941E2 
 484      15BAC61A 
 484      B6C62A
 485 1bc0 75AE0BA2 		.ascii	"u\256\013\242?<\203B\024\027\265,\342\026\177fZ\364"
 485      3F3C8342 
 485      1417B52C 
 485      E2167F66 
 485      5AF4
 486 1bd2 EB5F7EF6 		.ascii	"\353_~\366/n\360c\361\222\257\276v\207\357o\276\374"
 486      2F6EF063 
 486      F192AFBE 
 486      7687EF6F 
 486      BEFC
 487 1be4 DD97BF5B 		.ascii	"\335\227\277[2\377;\025\257\014X%W\032\263%(`\025\311"
 487      32FF3B15 
 487      AF0C5825 
 487      571AB325 
 487      286015C9 
 488 1bf8 F5F0653C 		.ascii	"\365\360e<\200\2654q\215\364\323\024\036\272\306\022"
 488      80B53471 
 488      8DF4D314 
 488      1EBAC612 
 489 1c08 68763387 		.ascii	"hv3\207\323\374\327\233W\261\350gw\351Op\000\\\245|"
 489      D3FCD79B 
 489      57B1E867 
 489      77E94F70 
 489      005CA57C 
 490 1c1c B807FC22 		.ascii	"\270\007\374\"\371i&5\002~\2236^\254#\3512\021^K\033"
 490      F9692635 
 490      027E9336 
 490      5EAC23E9 
 490      32115E4B 
 491 1c31 4E73BC61 		.ascii	"Ns\274a\262\276\203\273\230:\342.%L(\013\337\006C\036"
 491      B2BE83BB 
 491      983AE22E 
 491      254C280B 
 491      DF06431E 
 492 1c45 5B82AC66 		.ascii	"[\202\254f+/\217\376\237\360\362H~\270\223!\017\012"
 492      2B2F8FFE 
 492      9FF0F248 
 492      7EB89321 
 492      0F0A
 493 1c57 06417185 		.ascii	"\006Aq\205\331j\025\301\247V\014\2770\374\020I\244j"
 493      D96A15C1 
 493      A7560CBF 
 493      30FC1049 
 493      A46A
 494 1c69 695BEFC5 		.ascii	"i[\357\305\324+\237Y\202\2765[\376\364\305\022-\271"
 494      D42B9F59 
 494      82BE355B 
 494      FEF4C512 
 494      2DB9
 495 1c7b 65352AAF 		.ascii	"e5*\257j\327\204\007X\254x\341\242\005@\363\201\374"
ARM GAS  /tmp/cczRgF7q.s 			page 40


 495      6AD78407 
 495      58AC78E1 
 495      A20540F3 
 495      81FC
 496 1c8d F1AF162D 		.ascii	"\361\257\026-\022>[$,^$\376f\311\327\213~\365\235\306"
 496      123E5B24 
 496      2C5E24FE 
 496      66C9D78B 
 496      7EF59DC6 
 497 1ca1 805FFC16 		.ascii	"\200_\374\026~\261\370w\213\375\026/\201\177_,\230\377"
 497      7EB1F877 
 497      8BFD162F 
 497      817F5F2C 
 497      98FF
 498 1cb3 F9C7EBD6 		.ascii	"\371\307\353\326A\335\017^0\177\371\307\376\376\353"
 498      41DD0F5E 
 498      307FF9C7 
 498      FEFEEB
 499 1cc2 48827B7E 		.ascii	"H\202{~\263\370\227\213\226\230\226@\214~f^\256\247"
 499      B3F8978B 
 499      96989640 
 499      8C7E665E 
 499      AEA7
 500 1cd4 D5F35312 		.ascii	"\325\363S\022\022\364\213USb\225\033\377\026\203\003"
 500      12F48B55 
 500      5362951B 
 500      FF168303 
 501 1ce4 8242DCC8 		.ascii	"\202B\334\310\307\334@\015\224dHZ\030\243\367\177\025"
 501      C7DC400D 
 501      9464485A 
 501      18A3F77F 
 501      15
 502 1cf5 106E5E6C 		.ascii	"\020n^l\206\320\011\261\002\374\305P\307\002\202\301"
 502      86D009B1 
 502      02FCC550 
 502      C70282C1 
 503 1d05 A88FDF21 		.ascii	"\250\217\337!\344i\033\342\356\031j\235}\372\275\321"
 503      E4691BE2 
 503      EE196A9D 
 503      7DFABDD1 
 504 1d15 46A753D6 		.ascii	"F\247S\326\211\237\204\013z\233F\313Fp\2505\324b\012"
 504      899F840B 
 504      7A9B46CB 
 504      4670A835 
 504      D4620A
 505 1d28 0F339B97 		.ascii	"\0173\233\227\351\351o\222^\201+\227\254\\\266x\225"
 505      E9E96F92 
 505      5E812B97 
 505      AC5CB678 
 505      95
 506 1d39 D91CF60E 		.ascii	"\331\034\366\0168y\265!\355\203C\2775\263\236\335\203"
 506      3879B521 
 506      ED8343BF 
 506      35B39EDD 
 506      83
 507 1d4a 4282ACA6 		.ascii	"B\202\254\246\260\240\220pw\250g\313\203V\220\333KC"
 507      B0A09070 
ARM GAS  /tmp/cczRgF7q.s 			page 41


 507      77A867CB 
 507      835690DB 
 507      4B43
 508 1d5c 032CCB4C 		.ascii	"\003,\313L\344\016^\374\231\377\347\337k\000+\222t\240"
 508      E40E5EFC 
 508      99FFE7DF 
 508      6B002B92 
 508      74A0
 509 1d6e FCFEF8C7 		.ascii	"\374\376\370\307\317\374\350\310|\353\317\323\307\264"
 509      CFFCE8C8 
 509      7CEBCFD3 
 509      C7B4
 510 1d7c 6A15293D 		.ascii	"j\025)=\377\007\\\336\304\200"
 510      FF075CDE 
 510      C480
 511              		.text
 512              		.section	.gnu.lto_.symtab.4a1d7eac3d515e15,"",%progbits
 513 0000 6D61696E 		.ascii	"main\000"
 513      00
 514 0005 00       		.ascii	"\000"
 515 0006 00       		.ascii	"\000"
 516 0007 00       		.ascii	"\000"
 517 0008 00000000 		.ascii	"\000\000\000\000\000\000\000\000"
 517      00000000 
 518 0010 60020000 		.ascii	"`\002\000\000"
 519 0014 53443100 		.ascii	"SD1\000"
 520 0018 00       		.ascii	"\000"
 521 0019 02       		.ascii	"\002"
 522 001a 00       		.ascii	"\000"
 523 001b 00000000 		.ascii	"\000\000\000\000\000\000\000\000"
 523      00000000 
 524 0023 89020000 		.ascii	"\211\002\000\000"
 525 0027 63687072 		.ascii	"chprintf\000"
 525      696E7466 
 525      00
 526 0030 00       		.ascii	"\000"
 527 0031 02       		.ascii	"\002"
 528 0032 00       		.ascii	"\000"
 529 0033 00000000 		.ascii	"\000\000\000\000\000\000\000\000"
 529      00000000 
 530 003b 75020000 		.ascii	"u\002\000\000"
 531 003f 72656164 		.ascii	"read_motor_speed\000"
 531      5F6D6F74 
 531      6F725F73 
 531      70656564 
 531      00
 532 0050 00       		.ascii	"\000"
 533 0051 02       		.ascii	"\002"
 534 0052 00       		.ascii	"\000"
 535 0053 00000000 		.ascii	"\000\000\000\000\000\000\000\000"
 535      00000000 
 536 005b 79020000 		.ascii	"y\002\000\000"
 537 005f 63685468 		.ascii	"chThdSleep\000"
 537      64536C65 
 537      657000
 538 006a 00       		.ascii	"\000"
 539 006b 02       		.ascii	"\002"
ARM GAS  /tmp/cczRgF7q.s 			page 42


 540 006c 00       		.ascii	"\000"
 541 006d 00000000 		.ascii	"\000\000\000\000\000\000\000\000"
 541      00000000 
 542 0075 7D020000 		.ascii	"}\002\000\000"
 543 0079 6D6F7665 		.ascii	"move_motor\000"
 543      5F6D6F74 
 543      6F7200
 544 0084 00       		.ascii	"\000"
 545 0085 02       		.ascii	"\002"
 546 0086 00       		.ascii	"\000"
 547 0087 00000000 		.ascii	"\000\000\000\000\000\000\000\000"
 547      00000000 
 548 008f 82020000 		.ascii	"\202\002\000\000"
 549 0093 696E6974 		.ascii	"init_pins\000"
 549      5F70696E 
 549      7300
 550 009d 00       		.ascii	"\000"
 551 009e 02       		.ascii	"\002"
 552 009f 00       		.ascii	"\000"
 553 00a0 00000000 		.ascii	"\000\000\000\000\000\000\000\000"
 553      00000000 
 554 00a8 85020000 		.ascii	"\205\002\000\000"
 555 00ac 626F6172 		.ascii	"board_init\000"
 555      645F696E 
 555      697400
 556 00b7 00       		.ascii	"\000"
 557 00b8 02       		.ascii	"\002"
 558 00b9 00       		.ascii	"\000"
 559 00ba 00000000 		.ascii	"\000\000\000\000\000\000\000\000"
 559      00000000 
 560 00c2 87020000 		.ascii	"\207\002\000\000"
 561              		.text
 562              		.section	.gnu.lto_.opts,"",%progbits
 563 0000 272D666D 		.ascii	"'-fmath-errno' '-fsigned-zeros' '-ftrapping-math' '"
 563      6174682D 
 563      6572726E 
 563      6F272027 
 563      2D667369 
 564 0033 2D666E6F 		.ascii	"-fno-trapv' '-fno-openmp' '-fno-openacc' '-mcpu=cor"
 564      2D747261 
 564      70762720 
 564      272D666E 
 564      6F2D6F70 
 565 0066 7465782D 		.ascii	"tex-m4' '-mno-thumb-interwork' '-mthumb' '-ggdb' '-"
 565      6D342720 
 565      272D6D6E 
 565      6F2D7468 
 565      756D622D 
 566 0099 4F322720 		.ascii	"O2' '-fomit-frame-pointer' '-falign-functions=16' '"
 566      272D666F 
 566      6D69742D 
 566      6672616D 
 566      652D706F 
 567 00cc 2D666675 		.ascii	"-ffunction-sections' '-fdata-sections' '-fno-common"
 567      6E637469 
 567      6F6E2D73 
 567      65637469 
ARM GAS  /tmp/cczRgF7q.s 			page 43


 567      6F6E7327 
 568 00ff 2720272D 		.ascii	"' '-flto'\000"
 568      666C746F 
 568      2700
 569              		.text
 570              		.comm	__gnu_lto_v1,1,1
 571              		.comm	__gnu_lto_slim,1,1
 572              		.ident	"GCC: (15:6.3.1+svn253039-1build1) 6.3.1 20170620"
ARM GAS  /tmp/cczRgF7q.s 			page 44


DEFINED SYMBOLS
                            *ABS*:0000000000000000 main.c
                            *COM*:0000000000000001 __gnu_lto_v1
                            *COM*:0000000000000001 __gnu_lto_slim

NO UNDEFINED SYMBOLS
