ARM GAS  /tmp/ccf3ylHv.s 			page 1


   1              		.cpu cortex-m4
   2              		.eabi_attribute 20, 1
   3              		.eabi_attribute 21, 1
   4              		.eabi_attribute 23, 3
   5              		.eabi_attribute 24, 1
   6              		.eabi_attribute 25, 1
   7              		.eabi_attribute 26, 1
   8              		.eabi_attribute 30, 2
   9              		.eabi_attribute 34, 1
  10              		.eabi_attribute 18, 4
  11              		.file	"nvic.c"
  12              		.text
  13              	.Ltext0:
  14              		.section	.gnu.lto_.profile.ed2d175855c5f8ba,"",%progbits
  15 0000 789C6365 		.ascii	"x\234ce`b`a```d\220\022\003\000\000\312\000="
  15      60626061 
  15      60606064 
  15      90120300 
  15      00CA003D 
  16              		.text
  17              		.section	.gnu.lto_.icf.ed2d175855c5f8ba,"",%progbits
  18 0000 789C6365 		.ascii	"x\234ce`b\220b@\000\026\206\027\337\372'q3~\336ur'\033"
  18      60629062 
  18      40001686 
  18      17DFFA27 
  18      71337EDE 
  19 0018 D385E635 		.ascii	"\323\205\3465\217\270\231;\356\375hab\000\000\253P\014"
  19      8FB8993B 
  19      EEFD6861 
  19      620000AB 
  19      500C
  20 002a 3B       		.ascii	";"
  21              		.text
  22              		.section	.gnu.lto_.jmpfuncs.ed2d175855c5f8ba,"",%progbits
  23 0000 789C6365 		.ascii	"x\234ce`b\220b@\000\026\006&FF\346\372zF \250g\202\260"
  23      60629062 
  23      40001606 
  23      264646E6 
  23      FA7A4620 
  24 0018 99416C06 		.ascii	"\231Al\006\000)\250\003:"
  24      0029A803 
  24      3A
  25              		.text
  26              		.section	.gnu.lto_.inline.ed2d175855c5f8ba,"",%progbits
  27 0000 789C4D8C 		.ascii	"x\234M\214\321\021\2000\014B!M\323\350\217#\324\011"
  27      D1118030 
  27      0C42214D 
  27      D3E88F23 
  27      D409
  28 0012 5CD2453A 		.ascii	"\\\322E:\222\2438\202\261\236U>\270\343\036\220!\330"
  28      92A33882 
  28      B19E553E 
  28      B8E31E90 
  28      21D8
  29 0024 F1498179 		.ascii	"\361I\201y\242pe\204\333\324\316\015\326\252@\216E\021"
  29      A2706584 
  29      DBD4CE0D 
ARM GAS  /tmp/ccf3ylHv.s 			page 2


  29      D6AA408E 
  29      4511
  30 0036 C9833808 		.ascii	"\311\2038\010/d\257$m\365\251\004\325~\"\310J\366\227"
  30      2F64AF24 
  30      6DF5A904 
  30      D57E22C8 
  30      4AF697
  31 0049 14BBDF41 		.ascii	"\024\273\337A(\241\330;\035pLq\001\226\277\015\245"
  31      28A1D83B 
  31      1D704C71 
  31      0196BF0D 
  31      A5
  32              		.text
  33              		.section	.gnu.lto_.pureconst.ed2d175855c5f8ba,"",%progbits
  34 0000 789C6365 		.ascii	"x\234ce`b\340d```a\220b\224b\222b\226\002\000\002\321"
  34      6062E064 
  34      60606061 
  34      90629462 
  34      92629602 
  35 0017 0083     		.ascii	"\000\203"
  36              		.text
  37              		.section	.gnu.lto_nvicEnableVector.ed2d175855c5f8ba,"",%progbits
  38 0000 789C9D53 		.ascii	"x\234\235S\317k\023Q\020~\337N\222M\3324\236\305`{\020"
  38      CF6B1351 
  38      107EDF4E 
  38      924DDA34 
  38      9EC5607B 
  39 0015 4A2F5972 		.ascii	"J/Yr\021\004Aj\321[\021\364\017\220\030\205\006LRZ)"
  39      1104416A 
  39      D15B11F4 
  39      0F901885 
  39      064C525A 
  40 002a DEFA9AD4 		.ascii	"\336\372\232\324\004\253h\3216\261b\330\010\325\376"
  40      04AB68D1 
  40      36B162D8 
  40      08D5FE
  41 0039 B24D5BAB 		.ascii	"\262M[\2536U!\204\202\344PE\361&xhE\311\241R\203\007"
  41      36552184 
  41      82E45045 
  41      F1267868 
  41      45C9A152 
  42 004f 0F6D75DE 		.ascii	"\017mu\336n@A=\350\203\367cf\276of\276\367v\235B\023"
  42      6E40413D 
  42      E883F763 
  42      66BE6F66 
  42      BEF7769D 
  43 0065 47498863 		.ascii	"GI\210cB\210}<A\002\332\360K!\006\334\032\240\016\322"
  43      42887D3C 
  43      4102DAF0 
  43      4B2106DC 
  43      1AA00ED2 
  44 0079 0DD1AFA1 		.ascii	"\015\321\257\241\037\327)K(\247?\026\265\266\011\311"
  44      1FD7294B 
  44      28A73F16 
  44      B5B609C9 
  45 0089 A394ADED 		.ascii	"\243\224\255\355\225\223%\230L\037\343\251\006&\320"
  45      95932598 
ARM GAS  /tmp/ccf3ylHv.s 			page 3


  45      4C1FE3A9 
  45      0626D0
  46 0098 C6A8D783 		.ascii	"\306\250\327\203\363w\350\032\231\0048\330\374\262v"
  46      F377E81A 
  46      990438D8 
  46      FCB276
  47 00a7 7BC3A74C 		.ascii	"{\303\247L\015-l\356\310\221\214\217\216@\360y\254<"
  47      0D2D6CEE 
  47      C8918C8F 
  47      8E40F079 
  47      AC3C
  48 00b9 FAAEA9F5 		.ascii	"\372\256\251\365\236\224\011YZ\035!y\300$\3024\210\023"
  48      9E940959 
  48      5A1D2179 
  48      C024C234 
  48      8813
  49 00cb 620A7E4C 		.ascii	"b\012~L\302/\330%0\203V\206\317$>m\022\265[\324\313"
  49      C22FD825 
  49      30835686 
  49      CF243E6D 
  49      12B55BD4 
  50 00e0 959D0DBD 		.ascii	"\225\235\015\275N\3750Z\247>\370\003u\026\255\012\277"
  50      4EFD305A 
  50      A73EF803 
  50      7516AD0A 
  50      BF
  51 00f1 BEB03BDA 		.ascii	"\276\260;\332\344r\330\275b\016.\360^x\203\222\334\375"
  51      E472D8BD 
  51      620E2EF0 
  51      5E788392 
  51      DCFD
  52 0103 9E96A5B7 		.ascii	"\236\226\245\267\367\221=\356\005\024\\c\242\203\324"
  52      F7913DEE 
  52      05145C63 
  52      A283D4
  53 0112 E284AAAC 		.ascii	"\342\204\252\254\363\321\351V\213\207\027\227\020C\234"
  53      F3D1E956 
  53      8B871797 
  53      10439C
  54 0121 435DCE15 		.ascii	"C]\316\025\322\324NU$j\351\235B\203J\233#-G\020U$\267"
  54      D2D44E55 
  54      246AE99D 
  54      42834A9B 
  54      232D4710 
  55 0138 52B01DC4 		.ascii	"R\260\035\304\276_\257\305\005\007\012\334^\025\345"
  55      BE5FAFC5 
  55      05070ADC 
  55      5E15E5
  56 0147 4CA55961 		.ascii	"L\245Ya8\232\271T~\245\253\250n\311[\272\373\371\233"
  56      389AB954 
  56      7EA5ABA8 
  56      6EC95BBA 
  56      FBF99B
  57 015a D7366539 		.ascii	"\3276e9)}\354\272\261Y[\366\231\310\015\360\355\347"
  57      297DECBA 
  57      B1595BF6 
  57      99C80DF0 
ARM GAS  /tmp/ccf3ylHv.s 			page 4


  57      EDE7
  58 016c F79BE4C6 		.ascii	"\367\233\344\306\002\353\234\347D\212\260\366~qx\217"
  58      02EB9CE7 
  58      448AB0F6 
  58      7E71788F 
  59 017c 312B0707 		.ascii	"1+\007\007d\213I\036,\302\304-\353]T\266\351\257\223"
  59      648B491E 
  59      2CC2C42D 
  59      EB5D54B6 
  59      E9AF93
  60 018f 142CA860 		.ascii	"\024,\250`>fR\003\036\302\310\221\323z\263%\004\271"
  60      3E665203 
  60      1EC2C891 
  60      D37AB325 
  60      04B9
  61 01a1 45D5702D 		.ascii	"E\325p-\225[\310\327{\3269\314\304\312\370\312\266\327"
  61      955BC8D7 
  61      7BD639CC 
  61      C4CAF8CA 
  61      B6D7
  62 01b3 EED98947 		.ascii	"\356\331\211GV\317\311\355\324\224\307\006\271m\320"
  62      56CFC9ED 
  62      D494C706 
  62      B96DD0
  63 01c2 CDF1B962 		.ascii	"\315\361\271b\223\0029\321\214\3076h+U\321m\220G\325"
  63      930239D1 
  63      8CC73668 
  63      2B55D16D 
  63      9047D5
  64 01d5 5F7D9172 		.ascii	"_}\221r\333i\200'\3603\325Vo\324\325\377\213\266F,["
  64      DB698027 
  64      F033D556 
  64      6FD4D5FF 
  64      8BB6462C 
  65 01ea DAF0BBB6 		.ascii	"\332\360\273\266>\223\274(*m\272\245mEi\363X\245\252"
  65      3E93BC28 
  65      2A6DBAA5 
  65      6D4569F3 
  65      58A5AA
  66 01fd 431B8DFF 		.ascii	"C\033\215\377U\354\251UL\373K\261g?\213=\267\213m\""
  66      55ECA955 
  66      4CFB4BB1 
  66      673F8B3D 
  66      B78B6D22 
  67 0211 912F5CB5 		.ascii	"\221/\\\265\256\321\372)\206\270Q\376H8\301a\243+\036"
  67      AED1FA29 
  67      86B851FE 
  67      4838C161 
  67      A32B1E
  68 0224 3D6784CE 		.ascii	"=g\204\316\206\242FGW\344L\344\304\251\323\301\203\201"
  68      86A24647 
  68      57E44CE4 
  68      C4A9D3C1 
  68      8381
  69 0236 60E09011 		.ascii	"`\340\220\021\3575\272B\347\215\356x\317\205^#\034\217"
  69      EF35BA42 
  69      E78DEE78 
ARM GAS  /tmp/ccf3ylHv.s 			page 5


  69      CF855E23 
  69      1C8F
  70 0248 46E331A3 		.ascii	"F\3431\243\375dgG\347E#\326\027\011\007\302\0021GwO"
  70      FD646747 
  70      E74523D6 
  70      170907C2 
  70      02314777 
  71 025d 24FE03CE 		.ascii	"$\376\003\316\325\034\244"
  71      D51CA4
  72              		.text
  73              		.section	.gnu.lto_nvicDisableVector.ed2d175855c5f8ba,"",%progbits
  74 0000 789C9592 		.ascii	"x\234\225\222\313k\023Q\024\306\3577g\362\250m\342V"
  74      CB6B1351 
  74      14C6EF37 
  74      67F2A86D 
  74      E256
  75 0012 30681742 		.ascii	"0h\027B\351&\227\331\010\202\240\245\340\256\010\372"
  75      E92697D9 
  75      0882A0A5 
  75      E0AE08FA 
  76 0022 07488C85 		.ascii	"\007H\214\205\004LF\254\024w\275\351c\012-j\3216\265"
  76      044C46AC 
  76      1477BDE9 
  76      630A2D6A 
  76      D136B5
  77 0035 62980891 		.ascii	"b\230\010\221\246\255m\372\210\332\272\012A\220\200"
  77      A6AD6DFA 
  77      88DABA0A 
  77      419080
  78 0044 51145C09 		.ascii	"Q\024\\\011.\254\210]T\264t\341\242V\317\235q!\270\362"
  78      2EAC885D 
  78      54B474E1 
  78      A256CF9D 
  78      7121B8F2 
  79 0058 C27D9C3B 		.ascii	"\302}\234;\277s\276s\316\235\2000D\257!\304i!\304a\236"
  79      BF73BE73 
  79      CE9D8030 
  79      44AF21C4 
  79      6921C461 
  80 006d 200163E2 		.ascii	" \001c\342\225\020\271\260\001\350\203\012C\014\030"
  80      9510B9B0 
  80      01E8830A 
  80      430C18
  81 007c 18C02D9A 		.ascii	"\030\300-\232&\324G?o\030\235\263\212Gm\272\032t\324"
  81      26D4473F 
  81      6F189DB3 
  81      8A476DBA 
  81      1A74D4
  82 008f C8219784 		.ascii	"\310!\227\204\230\341\251\007f\321\311\324\233\341\345"
  82      98E1A907 
  82      66D1C9D4 
  82      9BE1E5
  83 009e FB74935C 		.ascii	"\373t\223\\\002L6\2777\357mF\265i\240\235\315\237j2"
  83      024C36BF 
  83      37EF6D46 
  83      B569A09D 
  83      CD9F6A32 
ARM GAS  /tmp/ccf3ylHv.s 			page 6


  84 00b2 1FA55310 		.ascii	"\037\245S\020|\236\251O\275\217t<TjP\325^N\222:\346"
  84      7C9EA94F 
  84      BD8F743C 
  84      546A50D5 
  84      5E4E923A 
  85 00c7 12611EC4 		.ascii	"\022a\036\304\0011\207\030\312\210\011\276\022X@\207"
  85      01318718 
  85      CA8809BE 
  85      12584087 
  86 00d7 E63FAEEC 		.ascii	"\346?\256\354OE\202\246/\210G\010\202\367\312[\324\324"
  86      4F4582A6 
  86      2F884708 
  86      82F7CA5B 
  86      D4D4
  87 00e9 FEAF5155 		.ascii	"\376\257QU\373T\302\2733a@\343\006;\232\244\027\223"
  87      FB54C2BB 
  87      336140E3 
  87      063B9AA4 
  87      1793
  88 00fb 97801063 		.ascii	"\227\200\020c\354\243+\032'C\357\264\205\241\035\247"
  88      ECA32B1A 
  88      2743EFB4 
  88      85A11DA7 
  89 010b B956848E 		.ascii	"\271V\204\216S \243@`\205F\351\331^\233N6\200\000\026"
  89      5320A340 
  89      608546E9 
  89      D95E9B4E 
  89      36800016 
  90 011f 599EB13D 		.ascii	"Y\236\261=g\256\305\207\310\207\356\224\2266\"\0322"
  90      67AEC587 
  90      C887EE94 
  90      9636221A 
  90      32
  91 0130 71144B3E 		.ascii	"q\024K>\364\315i\204|H\327\\}\376\302\011\373a\200\012"
  91      F4CD6984 
  91      7C48D75C 
  91      7DFEC209 
  91      FB61800A 
  92 0144 62ECCA50 		.ascii	"b\354\312P=\337\220\232a ?R\177\035\322@\320kD\365\301"
  92      3DDF909A 
  92      61203F52 
  92      7F1DD240 
  92      D06B44F5 
  93 0159 D71F6DBE 		.ascii	"\327\037m\276\251\352C*\312W\267\267w\326\243.\0129"
  93      A9EA432A 
  93      CA57B7B7 
  93      77D6A32E 
  93      0A39
  94 016b 6E76F188 		.ascii	"nv\361\210K!\254pG\226YM;4?\254N\034\224\213j8\247\332"
  94      4B21AC70 
  94      4796594D 
  94      3B343FAC 
  94      4E1C948B 
  95 0183 5D0A6315 		.ascii	"]\012c\025.\356z\317\240\243\315\357\226\311\252\350"
  95      2EEE7ACF 
  95      A0A3CDEF 
  95      96C9AAE8 
ARM GAS  /tmp/ccf3ylHv.s 			page 7


  96 0193 8FC57E97 		.ascii	"\217\305~\227Z\260\006\311\025zOT\205\305)\352dv\277"
  96      5AB006C9 
  96      157A4F54 
  96      85C529EA 
  96      6476BF
  97 01a6 9437437F 		.ascii	"\2247C\177\322\371\037\261\003x\354\211\341_\261\254"
  97      D2F91FB1 
  97      0378EC89 
  97      E15FB1AC 
  98 01b6 4BAD78A2 		.ascii	"K\255x\242\305\340\211=\205\365w\255\255\020X\347\230"
  98      C5E0893D 
  98      85F577AD 
  98      AD1058E7 
  98      98
  99 01c7 DB182C2E 		.ascii	"\333\030,.\334\360\032\357\3757c\214\363\223p\202'e"
  99      DCF01AEF 
  99      FD37638C 
  99      F3937082 
  99      2765
 100 01d9 CACEF4CA 		.ascii	"\312\316\364\312\304\245DFv\247\322\027\323g\317_\260"
 100      C4A54446 
 100      76A7D217 
 100      D367CF5F 
 100      B0
 101 01ea 8EC7ADF8 		.ascii	"\216\307\255\370\011i\367\311T\342\262\274b_\275\326"
 101      0969F7C9 
 101      54E2B2BC 
 101      625FBDD6 
 102 01fa 27937626 		.ascii	"'\223v&cge\327\271\236\356\236\3532\333\237N\306\223"
 102      636765D7 
 102      B99EEE9E 
 102      EB32DB9F 
 102      4EC693
 103 020d 02D9DFA7 		.ascii	"\002\331\337\247\377\327\261"
 103      FFD7B1
 104              		.text
 105              		.section	.gnu.lto_nvicSetSystemHandlerPriority.ed2d175855c5f8ba,"",%progbits
 106 0000 789C6D51 		.ascii	"x\234mQMk\023Q\024\275gn\222\031\005\273.\332E\027B"
 106      4D6B1351 
 106      14BD676E 
 106      921905BB 
 106      2EDA4517 
 107 0015 E8C23CB2 		.ascii	"\350\302<\262\021\004A$\013\027R\004\375\001\022\323"
 107      11044124 
 107      0B175204 
 107      FD0112D3 
 108 0025 42024DA6 		.ascii	"B\002M\246\244\"\356\372\222\264\015V\250\242\246\251"
 108      A422EEFA 
 108      92B40D56 
 108      A8A2A6A9 
 109 0035 E2308122 		.ascii	"\3420\201\"\325\326\232V\335\004\203\204\254\314\242"
 109      D5D69A56 
 109      DD048384 
 109      ACCCA2
 110 0044 8A2EBBD3 		.ascii	"\212.\273\323\212\0220\340G\267V\357\033Sp\321\007\357"
 110      8A1230E0 
 110      47B756EF 
ARM GAS  /tmp/ccf3ylHv.s 			page 8


 110      1B5370D1 
 110      07EF
 111 0056 E37E9CFB 		.ascii	"\343~\234\373\316\2717L\026\365@t\236\210\216\311\006"
 111      CEB9374C 
 111      16F54074 
 111      9E888EC9 
 111      06
 112 0067 13ACDB6F 		.ascii	"\023\254\333o\211\012\216\005\230\207v@\323\026\246"
 112      890A8E05 
 112      98877640 
 112      D316A6
 113 0076 718BAB8C 		.ascii	"q\213\253\214v\371K\303\032Y\321\262Z\325\335\310\234"
 113      76F94BC3 
 113      1A59D1B2 
 113      5AD5DDC8 
 113      9C
 114 0087 9E1DF499 		.ascii	"\236\035\364\231\350\276l\263\260\202\021\311z?\263"
 114      E8BE6CB3 
 114      B08211C9 
 114      7A3FB3
 115 0096 F19017D8 		.ascii	"\361\220\027\330g $\346\217\255\007;\003\306\2640,f"
 115      672024E6 
 115      8FAD073B 
 115      03C6B430 
 115      2C66
 116 00a8 E9EEEBA6 		.ascii	"\351\356\353\246\303g@\362\356\351N!\022}\244uQ\267"
 116      C36740F2 
 116      EEE94E21 
 116      127DA475 
 116      51B7
 117 00ba 3E57581F 		.ascii	">WX\037\367\231\261\012\226\202x\202!<\306\020\211\213"
 117      F799B10A 
 117      96827882 
 117      213CC610 
 117      898B
 118 00cc B086A8A4 		.ascii	"\260\206\250\244\257\025\277\366\230\317\005\320\033"
 118      AF15BFF6 
 118      98CF05D0 
 118      1B
 119 00d9 9DDF3B76 		.ascii	"\235\337;v\037\272[\355C\237\036\000]G\324\344\177\332"
 119      1FBA5BED 
 119      439F1E00 
 119      5D47D4E4 
 119      7FDA
 120 00eb DCAB1C89 		.ascii	"\334\253\034\211\204\226\367\351\342\031\"\242\234\352"
 120      8496F7E9 
 120      E21922A2 
 120      9CEA
 121 00f9 1FD0D27B 		.ascii	"\037\320\322{\177\312B`p\373\227c\003\006a\0116\304"
 121      7FCA4260 
 121      70FB9763 
 121      03066109 
 121      36C4
 122 010b E608C37C 		.ascii	"\346\010\303|N4/ \323\220\233l\231\233\273(\376,o5\232"
 122      4E342F20 
 122      D3909B6C 
 122      999BBB28 
ARM GAS  /tmp/ccf3ylHv.s 			page 9


 122      FE2C6F35 
 123 0120 30853CB6 		.ascii	"0\205<\266<\006uQ\372>\327w\260\370\376\357E\030!\324"
 123      3C067551 
 123      FA3ED777 
 123      B0F8FEEF 
 123      451821D4 
 124 0134 855317ED 		.ascii	"\205S\027\355\305\316\011\223#\321\305\331\366;\333"
 124      C5CE0993 
 124      23D1C5D9 
 124      F63BDB
 125 0143 442381A6 		.ascii	"D#\201\246B\243y/\374\317\324\333%=`\360K\305\217\216"
 125      42A3792F 
 125      FCCFD4DB 
 125      253D60F0 
 125      4BC58F8E 
 126 0157 0FAF202D 		.ascii	"\017\257 -\257\035\365\331\306\246\210\333\220B\006"
 126      AF1DF5D9 
 126      C6A688DB 
 126      904206
 127 0166 F0ADF266 		.ascii	"\360\255\362f\365\260Z\3273\005=\354\263\203\347\360"
 127      F5B05AD7 
 127      33053DEC 
 127      B383E7F0 
 128 0176 B1140C43 		.ascii	"\261\024\014C\202\313w\274D\274nb\265\234\317\207\360"
 128      82CB77BC 
 128      44BC6E62 
 128      B59CCF87 
 128      F0
 129 0187 02CAE370 		.ascii	"\002\312\343p0\247\227\210\013C\031}\261\366j! \034"
 129      30A79788 
 129      0B43197D 
 129      B1F66A21 
 129      201C
 130 0199 CC6F5E34 		.ascii	"\314o^4\2106\213\350\264J\273\331q\225\034KfU\"\235"
 130      88368BE8 
 130      B44ABBD9 
 130      71951C4B 
 130      6655229D 
 131 01ad B992B970 		.ascii	"\271\222\271p\351r\374d,\036;\245\334)\225NN\250I7\177"
 131      E972FC64 
 131      2C1E3BA5 
 131      DC29954E 
 131      4EA84937 
 132 01c2 754AA5DC 		.ascii	"uJ\245\334l\326\315\251\263\027G\023\243\327U\356Z&"
 132      6CD6CDA9 
 132      B3174713 
 132      A3D755EE 
 132      5A26
 133 01d4 154B919D 		.ascii	"\025K\221\235N\346\306&\306\363\241\311|\306\375\013"
 133      4EE6C626 
 133      C6F3A1C9 
 133      7CC6FD0B 
 134 01e4 376AB368 		.ascii	"7j\263h"
 135              		.text
 136              		.section	.gnu.lto_nvicClearPending.ed2d175855c5f8ba,"",%progbits
 137 0000 789C2D51 		.ascii	"x\234-Q\317kSA\020\236\357\315{I\012M\274\012\006\355"
 137      CF6B5341 
ARM GAS  /tmp/ccf3ylHv.s 			page 10


 137      109EEFCD 
 137      7B490A4D 
 137      BC0A06ED 
 138 0014 412845C8 		.ascii	"A(E\310\222\213 \010*=x*\202\376\001\022\243\220\200"
 138      928B2008 
 138      2A3D782A 
 138      82FE0112 
 138      A39080
 139 0027 C9132BC5 		.ascii	"\311\023+\305[7i\233`\005[\264M\255\030^\304H\177h\233"
 139      5B37699B 
 139      60055BB4 
 139      4DAD185E 
 139      C4487F68 
 140 003c B67AB0F5 		.ascii	"\266z\260\365\022\036^z\250R\257\212\007\005\301C\213"
 140      121E5E7A 
 140      A852AF8A 
 140      0705C143 
 140      8B
 141 004d 861E3CB4 		.ascii	"\206\036<\264\325\331\367\\\330\335\231o\277\371fv\306"
 141      D5D9F75C 
 141      D8DD996F 
 141      BFF96676 
 141      C6
 142 005e 218B7641 		.ascii	"!\213vAt\236\210\216\311\006\023\254\311\017D\245\230"
 142      749E888E 
 142      C90613AC 
 142      C90F44A5 
 142      98
 143 006f 051843C7 		.ascii	"\005\030C\307@\303\026\2061\3013\014\277\372c\335\352"
 143      40C31686 
 143      31C1330C 
 143      BFFA63DD 
 143      EA
 144 0080 9BD3B2DA 		.ascii	"\233\323\262\3323\033\321\212\036;\3521\321\254l\263"
 144      331BD18A 
 144      1E3BEA31 
 144      D1AC6CB3 
 145 0090 30873E61 		.ascii	"0\207>am\217\256<\345\007\3541`\213\373{\353\311\367"
 145      6D8FAE3C 
 145      E507EC31 
 145      608BFB7B 
 145      EBC9F7
 146 00a3 84712DF4 		.ascii	"\204q-\364\210{\240\247j\011>\007\022{\326\237\376\034"
 146      887BA0A7 
 146      6A093E07 
 146      127BD69F 
 146      FE1C
 147 00b5 EF7DA175 		.ascii	"\357}\241uY\267\337O\261>\3511c\021,\202X@\022\363H"
 147      59B7DF4F 
 147      B13EE931 
 147      63112C82 
 147      584012F3 
 148 00ca 92408497 		.ascii	"\222@\204\227\3505\374o\253\207\323\361\210\035&\304"
 148      E835FC6F 
 148      AB87D3F1 
 148      881D26C4 
 149 00da 2B44A476 		.ascii	"+D\244vj}B[\037\376\255\352\366\227&\266/\306\000C\267"
ARM GAS  /tmp/ccf3ylHv.s 			page 11


 149      6A7D425B 
 149      1FFEADEA 
 149      F69726B6 
 149      2FC60043 
 150 00ef 24D06673 		.ascii	"$\320fs\330r8\216\261\210\306%\320|\353>[\346\346\237"
 150      D872388E 
 150      B188C625 
 150      D07CEB3E 
 150      5BE6E69F 
 151 0103 18E9540E 		.ascii	"\030\351T\016\3365`\304\352l\325\031\222f\263\271\261"
 151      DE3560C4 
 151      EA6CD519 
 151      9266B3B9 
 151      B1
 152 0114 DF6D2A76 		.ascii	"\337m*v\340`Ij\020\332~\345^WH\342\220\364\250\271\274"
 152      E060496A 
 152      10DA7EE5 
 152      5E5748E2 
 152      90F4A8B9 
 153 0129 1E37241B 		.ascii	"\0367$\033'\260\034\222~U\026\242!\311\306\251\244P"
 153      27B01C92 
 153      7E5516A2 
 153      21C9C6A9 
 153      A450
 154 013b 052C77AA 		.ascii	"\005,w\252\377\325\035\201\005\360k\233)\003\210Fm\314"
 154      FFD51D81 
 154      05F06B9B 
 154      29038846 
 154      6DCC
 155 014d FF18351A 		.ascii	"\377\0305\032\221\240\035o\236\355\376\351\016]\355"
 155      91A01D6F 
 155      9EEDFEE9 
 155      0E5DED
 156 015c 8FE88440 		.ascii	"\217\350\204@\017w:o\023\036\352%iy\343\270\307Q\254"
 156      0F773A6F 
 156      131EEA25 
 156      6979E3B8 
 156      C751AC
 157 016f 485F5A92 		.ascii	"H_Z\222\316\004l}]\233<\242\226\364hI\367x\034\303*"
 157      CE046C7D 
 157      5D9B3CA2 
 157      96F46849 
 157      F7781CC3 
 158 0184 3C3C0E86 		.ascii	"<<\016\206a\324\026\367\3469\3352\217\215!\217\273\260"
 158      61D416F7 
 158      E639DD32 
 158      8F8D218F 
 158      BBB0
 159 0196 06255F0C 		.ascii	"\006%_\014\006\365\032i\251\207vPn<\237\010\312\013"
 159      06F51A69 
 159      A9877650 
 159      6E3C9F08 
 159      CA0B
 160 01a8 0638CE30 		.ascii	"\0068\3160m\021\316Y\225s\0137T\346z\246\240\372s\371"
 160      6D11CE59 
 160      95730B37 
 160      54E67AA6 
ARM GAS  /tmp/ccf3ylHv.s 			page 12


 160      A0FA73F9 
 161 01bc 6BF94B57 		.ascii	"k\371KW\256\246O\247\322\2513\312\035T\271\314Mu\313"
 161      AEA64FA7 
 161      D2A933CA 
 161      1D54B9CC 
 161      4D75CB
 162 01cf BD7D6750 		.ascii	"\275}gPe\335B\301-\252\013\227\007\372\007\356\252\342"
 162      65DD42C1 
 162      2DAA0B97 
 162      07FA07EE 
 162      AAE2
 163 01e1 503E9BCA 		.ascii	"P>\233\312\022\212\377\000\033\235\257["
 163      128AFF00 
 163      1B9DAF5B 
 164              		.text
 165              		.section	.gnu.lto_.symbol_nodes.ed2d175855c5f8ba,"",%progbits
 166 0000 789C6365 		.ascii	"x\234ce`b\360b\000\002\246\211L\365\014\014\023\316"
 166      6062F062 
 166      0002A689 
 166      4CF50C0C 
 166      13CE
 167 0012 313000A9 		.ascii	"10\000\251]\015\216@\221IL\365\214\250\"\223\231\352"
 167      5D0D8E40 
 167      91494CF5 
 167      8CA82293 
 167      99EA
 168 0024 995045A6 		.ascii	"\231PE\2460\3253\243\2100\000\000\267\000\022\016"
 168      30D533A3 
 168      88300000 
 168      B700120E 
 169              		.text
 170              		.section	.gnu.lto_.refs.ed2d175855c5f8ba,"",%progbits
 171 0000 789C6365 		.ascii	"x\234ce`b`d\000\002\000\000I\000\011"
 171      60626064 
 171      00020000 
 171      490009
 172              		.text
 173              		.section	.gnu.lto_.decls.ed2d175855c5f8ba,"",%progbits
 174 0000 789CBD59 		.ascii	"x\234\275Y{P\224\327\025\337\373\335\005\226\005\321"
 174      7B5094D7 
 174      15DFFBDD 
 174      059605D1 
 175 0010 22D39896 		.ascii	"\"\323\230\226t2\216\2310\323\326\305<\232\244\323N"
 175      74328E99 
 175      30D3D6C5 
 175      3C9AA4D3 
 175      4E
 176 0021 25AB56A6 		.ascii	"%\253V\246c\302,\306\351\177\014\342\246\322\341\221"
 176      63C22CC6 
 176      E97F0CE2 
 176      A6D2E191 
 177 0031 016C3533 		.ascii	"\001l53\235~\312\022\021#\005\205( \021AD\005E\004A"
 177      9D7ECA12 
 177      11230585 
 177      28201141 
 177      44054504 
 178 0046 45744145 		.ascii	"EtAE\036\202\010\"\362~\010\210\010\312C# \201\236\373"
ARM GAS  /tmp/ccf3ylHv.s 			page 13


 178      1E820822 
 178      F27E0888 
 178      08CA4323 
 178      20819EFB 
 179 005a F8763F3E 		.ascii	"\370v?>w\235\374\321\3517\236\335=\367\376\356\271\277"
 179      779DFCD1 
 179      E9379EDD 
 179      3DF7FEEE 
 179      B9BF
 180 006c 7BCEBDE7 		.ascii	"{\316\275\347\236\017\035T\202\352\217o\252T\037\013"
 180      9E0F1D54 
 180      82EA8F6F 
 180      AA541F0B 
 181 007c 2AD521A4 		.ascii	"*\325!\244R\315\303\343\240R\251N\253\254\217\032\344"
 181      52CDC3E3 
 181      A052A94E 
 181      ABAC8F1A 
 181      E4
 182 008d 12C81510 		.ascii	"\022\310\025\0203H\205\352\325g\033\214]\004\337\233"
 182      334885EA 
 182      D5671B8C 
 182      5D04DF9B 
 183 009d 40DC413C 		.ascii	"@\334A<@\012A<A\336\005\371\234\264\001f)H;\374n\003"
 183      400A413C 
 183      41DE05F9 
 183      9CB40166 
 183      29483BFC 
 184 00b3 790C320C 		.ascii	"y\0142\014\202A\004hw\006q\002A|>\345\363/\350p\265"
 184      82410468 
 184      77067102 
 184      417C3EE5 
 184      F32FE870 
 185 00c8 3187D2BE 		.ascii	"1\207\322\276dW\232\007\226\246\322 6\007\342\353P>"
 185      64579A07 
 185      96A6D220 
 185      3607E2EB 
 185      503E
 186 00da 3BA1436B 		.ascii	";\241Ck\207?\261m\204\376 \020\037\304l\022;\177\341"
 186      873FB16D 
 186      84FE2010 
 186      1FC46C12 
 186      3B7FE1
 187 00ed F6CC5C8F 		.ascii	"\366\314\\\217B\013m\306\330\261I\370\372\331\340K\206"
 187      420B6DC6 
 187      D8B149F8 
 187      FAD9E04B 
 187      86
 188 00fe 3B739BB6 		.ascii	";s\233\266||\020\243\342}\327\313\204.\324\201`Mh\011"
 188      7C7C10A3 
 188      E27DD7CB 
 188      842ED481 
 188      604D6809 
 189 0112 6D45887D 		.ascii	"mE\210}\"*T\235\227\036\204h;\264\012*nXjB\322\010\256"
 189      222A549D 
 189      971E8468 
 189      3BB40A2A 
 189      6E586A42 
ARM GAS  /tmp/ccf3ylHv.s 			page 14


 190 0129 0B5C15B8 		.ascii	"\013\\\025\270I\372\217\017F2\213\254\233\315$=\214"
 190      49FA8F0F 
 190      46328BAC 
 190      9BCD243D 
 190      8C
 191 013a 3BFB4187 		.ascii	";\373A\207I\243\221`\235\000!\371\000\231AF\233\367"
 191      49A39160 
 191      9D0021F9 
 191      00994146 
 191      9BF7
 192 014c 5BF8A9AC 		.ascii	"[\370\251\254\213C\322\352\307Sn\015j\273Q'i\315X\215"
 192      8B43D2EA 
 192      C7536E0D 
 192      6ABB5127 
 192      69CD588D 
 193 0160 685BDADD 		.ascii	"h[\332\335\276,\001Ch\341w\367\364\211u+\363D\366h~"
 193      BE2C0143 
 193      68E177F7 
 193      F489752B 
 193      F344F668 
 194 0175 6D755B67 		.ascii	"mu[g\325\311\\\034\217\321\273ZD\346\\\014M\371#\027"
 194      D5C95C1C 
 194      8FD1BB5A 
 194      44E65C0C 
 194      4DF92317 
 195 0189 A717B126 		.ascii	"\247\027\261&\202h\374\317\3041'\354I\177\3371\235="
 195      8268FCCF 
 195      C43127EC 
 195      497FDF31 
 195      9D3D
 196 019b 4CD0EE5A 		.ascii	"L\320\356Z\244&\263\326\245>p\003\325C\213\336>\210"
 196      A426B3D6 
 196      A53E7003 
 196      D5438BDE 
 196      3E88
 197 01ad 85949A96 		.ascii	"\205\224\232\226\0125\362\322\036'\223\230\347\213\226"
 197      0A35F2D2 
 197      1E279398 
 197      E78B96
 198 01bc 27EE1645 		.ascii	"'\356\026E\001\025 -:\2150:\205V\022\312\357\222\300"
 198      0115202D 
 198      3A8D303A 
 198      855612CA 
 198      EF92C0
 199 01cf C78AE22E 		.ascii	"\307\212\342.1!Zt^\257B\371\310\023\235A\236*t\026y"
 199      31215A74 
 199      5EAF42F9 
 199      C8139D41 
 199      9E2A7416 
 200 01e4 9149090E 		.ascii	"\221I\011\016\345Ac.4\302,'\217%f:\342/\010\001\241"
 200      E541632E 
 200      34C22C27 
 200      8F25663A 
 200      E22F0801 
 201 01f9 F24AFB7D 		.ascii	"\362J\373}5\322z\331\034_dc<\343\362\"mye\014\341R\010"
 201      35D27AD9 
 201      1C5F6463 
ARM GAS  /tmp/ccf3ylHv.s 			page 15


 201      3CE3F222 
 201      6D79650C 
 202 0210 5CCE59B9 		.ascii	"\\\316Y\271\0005\346\206\212\351\356%j\262s\010`\263"
 202      0035E686 
 202      8AE9EE25 
 202      6AB27308 
 202      60B3
 203 0222 9A34C565 		.ascii	"\2324\305eW\317`K\333yD\033o\314\2770/f\016\020\210"
 203      57CF604B 
 203      DB79441B 
 203      6FCCBF30 
 203      2F660E10 
 204 0237 6FC66EA5 		.ascii	"o\306n\245\2730\007,\001\265\366\316D\213\353\262\357"
 204      BB30072C 
 204      01B5F6CE 
 204      448BEBB2 
 204      EF
 205 0248 A893A3C5 		.ascii	"\250\223\243\305%\002\332\364st\001\210\224\000\021"
 205      2502DAF4 
 205      73740188 
 205      940011
 206 0257 15BA8896 		.ascii	"\025\272\210\226\301g1R\263)g\357\357\034q\\\236!f\364"
 206      C1673152 
 206      B32967EF 
 206      EF1C715C 
 206      9E2166F4 
 207 026b 88E6DB27 		.ascii	"\210\346\333'V<<'\212@QT\023\034:i\345\010?\341\363"
 207      563C3C27 
 207      8A405154 
 207      131C3A69 
 207      E5083FE1 
 208 0280 04EA4628 		.ascii	"\004\352F(\007u\301\006\270\204\226\303\360\346\256"
 208      0775C106 
 208      B88496C3 
 208      F0E6AE
 209 028f B2318CAF 		.ascii	"\2621\214\257 d\207\376\365\263\271?\272\331\345RF\271"
 209      206487FE 
 209      F5B3B93F 
 209      BAD9E552 
 209      46B9
 210 02a1 5C96B87C 		.ascii	"\\\226\270|w.\177N\340\\\032\337L\021\315\273D\342-"
 210      772E7F4E 
 210      E05C1ADF 
 210      4C11CDBB 
 210      44E22D
 211 02b4 40A1522B 		.ascii	"@\241R+\223R%\223+\224I\301\324\343h\214\033\030\223"
 211      93522593 
 211      2B9449C1 
 211      D4E3688C 
 211      1B1893
 212 02c7 E38F672E 		.ascii	"\343\217g.\272J\226~i\261D\326t\325j\351\252\322\222"
 212      BA4A967E 
 212      69B144D6 
 212      74D56AE9 
 212      AAD292
 213 02da 995A2ACB 		.ascii	"\231Z*\3139\350\213G\231\241\322\013m/4\334\320\360"
 213      39E88B47 
ARM GAS  /tmp/ccf3ylHv.s 			page 16


 213      99A1D20B 
 213      6D2F34DC 
 213      D0F0
 214 02ec 5B0B2895 		.ascii	"[\013(\225[\015\225+\015UPCy\315GJ]Y\230DO\262Q\313"
 214      5B0D952B 
 214      0D555043 
 214      79CD474A 
 214      5D599844 
 215 0304 7717717D 		.ascii	"w\027q}\314\011\364\244\323\017J\020\323\023<@\037j"
 215      CC09F4A4 
 215      D30F4A10 
 215      D3133C40 
 215      1F6A
 216 0316 CE495DC4 		.ascii	"\316I]\304\342(\036E\320\220>;kR\3439F\245\367\336\\"
 216      E2281E45 
 216      D0903E3B 
 216      6B52E339 
 216      46A5F7DE 
 217 032b 2DDFF5D1 		.ascii	"-\337\365\321\016\344\024\024?\332\357\242\215%\236"
 217      0EE41414 
 217      3FDAEFA2 
 217      8D259E
 218 033a A55B9074 		.ascii	"\245[\220tH\233P\205\252\311\236B:OT\305\266\357d{y"
 218      489B5085 
 218      AAC99E42 
 218      3A4F54C5 
 218      B6EF647B 
 219 034f 86D63D81 		.ascii	"\206\326=\201\242E\361m5\215Q%\300oPx\015r\227\006\021"
 219      A245F16D 
 219      358D5125 
 219      C06F5078 
 219      0D729706 
 220 0364 747F767F 		.ascii	"t\177v\177\2063g\356\010\3727\211}Yn\2349!\326\220\370"
 220      863367EE 
 220      08FA3789 
 220      7D596E9C 
 220      3921D690 
 221 0379 ED013567 		.ascii	"\355\0015gJ\016k|K\342\237p,;\344\367\013\016\234u`"
 221      4A0E6B7C 
 221      4BE29F70 
 221      2C3BE4F7 
 221      0B0E9C75 
 222 038e D8A7043B 		.ascii	"\330\247\004;>\227\235\354h\227g\203\304\3636\343\231"
 222      3E979DEC 
 222      68976783 
 222      C4F336E3 
 222      99
 223 039f 1FD37F52 		.ascii	"\037\323\177R\003\243=!\023 Y\032\360di\240\310<yZ\215"
 223      03A33D21 
 223      1320591A 
 223      F06469A0 
 223      C83C795A 
 224 03b4 F7D29984 		.ascii	"\367\322\231\204\342\242\376T\255\354\244/\276 \212"
 224      E2A2FE54 
 224      ADECA42F 
 224      BE208A
 225 03c3 4B50332C 		.ascii	"KP3,\254\311\032\033O\313A\037\313\024\3612\025z\337"
ARM GAS  /tmp/ccf3ylHv.s 			page 17


 225      ACC91A1B 
 225      4FCB411F 
 225      CB14F132 
 225      157ADF
 226 03d6 1379C331 		.ascii	"\023y\3031\275\013\307\324\223\037\323F\240s\207\037"
 226      BD0BC7D4 
 226      931FD346 
 226      A073871F 
 227 03e6 F32327AE 		.ascii	"\363#'\256/\302\311l\202\224\344\362\"7\313\004p|\013"
 227      2FC2C96C 
 227      8294E4F2 
 227      2237CB04 
 227      707C0B
 228 03f9 E9F1BD0F 		.ascii	"\351\361\275\0173\334\263\316\320\214\354L\321b{\212"
 228      33DCB3CE 
 228      D08CEC4C 
 228      D1627B8A 
 229 0409 C981CB25 		.ascii	"\311\201\313%\216\326P j\257\016\372oQ\217\264\322P"
 229      8ED65020 
 229      6AAF0EFA 
 229      6F518FB4 
 229      D250
 230 041b 3448A1C8 		.ascii	"4H\241\310\310K\031q\"\356\213\376i\326\273\305\230"
 230      C84B1971 
 230      22EE8BFE 
 230      69D6BBC5 
 230      98
 231 042c 6127B9F5 		.ascii	"a'\271\365\266\327Y/\356N\332\303\267d\006\311\245\227"
 231      B6D7592F 
 231      EE4EDAC3 
 231      B76406C9 
 231      A597
 232 043e 3AC7CD2E 		.ascii	":\307\315.L\357!\356\237\0369\324\254\341\201v\003\375"
 232      4CEF21EE 
 232      9F1E39D4 
 232      ACE18176 
 232      03FD
 233 0450 DAE4E171 		.ascii	"\332\344\341qW\234\316\"]\321^\026\313#\375\021\250"
 233      579CCE22 
 233      5DD15E16 
 233      CB23FD11 
 233      A8
 234 0461 BB860BD2 		.ascii	"\273\206\013\322\234\355\006\272W\012t\017\343\0313"
 234      9CED06BA 
 234      570A740F 
 234      E31933
 235 0470 98DE2128 		.ascii	"\230\336!(7d\027\300;)\274\217\362\354\225x\036\034"
 235      376417C0 
 235      3B29BC8F 
 235      F2EC9578 
 235      1E1C
 236 0482 9DFE05DF 		.ascii	"\235\376\005\337\217\362\224\357NS>:3t\365\260\226\263"
 236      8FF294EF 
 236      4E533E3A 
 236      3374F5B0 
 236      96B3
 237 0494 2409F15A 		.ascii	"$\011\361ZSZ\256\023\316a,\237\305\305\274\340\347\206"
ARM GAS  /tmp/ccf3ylHv.s 			page 18


 237      535AAE13 
 237      CE612C9F 
 237      C5C5BCE0 
 237      E786
 238 04a6 1CBA96A3 		.ascii	"\034\272\226\243\003SZ\273,\207$\226\017\031\313\270"
 238      03535ABB 
 238      2C872496 
 238      0F19CBB8 
 239 04b6 C399E98E 		.ascii	"\303\231\351\216J\226\003\000\357\247\360G\224\345\220"
 239      4A960300 
 239      EFA7F047 
 239      94E590
 240 04c5 C432362F 		.ascii	"\30426/\376\032f\261\372)\267\002\214\250\316(NYp,\207"
 240      FE1A66B1 
 240      FA29B702 
 240      8CA8CE28 
 240      4E59702C 
 241 04da 5F67FF45 		.ascii	"_g\377E\361\313v\276\354\014L<^\332\232\310\357\201"
 241      F1CB76BE 
 241      EC0C4C3C 
 241      5EDA9AC8 
 241      EF81
 242 04ec 1EF9B1F5 		.ascii	"\036\371\261\365\340\307v\347\320\331\335\030\3471?"
 242      E0C776E7 
 242      D0D9DD18 
 242      E7313F
 243 04fb 4C1E8CD9 		.ascii	"L\036\214\331\243a\3407@\255J;\374+\273n\030\227\334"
 243      A361E037 
 243      40AD4A3B 
 243      FC2BBB6E 
 243      1897DC
 244 050e 30C6685E 		.ascii	"0\306h^\251o\277\340\254t\303\023\200\217R\370\004\245"
 244      A96FBFE0 
 244      AC74C313 
 244      808F52F8 
 244      04A5
 245 0520 392ED12C 		.ascii	"9.\321,*\033\317\226\262\007\2419\220\333\227\245\305"
 245      2A1BCF96 
 245      B207A139 
 245      90DB97A5 
 245      C5
 246 0531 C58CC629 		.ascii	"\305\214\306)\363\336*\036\216\014\022\253\371\264\261"
 246      F3DE2A1E 
 246      8E0C12AB 
 246      F9B4B1
 247 0540 74575CCA 		.ascii	"tW\\\312:\245@\272\363@\336~T\\ \340\033\254\363\307"
 247      3AA540BA 
 247      F340DE7E 
 247      545C20E0 
 247      1BACF3C7 
 248 0554 EE840427 		.ascii	"\356\204\004'>\222\354\315\356\326\346\002W\\\303:\213"
 248      3E92ECCD 
 248      EED6E602 
 248      575CC33A 
 248      8B
 249 0565 07AB2BA5 		.ascii	"\007\253+\245\221\244sO~\337^\007\334\304:{;\037\306"
 249      91A4734F 
ARM GAS  /tmp/ccf3ylHv.s 			page 19


 249      7EDF5E07 
 249      DCC43A7B 
 249      3B1FC6
 250 0578 B9E1FB4C 		.ascii	"\271\341\373L\271Y\271\353\357\270\217\375\256}`\372"
 250      B959B9EB 
 250      EFB88FFD 
 250      AE7D60FA 
 251 0588 0D1B6422 		.ascii	"\015\033d\"\011\372\306\261\202#\230\371/\203n\377\302"
 251      09FAC6B1 
 251      822398F9 
 251      2F836EFF 
 251      C2
 252 0599 F2B8E8C5 		.ascii	"\362\270\350\305\370!\005/\276\326\233\223\246A+\370"
 252      F821052F 
 252      BED69B93 
 252      A6412BF8 
 253 05a9 B3947C78 		.ascii	"\263\224|x\255\310\024M;E\363\303N\357\321F\223(~\343"
 253      ADC8144D 
 253      3B45F3C3 
 253      4EEFD146 
 253      93287EE3 
 254 05bd 8ADA913B 		.ascii	"\212\332\221;\252\207\344\020',\265\034;TK\335\264\212"
 254      AA87E410 
 254      272CB51C 
 254      3B544BDD 
 254      B48A
 255 05cf 14AB6CC0 		.ascii	"\024\253l\300D\010|\2300z\014\350)\216\226\302\216^"
 255      44087C98 
 255      307A0CE8 
 255      298E96C2 
 255      8E5E
 256 05e1 2C404703 		.ascii	",@G\003:4\205\242\311\346\330)0\264eg]\223\243I\236"
 256      3A3485A2 
 256      C9E6D829 
 256      30B46567 
 256      5D93A349 
 257 05f6 6AE3B621 		.ascii	"j\343\266!*\350Gn[\212\025\337W2\364\214\014\375\203"
 257      2AE8476E 
 257      5B8A15DF 
 257      5732F48C 
 257      0CFD83
 258 0609 12FD5CC9 		.ascii	"\022\375\\\311\273Q\306{N\311[\247\000\367\311\300\263"
 258      BB51C67B 
 258      4EC95BA7 
 258      00F7C9C0 
 258      B3
 259 061a 4AF04BA5 		.ascii	"J\360K\245\351\212P+\372\231\022=iE'\362]\270Z\255\202"
 259      E98A502B 
 259      FA99123D 
 259      694527F2 
 259      5DB85AAD 
 260 062f 4DE209D7 		.ascii	"M\342\011\327\004\351\"h8\\\350?\202\027\332-\254@1"
 260      04E92268 
 260      385CE83F 
 260      8217DA2D 
 260      AC4031
 261 0642 20B120F1 		.ascii	" \261 \361 \321 \337\200\354\001\331\013\262\017$\001"
ARM GAS  /tmp/ccf3ylHv.s 			page 20


 261      20D120DF 
 261      80EC01D9 
 261      0BB20F24 
 261      01
 262 0653 6417C8B7 		.ascii	"d\027\310\267 &a\005-D\231CjB\255\016y\252t\310\210"
 262      20266105 
 262      2D449943 
 262      6A42AD0E 
 262      79AA74C8 
 263 0668 D27DC31C 		.ascii	"\322}\303\034\015\027(\272\311\321\322\265\212\256\277"
 263      0D1728BA 
 263      C9D1D2B5 
 263      8AAEBF
 264 0677 E23ED91A 		.ascii	"\342>\331\032\007\225k|\360\212mYhf\224L\246\255hv="
 264      07956B7C 
 264      F08A6D59 
 264      6866944C 
 264      A6AD6876 
 265 068c 558EB8EF 		.ascii	"U\216\270\357\024EDP*~5Y\027\3255\352\276_\024\253\274"
 265      14454450 
 265      2A7E3559 
 265      17D535EA 
 265      BE5F14AB 
 266 06a1 495E8532 		.ascii	"I^\2052\205\331\222\262-\274\256Xl\301\246\237\273\327"
 266      85D992B2 
 266      2DBCAE58 
 266      6CC1A69F 
 266      BBD7
 267 06b3 7D1DE11C 		.ascii	"}\035\341\034L\257\300\235\227\217\324\273 \257\245"
 267      4CAFC09D 
 267      978FD4BB 
 267      20AFA5
 268 06c2 6C8EB951 		.ascii	"l\216\271Q\015\024\356\350\000\014N\024,\027 \231\321"
 268      0D14EEE8 
 268      000C4E14 
 268      2C172099 
 268      D1
 269 06d3 765CD07E 		.ascii	"v\\\320~\010\307\377\"4\344\254\306\027L\270\271\306"
 269      08C7FF22 
 269      34E4ACC6 
 269      174CB8B9 
 269      C6
 270 06e4 594A6ECA 		.ascii	"YJn\312\302\232\262\222\004W\372B\002\337\244\364\252"
 270      C29AB292 
 270      0457FA42 
 270      02DFA4F4 
 270      AA
 271 06f5 BBD9C1B3 		.ascii	"\273\331\301\263L,9\310\363\217Z\263xJ\032\243o*\263"
 271      4C2C39C8 
 271      F38F5AB3 
 271      784A1AA3 
 271      6F2AB3
 272 0708 E9255CF7 		.ascii	"\351%\\\367\220\245\026\017\236Zf\367\226\245\330\257"
 272      90A5160F 
 272      9E5A66F7 
 272      96A5D8AF 
 273 0718 5952049E 		.ascii	"YR\004\236\035\317\260\3548m*\351A\312\354x\010\\pP"
ARM GAS  /tmp/ccf3ylHv.s 			page 21


 273      1DCFB0EC 
 273      386D2AE9 
 273      41CAEC78 
 273      085C7050 
 274 072c 20F054C1 		.ascii	" \360T\301]\032D\320\347\033[~p\306\005\324\275(c.1"
 274      5D1A44D0 
 274      E71B5B7E 
 274      70C605D4 
 274      BD28632E 
 275 0741 D345BA31 		.ascii	"\323E\2721b\177\312\215\261\247\271\343\334\202\311"
 275      627FCA8D 
 275      B1A7B9E3 
 275      DC82C9
 276 0750 0E0BAF99 		.ascii	"\016\013\257\231\254i\360\250\211\337\357\015*\331\253"
 276      AC69F0A8 
 276      89DFEF0D 
 276      2AD9AB
 277 075f 823B7B55 		.ascii	"\202;{U\220\262\246\007\317\232\245\225\215\325\010"
 277      90B2A607 
 277      CF9AA595 
 277      8DD508
 278 076e 17336E15 		.ascii	"\0273n\025\023gs\370X\222\305cS&\032\026\333\365I\226"
 278      136773F8 
 278      5892C563 
 278      53261A16 
 278      DBF54996 
 279 0782 E4934C81 		.ascii	"\344\223L\201\322l\235\272\321\346\240\364I\006\320"
 279      D26C9DBA 
 279      D1E6A0F4 
 279      4906D0
 280 0791 3C42691E 		.ascii	"<Bi\036\2434\263$\232]\205)\203N\312E\331E\357\275q"
 280      A334B324 
 280      9A5D8529 
 280      834ECA45 
 280      D945EFBD 
 281 07a6 BE9207B7 		.ascii	"\276\222\007\267\212\350\203s\2055N\270\224\261>\260"
 281      8AE88373 
 281      85354EB8 
 281      94B13EB0 
 282 07b6 7FAA4683 		.ascii	"\177\252F\203\2572\245\344In\311\"\2064\023=\265\364"
 282      AF32A5E4 
 282      496EC922 
 282      8634133D 
 282      B5F4
 283 07c8 590DAF58 		.ascii	"Y\015\257X4\262n\017"
 283      34B26E0F 
 284 07d0 DE3D993B 		.ascii	"\336=\231;\226\355\210\257\261\261q\305M]j\273\353="
 284      96ED88AF 
 284      B1B171C5 
 284      4D5D6ABB 
 284      EB3D
 285 07e2 2DADD79B 		.ascii	"-\255\327\233.7\271,\371\274\233r\271\271\260\200St"
 285      2E37B92C 
 285      F9BC9B72 
 285      B9B9B080 
 285      5374
 286 07f4 0167E802 		.ascii	"\001g\350\002NK\0138\363|\362\222V\271\\\273\350\023"
ARM GAS  /tmp/ccf3ylHv.s 			page 22


 286      4E4B0B38 
 286      F37CF292 
 286      56B95CBB 
 286      E813
 287 0806 8387E379 		.ascii	"\203\207\343y\034>\006\365\320\364\321\341E\370&#9\372"
 287      1C3E06F5 
 287      D0F4D1E1 
 287      45F82623 
 287      39FA
 288 0818 6436DF0D 		.ascii	"d6\337\015\337bJi\311\345J\276:oPs\363\312\353]\360"
 288      DF624A69 
 288      C9E54ABE 
 288      3A6F5073 
 288      F3CAEB5D 
 289 082d 1DD6379B 		.ascii	"\035\3267\233p\244\320\031\2670%m\262\363\021\337\375"
 289      70A4D019 
 289      B730256D 
 289      B2F311DF 
 289      FD
 290 083e 5E24D059 		.ascii	"^$\320Y\337\357w\306\035\254o>!6\305\011\3672%\251>"
 290      DFEF77C6 
 290      1DAC6F3E 
 290      2136C509 
 290      F73225A9 
 291 0853 29CB050F 		.ascii	")\313\005\0172\345\211i\240\207\357\235e\240\276\034"
 291      32E58969 
 291      A087EF9D 
 291      65A0BE1C 
 292 0863 4A6AE56F 		.ascii	"Jj\345o/\256\262Z\304\203\327\"g~\210?\350\202G\330"
 292      2FAEB25A 
 292      C483D722 
 292      677E883F 
 292      E88247D8 
 293 0877 D09656D3 		.ascii	"\320\226V\323E\216u\0015\241\266\373\257v={U\362\354"
 293      458E7501 
 293      35A1B6FB 
 293      AF763D7B 
 293      55F2EC
 294 088a 15B6936A 		.ascii	"\025\266\223j\252n\355S+\313\345\313\340\254R\352,3"
 294      AA6EED53 
 294      2BCBE5CB 
 294      E0AC52EA 
 294      2C33
 295 089c 75D655C9 		.ascii	"u\326U\311YY)\3213\016\312\362\327.\272\254\261c5\036"
 295      595929D1 
 295      330ECAF2 
 295      D72EBAAC 
 295      B163351E 
 296 08b0 631C9FD7 		.ascii	"c\034\237\327w\364\"\374\214)\246\332\352\034'<\305"
 296      77F422FC 
 296      8C29A6DA 
 296      EA1C273C 
 296      C5
 297 08c1 94919375 		.ascii	"\224\221\223uU\216x\216)\375\2033\0270\216V\263\367"
 297      558E788E 
 297      29FD8333 
 297      17308E56 
ARM GAS  /tmp/ccf3ylHv.s 			page 23


 297      B3F7
 298 08d3 CC91CC7D 		.ascii	"\314\221\314}\3168\226)\246\376'\365\334?\337\222\303"
 298      CE389629 
 298      A6FE27F5 
 298      DC3FDF92 
 298      C3
 299 08e4 F472ACF8 		.ascii	"\364r\254\370\256\344\021\262\333\206\237\017\314kp"
 299      AEE411B2 
 299      DB869F0F 
 299      CC6B70
 300 08f3 3C05BF31 		.ascii	"<\005\2771R\224\230\355\272\260\230`\217\027\010\273"
 300      529498ED 
 300      BAB09860 
 300      8F1708BB 
 301 0903 2C2AA749 		.ascii	",*\247I\316>\344\215\312\005wT\006\351\266\011\022\236"
 301      CE3EE48D 
 301      CA057754 
 301      06E9B609 
 301      129E
 302 0915 B4147449 		.ascii	"\264\024tIP\024\011m\333\255EB%G[\222\011\275\232\363"
 302      5014096D 
 302      DBAD4542 
 302      25475B92 
 302      09BD9AF3 
 303 0929 11432781 		.ascii	"\021C'\201\361\266\257\331\335\222\015\266\217r\264"
 303      F1B6AFD9 
 303      DD920DB6 
 303      8F72B4
 304 0938 74E0D0F7 		.ascii	"t\340\320\367J\3335;\254\266/*m\263\222B2N\340}2\370"
 304      4ADB353B 
 304      ACB62F2A 
 304      6DB39242 
 304      324EE07D 
 305 094e 7925BC50 		.ascii	"y%\274Pn<\211\030\377\232\241\311!8\241D\037WRi\224"
 305      6E3C8918 
 305      FF9AA1C9 
 305      2138A144 
 305      1F575269 
 306 0963 D9BEA044 		.ascii	"\331\276\240D\027+\321}2\247\334P\242OY\321\362\313"
 306      172BD17D 
 306      32A7DC50 
 306      A24F59D1 
 306      F2CB
 307 0975 AB1ADC50 		.ascii	"\253\032\334PE\273\232\370\315\325\0057\327]\270\215"
 307      45BB9AF8 
 307      CDD50537 
 307      D75DB88D 
 308 0985 6E813482 		.ascii	"n\2014\202\264\203\334\003\351\004\251\005\251\007\271"
 308      B483DC03 
 308      E904A905 
 308      A907B9
 309 0994 03D20672 		.ascii	"\003\322\006r\033\244\003\244\031\244\027\244\033\244"
 309      1BA403A4 
 309      19A417A4 
 309      1BA4
 310 09a2 01A407A4 		.ascii	"\001\244\007\244\016\344>H+H\213\245\350 >h\334n\365"
 310      0EE43E48 
ARM GAS  /tmp/ccf3ylHv.s 			page 24


 310      2B488BA5 
 310      E8203E68 
 310      DC6EF5
 311 09b5 C14D9BC1 		.ascii	"\301M\233\301\223\227\2032\027\234S\202\317*]0!s\301"
 311      93978332 
 311      179C5382 
 311      CF2A5D30 
 311      2173C1
 312 09c8 3525FAC8 		.ascii	"5%\372\310+\350\257\255\350\032%:yA\350H\205\307wQ:"
 312      2BE8AFAD 
 312      E81A253A 
 312      7941E848 
 312      85C77751 
 313 09dd ECA2348E 		.ascii	"\354\2424\216\226\356\"\376n \257g8\032\356(Z\230.@"
 313      96EE22FE 
 313      6E20AF67 
 313      381AEE28 
 313      5A982E40 
 314 09f1 7F272877 		.ascii	"\177'(wQ\233l\231%\266#-\207\017\313\326y\335v\250\027"
 314      519B6C99 
 314      25B6232D 
 314      870FCBD6 
 314      79DD76A8 
 315 0a06 C065D68B 		.ascii	"\300e\326\213l\357Q9|Ff\275\302\266\027\031\234\027"
 315      6CEF5139 
 315      7C4666BD 
 315      C2B61719 
 315      9C17
 316 0a18 6353AC18 		.ascii	"cS\254\030kR\026c\304k\2253\274\030\313\007G\344qcR"
 316      6B521663 
 316      C46B9533 
 316      BC18CB07 
 316      47E47163 
 317 0a2d FA472795 		.ascii	"\372G'\225\347\243Qv>rl\237\217\005Le\013+\260\275;"
 317      E7A35176 
 317      3E726C9F 
 317      8F054C65 
 317      0B2BB0BD 
 318 0a42 181C5252 		.ascii	"\030\034RR}wr\275\032'\321\224$\224\264\024&\273\241"
 318      7D7772BD 
 318      1A27D194 
 318      2494B414 
 318      26BBA1
 319 0a55 A55EB6CE 		.ascii	"\245^\266\316\002\352\207#\360\3778\016\274\316\234"
 319      02EA8723 
 319      F0FF380E 
 319      BCCE9C
 320 0a64 712475E6 		.ascii	"q$u\346\003\230\260\317Zg6\321:\223\374\241\360VG\264"
 320      0398B0CF 
 320      5A6736D1 
 320      3A93FCA1 
 320      F05647B4 
 321 0a78 93BC147C 		.ascii	"\223\274\024|\260\240\024\034\340\245\340\000-\005\037"
 321      B0A0141C 
 321      E0A5E000 
 321      2D051F
 322 0a87 EEBF33B1 		.ascii	"\356\2773\261\030\247\263\034\2359TW\315\257\310\267"
ARM GAS  /tmp/ccf3ylHv.s 			page 25


 322      18A7B31C 
 322      9D395457 
 322      CDAFC8B7 
 323 0a97 C89F2F0F 		.ascii	"\310\237/\017\214\304#\226\242\207H\312>Z7\371\235\026"
 323      8CC42396 
 323      A28748CA 
 323      3E5A37F9 
 323      9D16
 324 0aa9 E732EC85 		.ascii	"\3472\354\205\262\321\367\030\224\274\033\336\371>\265"
 324      B2D1F718 
 324      94BC1BDE 
 324      F93EB5
 325 0ab8 0FD9BDB4 		.ascii	"\017\331\275\264\036K\227\3260\273\264\232\247\312f"
 325      1E4B97D6 
 325      30BBB49A 
 325      A7CA66
 326 0ac7 5C711135 		.ascii	"\\q\0215\244\356\311\232x\354\210\274<\021\322\202\034"
 326      A4EEC99A 
 326      78EC88BC 
 326      3C11D282 
 326      1C
 327 0ad8 97FEFEAD 		.ascii	"\227\376\376\255BO!\242#\002\226\376\377 U\004\363c"
 327      424F21A2 
 327      230296FE 
 327      FF205504 
 327      F363
 328 0aea FF26CDB6 		.ascii	"\377&\315\266\376\2344\012n\177J\347\031\203\250<\201"
 328      FE9C340A 
 328      6E7F4AE7 
 328      1983A83C 
 328      81
 329 0afb 8952C147 		.ascii	"\211R\301G\244\205\274V\2778\236\255\221\337{\304\366"
 329      A485BC56 
 329      BF389EAD 
 329      91DF7BC4 
 329      F6
 330 0b0c 10E01ED2 		.ascii	"\020\340\036\322\210\217\323{\357\261t\357%\324\035"
 330      888FD37B 
 330      EFB174EF 
 330      25D41D
 331 0b1b 657FAA21 		.ascii	"e\177\252!s\304\276v\016\342\356\356\324N\255\334\366"
 331      73C4BE76 
 331      0EE2EEEE 
 331      D44EADDC 
 331      F6
 332 0b2c C4EB6CEF 		.ascii	"\304\353l\3575e\214\250\337\311\022\033\314\242\271"
 332      35658CA8 
 332      DFC9121B 
 332      CCA2B9
 333 0b3b F68477DA 		.ascii	"\366\204w\332.\263\030\275\032M\302V\177\004\2414\243"
 333      2EB318BD 
 333      1A4DC256 
 333      7F04A134 
 333      A3
 334 0b4c E5B2A183 		.ascii	"\345\262\241\203\320\262QP\241g\302;\252%a\377\010\016"
 334      D0B25150 
 334      A167C23B 
ARM GAS  /tmp/ccf3ylHv.s 			page 26


 334      AA2561FF 
 334      080E
 335 0b5e 5A1B16B8 		.ascii	"Z\033\026\2709\304\270\311\030\024\025\036\241\371\363"
 335      39C4B8C9 
 335      1814151E 
 335      A1F9F3
 336 0b6d 675FBCAD 		.ascii	"g_\274\255_\265J\245\015\010\330\026\034\026\365\376"
 336      5FB54AA5 
 336      0D08D816 
 336      1C16F5FE 
 337 0b7d 7B0151BF 		.ascii	"{\001Q\277\325m\213\214\320\005\207\005\205l\333b\324"
 337      D56D8B8C 
 337      D0058705 
 337      856CDB62 
 337      D4
 338 0b8e 8519FF19 		.ascii	"\205\031\377\031\022\274Y\027\032\030\26458\314\250"
 338      12BC5917 
 338      1A18B435 
 338      38CCA8
 339 0b9d 0BD862FC 		.ascii	"\013\330b\3742p[HT@\324\216\257\214\221+\267\2524\322"
 339      32705B48 
 339      5440D48E 
 339      AF8C912B 
 339      B7AA34D2 
 340 0bb1 B0E5B686 		.ascii	"\260\345\266\206E\356\210\324\005DFm\001\014`\377\240"
 340      45EE88D4 
 340      0544466D 
 340      010C60FF 
 340      A0
 341 0bc2 DB1A1E6A 		.ascii	"\333\032\036j\324\005n\011\014\325\351\267\006o\016"
 341      D4056E09 
 341      0CD5E9B7 
 341      066F0E
 342 0bd1 FEDC3F60 		.ascii	"\376\334?`\325\357V\256Z\371\211.<R\26750D\367UxDT\244"
 342      D5EF56AE 
 342      5AF9892E 
 342      3C52B735 
 342      3044F755 
 343 0be9 2E283C34 		.ascii	".(<44<L\347c\330\240\337\260]G8\257\014R\375\214|\257"
 343      343C4CE7 
 343      63D8A0DF 
 343      B05D4738 
 343      AF0C52FD 
 344 0c00 098EB492 		.ascii	"\011\216\264\222\367$-\376\306(\377\035\221Q\306\320"
 344      F7242DFE 
 344      C628FF1D 
 344      9151C6D0 
 345 0c10 F581615B 		.ascii	"\365\201a[B\214\021~\021\301\341\021\301Q;\350R\365"
 345      428C117E 
 345      11C1E111 
 345      C1513BE8 
 345      52F5
 346 0c22 21C6C008 		.ascii	"!\306\300\010?c\030\314\3777g\303Z\377\265\206Mk\327"
 346      3F6318CC 
 346      FF3767C3 
 346      5AFFB586 
 346      4D6BD7
ARM GAS  /tmp/ccf3ylHv.s 			page 27


 347 0c35 7C28F8FA 		.ascii	"|(\370\3729\263\345~\034\020\345\304\277-\335\037\250"
 347      39B3E57E 
 347      1C10E5C4 
 347      BF2DDD1F 
 347      A8
 348 0c46 7D7D3E35 		.ascii	"}}>5X\324\367\325\276z?\253\372\236\332\327\337\317"
 348      58D4F7D5 
 348      BE7A3FAB 
 348      FA9EDAD7 
 348      DFCF
 349 0c58 A031306D 		.ascii	"\24010m\025t\256\265vzC\347Z\203\332\177\243\257\341"
 349      1574AEB5 
 349      767A43E7 
 349      5A83DA7F 
 349      A3AFE1
 350 0c6b F7AF5DAA 		.ascii	"\367\257]\252q{\224N\277\301\337\327\337\342\257\240"
 350      717B944E 
 350      BFC1DFD7 
 350      DFE2AFA0 
 351 0c7b F0086340 		.ascii	"\360\010c@P\350\007\340%\347\3176\371\352\0036\202\177"
 351      50E807E0 
 351      25E7CF36 
 351      F9EA0336 
 351      827F
 352 0c8d C19C8F41 		.ascii	"\301\234\217A\275a\303:\003\366Yc\300k\340\333o\235"
 352      BD61C33A 
 352      03F65963 
 352      C06BE0DB 
 352      6F9D
 353 0c9f 41EDB3CE 		.ascii	"A\355\263\316\337\240\376t\235\217\301\001\272\000\260"
 353      DFA0FE74 
 353      9D8FC101 
 353      BA00B0
 354 0cae 86E8EBC9 		.ascii	"\206\350\353\311\207\036>\034\374\327\353\375\015\330"
 354      871E3E1C 
 354      FCD7EBFD 
 354      0DD8
 355 0cbc 7FBD1FD6 		.ascii	"\177\275\037\326\353\341[op\360\3615\350\015\352M\033"
 355      EBE15B6F 
 355      70F0F135 
 355      E80DEA4D 
 355      1B
 356 0ccd 3F37005F 		.ascii	"?7\000_@\350\375\276\360]\003\237>z\203\306_\377)\235"
 356      40E8FDBE 
 356      F05D039F 
 356      3E7A83C6 
 356      5FFF299D 
 357 0ce1 6B5140C0 		.ascii	"kQ@\300\227\333\302\202\002\002V~\344\375\311\207\032"
 357      97DBC282 
 357      0202567E 
 357      E4FDC987 
 357      1A
 358 0cf2 4953076D 		.ascii	"IS\007m\015\214\370/Y\021\307\272"
 358      0D8CF82F 
 358      5911C7BA 
 359              		.text
 360              		.section	.gnu.lto_.symtab.ed2d175855c5f8ba,"",%progbits
ARM GAS  /tmp/ccf3ylHv.s 			page 28


 361 0000 6E766963 		.ascii	"nvicEnableVector\000"
 361      456E6162 
 361      6C655665 
 361      63746F72 
 361      00
 362 0011 00       		.ascii	"\000"
 363 0012 00       		.ascii	"\000"
 364 0013 00       		.ascii	"\000"
 365 0014 00000000 		.ascii	"\000\000\000\000\000\000\000\000"
 365      00000000 
 366 001c BA000000 		.ascii	"\272\000\000\000"
 367 0020 6E766963 		.ascii	"nvicDisableVector\000"
 367      44697361 
 367      626C6556 
 367      6563746F 
 367      7200
 368 0032 00       		.ascii	"\000"
 369 0033 00       		.ascii	"\000"
 370 0034 00       		.ascii	"\000"
 371 0035 00000000 		.ascii	"\000\000\000\000\000\000\000\000"
 371      00000000 
 372 003d BE000000 		.ascii	"\276\000\000\000"
 373 0041 6E766963 		.ascii	"nvicSetSystemHandlerPriority\000"
 373      53657453 
 373      79737465 
 373      6D48616E 
 373      646C6572 
 374 005e 00       		.ascii	"\000"
 375 005f 00       		.ascii	"\000"
 376 0060 00       		.ascii	"\000"
 377 0061 00000000 		.ascii	"\000\000\000\000\000\000\000\000"
 377      00000000 
 378 0069 C0000000 		.ascii	"\300\000\000\000"
 379 006d 6E766963 		.ascii	"nvicClearPending\000"
 379      436C6561 
 379      7250656E 
 379      64696E67 
 379      00
 380 007e 00       		.ascii	"\000"
 381 007f 00       		.ascii	"\000"
 382 0080 00       		.ascii	"\000"
 383 0081 00000000 		.ascii	"\000\000\000\000\000\000\000\000"
 383      00000000 
 384 0089 C2000000 		.ascii	"\302\000\000\000"
 385              		.text
 386              		.section	.gnu.lto_.opts,"",%progbits
 387 0000 272D666D 		.ascii	"'-fmath-errno' '-fsigned-zeros' '-ftrapping-math' '"
 387      6174682D 
 387      6572726E 
 387      6F272027 
 387      2D667369 
 388 0033 2D666E6F 		.ascii	"-fno-trapv' '-fno-openmp' '-fno-openacc' '-mcpu=cor"
 388      2D747261 
 388      70762720 
 388      272D666E 
 388      6F2D6F70 
 389 0066 7465782D 		.ascii	"tex-m4' '-mno-thumb-interwork' '-mthumb' '-ggdb' '-"
ARM GAS  /tmp/ccf3ylHv.s 			page 29


 389      6D342720 
 389      272D6D6E 
 389      6F2D7468 
 389      756D622D 
 390 0099 4F322720 		.ascii	"O2' '-fomit-frame-pointer' '-falign-functions=16' '"
 390      272D666F 
 390      6D69742D 
 390      6672616D 
 390      652D706F 
 391 00cc 2D666675 		.ascii	"-ffunction-sections' '-fdata-sections' '-fno-common"
 391      6E637469 
 391      6F6E2D73 
 391      65637469 
 391      6F6E7327 
 392 00ff 2720272D 		.ascii	"' '-flto'\000"
 392      666C746F 
 392      2700
 393              		.text
 394              		.comm	__gnu_lto_v1,1,1
 395              		.comm	__gnu_lto_slim,1,1
 396              		.ident	"GCC: (15:6.3.1+svn253039-1build1) 6.3.1 20170620"
ARM GAS  /tmp/ccf3ylHv.s 			page 30


DEFINED SYMBOLS
                            *ABS*:0000000000000000 nvic.c
                            *COM*:0000000000000001 __gnu_lto_v1
                            *COM*:0000000000000001 __gnu_lto_slim

NO UNDEFINED SYMBOLS
