ARM GAS  /tmp/ccHqFQEY.s 			page 1


   1              		.cpu cortex-m4
   2              		.eabi_attribute 20, 1
   3              		.eabi_attribute 21, 1
   4              		.eabi_attribute 23, 3
   5              		.eabi_attribute 24, 1
   6              		.eabi_attribute 25, 1
   7              		.eabi_attribute 26, 1
   8              		.eabi_attribute 30, 2
   9              		.eabi_attribute 34, 1
  10              		.eabi_attribute 18, 4
  11              		.file	"osal.c"
  12              		.file 1 "/usr/arm-none-eabi/include/machine/_default_types.h"
  13              		.file 2 "/usr/arm-none-eabi/include/sys/_stdint.h"
  14              		.file 3 "/home/adam/ChibiOS_16.1.9/os/rt/ports/ARMCMx/compilers/GCC/chtypes.h"
  15              		.file 4 "/home/adam/ChibiOS_16.1.9/os/rt/include/chsystypes.h"
  16              		.file 5 "/home/adam/ChibiOS_16.1.9/os/rt/include/chschd.h"
  17              		.file 6 "/home/adam/ChibiOS_16.1.9/os/ext/CMSIS/include/core_cm4.h"
  18              		.file 7 "/home/adam/ChibiOS_16.1.9/os/ext/CMSIS/ST/STM32F4xx/system_stm32f4xx.h"
  19              		.file 8 "/home/adam/ChibiOS_16.1.9/os/rt/ports/ARMCMx/chcore.h"
  20              		.file 9 "/home/adam/ChibiOS_16.1.9/os/rt/ports/ARMCMx/chcore_v7m.h"
  21              		.file 10 "/home/adam/ChibiOS_16.1.9/os/rt/include/chtm.h"
  22              		.file 11 "/home/adam/ChibiOS_16.1.9/os/rt/include/chsem.h"
  23              		.file 12 "/home/adam/ChibiOS_16.1.9/os/rt/include/chmtx.h"
  24              		.file 13 "/home/adam/ChibiOS_16.1.9/os/rt/include/chregistry.h"
  25              		.section	.gnu.debuglto_.debug_info,"",%progbits
  26              	.Ldebug_info0:
  27              		.hidden	osal.c.5671c20d
  28              		.weak	osal.c.5671c20d
  29              	osal.c.5671c20d:
  30 0000 E4070000 		.4byte	0x7e4
  31 0004 0400     		.2byte	0x4
  32 0006 00000000 		.4byte	.Ldebug_abbrev0
  33 000a 04       		.byte	0x4
  34 000b 01       		.uleb128 0x1
  35 000c 39030000 		.4byte	.LASF126
  36 0010 0C       		.byte	0xc
  37 0011 D6040000 		.4byte	.LASF127
  38 0015 BF000000 		.4byte	.LASF128
  39 0019 00000000 		.4byte	.Ldebug_line0
  40 001d 02       		.uleb128 0x2
  41 001e 04       		.byte	0x4
  42 001f 05       		.byte	0x5
  43 0020 696E7400 		.ascii	"int\000"
  44 0024 03       		.uleb128 0x3
  45 0025 04       		.byte	0x4
  46 0026 07       		.byte	0x7
  47 0027 99000000 		.4byte	.LASF0
  48 002b 03       		.uleb128 0x3
  49 002c 08       		.byte	0x8
  50 002d 05       		.byte	0x5
  51 002e F5020000 		.4byte	.LASF1
  52 0032 03       		.uleb128 0x3
  53 0033 08       		.byte	0x8
  54 0034 04       		.byte	0x4
  55 0035 46040000 		.4byte	.LASF2
  56 0039 03       		.uleb128 0x3
  57 003a 01       		.byte	0x1
ARM GAS  /tmp/ccHqFQEY.s 			page 2


  58 003b 06       		.byte	0x6
  59 003c FB050000 		.4byte	.LASF3
  60 0040 04       		.uleb128 0x4
  61 0041 3A050000 		.4byte	.LASF6
  62 0045 01       		.byte	0x1
  63 0046 2B       		.byte	0x2b
  64 0047 18       		.byte	0x18
  65 0048 4C000000 		.4byte	0x4c
  66 004c 03       		.uleb128 0x3
  67 004d 01       		.byte	0x1
  68 004e 08       		.byte	0x8
  69 004f A4050000 		.4byte	.LASF4
  70 0053 03       		.uleb128 0x3
  71 0054 02       		.byte	0x2
  72 0055 05       		.byte	0x5
  73 0056 83040000 		.4byte	.LASF5
  74 005a 04       		.uleb128 0x4
  75 005b E1010000 		.4byte	.LASF7
  76 005f 01       		.byte	0x1
  77 0060 39       		.byte	0x39
  78 0061 19       		.byte	0x19
  79 0062 66000000 		.4byte	0x66
  80 0066 03       		.uleb128 0x3
  81 0067 02       		.byte	0x2
  82 0068 07       		.byte	0x7
  83 0069 14060000 		.4byte	.LASF8
  84 006d 04       		.uleb128 0x4
  85 006e B5000000 		.4byte	.LASF9
  86 0072 01       		.byte	0x1
  87 0073 4D       		.byte	0x4d
  88 0074 18       		.byte	0x18
  89 0075 79000000 		.4byte	0x79
  90 0079 03       		.uleb128 0x3
  91 007a 04       		.byte	0x4
  92 007b 05       		.byte	0x5
  93 007c AA040000 		.4byte	.LASF10
  94 0080 04       		.uleb128 0x4
  95 0081 B2050000 		.4byte	.LASF11
  96 0085 01       		.byte	0x1
  97 0086 4F       		.byte	0x4f
  98 0087 19       		.byte	0x19
  99 0088 8C000000 		.4byte	0x8c
 100 008c 03       		.uleb128 0x3
 101 008d 04       		.byte	0x4
 102 008e 07       		.byte	0x7
 103 008f 61050000 		.4byte	.LASF12
 104 0093 04       		.uleb128 0x4
 105 0094 54020000 		.4byte	.LASF13
 106 0098 01       		.byte	0x1
 107 0099 69       		.byte	0x69
 108 009a 19       		.byte	0x19
 109 009b 9F000000 		.4byte	0x9f
 110 009f 03       		.uleb128 0x3
 111 00a0 08       		.byte	0x8
 112 00a1 07       		.byte	0x7
 113 00a2 CA010000 		.4byte	.LASF14
 114 00a6 04       		.uleb128 0x4
ARM GAS  /tmp/ccHqFQEY.s 			page 3


 115 00a7 C2020000 		.4byte	.LASF15
 116 00ab 02       		.byte	0x2
 117 00ac 18       		.byte	0x18
 118 00ad 13       		.byte	0x13
 119 00ae 40000000 		.4byte	0x40
 120 00b2 04       		.uleb128 0x4
 121 00b3 52040000 		.4byte	.LASF16
 122 00b7 02       		.byte	0x2
 123 00b8 24       		.byte	0x24
 124 00b9 14       		.byte	0x14
 125 00ba 5A000000 		.4byte	0x5a
 126 00be 04       		.uleb128 0x4
 127 00bf 8D050000 		.4byte	.LASF17
 128 00c3 02       		.byte	0x2
 129 00c4 2C       		.byte	0x2c
 130 00c5 13       		.byte	0x13
 131 00c6 6D000000 		.4byte	0x6d
 132 00ca 05       		.uleb128 0x5
 133 00cb BE000000 		.4byte	0xbe
 134 00cf 04       		.uleb128 0x4
 135 00d0 75010000 		.4byte	.LASF18
 136 00d4 02       		.byte	0x2
 137 00d5 30       		.byte	0x30
 138 00d6 14       		.byte	0x14
 139 00d7 80000000 		.4byte	0x80
 140 00db 04       		.uleb128 0x4
 141 00dc 0D050000 		.4byte	.LASF19
 142 00e0 02       		.byte	0x2
 143 00e1 3C       		.byte	0x3c
 144 00e2 14       		.byte	0x14
 145 00e3 93000000 		.4byte	0x93
 146 00e7 04       		.uleb128 0x4
 147 00e8 65040000 		.4byte	.LASF20
 148 00ec 03       		.byte	0x3
 149 00ed 39       		.byte	0x39
 150 00ee 1D       		.byte	0x1d
 151 00ef CF000000 		.4byte	0xcf
 152 00f3 04       		.uleb128 0x4
 153 00f4 2B040000 		.4byte	.LASF21
 154 00f8 03       		.byte	0x3
 155 00f9 3C       		.byte	0x3c
 156 00fa 1D       		.byte	0x1d
 157 00fb A6000000 		.4byte	0xa6
 158 00ff 04       		.uleb128 0x4
 159 0100 A9020000 		.4byte	.LASF22
 160 0104 03       		.byte	0x3
 161 0105 3D       		.byte	0x3d
 162 0106 1D       		.byte	0x1d
 163 0107 A6000000 		.4byte	0xa6
 164 010b 04       		.uleb128 0x4
 165 010c 59050000 		.4byte	.LASF23
 166 0110 03       		.byte	0x3
 167 0111 3E       		.byte	0x3e
 168 0112 1D       		.byte	0x1d
 169 0113 A6000000 		.4byte	0xa6
 170 0117 04       		.uleb128 0x4
 171 0118 B1010000 		.4byte	.LASF24
ARM GAS  /tmp/ccHqFQEY.s 			page 4


 172 011c 03       		.byte	0x3
 173 011d 40       		.byte	0x40
 174 011e 1D       		.byte	0x1d
 175 011f CF000000 		.4byte	0xcf
 176 0123 04       		.uleb128 0x4
 177 0124 13030000 		.4byte	.LASF25
 178 0128 03       		.byte	0x3
 179 0129 41       		.byte	0x41
 180 012a 1D       		.byte	0x1d
 181 012b BE000000 		.4byte	0xbe
 182 012f 04       		.uleb128 0x4
 183 0130 8A010000 		.4byte	.LASF26
 184 0134 03       		.byte	0x3
 185 0135 43       		.byte	0x43
 186 0136 1D       		.byte	0x1d
 187 0137 CF000000 		.4byte	0xcf
 188 013b 04       		.uleb128 0x4
 189 013c EC010000 		.4byte	.LASF27
 190 0140 03       		.byte	0x3
 191 0141 45       		.byte	0x45
 192 0142 1D       		.byte	0x1d
 193 0143 BE000000 		.4byte	0xbe
 194 0147 04       		.uleb128 0x4
 195 0148 67000000 		.4byte	.LASF28
 196 014c 04       		.byte	0x4
 197 014d 35       		.byte	0x35
 198 014e 12       		.byte	0x12
 199 014f B2000000 		.4byte	0xb2
 200 0153 04       		.uleb128 0x4
 201 0154 11020000 		.4byte	.LASF29
 202 0158 04       		.byte	0x4
 203 0159 3F       		.byte	0x3f
 204 015a 1A       		.byte	0x1a
 205 015b 5F010000 		.4byte	0x15f
 206 015f 06       		.uleb128 0x6
 207 0160 DC020000 		.4byte	.LASF49
 208 0164 44       		.byte	0x44
 209 0165 05       		.byte	0x5
 210 0166 C2       		.byte	0xc2
 211 0167 08       		.byte	0x8
 212 0168 5F020000 		.4byte	0x25f
 213 016c 07       		.uleb128 0x7
 214 016d 06050000 		.4byte	.LASF30
 215 0171 05       		.byte	0x5
 216 0172 C3       		.byte	0xc3
 217 0173 1A       		.byte	0x1a
 218 0174 6B020000 		.4byte	0x26b
 219 0178 00       		.byte	0
 220 0179 07       		.uleb128 0x7
 221 017a 52050000 		.4byte	.LASF31
 222 017e 05       		.byte	0x5
 223 017f C5       		.byte	0xc5
 224 0180 1A       		.byte	0x1a
 225 0181 6B020000 		.4byte	0x26b
 226 0185 04       		.byte	0x4
 227 0186 07       		.uleb128 0x7
 228 0187 60000000 		.4byte	.LASF32
ARM GAS  /tmp/ccHqFQEY.s 			page 5


 229 018b 05       		.byte	0x5
 230 018c C7       		.byte	0xc7
 231 018d 19       		.byte	0x19
 232 018e 17010000 		.4byte	0x117
 233 0192 08       		.byte	0x8
 234 0193 07       		.uleb128 0x7
 235 0194 16050000 		.4byte	.LASF33
 236 0198 05       		.byte	0x5
 237 0199 C8       		.byte	0xc8
 238 019a 19       		.byte	0x19
 239 019b D7040000 		.4byte	0x4d7
 240 019f 0C       		.byte	0xc
 241 01a0 07       		.uleb128 0x7
 242 01a1 F2010000 		.4byte	.LASF34
 243 01a5 05       		.byte	0x5
 244 01a6 CA       		.byte	0xca
 245 01a7 1A       		.byte	0x1a
 246 01a8 6B020000 		.4byte	0x26b
 247 01ac 10       		.byte	0x10
 248 01ad 07       		.uleb128 0x7
 249 01ae B2020000 		.4byte	.LASF35
 250 01b2 05       		.byte	0x5
 251 01b3 CB       		.byte	0xcb
 252 01b4 1A       		.byte	0x1a
 253 01b5 6B020000 		.4byte	0x26b
 254 01b9 14       		.byte	0x14
 255 01ba 07       		.uleb128 0x7
 256 01bb 7A020000 		.4byte	.LASF36
 257 01bf 05       		.byte	0x5
 258 01c0 D2       		.byte	0xd2
 259 01c1 1A       		.byte	0x1a
 260 01c2 74060000 		.4byte	0x674
 261 01c6 18       		.byte	0x18
 262 01c7 07       		.uleb128 0x7
 263 01c8 BA020000 		.4byte	.LASF37
 264 01cc 05       		.byte	0x5
 265 01cd DD       		.byte	0xdd
 266 01ce 19       		.byte	0x19
 267 01cf FF000000 		.4byte	0xff
 268 01d3 1C       		.byte	0x1c
 269 01d4 07       		.uleb128 0x7
 270 01d5 21030000 		.4byte	.LASF38
 271 01d9 05       		.byte	0x5
 272 01da E1       		.byte	0xe1
 273 01db 19       		.byte	0x19
 274 01dc F3000000 		.4byte	0xf3
 275 01e0 1D       		.byte	0x1d
 276 01e1 07       		.uleb128 0x7
 277 01e2 D3050000 		.4byte	.LASF39
 278 01e6 05       		.byte	0x5
 279 01e7 E6       		.byte	0xe6
 280 01e8 19       		.byte	0x19
 281 01e9 0B010000 		.4byte	0x10b
 282 01ed 1E       		.byte	0x1e
 283 01ee 08       		.uleb128 0x8
 284 01ef 705F7500 		.ascii	"p_u\000"
 285 01f3 05       		.byte	0x5
ARM GAS  /tmp/ccHqFQEY.s 			page 6


 286 01f4 3101     		.2byte	0x131
 287 01f6 19       		.byte	0x19
 288 01f7 A0050000 		.4byte	0x5a0
 289 01fb 20       		.byte	0x20
 290 01fc 09       		.uleb128 0x9
 291 01fd 20000000 		.4byte	.LASF40
 292 0201 05       		.byte	0x5
 293 0202 3601     		.2byte	0x136
 294 0204 19       		.byte	0x19
 295 0205 71020000 		.4byte	0x271
 296 0209 24       		.byte	0x24
 297 020a 09       		.uleb128 0x9
 298 020b 8E000000 		.4byte	.LASF41
 299 020f 05       		.byte	0x5
 300 0210 3C01     		.2byte	0x13c
 301 0212 19       		.byte	0x19
 302 0213 98020000 		.4byte	0x298
 303 0217 28       		.byte	0x28
 304 0218 09       		.uleb128 0x9
 305 0219 25040000 		.4byte	.LASF42
 306 021d 05       		.byte	0x5
 307 021e 4001     		.2byte	0x140
 308 0220 19       		.byte	0x19
 309 0221 23010000 		.4byte	0x123
 310 0225 30       		.byte	0x30
 311 0226 09       		.uleb128 0x9
 312 0227 97040000 		.4byte	.LASF43
 313 022b 05       		.byte	0x5
 314 022c 4601     		.2byte	0x146
 315 022e 19       		.byte	0x19
 316 022f 2F010000 		.4byte	0x12f
 317 0233 34       		.byte	0x34
 318 0234 09       		.uleb128 0x9
 319 0235 D2020000 		.4byte	.LASF44
 320 0239 05       		.byte	0x5
 321 023a 4D01     		.2byte	0x14d
 322 023c 1A       		.byte	0x1a
 323 023d 6E060000 		.4byte	0x66e
 324 0241 38       		.byte	0x38
 325 0242 09       		.uleb128 0x9
 326 0243 6D040000 		.4byte	.LASF45
 327 0247 05       		.byte	0x5
 328 0248 5101     		.2byte	0x151
 329 024a 19       		.byte	0x19
 330 024b 17010000 		.4byte	0x117
 331 024f 3C       		.byte	0x3c
 332 0250 09       		.uleb128 0x9
 333 0251 CA020000 		.4byte	.LASF46
 334 0255 05       		.byte	0x5
 335 0256 5801     		.2byte	0x158
 336 0258 1A       		.byte	0x1a
 337 0259 58030000 		.4byte	0x358
 338 025d 40       		.byte	0x40
 339 025e 00       		.byte	0
 340 025f 04       		.uleb128 0x4
 341 0260 8A020000 		.4byte	.LASF47
 342 0264 04       		.byte	0x4
ARM GAS  /tmp/ccHqFQEY.s 			page 7


 343 0265 44       		.byte	0x44
 344 0266 14       		.byte	0x14
 345 0267 6B020000 		.4byte	0x26b
 346 026b 0A       		.uleb128 0xa
 347 026c 04       		.byte	0x4
 348 026d 53010000 		.4byte	0x153
 349 0271 04       		.uleb128 0x4
 350 0272 A6000000 		.4byte	.LASF48
 351 0276 04       		.byte	0x4
 352 0277 49       		.byte	0x49
 353 0278 20       		.byte	0x20
 354 0279 7D020000 		.4byte	0x27d
 355 027d 06       		.uleb128 0x6
 356 027e 00000000 		.4byte	.LASF50
 357 0282 04       		.byte	0x4
 358 0283 05       		.byte	0x5
 359 0284 B0       		.byte	0xb0
 360 0285 08       		.byte	0x8
 361 0286 98020000 		.4byte	0x298
 362 028a 07       		.uleb128 0x7
 363 028b 06050000 		.4byte	.LASF30
 364 028f 05       		.byte	0x5
 365 0290 B1       		.byte	0xb1
 366 0291 1A       		.byte	0x1a
 367 0292 6B020000 		.4byte	0x26b
 368 0296 00       		.byte	0
 369 0297 00       		.byte	0
 370 0298 04       		.uleb128 0x4
 371 0299 10000000 		.4byte	.LASF51
 372 029d 04       		.byte	0x4
 373 029e 50       		.byte	0x50
 374 029f 21       		.byte	0x21
 375 02a0 A4020000 		.4byte	0x2a4
 376 02a4 06       		.uleb128 0x6
 377 02a5 3A010000 		.4byte	.LASF52
 378 02a9 08       		.byte	0x8
 379 02aa 05       		.byte	0x5
 380 02ab B7       		.byte	0xb7
 381 02ac 08       		.byte	0x8
 382 02ad CC020000 		.4byte	0x2cc
 383 02b1 07       		.uleb128 0x7
 384 02b2 06050000 		.4byte	.LASF30
 385 02b6 05       		.byte	0x5
 386 02b7 B8       		.byte	0xb8
 387 02b8 1A       		.byte	0x1a
 388 02b9 6B020000 		.4byte	0x26b
 389 02bd 00       		.byte	0
 390 02be 07       		.uleb128 0x7
 391 02bf 52050000 		.4byte	.LASF31
 392 02c3 05       		.byte	0x5
 393 02c4 B9       		.byte	0xb9
 394 02c5 1A       		.byte	0x1a
 395 02c6 6B020000 		.4byte	0x26b
 396 02ca 04       		.byte	0x4
 397 02cb 00       		.byte	0
 398 02cc 04       		.uleb128 0x4
 399 02cd 80050000 		.4byte	.LASF53
ARM GAS  /tmp/ccHqFQEY.s 			page 8


 400 02d1 04       		.byte	0x4
 401 02d2 57       		.byte	0x57
 402 02d3 1E       		.byte	0x1e
 403 02d4 D8020000 		.4byte	0x2d8
 404 02d8 0B       		.uleb128 0xb
 405 02d9 09010000 		.4byte	.LASF54
 406 02dd 1C       		.byte	0x1c
 407 02de 05       		.byte	0x5
 408 02df 9001     		.2byte	0x190
 409 02e1 08       		.byte	0x8
 410 02e2 3B030000 		.4byte	0x33b
 411 02e6 09       		.uleb128 0x9
 412 02e7 03030000 		.4byte	.LASF55
 413 02eb 05       		.byte	0x5
 414 02ec 9101     		.2byte	0x191
 415 02ee 19       		.byte	0x19
 416 02ef 98020000 		.4byte	0x298
 417 02f3 00       		.byte	0
 418 02f4 09       		.uleb128 0x9
 419 02f5 96010000 		.4byte	.LASF56
 420 02f9 05       		.byte	0x5
 421 02fa 9201     		.2byte	0x192
 422 02fc 19       		.byte	0x19
 423 02fd 17010000 		.4byte	0x117
 424 0301 08       		.byte	0x8
 425 0302 09       		.uleb128 0x9
 426 0303 27060000 		.4byte	.LASF57
 427 0307 05       		.byte	0x5
 428 0308 9401     		.2byte	0x194
 429 030a 19       		.byte	0x19
 430 030b D7040000 		.4byte	0x4d7
 431 030f 0C       		.byte	0xc
 432 0310 09       		.uleb128 0x9
 433 0311 0B030000 		.4byte	.LASF58
 434 0315 05       		.byte	0x5
 435 0316 9701     		.2byte	0x197
 436 0318 1A       		.byte	0x1a
 437 0319 6B020000 		.4byte	0x26b
 438 031d 10       		.byte	0x10
 439 031e 09       		.uleb128 0x9
 440 031f 13040000 		.4byte	.LASF59
 441 0323 05       		.byte	0x5
 442 0324 9801     		.2byte	0x198
 443 0326 1A       		.byte	0x1a
 444 0327 6B020000 		.4byte	0x26b
 445 032b 14       		.byte	0x14
 446 032c 09       		.uleb128 0x9
 447 032d 8D040000 		.4byte	.LASF60
 448 0331 05       		.byte	0x5
 449 0332 9B01     		.2byte	0x19b
 450 0334 1A       		.byte	0x1a
 451 0335 6B020000 		.4byte	0x26b
 452 0339 18       		.byte	0x18
 453 033a 00       		.byte	0
 454 033b 04       		.uleb128 0x4
 455 033c 56010000 		.4byte	.LASF61
 456 0340 04       		.byte	0x4
ARM GAS  /tmp/ccHqFQEY.s 			page 9


 457 0341 5C       		.byte	0x5c
 458 0342 10       		.byte	0x10
 459 0343 47030000 		.4byte	0x347
 460 0347 0A       		.uleb128 0xa
 461 0348 04       		.byte	0x4
 462 0349 4D030000 		.4byte	0x34d
 463 034d 0C       		.uleb128 0xc
 464 034e 58030000 		.4byte	0x358
 465 0352 0D       		.uleb128 0xd
 466 0353 58030000 		.4byte	0x358
 467 0357 00       		.byte	0
 468 0358 0E       		.uleb128 0xe
 469 0359 04       		.byte	0x4
 470 035a 04       		.uleb128 0x4
 471 035b 29030000 		.4byte	.LASF62
 472 035f 04       		.byte	0x4
 473 0360 61       		.byte	0x61
 474 0361 21       		.byte	0x21
 475 0362 66030000 		.4byte	0x366
 476 0366 0B       		.uleb128 0xb
 477 0367 B9010000 		.4byte	.LASF63
 478 036b 14       		.byte	0x14
 479 036c 05       		.byte	0x5
 480 036d 6B01     		.2byte	0x16b
 481 036f 08       		.byte	0x8
 482 0370 BB030000 		.4byte	0x3bb
 483 0374 09       		.uleb128 0x9
 484 0375 DA050000 		.4byte	.LASF64
 485 0379 05       		.byte	0x5
 486 037a 6C01     		.2byte	0x16c
 487 037c 1A       		.byte	0x1a
 488 037d 8B060000 		.4byte	0x68b
 489 0381 00       		.byte	0
 490 0382 09       		.uleb128 0x9
 491 0383 49060000 		.4byte	.LASF65
 492 0387 05       		.byte	0x5
 493 0388 6D01     		.2byte	0x16d
 494 038a 1A       		.byte	0x1a
 495 038b 8B060000 		.4byte	0x68b
 496 038f 04       		.byte	0x4
 497 0390 09       		.uleb128 0x9
 498 0391 81020000 		.4byte	.LASF66
 499 0395 05       		.byte	0x5
 500 0396 6E01     		.2byte	0x16e
 501 0398 19       		.byte	0x19
 502 0399 47010000 		.4byte	0x147
 503 039d 08       		.byte	0x8
 504 039e 09       		.uleb128 0x9
 505 039f 41060000 		.4byte	.LASF67
 506 03a3 05       		.byte	0x5
 507 03a4 6F01     		.2byte	0x16f
 508 03a6 19       		.byte	0x19
 509 03a7 3B030000 		.4byte	0x33b
 510 03ab 0C       		.byte	0xc
 511 03ac 09       		.uleb128 0x9
 512 03ad 9D010000 		.4byte	.LASF68
 513 03b1 05       		.byte	0x5
ARM GAS  /tmp/ccHqFQEY.s 			page 10


 514 03b2 7101     		.2byte	0x171
 515 03b4 1A       		.byte	0x1a
 516 03b5 58030000 		.4byte	0x358
 517 03b9 10       		.byte	0x10
 518 03ba 00       		.byte	0
 519 03bb 04       		.uleb128 0x4
 520 03bc BD050000 		.4byte	.LASF69
 521 03c0 04       		.byte	0x4
 522 03c1 66       		.byte	0x66
 523 03c2 28       		.byte	0x28
 524 03c3 C7030000 		.4byte	0x3c7
 525 03c7 0B       		.uleb128 0xb
 526 03c8 FA010000 		.4byte	.LASF70
 527 03cc 0C       		.byte	0xc
 528 03cd 05       		.byte	0x5
 529 03ce 7B01     		.2byte	0x17b
 530 03d0 08       		.byte	0x8
 531 03d1 0E040000 		.4byte	0x40e
 532 03d5 09       		.uleb128 0x9
 533 03d6 DA050000 		.4byte	.LASF64
 534 03da 05       		.byte	0x5
 535 03db 7C01     		.2byte	0x17c
 536 03dd 1A       		.byte	0x1a
 537 03de 8B060000 		.4byte	0x68b
 538 03e2 00       		.byte	0
 539 03e3 09       		.uleb128 0x9
 540 03e4 49060000 		.4byte	.LASF65
 541 03e8 05       		.byte	0x5
 542 03e9 7E01     		.2byte	0x17e
 543 03eb 1A       		.byte	0x1a
 544 03ec 8B060000 		.4byte	0x68b
 545 03f0 04       		.byte	0x4
 546 03f1 09       		.uleb128 0x9
 547 03f2 81020000 		.4byte	.LASF66
 548 03f6 05       		.byte	0x5
 549 03f7 8001     		.2byte	0x180
 550 03f9 19       		.byte	0x19
 551 03fa 47010000 		.4byte	0x147
 552 03fe 08       		.byte	0x8
 553 03ff 09       		.uleb128 0x9
 554 0400 9D020000 		.4byte	.LASF71
 555 0404 05       		.byte	0x5
 556 0405 8801     		.2byte	0x188
 557 0407 19       		.byte	0x19
 558 0408 47010000 		.4byte	0x147
 559 040c 0A       		.byte	0xa
 560 040d 00       		.byte	0
 561 040e 04       		.uleb128 0x4
 562 040f E6020000 		.4byte	.LASF72
 563 0413 04       		.byte	0x4
 564 0414 6B       		.byte	0x6b
 565 0415 20       		.byte	0x20
 566 0416 1A040000 		.4byte	0x41a
 567 041a 0B       		.uleb128 0xb
 568 041b 65010000 		.4byte	.LASF73
 569 041f 04       		.byte	0x4
 570 0420 05       		.byte	0x5
ARM GAS  /tmp/ccHqFQEY.s 			page 11


 571 0421 A201     		.2byte	0x1a2
 572 0423 08       		.byte	0x8
 573 0424 37040000 		.4byte	0x437
 574 0428 09       		.uleb128 0x9
 575 0429 1B040000 		.4byte	.LASF74
 576 042d 05       		.byte	0x5
 577 042e AA01     		.2byte	0x1aa
 578 0430 24       		.byte	0x24
 579 0431 7A060000 		.4byte	0x67a
 580 0435 00       		.byte	0
 581 0436 00       		.byte	0
 582 0437 04       		.uleb128 0x4
 583 0438 E2050000 		.4byte	.LASF75
 584 043c 04       		.byte	0x4
 585 043d 70       		.byte	0x70
 586 043e 1A       		.byte	0x1a
 587 043f 43040000 		.4byte	0x443
 588 0443 0F       		.uleb128 0xf
 589 0444 CC040000 		.4byte	.LASF76
 590 0448 5001     		.2byte	0x150
 591 044a 05       		.byte	0x5
 592 044b C201     		.2byte	0x1c2
 593 044d 08       		.byte	0x8
 594 044e A6040000 		.4byte	0x4a6
 595 0452 09       		.uleb128 0x9
 596 0453 1C050000 		.4byte	.LASF77
 597 0457 05       		.byte	0x5
 598 0458 C601     		.2byte	0x1c6
 599 045a 19       		.byte	0x19
 600 045b CC020000 		.4byte	0x2cc
 601 045f 00       		.byte	0
 602 0460 09       		.uleb128 0x9
 603 0461 02010000 		.4byte	.LASF78
 604 0465 05       		.byte	0x5
 605 0466 CA01     		.2byte	0x1ca
 606 0468 19       		.byte	0x19
 607 0469 BB030000 		.4byte	0x3bb
 608 046d 1C       		.byte	0x1c
 609 046e 08       		.uleb128 0x8
 610 046f 64626700 		.ascii	"dbg\000"
 611 0473 05       		.byte	0x5
 612 0474 CE01     		.2byte	0x1ce
 613 0476 19       		.byte	0x19
 614 0477 0E040000 		.4byte	0x40e
 615 047b 28       		.byte	0x28
 616 047c 09       		.uleb128 0x9
 617 047d 3B040000 		.4byte	.LASF79
 618 0481 05       		.byte	0x5
 619 0482 D201     		.2byte	0x1d2
 620 0484 19       		.byte	0x19
 621 0485 53010000 		.4byte	0x153
 622 0489 2C       		.byte	0x2c
 623 048a 08       		.uleb128 0x8
 624 048b 746D00   		.ascii	"tm\000"
 625 048e 05       		.byte	0x5
 626 048f D701     		.2byte	0x1d7
 627 0491 19       		.byte	0x19
ARM GAS  /tmp/ccHqFQEY.s 			page 12


 628 0492 94050000 		.4byte	0x594
 629 0496 70       		.byte	0x70
 630 0497 09       		.uleb128 0x9
 631 0498 17010000 		.4byte	.LASF80
 632 049c 05       		.byte	0x5
 633 049d E301     		.2byte	0x1e3
 634 049f 03       		.byte	0x3
 635 04a0 91060000 		.4byte	0x691
 636 04a4 78       		.byte	0x78
 637 04a5 00       		.byte	0
 638 04a6 10       		.uleb128 0x10
 639 04a7 BF040000 		.4byte	.LASF81
 640 04ab 06       		.byte	0x6
 641 04ac FA06     		.2byte	0x6fa
 642 04ae 19       		.byte	0x19
 643 04af CA000000 		.4byte	0xca
 644 04b3 11       		.uleb128 0x11
 645 04b4 2A000000 		.4byte	.LASF82
 646 04b8 07       		.byte	0x7
 647 04b9 4C       		.byte	0x4c
 648 04ba 11       		.byte	0x11
 649 04bb CF000000 		.4byte	0xcf
 650 04bf 04       		.uleb128 0x4
 651 04c0 57000000 		.4byte	.LASF83
 652 04c4 08       		.byte	0x8
 653 04c5 65       		.byte	0x65
 654 04c6 0F       		.byte	0xf
 655 04c7 58030000 		.4byte	0x358
 656 04cb 04       		.uleb128 0x4
 657 04cc 2D060000 		.4byte	.LASF84
 658 04d0 08       		.byte	0x8
 659 04d1 6D       		.byte	0x6d
 660 04d2 12       		.byte	0x12
 661 04d3 DB000000 		.4byte	0xdb
 662 04d7 06       		.uleb128 0x6
 663 04d8 19030000 		.4byte	.LASF85
 664 04dc 04       		.byte	0x4
 665 04dd 08       		.byte	0x8
 666 04de 89       		.byte	0x89
 667 04df 08       		.byte	0x8
 668 04e0 F2040000 		.4byte	0x4f2
 669 04e4 12       		.uleb128 0x12
 670 04e5 72313300 		.ascii	"r13\000"
 671 04e9 08       		.byte	0x8
 672 04ea 8A       		.byte	0x8a
 673 04eb 17       		.byte	0x17
 674 04ec 77050000 		.4byte	0x577
 675 04f0 00       		.byte	0
 676 04f1 00       		.byte	0
 677 04f2 06       		.uleb128 0x6
 678 04f3 B3040000 		.4byte	.LASF86
 679 04f7 24       		.byte	0x24
 680 04f8 09       		.byte	0x9
 681 04f9 FD       		.byte	0xfd
 682 04fa 08       		.byte	0x8
 683 04fb 77050000 		.4byte	0x577
 684 04ff 08       		.uleb128 0x8
ARM GAS  /tmp/ccHqFQEY.s 			page 13


 685 0500 723400   		.ascii	"r4\000"
 686 0503 09       		.byte	0x9
 687 0504 1001     		.2byte	0x110
 688 0506 11       		.byte	0x11
 689 0507 BF040000 		.4byte	0x4bf
 690 050b 00       		.byte	0
 691 050c 08       		.uleb128 0x8
 692 050d 723500   		.ascii	"r5\000"
 693 0510 09       		.byte	0x9
 694 0511 1101     		.2byte	0x111
 695 0513 11       		.byte	0x11
 696 0514 BF040000 		.4byte	0x4bf
 697 0518 04       		.byte	0x4
 698 0519 08       		.uleb128 0x8
 699 051a 723600   		.ascii	"r6\000"
 700 051d 09       		.byte	0x9
 701 051e 1201     		.2byte	0x112
 702 0520 11       		.byte	0x11
 703 0521 BF040000 		.4byte	0x4bf
 704 0525 08       		.byte	0x8
 705 0526 08       		.uleb128 0x8
 706 0527 723700   		.ascii	"r7\000"
 707 052a 09       		.byte	0x9
 708 052b 1301     		.2byte	0x113
 709 052d 11       		.byte	0x11
 710 052e BF040000 		.4byte	0x4bf
 711 0532 0C       		.byte	0xc
 712 0533 08       		.uleb128 0x8
 713 0534 723800   		.ascii	"r8\000"
 714 0537 09       		.byte	0x9
 715 0538 1401     		.2byte	0x114
 716 053a 11       		.byte	0x11
 717 053b BF040000 		.4byte	0x4bf
 718 053f 10       		.byte	0x10
 719 0540 08       		.uleb128 0x8
 720 0541 723900   		.ascii	"r9\000"
 721 0544 09       		.byte	0x9
 722 0545 1501     		.2byte	0x115
 723 0547 11       		.byte	0x11
 724 0548 BF040000 		.4byte	0x4bf
 725 054c 14       		.byte	0x14
 726 054d 08       		.uleb128 0x8
 727 054e 72313000 		.ascii	"r10\000"
 728 0552 09       		.byte	0x9
 729 0553 1601     		.2byte	0x116
 730 0555 11       		.byte	0x11
 731 0556 BF040000 		.4byte	0x4bf
 732 055a 18       		.byte	0x18
 733 055b 08       		.uleb128 0x8
 734 055c 72313100 		.ascii	"r11\000"
 735 0560 09       		.byte	0x9
 736 0561 1701     		.2byte	0x117
 737 0563 11       		.byte	0x11
 738 0564 BF040000 		.4byte	0x4bf
 739 0568 1C       		.byte	0x1c
 740 0569 08       		.uleb128 0x8
 741 056a 6C7200   		.ascii	"lr\000"
ARM GAS  /tmp/ccHqFQEY.s 			page 14


 742 056d 09       		.byte	0x9
 743 056e 1801     		.2byte	0x118
 744 0570 11       		.byte	0x11
 745 0571 BF040000 		.4byte	0x4bf
 746 0575 20       		.byte	0x20
 747 0576 00       		.byte	0
 748 0577 0A       		.uleb128 0xa
 749 0578 04       		.byte	0x4
 750 0579 F2040000 		.4byte	0x4f2
 751 057d 13       		.uleb128 0x13
 752 057e 04       		.byte	0x4
 753 057f 0A       		.byte	0xa
 754 0580 38       		.byte	0x38
 755 0581 09       		.byte	0x9
 756 0582 94050000 		.4byte	0x594
 757 0586 07       		.uleb128 0x7
 758 0587 2F020000 		.4byte	.LASF87
 759 058b 0A       		.byte	0xa
 760 058c 3C       		.byte	0x3c
 761 058d 19       		.byte	0x19
 762 058e E7000000 		.4byte	0xe7
 763 0592 00       		.byte	0
 764 0593 00       		.byte	0
 765 0594 04       		.uleb128 0x4
 766 0595 41000000 		.4byte	.LASF88
 767 0599 0A       		.byte	0xa
 768 059a 3D       		.byte	0x3d
 769 059b 03       		.byte	0x3
 770 059c 7D050000 		.4byte	0x57d
 771 05a0 14       		.uleb128 0x14
 772 05a1 04       		.byte	0x4
 773 05a2 05       		.byte	0x5
 774 05a3 FA       		.byte	0xfa
 775 05a4 03       		.byte	0x3
 776 05a5 05060000 		.4byte	0x605
 777 05a9 15       		.uleb128 0x15
 778 05aa 1A020000 		.4byte	.LASF89
 779 05ae 05       		.byte	0x5
 780 05af 0101     		.2byte	0x101
 781 05b1 19       		.byte	0x19
 782 05b2 23010000 		.4byte	0x123
 783 05b6 15       		.uleb128 0x15
 784 05b7 51060000 		.4byte	.LASF90
 785 05bb 05       		.byte	0x5
 786 05bc 0801     		.2byte	0x108
 787 05be 19       		.byte	0x19
 788 05bf 23010000 		.4byte	0x123
 789 05c3 15       		.uleb128 0x15
 790 05c4 FB000000 		.4byte	.LASF91
 791 05c8 05       		.byte	0x5
 792 05c9 0F01     		.2byte	0x10f
 793 05cb 1A       		.byte	0x1a
 794 05cc 58030000 		.4byte	0x358
 795 05d0 15       		.uleb128 0x15
 796 05d1 EE050000 		.4byte	.LASF92
 797 05d5 05       		.byte	0x5
 798 05d6 1601     		.2byte	0x116
ARM GAS  /tmp/ccHqFQEY.s 			page 15


 799 05d8 1A       		.byte	0x1a
 800 05d9 05060000 		.4byte	0x605
 801 05dd 15       		.uleb128 0x15
 802 05de 95050000 		.4byte	.LASF93
 803 05e2 05       		.byte	0x5
 804 05e3 1E01     		.2byte	0x11e
 805 05e5 1A       		.byte	0x1a
 806 05e6 33060000 		.4byte	0x633
 807 05ea 15       		.uleb128 0x15
 808 05eb 3A000000 		.4byte	.LASF94
 809 05ef 05       		.byte	0x5
 810 05f0 2701     		.2byte	0x127
 811 05f2 1A       		.byte	0x1a
 812 05f3 6E060000 		.4byte	0x66e
 813 05f7 15       		.uleb128 0x15
 814 05f8 26010000 		.4byte	.LASF95
 815 05fc 05       		.byte	0x5
 816 05fd 2F01     		.2byte	0x12f
 817 05ff 19       		.byte	0x19
 818 0600 2F010000 		.4byte	0x12f
 819 0604 00       		.byte	0
 820 0605 0A       		.uleb128 0xa
 821 0606 04       		.byte	0x4
 822 0607 5F020000 		.4byte	0x25f
 823 060b 06       		.uleb128 0x6
 824 060c A4010000 		.4byte	.LASF96
 825 0610 0C       		.byte	0xc
 826 0611 0B       		.byte	0xb
 827 0612 34       		.byte	0x34
 828 0613 10       		.byte	0x10
 829 0614 33060000 		.4byte	0x633
 830 0618 07       		.uleb128 0x7
 831 0619 86000000 		.4byte	.LASF97
 832 061d 0B       		.byte	0xb
 833 061e 35       		.byte	0x35
 834 061f 19       		.byte	0x19
 835 0620 98020000 		.4byte	0x298
 836 0624 00       		.byte	0
 837 0625 07       		.uleb128 0x7
 838 0626 5F010000 		.4byte	.LASF98
 839 062a 0B       		.byte	0xb
 840 062b 37       		.byte	0x37
 841 062c 19       		.byte	0x19
 842 062d 3B010000 		.4byte	0x13b
 843 0631 08       		.byte	0x8
 844 0632 00       		.byte	0
 845 0633 0A       		.uleb128 0xa
 846 0634 04       		.byte	0x4
 847 0635 0B060000 		.4byte	0x60b
 848 0639 06       		.uleb128 0x6
 849 063a 4B020000 		.4byte	.LASF99
 850 063e 10       		.byte	0x10
 851 063f 0C       		.byte	0xc
 852 0640 39       		.byte	0x39
 853 0641 08       		.byte	0x8
 854 0642 6E060000 		.4byte	0x66e
 855 0646 07       		.uleb128 0x7
ARM GAS  /tmp/ccHqFQEY.s 			page 16


 856 0647 A2040000 		.4byte	.LASF100
 857 064b 0C       		.byte	0xc
 858 064c 3A       		.byte	0x3a
 859 064d 19       		.byte	0x19
 860 064e 98020000 		.4byte	0x298
 861 0652 00       		.byte	0
 862 0653 07       		.uleb128 0x7
 863 0654 7E000000 		.4byte	.LASF101
 864 0658 0C       		.byte	0xc
 865 0659 3C       		.byte	0x3c
 866 065a 1A       		.byte	0x1a
 867 065b 6B020000 		.4byte	0x26b
 868 065f 08       		.byte	0x8
 869 0660 07       		.uleb128 0x7
 870 0661 F4050000 		.4byte	.LASF102
 871 0665 0C       		.byte	0xc
 872 0666 3E       		.byte	0x3e
 873 0667 1A       		.byte	0x1a
 874 0668 DA070000 		.4byte	0x7da
 875 066c 0C       		.byte	0xc
 876 066d 00       		.byte	0
 877 066e 0A       		.uleb128 0xa
 878 066f 04       		.byte	0x4
 879 0670 39060000 		.4byte	0x639
 880 0674 0A       		.uleb128 0xa
 881 0675 04       		.byte	0x4
 882 0676 86060000 		.4byte	0x686
 883 067a 05       		.uleb128 0x5
 884 067b 74060000 		.4byte	0x674
 885 067f 03       		.uleb128 0x3
 886 0680 01       		.byte	0x1
 887 0681 08       		.byte	0x8
 888 0682 52000000 		.4byte	.LASF103
 889 0686 16       		.uleb128 0x16
 890 0687 7F060000 		.4byte	0x67f
 891 068b 0A       		.uleb128 0xa
 892 068c 04       		.byte	0x4
 893 068d 5A030000 		.4byte	0x35a
 894 0691 17       		.uleb128 0x17
 895 0692 CB040000 		.4byte	0x4cb
 896 0696 A1060000 		.4byte	0x6a1
 897 069a 18       		.uleb128 0x18
 898 069b 24000000 		.4byte	0x24
 899 069f 1A       		.byte	0x1a
 900 06a0 00       		.byte	0
 901 06a1 19       		.uleb128 0x19
 902 06a2 636800   		.ascii	"ch\000"
 903 06a5 05       		.byte	0x5
 904 06a6 0902     		.2byte	0x209
 905 06a8 14       		.byte	0x14
 906 06a9 37040000 		.4byte	0x437
 907 06ad 13       		.uleb128 0x13
 908 06ae 16       		.byte	0x16
 909 06af 0D       		.byte	0xd
 910 06b0 34       		.byte	0x34
 911 06b1 09       		.byte	0x9
 912 06b2 A1070000 		.4byte	0x7a1
ARM GAS  /tmp/ccHqFQEY.s 			page 17


 913 06b6 07       		.uleb128 0x7
 914 06b7 44050000 		.4byte	.LASF104
 915 06bb 0D       		.byte	0xd
 916 06bc 35       		.byte	0x35
 917 06bd 0D       		.byte	0xd
 918 06be A1070000 		.4byte	0x7a1
 919 06c2 00       		.byte	0
 920 06c3 07       		.uleb128 0x7
 921 06c4 0B040000 		.4byte	.LASF105
 922 06c8 0D       		.byte	0xd
 923 06c9 36       		.byte	0x36
 924 06ca 0D       		.byte	0xd
 925 06cb A6000000 		.4byte	0xa6
 926 06cf 04       		.byte	0x4
 927 06d0 07       		.uleb128 0x7
 928 06d1 33040000 		.4byte	.LASF106
 929 06d5 0D       		.byte	0xd
 930 06d6 37       		.byte	0x37
 931 06d7 0D       		.byte	0xd
 932 06d8 A6000000 		.4byte	0xa6
 933 06dc 05       		.byte	0x5
 934 06dd 07       		.uleb128 0x7
 935 06de 78040000 		.4byte	.LASF107
 936 06e2 0D       		.byte	0xd
 937 06e3 38       		.byte	0x38
 938 06e4 0D       		.byte	0xd
 939 06e5 B2000000 		.4byte	0xb2
 940 06e9 06       		.byte	0x6
 941 06ea 07       		.uleb128 0x7
 942 06eb 4B010000 		.4byte	.LASF108
 943 06ef 0D       		.byte	0xd
 944 06f0 39       		.byte	0x39
 945 06f1 0D       		.byte	0xd
 946 06f2 A6000000 		.4byte	0xa6
 947 06f6 08       		.byte	0x8
 948 06f7 07       		.uleb128 0x7
 949 06f8 7E010000 		.4byte	.LASF109
 950 06fc 0D       		.byte	0xd
 951 06fd 3A       		.byte	0x3a
 952 06fe 0D       		.byte	0xd
 953 06ff A6000000 		.4byte	0xa6
 954 0703 09       		.byte	0x9
 955 0704 07       		.uleb128 0x7
 956 0705 21020000 		.4byte	.LASF110
 957 0709 0D       		.byte	0xd
 958 070a 3B       		.byte	0x3b
 959 070b 0D       		.byte	0xd
 960 070c A6000000 		.4byte	0xa6
 961 0710 0A       		.byte	0xa
 962 0711 07       		.uleb128 0x7
 963 0712 2E050000 		.4byte	.LASF111
 964 0716 0D       		.byte	0xd
 965 0717 3C       		.byte	0x3c
 966 0718 0D       		.byte	0xd
 967 0719 A6000000 		.4byte	0xa6
 968 071d 0B       		.byte	0xb
 969 071e 07       		.uleb128 0x7
ARM GAS  /tmp/ccHqFQEY.s 			page 18


 970 071f 5F020000 		.4byte	.LASF112
 971 0723 0D       		.byte	0xd
 972 0724 3D       		.byte	0x3d
 973 0725 0D       		.byte	0xd
 974 0726 A6000000 		.4byte	0xa6
 975 072a 0C       		.byte	0xc
 976 072b 07       		.uleb128 0x7
 977 072c 07060000 		.4byte	.LASF113
 978 0730 0D       		.byte	0xd
 979 0731 3E       		.byte	0x3e
 980 0732 0D       		.byte	0xd
 981 0733 A6000000 		.4byte	0xa6
 982 0737 0D       		.byte	0xd
 983 0738 07       		.uleb128 0x7
 984 0739 71000000 		.4byte	.LASF114
 985 073d 0D       		.byte	0xd
 986 073e 3F       		.byte	0x3f
 987 073f 0D       		.byte	0xd
 988 0740 A6000000 		.4byte	0xa6
 989 0744 0E       		.byte	0xe
 990 0745 07       		.uleb128 0x7
 991 0746 EF000000 		.4byte	.LASF115
 992 074a 0D       		.byte	0xd
 993 074b 40       		.byte	0x40
 994 074c 0D       		.byte	0xd
 995 074d A6000000 		.4byte	0xa6
 996 0751 0F       		.byte	0xf
 997 0752 07       		.uleb128 0x7
 998 0753 6A020000 		.4byte	.LASF116
 999 0757 0D       		.byte	0xd
 1000 0758 41       		.byte	0x41
 1001 0759 0D       		.byte	0xd
 1002 075a A6000000 		.4byte	0xa6
 1003 075e 10       		.byte	0x10
 1004 075f 07       		.uleb128 0x7
 1005 0760 73050000 		.4byte	.LASF117
 1006 0764 0D       		.byte	0xd
 1007 0765 43       		.byte	0x43
 1008 0766 0D       		.byte	0xd
 1009 0767 A6000000 		.4byte	0xa6
 1010 076b 11       		.byte	0x11
 1011 076c 07       		.uleb128 0x7
 1012 076d 2D010000 		.4byte	.LASF118
 1013 0771 0D       		.byte	0xd
 1014 0772 44       		.byte	0x44
 1015 0773 0D       		.byte	0xd
 1016 0774 A6000000 		.4byte	0xa6
 1017 0778 12       		.byte	0x12
 1018 0779 07       		.uleb128 0x7
 1019 077a FF030000 		.4byte	.LASF119
 1020 077e 0D       		.byte	0xd
 1021 077f 45       		.byte	0x45
 1022 0780 0D       		.byte	0xd
 1023 0781 A6000000 		.4byte	0xa6
 1024 0785 13       		.byte	0x13
 1025 0786 07       		.uleb128 0x7
 1026 0787 36020000 		.4byte	.LASF120
ARM GAS  /tmp/ccHqFQEY.s 			page 19


 1027 078b 0D       		.byte	0xd
 1028 078c 46       		.byte	0x46
 1029 078d 0D       		.byte	0xd
 1030 078e A6000000 		.4byte	0xa6
 1031 0792 14       		.byte	0x14
 1032 0793 07       		.uleb128 0x7
 1033 0794 22050000 		.4byte	.LASF121
 1034 0798 0D       		.byte	0xd
 1035 0799 48       		.byte	0x48
 1036 079a 0D       		.byte	0xd
 1037 079b A6000000 		.4byte	0xa6
 1038 079f 15       		.byte	0x15
 1039 07a0 00       		.byte	0
 1040 07a1 17       		.uleb128 0x17
 1041 07a2 7F060000 		.4byte	0x67f
 1042 07a6 B1070000 		.4byte	0x7b1
 1043 07aa 18       		.uleb128 0x18
 1044 07ab 24000000 		.4byte	0x24
 1045 07af 03       		.byte	0x3
 1046 07b0 00       		.byte	0
 1047 07b1 04       		.uleb128 0x4
 1048 07b2 5B040000 		.4byte	.LASF122
 1049 07b6 0D       		.byte	0xd
 1050 07b7 49       		.byte	0x49
 1051 07b8 03       		.byte	0x3
 1052 07b9 AD060000 		.4byte	0x6ad
 1053 07bd 16       		.uleb128 0x16
 1054 07be B1070000 		.4byte	0x7b1
 1055 07c2 11       		.uleb128 0x11
 1056 07c3 38060000 		.4byte	.LASF123
 1057 07c7 0D       		.byte	0xd
 1058 07c8 6E       		.byte	0x6e
 1059 07c9 1D       		.byte	0x1d
 1060 07ca BD070000 		.4byte	0x7bd
 1061 07ce 04       		.uleb128 0x4
 1062 07cf 9C050000 		.4byte	.LASF124
 1063 07d3 0C       		.byte	0xc
 1064 07d4 34       		.byte	0x34
 1065 07d5 19       		.byte	0x19
 1066 07d6 39060000 		.4byte	0x639
 1067 07da 0A       		.uleb128 0xa
 1068 07db 04       		.byte	0x4
 1069 07dc CE070000 		.4byte	0x7ce
 1070 07e0 03       		.uleb128 0x3
 1071 07e1 01       		.byte	0x1
 1072 07e2 02       		.byte	0x2
 1073 07e3 45020000 		.4byte	.LASF125
 1074 07e7 00       		.byte	0
 1075              		.section	.gnu.debuglto_.debug_abbrev,"",%progbits
 1076              	.Ldebug_abbrev0:
 1077 0000 01       		.uleb128 0x1
 1078 0001 11       		.uleb128 0x11
 1079 0002 01       		.byte	0x1
 1080 0003 25       		.uleb128 0x25
 1081 0004 0E       		.uleb128 0xe
 1082 0005 13       		.uleb128 0x13
 1083 0006 0B       		.uleb128 0xb
ARM GAS  /tmp/ccHqFQEY.s 			page 20


 1084 0007 03       		.uleb128 0x3
 1085 0008 0E       		.uleb128 0xe
 1086 0009 1B       		.uleb128 0x1b
 1087 000a 0E       		.uleb128 0xe
 1088 000b 10       		.uleb128 0x10
 1089 000c 17       		.uleb128 0x17
 1090 000d 00       		.byte	0
 1091 000e 00       		.byte	0
 1092 000f 02       		.uleb128 0x2
 1093 0010 24       		.uleb128 0x24
 1094 0011 00       		.byte	0
 1095 0012 0B       		.uleb128 0xb
 1096 0013 0B       		.uleb128 0xb
 1097 0014 3E       		.uleb128 0x3e
 1098 0015 0B       		.uleb128 0xb
 1099 0016 03       		.uleb128 0x3
 1100 0017 08       		.uleb128 0x8
 1101 0018 00       		.byte	0
 1102 0019 00       		.byte	0
 1103 001a 03       		.uleb128 0x3
 1104 001b 24       		.uleb128 0x24
 1105 001c 00       		.byte	0
 1106 001d 0B       		.uleb128 0xb
 1107 001e 0B       		.uleb128 0xb
 1108 001f 3E       		.uleb128 0x3e
 1109 0020 0B       		.uleb128 0xb
 1110 0021 03       		.uleb128 0x3
 1111 0022 0E       		.uleb128 0xe
 1112 0023 00       		.byte	0
 1113 0024 00       		.byte	0
 1114 0025 04       		.uleb128 0x4
 1115 0026 16       		.uleb128 0x16
 1116 0027 00       		.byte	0
 1117 0028 03       		.uleb128 0x3
 1118 0029 0E       		.uleb128 0xe
 1119 002a 3A       		.uleb128 0x3a
 1120 002b 0B       		.uleb128 0xb
 1121 002c 3B       		.uleb128 0x3b
 1122 002d 0B       		.uleb128 0xb
 1123 002e 39       		.uleb128 0x39
 1124 002f 0B       		.uleb128 0xb
 1125 0030 49       		.uleb128 0x49
 1126 0031 13       		.uleb128 0x13
 1127 0032 00       		.byte	0
 1128 0033 00       		.byte	0
 1129 0034 05       		.uleb128 0x5
 1130 0035 35       		.uleb128 0x35
 1131 0036 00       		.byte	0
 1132 0037 49       		.uleb128 0x49
 1133 0038 13       		.uleb128 0x13
 1134 0039 00       		.byte	0
 1135 003a 00       		.byte	0
 1136 003b 06       		.uleb128 0x6
 1137 003c 13       		.uleb128 0x13
 1138 003d 01       		.byte	0x1
 1139 003e 03       		.uleb128 0x3
 1140 003f 0E       		.uleb128 0xe
ARM GAS  /tmp/ccHqFQEY.s 			page 21


 1141 0040 0B       		.uleb128 0xb
 1142 0041 0B       		.uleb128 0xb
 1143 0042 3A       		.uleb128 0x3a
 1144 0043 0B       		.uleb128 0xb
 1145 0044 3B       		.uleb128 0x3b
 1146 0045 0B       		.uleb128 0xb
 1147 0046 39       		.uleb128 0x39
 1148 0047 0B       		.uleb128 0xb
 1149 0048 01       		.uleb128 0x1
 1150 0049 13       		.uleb128 0x13
 1151 004a 00       		.byte	0
 1152 004b 00       		.byte	0
 1153 004c 07       		.uleb128 0x7
 1154 004d 0D       		.uleb128 0xd
 1155 004e 00       		.byte	0
 1156 004f 03       		.uleb128 0x3
 1157 0050 0E       		.uleb128 0xe
 1158 0051 3A       		.uleb128 0x3a
 1159 0052 0B       		.uleb128 0xb
 1160 0053 3B       		.uleb128 0x3b
 1161 0054 0B       		.uleb128 0xb
 1162 0055 39       		.uleb128 0x39
 1163 0056 0B       		.uleb128 0xb
 1164 0057 49       		.uleb128 0x49
 1165 0058 13       		.uleb128 0x13
 1166 0059 38       		.uleb128 0x38
 1167 005a 0B       		.uleb128 0xb
 1168 005b 00       		.byte	0
 1169 005c 00       		.byte	0
 1170 005d 08       		.uleb128 0x8
 1171 005e 0D       		.uleb128 0xd
 1172 005f 00       		.byte	0
 1173 0060 03       		.uleb128 0x3
 1174 0061 08       		.uleb128 0x8
 1175 0062 3A       		.uleb128 0x3a
 1176 0063 0B       		.uleb128 0xb
 1177 0064 3B       		.uleb128 0x3b
 1178 0065 05       		.uleb128 0x5
 1179 0066 39       		.uleb128 0x39
 1180 0067 0B       		.uleb128 0xb
 1181 0068 49       		.uleb128 0x49
 1182 0069 13       		.uleb128 0x13
 1183 006a 38       		.uleb128 0x38
 1184 006b 0B       		.uleb128 0xb
 1185 006c 00       		.byte	0
 1186 006d 00       		.byte	0
 1187 006e 09       		.uleb128 0x9
 1188 006f 0D       		.uleb128 0xd
 1189 0070 00       		.byte	0
 1190 0071 03       		.uleb128 0x3
 1191 0072 0E       		.uleb128 0xe
 1192 0073 3A       		.uleb128 0x3a
 1193 0074 0B       		.uleb128 0xb
 1194 0075 3B       		.uleb128 0x3b
 1195 0076 05       		.uleb128 0x5
 1196 0077 39       		.uleb128 0x39
 1197 0078 0B       		.uleb128 0xb
ARM GAS  /tmp/ccHqFQEY.s 			page 22


 1198 0079 49       		.uleb128 0x49
 1199 007a 13       		.uleb128 0x13
 1200 007b 38       		.uleb128 0x38
 1201 007c 0B       		.uleb128 0xb
 1202 007d 00       		.byte	0
 1203 007e 00       		.byte	0
 1204 007f 0A       		.uleb128 0xa
 1205 0080 0F       		.uleb128 0xf
 1206 0081 00       		.byte	0
 1207 0082 0B       		.uleb128 0xb
 1208 0083 0B       		.uleb128 0xb
 1209 0084 49       		.uleb128 0x49
 1210 0085 13       		.uleb128 0x13
 1211 0086 00       		.byte	0
 1212 0087 00       		.byte	0
 1213 0088 0B       		.uleb128 0xb
 1214 0089 13       		.uleb128 0x13
 1215 008a 01       		.byte	0x1
 1216 008b 03       		.uleb128 0x3
 1217 008c 0E       		.uleb128 0xe
 1218 008d 0B       		.uleb128 0xb
 1219 008e 0B       		.uleb128 0xb
 1220 008f 3A       		.uleb128 0x3a
 1221 0090 0B       		.uleb128 0xb
 1222 0091 3B       		.uleb128 0x3b
 1223 0092 05       		.uleb128 0x5
 1224 0093 39       		.uleb128 0x39
 1225 0094 0B       		.uleb128 0xb
 1226 0095 01       		.uleb128 0x1
 1227 0096 13       		.uleb128 0x13
 1228 0097 00       		.byte	0
 1229 0098 00       		.byte	0
 1230 0099 0C       		.uleb128 0xc
 1231 009a 15       		.uleb128 0x15
 1232 009b 01       		.byte	0x1
 1233 009c 27       		.uleb128 0x27
 1234 009d 19       		.uleb128 0x19
 1235 009e 01       		.uleb128 0x1
 1236 009f 13       		.uleb128 0x13
 1237 00a0 00       		.byte	0
 1238 00a1 00       		.byte	0
 1239 00a2 0D       		.uleb128 0xd
 1240 00a3 05       		.uleb128 0x5
 1241 00a4 00       		.byte	0
 1242 00a5 49       		.uleb128 0x49
 1243 00a6 13       		.uleb128 0x13
 1244 00a7 00       		.byte	0
 1245 00a8 00       		.byte	0
 1246 00a9 0E       		.uleb128 0xe
 1247 00aa 0F       		.uleb128 0xf
 1248 00ab 00       		.byte	0
 1249 00ac 0B       		.uleb128 0xb
 1250 00ad 0B       		.uleb128 0xb
 1251 00ae 00       		.byte	0
 1252 00af 00       		.byte	0
 1253 00b0 0F       		.uleb128 0xf
 1254 00b1 13       		.uleb128 0x13
ARM GAS  /tmp/ccHqFQEY.s 			page 23


 1255 00b2 01       		.byte	0x1
 1256 00b3 03       		.uleb128 0x3
 1257 00b4 0E       		.uleb128 0xe
 1258 00b5 0B       		.uleb128 0xb
 1259 00b6 05       		.uleb128 0x5
 1260 00b7 3A       		.uleb128 0x3a
 1261 00b8 0B       		.uleb128 0xb
 1262 00b9 3B       		.uleb128 0x3b
 1263 00ba 05       		.uleb128 0x5
 1264 00bb 39       		.uleb128 0x39
 1265 00bc 0B       		.uleb128 0xb
 1266 00bd 01       		.uleb128 0x1
 1267 00be 13       		.uleb128 0x13
 1268 00bf 00       		.byte	0
 1269 00c0 00       		.byte	0
 1270 00c1 10       		.uleb128 0x10
 1271 00c2 34       		.uleb128 0x34
 1272 00c3 00       		.byte	0
 1273 00c4 03       		.uleb128 0x3
 1274 00c5 0E       		.uleb128 0xe
 1275 00c6 3A       		.uleb128 0x3a
 1276 00c7 0B       		.uleb128 0xb
 1277 00c8 3B       		.uleb128 0x3b
 1278 00c9 05       		.uleb128 0x5
 1279 00ca 39       		.uleb128 0x39
 1280 00cb 0B       		.uleb128 0xb
 1281 00cc 49       		.uleb128 0x49
 1282 00cd 13       		.uleb128 0x13
 1283 00ce 3F       		.uleb128 0x3f
 1284 00cf 19       		.uleb128 0x19
 1285 00d0 3C       		.uleb128 0x3c
 1286 00d1 19       		.uleb128 0x19
 1287 00d2 00       		.byte	0
 1288 00d3 00       		.byte	0
 1289 00d4 11       		.uleb128 0x11
 1290 00d5 34       		.uleb128 0x34
 1291 00d6 00       		.byte	0
 1292 00d7 03       		.uleb128 0x3
 1293 00d8 0E       		.uleb128 0xe
 1294 00d9 3A       		.uleb128 0x3a
 1295 00da 0B       		.uleb128 0xb
 1296 00db 3B       		.uleb128 0x3b
 1297 00dc 0B       		.uleb128 0xb
 1298 00dd 39       		.uleb128 0x39
 1299 00de 0B       		.uleb128 0xb
 1300 00df 49       		.uleb128 0x49
 1301 00e0 13       		.uleb128 0x13
 1302 00e1 3F       		.uleb128 0x3f
 1303 00e2 19       		.uleb128 0x19
 1304 00e3 3C       		.uleb128 0x3c
 1305 00e4 19       		.uleb128 0x19
 1306 00e5 00       		.byte	0
 1307 00e6 00       		.byte	0
 1308 00e7 12       		.uleb128 0x12
 1309 00e8 0D       		.uleb128 0xd
 1310 00e9 00       		.byte	0
 1311 00ea 03       		.uleb128 0x3
ARM GAS  /tmp/ccHqFQEY.s 			page 24


 1312 00eb 08       		.uleb128 0x8
 1313 00ec 3A       		.uleb128 0x3a
 1314 00ed 0B       		.uleb128 0xb
 1315 00ee 3B       		.uleb128 0x3b
 1316 00ef 0B       		.uleb128 0xb
 1317 00f0 39       		.uleb128 0x39
 1318 00f1 0B       		.uleb128 0xb
 1319 00f2 49       		.uleb128 0x49
 1320 00f3 13       		.uleb128 0x13
 1321 00f4 38       		.uleb128 0x38
 1322 00f5 0B       		.uleb128 0xb
 1323 00f6 00       		.byte	0
 1324 00f7 00       		.byte	0
 1325 00f8 13       		.uleb128 0x13
 1326 00f9 13       		.uleb128 0x13
 1327 00fa 01       		.byte	0x1
 1328 00fb 0B       		.uleb128 0xb
 1329 00fc 0B       		.uleb128 0xb
 1330 00fd 3A       		.uleb128 0x3a
 1331 00fe 0B       		.uleb128 0xb
 1332 00ff 3B       		.uleb128 0x3b
 1333 0100 0B       		.uleb128 0xb
 1334 0101 39       		.uleb128 0x39
 1335 0102 0B       		.uleb128 0xb
 1336 0103 01       		.uleb128 0x1
 1337 0104 13       		.uleb128 0x13
 1338 0105 00       		.byte	0
 1339 0106 00       		.byte	0
 1340 0107 14       		.uleb128 0x14
 1341 0108 17       		.uleb128 0x17
 1342 0109 01       		.byte	0x1
 1343 010a 0B       		.uleb128 0xb
 1344 010b 0B       		.uleb128 0xb
 1345 010c 3A       		.uleb128 0x3a
 1346 010d 0B       		.uleb128 0xb
 1347 010e 3B       		.uleb128 0x3b
 1348 010f 0B       		.uleb128 0xb
 1349 0110 39       		.uleb128 0x39
 1350 0111 0B       		.uleb128 0xb
 1351 0112 01       		.uleb128 0x1
 1352 0113 13       		.uleb128 0x13
 1353 0114 00       		.byte	0
 1354 0115 00       		.byte	0
 1355 0116 15       		.uleb128 0x15
 1356 0117 0D       		.uleb128 0xd
 1357 0118 00       		.byte	0
 1358 0119 03       		.uleb128 0x3
 1359 011a 0E       		.uleb128 0xe
 1360 011b 3A       		.uleb128 0x3a
 1361 011c 0B       		.uleb128 0xb
 1362 011d 3B       		.uleb128 0x3b
 1363 011e 05       		.uleb128 0x5
 1364 011f 39       		.uleb128 0x39
 1365 0120 0B       		.uleb128 0xb
 1366 0121 49       		.uleb128 0x49
 1367 0122 13       		.uleb128 0x13
 1368 0123 00       		.byte	0
ARM GAS  /tmp/ccHqFQEY.s 			page 25


 1369 0124 00       		.byte	0
 1370 0125 16       		.uleb128 0x16
 1371 0126 26       		.uleb128 0x26
 1372 0127 00       		.byte	0
 1373 0128 49       		.uleb128 0x49
 1374 0129 13       		.uleb128 0x13
 1375 012a 00       		.byte	0
 1376 012b 00       		.byte	0
 1377 012c 17       		.uleb128 0x17
 1378 012d 01       		.uleb128 0x1
 1379 012e 01       		.byte	0x1
 1380 012f 49       		.uleb128 0x49
 1381 0130 13       		.uleb128 0x13
 1382 0131 01       		.uleb128 0x1
 1383 0132 13       		.uleb128 0x13
 1384 0133 00       		.byte	0
 1385 0134 00       		.byte	0
 1386 0135 18       		.uleb128 0x18
 1387 0136 21       		.uleb128 0x21
 1388 0137 00       		.byte	0
 1389 0138 49       		.uleb128 0x49
 1390 0139 13       		.uleb128 0x13
 1391 013a 2F       		.uleb128 0x2f
 1392 013b 0B       		.uleb128 0xb
 1393 013c 00       		.byte	0
 1394 013d 00       		.byte	0
 1395 013e 19       		.uleb128 0x19
 1396 013f 34       		.uleb128 0x34
 1397 0140 00       		.byte	0
 1398 0141 03       		.uleb128 0x3
 1399 0142 08       		.uleb128 0x8
 1400 0143 3A       		.uleb128 0x3a
 1401 0144 0B       		.uleb128 0xb
 1402 0145 3B       		.uleb128 0x3b
 1403 0146 05       		.uleb128 0x5
 1404 0147 39       		.uleb128 0x39
 1405 0148 0B       		.uleb128 0xb
 1406 0149 49       		.uleb128 0x49
 1407 014a 13       		.uleb128 0x13
 1408 014b 3F       		.uleb128 0x3f
 1409 014c 19       		.uleb128 0x19
 1410 014d 3C       		.uleb128 0x3c
 1411 014e 19       		.uleb128 0x19
 1412 014f 00       		.byte	0
 1413 0150 00       		.byte	0
 1414 0151 00       		.byte	0
 1415              		.section	.gnu.debuglto_.debug_line,"",%progbits
 1416              	.Ldebug_line0:
 1417 0000 17020000 		.4byte	.LELT0-.LSLT0
 1418              	.LSLT0:
 1419 0004 0400     		.2byte	0x4
 1420 0006 11020000 		.4byte	.LELTP0-.LASLTP0
 1421              	.LASLTP0:
 1422 000a 01       		.byte	0x1
 1423 000b 01       		.byte	0x1
 1424 000c 01       		.byte	0x1
 1425 000d F6       		.byte	0xf6
ARM GAS  /tmp/ccHqFQEY.s 			page 26


 1426 000e F2       		.byte	0xf2
 1427 000f 0D       		.byte	0xd
 1428 0010 00       		.byte	0
 1429 0011 01       		.byte	0x1
 1430 0012 01       		.byte	0x1
 1431 0013 01       		.byte	0x1
 1432 0014 01       		.byte	0x1
 1433 0015 00       		.byte	0
 1434 0016 00       		.byte	0
 1435 0017 00       		.byte	0
 1436 0018 01       		.byte	0x1
 1437 0019 00       		.byte	0
 1438 001a 00       		.byte	0
 1439 001b 01       		.byte	0x1
 1440 001c 2F686F6D 		.ascii	"/home/adam/ChibiOS_16.1.9/os/ext/CMSIS/ST/STM32F4xx"
 1440      652F6164 
 1440      616D2F43 
 1440      68696269 
 1440      4F535F31 
 1441 004f 00       		.byte	0
 1442 0050 2F686F6D 		.ascii	"/home/adam/ChibiOS_16.1.9/os/ext/CMSIS/include"
 1442      652F6164 
 1442      616D2F43 
 1442      68696269 
 1442      4F535F31 
 1443 007e 00       		.byte	0
 1444 007f 2F686F6D 		.ascii	"/home/adam/ChibiOS_16.1.9/os/rt/include"
 1444      652F6164 
 1444      616D2F43 
 1444      68696269 
 1444      4F535F31 
 1445 00a6 00       		.byte	0
 1446 00a7 2F686F6D 		.ascii	"/home/adam/ChibiOS_16.1.9/os/rt/ports/ARMCMx"
 1446      652F6164 
 1446      616D2F43 
 1446      68696269 
 1446      4F535F31 
 1447 00d3 00       		.byte	0
 1448 00d4 2F686F6D 		.ascii	"/home/adam/ChibiOS_16.1.9/os/rt/ports/ARMCMx/compil"
 1448      652F6164 
 1448      616D2F43 
 1448      68696269 
 1448      4F535F31 
 1449 0107 6572732F 		.ascii	"ers/GCC"
 1449      474343
 1450 010e 00       		.byte	0
 1451 010f 2F757372 		.ascii	"/usr/arm-none-eabi/include/machine"
 1451      2F61726D 
 1451      2D6E6F6E 
 1451      652D6561 
 1451      62692F69 
 1452 0131 00       		.byte	0
 1453 0132 2F757372 		.ascii	"/usr/arm-none-eabi/include/sys"
 1453      2F61726D 
 1453      2D6E6F6E 
 1453      652D6561 
 1453      62692F69 
ARM GAS  /tmp/ccHqFQEY.s 			page 27


 1454 0150 00       		.byte	0
 1455 0151 00       		.byte	0
 1456 0152 5F646566 		.ascii	"_default_types.h\000"
 1456      61756C74 
 1456      5F747970 
 1456      65732E68 
 1456      00
 1457 0163 06       		.uleb128 0x6
 1458 0164 00       		.uleb128 0
 1459 0165 00       		.uleb128 0
 1460 0166 5F737464 		.ascii	"_stdint.h\000"
 1460      696E742E 
 1460      6800
 1461 0170 07       		.uleb128 0x7
 1462 0171 00       		.uleb128 0
 1463 0172 00       		.uleb128 0
 1464 0173 636F6D70 		.ascii	"compilers/GCC/chtypes.h\000"
 1464      696C6572 
 1464      732F4743 
 1464      432F6368 
 1464      74797065 
 1465 018b 04       		.uleb128 0x4
 1466 018c 00       		.uleb128 0
 1467 018d 00       		.uleb128 0
 1468 018e 63687379 		.ascii	"chsystypes.h\000"
 1468      73747970 
 1468      65732E68 
 1468      00
 1469 019b 03       		.uleb128 0x3
 1470 019c 00       		.uleb128 0
 1471 019d 00       		.uleb128 0
 1472 019e 63687363 		.ascii	"chschd.h\000"
 1472      68642E68 
 1472      00
 1473 01a7 03       		.uleb128 0x3
 1474 01a8 00       		.uleb128 0
 1475 01a9 00       		.uleb128 0
 1476 01aa 636F7265 		.ascii	"core_cm4.h\000"
 1476      5F636D34 
 1476      2E6800
 1477 01b5 02       		.uleb128 0x2
 1478 01b6 00       		.uleb128 0
 1479 01b7 00       		.uleb128 0
 1480 01b8 73797374 		.ascii	"system_stm32f4xx.h\000"
 1480      656D5F73 
 1480      746D3332 
 1480      66347878 
 1480      2E6800
 1481 01cb 01       		.uleb128 0x1
 1482 01cc 00       		.uleb128 0
 1483 01cd 00       		.uleb128 0
 1484 01ce 6368636F 		.ascii	"chcore.h\000"
 1484      72652E68 
 1484      00
 1485 01d7 04       		.uleb128 0x4
 1486 01d8 00       		.uleb128 0
 1487 01d9 00       		.uleb128 0
ARM GAS  /tmp/ccHqFQEY.s 			page 28


 1488 01da 6368636F 		.ascii	"chcore_v7m.h\000"
 1488      72655F76 
 1488      376D2E68 
 1488      00
 1489 01e7 04       		.uleb128 0x4
 1490 01e8 00       		.uleb128 0
 1491 01e9 00       		.uleb128 0
 1492 01ea 6368746D 		.ascii	"chtm.h\000"
 1492      2E6800
 1493 01f1 03       		.uleb128 0x3
 1494 01f2 00       		.uleb128 0
 1495 01f3 00       		.uleb128 0
 1496 01f4 63687365 		.ascii	"chsem.h\000"
 1496      6D2E6800 
 1497 01fc 03       		.uleb128 0x3
 1498 01fd 00       		.uleb128 0
 1499 01fe 00       		.uleb128 0
 1500 01ff 63686D74 		.ascii	"chmtx.h\000"
 1500      782E6800 
 1501 0207 03       		.uleb128 0x3
 1502 0208 00       		.uleb128 0
 1503 0209 00       		.uleb128 0
 1504 020a 63687265 		.ascii	"chregistry.h\000"
 1504      67697374 
 1504      72792E68 
 1504      00
 1505 0217 03       		.uleb128 0x3
 1506 0218 00       		.uleb128 0
 1507 0219 00       		.uleb128 0
 1508 021a 00       		.byte	0
 1509              	.LELTP0:
 1510              	.LELT0:
 1511              		.section	.gnu.debuglto_.debug_str,"MS",%progbits,1
 1512              	.LASF50:
 1513 0000 63685F74 		.ascii	"ch_threads_list\000"
 1513      68726561 
 1513      64735F6C 
 1513      69737400 
 1514              	.LASF51:
 1515 0010 74687265 		.ascii	"threads_queue_t\000"
 1515      6164735F 
 1515      71756575 
 1515      655F7400 
 1516              	.LASF40:
 1517 0020 705F7761 		.ascii	"p_waiting\000"
 1517      6974696E 
 1517      6700
 1518              	.LASF82:
 1519 002a 53797374 		.ascii	"SystemCoreClock\000"
 1519      656D436F 
 1519      7265436C 
 1519      6F636B00 
 1520              	.LASF94:
 1521 003a 77746D74 		.ascii	"wtmtxp\000"
 1521      787000
 1522              	.LASF88:
 1523 0041 746D5F63 		.ascii	"tm_calibration_t\000"
ARM GAS  /tmp/ccHqFQEY.s 			page 29


 1523      616C6962 
 1523      72617469 
 1523      6F6E5F74 
 1523      00
 1524              	.LASF103:
 1525 0052 63686172 		.ascii	"char\000"
 1525      00
 1526              	.LASF83:
 1527 0057 72656761 		.ascii	"regarm_t\000"
 1527      726D5F74 
 1527      00
 1528              	.LASF32:
 1529 0060 705F7072 		.ascii	"p_prio\000"
 1529      696F00
 1530              	.LASF28:
 1531 0067 73797374 		.ascii	"systime_t\000"
 1531      696D655F 
 1531      7400
 1532              	.LASF114:
 1533 0071 63665F6F 		.ascii	"cf_off_older\000"
 1533      66665F6F 
 1533      6C646572 
 1533      00
 1534              	.LASF101:
 1535 007e 6D5F6F77 		.ascii	"m_owner\000"
 1535      6E657200 
 1536              	.LASF97:
 1537 0086 735F7175 		.ascii	"s_queue\000"
 1537      65756500 
 1538              	.LASF41:
 1539 008e 705F6D73 		.ascii	"p_msgqueue\000"
 1539      67717565 
 1539      756500
 1540              	.LASF0:
 1541 0099 756E7369 		.ascii	"unsigned int\000"
 1541      676E6564 
 1541      20696E74 
 1541      00
 1542              	.LASF48:
 1543 00a6 74687265 		.ascii	"threads_list_t\000"
 1543      6164735F 
 1543      6C697374 
 1543      5F7400
 1544              	.LASF9:
 1545 00b5 5F5F696E 		.ascii	"__int32_t\000"
 1545      7433325F 
 1545      7400
 1546              	.LASF128:
 1547 00bf 2F686F6D 		.ascii	"/home/adam/code/chos/Um9ib1Byb2plY3Q/Main Board\000"
 1547      652F6164 
 1547      616D2F63 
 1547      6F64652F 
 1547      63686F73 
 1548              	.LASF115:
 1549 00ef 63665F6F 		.ascii	"cf_off_name\000"
 1549      66665F6E 
 1549      616D6500 
ARM GAS  /tmp/ccHqFQEY.s 			page 30


 1550              	.LASF91:
 1551 00fb 77746F62 		.ascii	"wtobjp\000"
 1551      6A7000
 1552              	.LASF78:
 1553 0102 76746C69 		.ascii	"vtlist\000"
 1553      737400
 1554              	.LASF54:
 1555 0109 63685F72 		.ascii	"ch_ready_list\000"
 1555      65616479 
 1555      5F6C6973 
 1555      7400
 1556              	.LASF80:
 1557 0117 69646C65 		.ascii	"idle_thread_wa\000"
 1557      5F746872 
 1557      6561645F 
 1557      776100
 1558              	.LASF95:
 1559 0126 65776D61 		.ascii	"ewmask\000"
 1559      736B00
 1560              	.LASF118:
 1561 012d 63665F6F 		.ascii	"cf_off_flags\000"
 1561      66665F66 
 1561      6C616773 
 1561      00
 1562              	.LASF52:
 1563 013a 63685F74 		.ascii	"ch_threads_queue\000"
 1563      68726561 
 1563      64735F71 
 1563      75657565 
 1563      00
 1564              	.LASF108:
 1565 014b 63685F70 		.ascii	"ch_ptrsize\000"
 1565      74727369 
 1565      7A6500
 1566              	.LASF61:
 1567 0156 76746675 		.ascii	"vtfunc_t\000"
 1567      6E635F74 
 1567      00
 1568              	.LASF98:
 1569 015f 735F636E 		.ascii	"s_cnt\000"
 1569      7400
 1570              	.LASF73:
 1571 0165 63685F73 		.ascii	"ch_system_debug\000"
 1571      79737465 
 1571      6D5F6465 
 1571      62756700 
 1572              	.LASF18:
 1573 0175 75696E74 		.ascii	"uint32_t\000"
 1573      33325F74 
 1573      00
 1574              	.LASF109:
 1575 017e 63685F74 		.ascii	"ch_timesize\000"
 1575      696D6573 
 1575      697A6500 
 1576              	.LASF26:
 1577 018a 6576656E 		.ascii	"eventmask_t\000"
 1577      746D6173 
ARM GAS  /tmp/ccHqFQEY.s 			page 31


 1577      6B5F7400 
 1578              	.LASF56:
 1579 0196 725F7072 		.ascii	"r_prio\000"
 1579      696F00
 1580              	.LASF68:
 1581 019d 76745F70 		.ascii	"vt_par\000"
 1581      617200
 1582              	.LASF96:
 1583 01a4 63685F73 		.ascii	"ch_semaphore\000"
 1583      656D6170 
 1583      686F7265 
 1583      00
 1584              	.LASF24:
 1585 01b1 74707269 		.ascii	"tprio_t\000"
 1585      6F5F7400 
 1586              	.LASF63:
 1587 01b9 63685F76 		.ascii	"ch_virtual_timer\000"
 1587      69727475 
 1587      616C5F74 
 1587      696D6572 
 1587      00
 1588              	.LASF14:
 1589 01ca 6C6F6E67 		.ascii	"long long unsigned int\000"
 1589      206C6F6E 
 1589      6720756E 
 1589      7369676E 
 1589      65642069 
 1590              	.LASF7:
 1591 01e1 5F5F7569 		.ascii	"__uint16_t\000"
 1591      6E743136 
 1591      5F7400
 1592              	.LASF27:
 1593 01ec 636E745F 		.ascii	"cnt_t\000"
 1593      7400
 1594              	.LASF34:
 1595 01f2 705F6E65 		.ascii	"p_newer\000"
 1595      77657200 
 1596              	.LASF70:
 1597 01fa 63685F76 		.ascii	"ch_virtual_timers_list\000"
 1597      69727475 
 1597      616C5F74 
 1597      696D6572 
 1597      735F6C69 
 1598              	.LASF29:
 1599 0211 74687265 		.ascii	"thread_t\000"
 1599      61645F74 
 1599      00
 1600              	.LASF89:
 1601 021a 7264796D 		.ascii	"rdymsg\000"
 1601      736700
 1602              	.LASF110:
 1603 0221 63685F74 		.ascii	"ch_threadsize\000"
 1603      68726561 
 1603      6473697A 
 1603      6500
 1604              	.LASF87:
 1605 022f 6F666673 		.ascii	"offset\000"
ARM GAS  /tmp/ccHqFQEY.s 			page 32


 1605      657400
 1606              	.LASF120:
 1607 0236 63665F6F 		.ascii	"cf_off_preempt\000"
 1607      66665F70 
 1607      7265656D 
 1607      707400
 1608              	.LASF125:
 1609 0245 5F426F6F 		.ascii	"_Bool\000"
 1609      6C00
 1610              	.LASF99:
 1611 024b 63685F6D 		.ascii	"ch_mutex\000"
 1611      75746578 
 1611      00
 1612              	.LASF13:
 1613 0254 5F5F7569 		.ascii	"__uint64_t\000"
 1613      6E743634 
 1613      5F7400
 1614              	.LASF112:
 1615 025f 63665F6F 		.ascii	"cf_off_ctx\000"
 1615      66665F63 
 1615      747800
 1616              	.LASF116:
 1617 026a 63665F6F 		.ascii	"cf_off_stklimit\000"
 1617      66665F73 
 1617      746B6C69 
 1617      6D697400 
 1618              	.LASF36:
 1619 027a 705F6E61 		.ascii	"p_name\000"
 1619      6D6500
 1620              	.LASF66:
 1621 0281 76745F64 		.ascii	"vt_delta\000"
 1621      656C7461 
 1621      00
 1622              	.LASF47:
 1623 028a 74687265 		.ascii	"thread_reference_t\000"
 1623      61645F72 
 1623      65666572 
 1623      656E6365 
 1623      5F7400
 1624              	.LASF71:
 1625 029d 76745F6C 		.ascii	"vt_lasttime\000"
 1625      61737474 
 1625      696D6500 
 1626              	.LASF22:
 1627 02a9 74737461 		.ascii	"tstate_t\000"
 1627      74655F74 
 1627      00
 1628              	.LASF35:
 1629 02b2 705F6F6C 		.ascii	"p_older\000"
 1629      64657200 
 1630              	.LASF37:
 1631 02ba 705F7374 		.ascii	"p_state\000"
 1631      61746500 
 1632              	.LASF15:
 1633 02c2 75696E74 		.ascii	"uint8_t\000"
 1633      385F7400 
 1634              	.LASF46:
ARM GAS  /tmp/ccHqFQEY.s 			page 33


 1635 02ca 705F6D70 		.ascii	"p_mpool\000"
 1635      6F6F6C00 
 1636              	.LASF44:
 1637 02d2 705F6D74 		.ascii	"p_mtxlist\000"
 1637      786C6973 
 1637      7400
 1638              	.LASF49:
 1639 02dc 63685F74 		.ascii	"ch_thread\000"
 1639      68726561 
 1639      6400
 1640              	.LASF72:
 1641 02e6 73797374 		.ascii	"system_debug_t\000"
 1641      656D5F64 
 1641      65627567 
 1641      5F7400
 1642              	.LASF1:
 1643 02f5 6C6F6E67 		.ascii	"long long int\000"
 1643      206C6F6E 
 1643      6720696E 
 1643      7400
 1644              	.LASF55:
 1645 0303 725F7175 		.ascii	"r_queue\000"
 1645      65756500 
 1646              	.LASF58:
 1647 030b 725F6E65 		.ascii	"r_newer\000"
 1647      77657200 
 1648              	.LASF25:
 1649 0313 6D73675F 		.ascii	"msg_t\000"
 1649      7400
 1650              	.LASF85:
 1651 0319 636F6E74 		.ascii	"context\000"
 1651      65787400 
 1652              	.LASF38:
 1653 0321 705F666C 		.ascii	"p_flags\000"
 1653      61677300 
 1654              	.LASF62:
 1655 0329 76697274 		.ascii	"virtual_timer_t\000"
 1655      75616C5F 
 1655      74696D65 
 1655      725F7400 
 1656              	.LASF126:
 1657 0339 474E5520 		.ascii	"GNU C17 8.3.0 -mcpu=cortex-m4 -mno-thumb-interwork "
 1657      43313720 
 1657      382E332E 
 1657      30202D6D 
 1657      6370753D 
 1658 036c 2D6D7468 		.ascii	"-mthumb -mfloat-abi=soft -march=armv7e-m -ggdb -O2 "
 1658      756D6220 
 1658      2D6D666C 
 1658      6F61742D 
 1658      6162693D 
 1659 039f 2D666F6D 		.ascii	"-fomit-frame-pointer -falign-functions=16 -ffunctio"
 1659      69742D66 
 1659      72616D65 
 1659      2D706F69 
 1659      6E746572 
 1660 03d2 6E2D7365 		.ascii	"n-sections -fdata-sections -fno-common -flto\000"
ARM GAS  /tmp/ccHqFQEY.s 			page 34


 1660      6374696F 
 1660      6E73202D 
 1660      66646174 
 1660      612D7365 
 1661              	.LASF119:
 1662 03ff 63665F6F 		.ascii	"cf_off_refs\000"
 1662      66665F72 
 1662      65667300 
 1663              	.LASF105:
 1664 040b 63685F7A 		.ascii	"ch_zero\000"
 1664      65726F00 
 1665              	.LASF59:
 1666 0413 725F6F6C 		.ascii	"r_older\000"
 1666      64657200 
 1667              	.LASF74:
 1668 041b 70616E69 		.ascii	"panic_msg\000"
 1668      635F6D73 
 1668      6700
 1669              	.LASF42:
 1670 0425 705F6D73 		.ascii	"p_msg\000"
 1670      6700
 1671              	.LASF21:
 1672 042b 746D6F64 		.ascii	"tmode_t\000"
 1672      655F7400 
 1673              	.LASF106:
 1674 0433 63685F73 		.ascii	"ch_size\000"
 1674      697A6500 
 1675              	.LASF79:
 1676 043b 6D61696E 		.ascii	"mainthread\000"
 1676      74687265 
 1676      616400
 1677              	.LASF2:
 1678 0446 6C6F6E67 		.ascii	"long double\000"
 1678      20646F75 
 1678      626C6500 
 1679              	.LASF16:
 1680 0452 75696E74 		.ascii	"uint16_t\000"
 1680      31365F74 
 1680      00
 1681              	.LASF122:
 1682 045b 63686465 		.ascii	"chdebug_t\000"
 1682      6275675F 
 1682      7400
 1683              	.LASF20:
 1684 0465 7274636E 		.ascii	"rtcnt_t\000"
 1684      745F7400 
 1685              	.LASF45:
 1686 046d 705F7265 		.ascii	"p_realprio\000"
 1686      616C7072 
 1686      696F00
 1687              	.LASF107:
 1688 0478 63685F76 		.ascii	"ch_version\000"
 1688      65727369 
 1688      6F6E00
 1689              	.LASF5:
 1690 0483 73686F72 		.ascii	"short int\000"
 1690      7420696E 
ARM GAS  /tmp/ccHqFQEY.s 			page 35


 1690      7400
 1691              	.LASF60:
 1692 048d 725F6375 		.ascii	"r_current\000"
 1692      7272656E 
 1692      7400
 1693              	.LASF43:
 1694 0497 705F6570 		.ascii	"p_epending\000"
 1694      656E6469 
 1694      6E6700
 1695              	.LASF100:
 1696 04a2 6D5F7175 		.ascii	"m_queue\000"
 1696      65756500 
 1697              	.LASF10:
 1698 04aa 6C6F6E67 		.ascii	"long int\000"
 1698      20696E74 
 1698      00
 1699              	.LASF86:
 1700 04b3 706F7274 		.ascii	"port_intctx\000"
 1700      5F696E74 
 1700      63747800 
 1701              	.LASF81:
 1702 04bf 49544D5F 		.ascii	"ITM_RxBuffer\000"
 1702      52784275 
 1702      66666572 
 1702      00
 1703              	.LASF76:
 1704 04cc 63685F73 		.ascii	"ch_system\000"
 1704      79737465 
 1704      6D00
 1705              	.LASF127:
 1706 04d6 2F686F6D 		.ascii	"/home/adam/ChibiOS_16.1.9/os/hal/osal/rt/osal.c\000"
 1706      652F6164 
 1706      616D2F43 
 1706      68696269 
 1706      4F535F31 
 1707              	.LASF30:
 1708 0506 705F6E65 		.ascii	"p_next\000"
 1708      787400
 1709              	.LASF19:
 1710 050d 75696E74 		.ascii	"uint64_t\000"
 1710      36345F74 
 1710      00
 1711              	.LASF33:
 1712 0516 705F6374 		.ascii	"p_ctx\000"
 1712      7800
 1713              	.LASF77:
 1714 051c 726C6973 		.ascii	"rlist\000"
 1714      7400
 1715              	.LASF121:
 1716 0522 63665F6F 		.ascii	"cf_off_time\000"
 1716      66665F74 
 1716      696D6500 
 1717              	.LASF111:
 1718 052e 63665F6F 		.ascii	"cf_off_prio\000"
 1718      66665F70 
 1718      72696F00 
 1719              	.LASF6:
ARM GAS  /tmp/ccHqFQEY.s 			page 36


 1720 053a 5F5F7569 		.ascii	"__uint8_t\000"
 1720      6E74385F 
 1720      7400
 1721              	.LASF104:
 1722 0544 63685F69 		.ascii	"ch_identifier\000"
 1722      64656E74 
 1722      69666965 
 1722      7200
 1723              	.LASF31:
 1724 0552 705F7072 		.ascii	"p_prev\000"
 1724      657600
 1725              	.LASF23:
 1726 0559 74726566 		.ascii	"trefs_t\000"
 1726      735F7400 
 1727              	.LASF12:
 1728 0561 6C6F6E67 		.ascii	"long unsigned int\000"
 1728      20756E73 
 1728      69676E65 
 1728      6420696E 
 1728      7400
 1729              	.LASF117:
 1730 0573 63665F6F 		.ascii	"cf_off_state\000"
 1730      66665F73 
 1730      74617465 
 1730      00
 1731              	.LASF53:
 1732 0580 72656164 		.ascii	"ready_list_t\000"
 1732      795F6C69 
 1732      73745F74 
 1732      00
 1733              	.LASF17:
 1734 058d 696E7433 		.ascii	"int32_t\000"
 1734      325F7400 
 1735              	.LASF93:
 1736 0595 77747365 		.ascii	"wtsemp\000"
 1736      6D7000
 1737              	.LASF124:
 1738 059c 6D757465 		.ascii	"mutex_t\000"
 1738      785F7400 
 1739              	.LASF4:
 1740 05a4 756E7369 		.ascii	"unsigned char\000"
 1740      676E6564 
 1740      20636861 
 1740      7200
 1741              	.LASF11:
 1742 05b2 5F5F7569 		.ascii	"__uint32_t\000"
 1742      6E743332 
 1742      5F7400
 1743              	.LASF69:
 1744 05bd 76697274 		.ascii	"virtual_timers_list_t\000"
 1744      75616C5F 
 1744      74696D65 
 1744      72735F6C 
 1744      6973745F 
 1745              	.LASF39:
 1746 05d3 705F7265 		.ascii	"p_refs\000"
 1746      667300
ARM GAS  /tmp/ccHqFQEY.s 			page 37


 1747              	.LASF64:
 1748 05da 76745F6E 		.ascii	"vt_next\000"
 1748      65787400 
 1749              	.LASF75:
 1750 05e2 63685F73 		.ascii	"ch_system_t\000"
 1750      79737465 
 1750      6D5F7400 
 1751              	.LASF92:
 1752 05ee 77747472 		.ascii	"wttrp\000"
 1752      7000
 1753              	.LASF102:
 1754 05f4 6D5F6E65 		.ascii	"m_next\000"
 1754      787400
 1755              	.LASF3:
 1756 05fb 7369676E 		.ascii	"signed char\000"
 1756      65642063 
 1756      68617200 
 1757              	.LASF113:
 1758 0607 63665F6F 		.ascii	"cf_off_newer\000"
 1758      66665F6E 
 1758      65776572 
 1758      00
 1759              	.LASF8:
 1760 0614 73686F72 		.ascii	"short unsigned int\000"
 1760      7420756E 
 1760      7369676E 
 1760      65642069 
 1760      6E7400
 1761              	.LASF57:
 1762 0627 725F6374 		.ascii	"r_ctx\000"
 1762      7800
 1763              	.LASF84:
 1764 062d 73746B61 		.ascii	"stkalign_t\000"
 1764      6C69676E 
 1764      5F7400
 1765              	.LASF123:
 1766 0638 63685F64 		.ascii	"ch_debug\000"
 1766      65627567 
 1766      00
 1767              	.LASF67:
 1768 0641 76745F66 		.ascii	"vt_func\000"
 1768      756E6300 
 1769              	.LASF65:
 1770 0649 76745F70 		.ascii	"vt_prev\000"
 1770      72657600 
 1771              	.LASF90:
 1772 0651 65786974 		.ascii	"exitcode\000"
 1772      636F6465 
 1772      00
 1773              		.text
 1774              		.section	.gnu.lto_.profile.1b2614fe6fdf5ff8,"",%progbits
 1775 0000 789C6367 		.ascii	"x\234cg`\004B \000\000\000T\000\012"
 1775      60044220 
 1775      00000054 
 1775      000A
 1776              		.text
 1777              		.section	.gnu.lto_.icf.1b2614fe6fdf5ff8,"",%progbits
ARM GAS  /tmp/ccHqFQEY.s 			page 38


 1778 0000 789C6367 		.ascii	"x\234cg`d`b@\006\000\000\274\000\013"
 1778      60646062 
 1778      40060000 
 1778      BC000B
 1779              		.text
 1780              		.section	.gnu.lto_.jmpfuncs.1b2614fe6fdf5ff8,"",%progbits
 1781 0000 789C6367 		.ascii	"x\234cg`d`b@\006\000\000\274\000\013"
 1781      60646062 
 1781      40060000 
 1781      BC000B
 1782              		.text
 1783              		.section	.gnu.lto_.inline.1b2614fe6fdf5ff8,"",%progbits
 1784 0000 789C6367 		.ascii	"x\234cg`d`b@\006\000\000\274\000\013"
 1784      60646062 
 1784      40060000 
 1784      BC000B
 1785              		.text
 1786              		.section	.gnu.lto_.pureconst.1b2614fe6fdf5ff8,"",%progbits
 1787 0000 789C6367 		.ascii	"x\234cg`\004B \000\000\000T\000\012"
 1787      60044220 
 1787      00000054 
 1787      000A
 1788              		.text
 1789              		.section	.gnu.lto_.symbol_nodes.1b2614fe6fdf5ff8,"",%progbits
 1790 0000 789C6367 		.ascii	"x\234cg`d`b\000\001\000\000d\000\013"
 1790      60646062 
 1790      00010000 
 1790      64000B
 1791              		.text
 1792              		.section	.gnu.lto_.refs.1b2614fe6fdf5ff8,"",%progbits
 1793 0000 789C6367 		.ascii	"x\234cg`\004B \000\000\000T\000\012"
 1793      60044220 
 1793      00000054 
 1793      000A
 1794              		.text
 1795              		.section	.gnu.lto_.decls.1b2614fe6fdf5ff8,"",%progbits
 1796 0000 789C6367 		.ascii	"x\234cg`d\000\001\020\251\002\304\377\201\000\304\276"
 1796      60640001 
 1796      10A902C4 
 1796      FF8100C4 
 1796      BE
 1797 0011 C8400000 		.ascii	"\310@\000\000\000\300\374\004\374"
 1797      00C0FC04 
 1797      FC
 1798              		.text
 1799              		.section	.gnu.lto_.symtab.1b2614fe6fdf5ff8,"",%progbits
 1800              		.text
 1801              		.section	.gnu.lto_.opts,"",%progbits
 1802 0000 272D666E 		.ascii	"'-fno-openmp' '-fno-openacc' '-fno-pie' '-mcpu=cort"
 1802      6F2D6F70 
 1802      656E6D70 
 1802      2720272D 
 1802      666E6F2D 
 1803 0033 65782D6D 		.ascii	"ex-m4' '-mno-thumb-interwork' '-mthumb' '-mfloat-ab"
 1803      34272027 
 1803      2D6D6E6F 
 1803      2D746875 
ARM GAS  /tmp/ccHqFQEY.s 			page 39


 1803      6D622D69 
 1804 0066 693D736F 		.ascii	"i=soft' '-march=armv7e-m' '-O2' '-fomit-frame-point"
 1804      66742720 
 1804      272D6D61 
 1804      7263683D 
 1804      61726D76 
 1805 0099 65722720 		.ascii	"er' '-falign-functions=16' '-ffunction-sections' '-"
 1805      272D6661 
 1805      6C69676E 
 1805      2D66756E 
 1805      6374696F 
 1806 00cc 66646174 		.ascii	"fdata-sections' '-fno-common' '-flto'\000"
 1806      612D7365 
 1806      6374696F 
 1806      6E732720 
 1806      272D666E 
 1807              		.text
 1808              		.comm	__gnu_lto_v1,1,1
 1809              		.comm	__gnu_lto_slim,1,1
 1810              		.ident	"GCC: (Arch Repository) 8.3.0"
ARM GAS  /tmp/ccHqFQEY.s 			page 40


DEFINED SYMBOLS
                            *ABS*:0000000000000000 osal.c
     /tmp/ccHqFQEY.s:29     .gnu.debuglto_.debug_info:0000000000000000 osal.c.5671c20d
                            *COM*:0000000000000001 __gnu_lto_v1
                            *COM*:0000000000000001 __gnu_lto_slim

NO UNDEFINED SYMBOLS
