ARM GAS  /tmp/ccua7wEJ.s 			page 1


   1              		.cpu cortex-m4
   2              		.eabi_attribute 20, 1
   3              		.eabi_attribute 21, 1
   4              		.eabi_attribute 23, 3
   5              		.eabi_attribute 24, 1
   6              		.eabi_attribute 25, 1
   7              		.eabi_attribute 26, 1
   8              		.eabi_attribute 30, 2
   9              		.eabi_attribute 34, 1
  10              		.eabi_attribute 18, 4
  11              		.file	"pal.c"
  12              		.text
  13              	.Ltext0:
  14              		.section	.gnu.lto_.profile.b3ee17be1ed4076e,"",%progbits
  15 0000 789C6365 		.ascii	"x\234ce`b`a```d\320\220\001\000\000\354\000Q"
  15      60626061 
  15      60606064 
  15      D0900100 
  15      00EC0051 
  16              		.text
  17              		.section	.gnu.lto_.icf.b3ee17be1ed4076e,"",%progbits
  18 0000 789C6365 		.ascii	"x\234ce`b\020a@\000f\206\343\227n\235fc\334\276\377"
  18      60621061 
  18      40006686 
  18      E3976E9D 
  18      6663DCBE 
  19 0015 D00F76A6 		.ascii	"\320\017v\246u;\036\256\342e\000\000hQ\011\233"
  19      753B1EAE 
  19      E2650000 
  19      6851099B 
  20              		.text
  21              		.section	.gnu.lto_.jmpfuncs.b3ee17be1ed4076e,"",%progbits
  22 0000 789C6365 		.ascii	"x\234ce`bPb@\000f\006FF\306zF&FF\346\372z&0\305\310"
  22      60625062 
  22      40006606 
  22      4646C67A 
  22      46264646 
  23 001b 069162AA 		.ascii	"\006\221b\252d\004Q\0009\324\002\300"
  23      64045100 
  23      39D402C0 
  24              		.text
  25              		.section	.gnu.lto_.inline.b3ee17be1ed4076e,"",%progbits
  26 0000 789C6365 		.ascii	"x\234ce`b\370\316\200\000\314\014\014\234\034\214\314"
  26      6062F8CE 
  26      8000CC0C 
  26      0C9C1C8C 
  26      CC
  27 0011 0C0A8C20 		.ascii	"\014\012\214 &\210t\000\223\012\034l\037\364\030\330"
  27      26887400 
  27      930A1C6C 
  27      1FF418D8 
  28 0021 16C83331 		.ascii	"\026\310310\276`g\201\220 \202\003\314\344\000\021\002"
  28      30BE6067 
  28      81902082 
  28      03CCE400 
  28      1102
  29 0033 60A600C8 		.ascii	"`\246\000\310\030F\006>^F\026\210)\214@\022b\224\002"
ARM GAS  /tmp/ccua7wEJ.s 			page 2


  29      1846063E 
  29      5E461688 
  29      298C4012 
  29      629402
  30 0046 C4406EA6 		.ascii	"\304@n\246\013\374\030F\001\305P\014aY /\001b)010\357"
  30      0BFC1846 
  30      01C5500C 
  30      6159202F 
  30      01622930 
  31 005d 10576000 		.ascii	"\020W`\000Zo\0012\231\211\201[\030\305}PC9\201r\304"
  31      5A6F0132 
  31      9989815B 
  31      18C57D50 
  31      43398172 
  32 0072 390F6893 		.ascii	"9\017h\223\004\310$\026^\240w'\370\201 \003\000\006"
  32      04C82416 
  32      5EA07727 
  32      F8812003 
  32      0006
  33 0084 0820CB   		.ascii	"\010 \313"
  34              		.text
  35              		.section	.gnu.lto_.pureconst.b3ee17be1ed4076e,"",%progbits
  36 0000 789C6365 		.ascii	"x\234ce`b`g```f\220b\224b\222\004\000\001\307\000b"
  36      60626067 
  36      60606066 
  36      90629462 
  36      92040001 
  37              		.text
  38              		.section	.gnu.lto_palReadBus.b3ee17be1ed4076e,"",%progbits
  39 0000 789C9591 		.ascii	"x\234\225\221;kTQ\020\307\347\177\346\356\275w5\372"
  39      3B6B5451 
  39      10C7E77F 
  39      E6EEBD77 
  39      35FA
  40 0012 054CB185 		.ascii	"\005L\261\205\020\202\260\207m\204\324\001[\013?\200"
  40      1082B087 
  40      6D84D401 
  40      5B0B3F80 
  41 0022 6CA2B081 		.ascii	"l\242\260\201\204\210\213u\316^\223h\022| \352\372Z"
  41      84888B75 
  41      CE5E9368 
  41      127C20EA 
  41      FA5A
  42 0034 6FA12146 		.ascii	"o\241!F\315\323G\221jI\004!\0205i\254\304\2406\013Z"
  42      CDD34791 
  42      6A490421 
  42      103569AC 
  42      C4A0360B 
  43 0049 641B1B89 		.ascii	"d\033\033\211\316\234M`\013\233\024w\316\314\231\231"
  43      CE9C4D60 
  43      0B9B1477 
  43      CECC9999 
  44 0059 DFCCFF9E 		.ascii	"\337\314\377\236\014\031*\033\242\002\021\035\223\017"
  44      0C192A1B 
  44      A202111D 
  44      930F
  45 0067 4C30373F 		.ascii	"L07?\020Ub\003\250\343b\320\210\301\010np\225\2619\272"
ARM GAS  /tmp/ccua7wEJ.s 			page 3


  45      10556203 
  45      A8E362D0 
  45      88C1086E 
  45      7095B139 
  46 007c F888AF73 		.ascii	"\370\210\257s*e\201\204;\033\017\276\037\325\020\310"
  46      2A658184 
  46      3B1B0FBE 
  46      1FD510C8 
  47 008c 49F8D06D 		.ascii	"I\370\320mMD\3353\316%\256^\275\025>^\376\344\262)\033"
  47      4D44DD33 
  47      CE25AE5E 
  47      BD153E5E 
  47      FEE4B229 
  48 00a1 BA2FE5CF 		.ascii	"\272/\345\317\320\211\031t\352\214YtK\361\330fu\234"
  48      D0891974 
  48      EA8C5974 
  48      4BF1D866 
  48      759C
  49 00b3 390F12FF 		.ascii	"9\017\022\377\313\327\355\331\270k\3327\276\273\315"
  49      CBD7EDD9 
  49      B86BDA37 
  49      BEBBCD
  50 00c2 EE78CA8C 		.ascii	"\356x\312\214\347\340\366F\271\"\274@\227\326\177[\332"
  50      E7E0F646 
  50      B922BC40 
  50      97D67F5B 
  50      DA
  51 00d3 BD73240C 		.ascii	"\275s$\014\2360)[\220/\021B\316\205-\324\335\356\337"
  51      9E30295B 
  51      902F1142 
  51      CE852DD4 
  51      DDEEDF
  52 00e6 2BAEFEF3 		.ascii	"+\256\376\363)j\247\262\242A:Xz\203@L&#&\014\325\213"
  52      296AA7B2 
  52      A2413A58 
  52      7A83404C 
  52      2623260C 
  53 00fc D4C4A4DB 		.ascii	"\324\304\244\333\321\244 T\352\224\004rr\003\311J\343"
  53      D1A42054 
  53      EA940472 
  53      7203C94A 
  53      E3
  54 010d DA5AA8D4 		.ascii	"\332Z\250\324\032\253\354\273c\253\037#\325\311~\335"
  54      1AABECBB 
  54      63AB1F23 
  54      D5C97EDD 
  55 011d DFEFD7AF 		.ascii	"\337\357\327\257v\244\250U\234s\271\224\243\032\033"
  55      76A4A855 
  55      9C73B994 
  55      A31A1B
  56 012c CCA936C9 		.ascii	"\314\2516\311M\377H\346#;\347Z\251\030\363HqOw$,\300"
  56      4DFF48E6 
  56      233BE75A 
  56      A918F348 
  56      714F7724 
  57 0142 5203AB2B 		.ascii	"R\003\253+\331\0268h\007\307\377\003ge:\026\367\300"
  57      D9163868 
ARM GAS  /tmp/ccua7wEJ.s 			page 4


  57      07C7FF03 
  57      67653A16 
  57      F7C0
  58 0154 9F9BCDB5 		.ascii	"\237\233\315\265\016\001\217V4u\010K\036\254\252\261"
  58      0E018F56 
  58      3475084B 
  58      1EACAAB1 
  59 0164 ECC1C93E 		.ascii	"\354\301\311>8s\240\025\017\343\225'\031%\275\366\244"
  59      3873A015 
  59      0FE39527 
  59      1925BDF6 
  59      A4
  60 0175 CBCD71B4 		.ascii	"\313\315q\264P\272\246\000\333\351\321\201\350\006o"
  60      50BAA600 
  60      DBE9D181 
  60      E8066F
  61 0184 3CDDBFD2 		.ascii	"<\335\277\322\333\026\375\317>=\366\003\"\372\205$\267"
  61      DB16FDCF 
  61      3E3DF603 
  61      22FA8524 
  61      B7
  62 0195 77A33F6A 		.ascii	"w\243?jRT\311;\310B'lix\350\274-\236+\016\331\336\322"
  62      5254C93B 
  62      C842276C 
  62      6978E8BC 
  62      2D9E2B0E 
  63 01ac 40DFC0E9 		.ascii	"@\337\300\3513g\013'\363\205|\217\035.\333Rq\320\226"
  63      33670B27 
  63      F3857C8F 
  63      1D2EDB52 
  63      71D096
  64 01bf 2FF6DB0B 		.ascii	"/\366\333\013\305\301|?q\337\245\362?'0\314\353"
  64      C5C17C3F 
  64      71DFA5F2 
  64      3F2730CC 
  64      EB
  65              		.text
  66              		.section	.gnu.lto_palWriteBus.b3ee17be1ed4076e,"",%progbits
  67 0000 789C9593 		.ascii	"x\234\225\223\317k\023Q\020\307\337w\337f\177$\033\365"
  67      CF6B1351 
  67      10C7DF77 
  67      DF667F24 
  67      1BF5
  68 0012 28D8430F 		.ascii	"(\330C\017B(B\226z(x\026<\352\301?@\222($\320R1z\356"
  68      42284296 
  68      7A287816 
  68      3CEAC13F 
  68      40922824 
  69 002b 2636A9B4 		.ascii	"&6\251\264\370\003\244I\225.+J\255Q\373\313\337\351"
  69      F803A449 
  69      952E2B4A 
  69      AD51FBCB 
  69      DFE9
  70 003d 41423C14 		.ascii	"AB<\024\244*\355A/\212\242U\350\241P\213\240\007I\234"
  70      A42AED41 
  70      2F8AA255 
  70      E8A1508B 
ARM GAS  /tmp/ccua7wEJ.s 			page 5


  70      A007499C 
  71 0051 7969B48A 		.ascii	"yi\264\212\227.\354\354\23373\2377\363}IHh\342\260\024"
  71      972EECEC 
  71      9B37339F 
  71      37F37D49 
  71      4868E2B0 
  72 0066 A24708B1 		.ascii	"\242G\010\261\207^H\001\355\322K!r\226\006\360\302\263"
  72      875E4801 
  72      EDD24B21 
  72      729606F0 
  72      C2B3
  73 0078 2006340C 		.ascii	" \0064\014\340\242,K\324\207\276T\265\256I\217\236Z"
  73      E0A22C4B 
  73      D487BE54 
  73      B5AE498F 
  73      9E5A
  74 008a F99B51F4 		.ascii	"\371\233Q\364\012\273\003*\277B/?\230D\027e-\015\316"
  74      0ABB032A 
  74      BF422F3F 
  74      98441765 
  74      2D0DCE
  75 009d 8ECB0B32 		.ascii	"\216\313\0132\220\200N\356\327\027W?\355`WC'\271\205"
  75      90804EEE 
  75      D717573F 
  75      ED605743 
  75      27B985
  76 00b0 A57251CA 		.ascii	"\245rQ\3128\004\255\337\275\377P\261b\023\236\227\367"
  76      3804ADDF 
  76      BDFF50B1 
  76      62139E97 
  76      F7
  77 00c1 6A8B97A5 		.ascii	"j\213\227\245\2677\220\022\267!\011\210\012:p\013\035"
  77      B7379012 
  77      B7210988 
  77      0A3A700B 
  77      1D
  78 00d2 82B604EE 		.ascii	"\202\266\004\356 F\351~\343\372BD\356W\245\325`\274"
  78      2046E97E 
  78      E3FA4244 
  78      EE57A5D5 
  78      60BC
  79 00e4 626C96BE 		.ascii	"bl\226\276\035U\245:\356\376[\252\013L!\306\371\037"
  79      1D55A53A 
  79      EEFE5BAA 
  79      0B4C21C6 
  79      F91F
  80 00f6 E71AA351 		.ascii	"\347\032\243QC\277\321n\027\3230@\337\231e\324\274F"
  80      43BFD16E 
  80      17D33040 
  80      DF9965D4 
  80      BC46
  81 0108 73881AB8 		.ascii	"s\210\032\270\211\346\241\23547\035&\2516\244\203\213"
  81      89E6A19D 
  81      34371D26 
  81      A936A483 
  81      8B
  82 0119 43B4340C 		.ascii	"C\2644\0146&\033\213\214i\263\011\263\033a\343\260\211"
ARM GAS  /tmp/ccua7wEJ.s 			page 6


  82      36261B8B 
  82      8C69B309 
  82      B31B61E3 
  82      B089
  83 012b B2116298 		.ascii	"\262\021b\230\340,\334\210\324\370+W\221\237_}\232\342"
  83      E02CDC88 
  83      D4F82B57 
  83      919F5F7D 
  83      9AE2
  84 013d E37CC91A 		.ascii	"\343|\311\032\226\012\365W&\313!\325\034\337\027\236"
  84      960AF557 
  84      26CB21D5 
  84      1CDF179E 
  85 014d 9F7302F8 		.ascii	"\237s\002\3709\322\2643\220\226O2\315P\357\034\233X"
  85      39D2B433 
  85      90964F32 
  85      CD50EF1C 
  85      9B58
  86 015f C94F9BEE 		.ascii	"\311O\233\356\224\327\012\331\230E\2001\2455\346\340"
  86      94D70AD9 
  86      98458031 
  86      A535E6E0 
  87 016f 0A42378A 		.ascii	"\012B7\212h\221C>\315\312g\331-\337\330\026Z\307=\205"
  87      6891433E 
  87      CDCA67D9 
  87      2DDFD816 
  87      5AC73D85 
  88 0183 6641705F 		.ascii	"fAp_\241\317\376l\243ME7\266\322\255m\321\303x\240\350"
  88      A1CFFE6C 
  88      A34D4537 
  88      B6D2AD6D 
  88      D1C378A0 
  89 0198 1AD31FB6 		.ascii	"\032\323\037\266\350\2456\335n\321\226\327\027\375\010"
  89      E8A536DD 
  89      6ED196D7 
  89      17FD08
  90 01a7 AB626217 		.ascii	"\253bb\027\036\021\206r\326\3339a\325\204\375WW\021"
  90      1E118672 
  90      D6DB3961 
  90      D584FD57 
  90      5711
  91 01b9 1AB8D5D5 		.ascii	"\032\270\325\325\237<Gm[\274\367\243\275\027U\345\016"
  91      9F3C476D 
  91      5BBCF7A3 
  91      BD1755E5 
  91      0E
  92 01ca EDD54BAA 		.ascii	"\355\325K\252\373\255W`\377\357\012\010!\361xs\2227"
  92      FBAD5760 
  92      FFEF0A08 
  92      21F17873 
  92      9237
  93 01dc 1B1BCF1C 		.ascii	"\033\033\317\034\232d0\307!\007O\324$|\007\024\034Y"
  93      9A6430C7 
  93      21074FD4 
  93      247C0714 
  93      1C59
  94 01ee F9FC3AF4 		.ascii	"\371\374:\364;\030E\025\356\030]\003M9\017\227\216\026"
ARM GAS  /tmp/ccua7wEJ.s 			page 7


  94      3B184515 
  94      EE185D03 
  94      4D390F97 
  94      8E16
  95 0200 6BC85F6B 		.ascii	"k\310_k\236W\235\250?\3100)L?\012\022b\237\233\356\357"
  95      9E579DA8 
  95      3FC83029 
  95      4C3F0A12 
  95      629F9BEE 
  96 0215 3BE1268E 		.ascii	";\341&\216'\372\334\203\351L2s\344\350\261\356\236x"
  96      27FADC83 
  96      E94C3273 
  96      E4E8B1EE 
  96      9E78
  97 0227 77FC80DB 		.ascii	"w\374\200\333\237u\323\211^7{*\345\236L\364\306SB&\317"
  97      9F75D389 
  97      5E377B2A 
  97      E59E4CF4 
  97      C6534226 
  98 023c 64F564E6 		.ascii	"d\365d\346t\366\027fm\0156"
  98      74F61766 
  98      6D0D36
  99              		.text
 100              		.section	.gnu.lto_palSetBusMode.b3ee17be1ed4076e,"",%progbits
 101 0000 789C9592 		.ascii	"x\234\225\222OhSA\020\306\347\333y\311{\261\255g\301"
 101      4F685341 
 101      10C6E7DB 
 101      79C97BB1 
 101      AD67C1
 102 0013 1E721042 		.ascii	"\036r\020B\021\362\250\207\202g\017\036=x\361&iRH\241"
 102      11F2A887 
 102      82670F1E 
 102      3D78F126 
 102      695248A1 
 103 0027 2162F09C 		.ascii	"!b\360\234m4\251Th\205R\323\212\341\011\022j\325\376"
 103      6D34A954 
 103      688552D3 
 103      8AE10912 
 103      6AD5FE
 104 003a B32A4411 		.ascii	"\263*D\021B/\202\177i\257Z\024\025\241hA\361\340E\253"
 104      422F827F 
 104      69AF5A14 
 104      15A16841 
 104      F1E045AB 
 105 004e 331B3DD4 		.ascii	"3\033=\324[\027vwvw\276\337\316~l\214\014\345\014\321"
 105      5B177677 
 105      7677BEDF 
 105      CE7E6C8C 
 105      0CE50CD1 
 106 0062 00111D94 		.ascii	"\000\021\035\224\016&\230\313/\211F\003\003h`\003P\331"
 106      0E2698CB 
 106      2F894603 
 106      03686003 
 106      50D9
 107 0074 A08C49AE 		.ascii	"\240\214I\2563\326\306>\265L\337\234\225\326\256o\370"
 107      33D6C63E 
 107      B54CDF9C 
ARM GAS  /tmp/ccua7wEJ.s 			page 8


 107      95D6AE6F 
 107      F8
 108 0085 355B3D10 		.ascii	"5[=\0201\321\254tm\230C\237d\255_X\276\306\023\0341"
 108      31D1AC74 
 108      6D98439F 
 108      64AD5F58 
 108      BEC6131C 
 109 009a E0C9F2DB 		.ascii	"\340\311\362\333\213\253\037\366\353\322 )\313\352z"
 109      8BAB1FF6 
 109      EBD22029 
 109      CBEA7A
 110 00a9 BDC69C06 		.ascii	"\275\306\234\006I\274\371\366\335|\220jZ[\261\3557S"
 110      49BCF9F6 
 110      DD7C906A 
 110      5A5BB1ED 
 110      3753
 111 00bb 6C0F45CC 		.ascii	"l\017E\314\270\005\026 \346\321\213\233\350%\331\"\334"
 111      B8051620 
 111      E6D18B9B 
 111      E825D922 
 111      DC
 112 00cc 464AD2BF 		.ascii	"FJ\322\277\2576\247\272\370\210\223>\233x|\352\257\362"
 112      AF36A7BA 
 112      F888933E 
 112      9B787CEA 
 112      AFF2
 113 00de F9B4537A 		.ascii	"\371\264Sz\270\363\277\322#, \245\351\357Wv\246{\342"
 113      B8F3BFD2 
 113      232C20A5 
 113      E9EF5776 
 113      A67BE2
 114 00f1 DE8D7FD5 		.ascii	"\336\215\177\325b\021q\310\274\264\201\266\335\371="
 114      621171C8 
 114      BCB481B6 
 114      DDF93D
 115 0100 66DB3F9B 		.ascii	"f\333?\233\330<\236\220g\313],\332\230'C<&\203\037\327"
 115      D83C9E90 
 115      67CB5D2C 
 115      DA982743 
 115      3C26831F 
 116 0115 C88763D1 		.ascii	"\310\207c\321\270\310\325\231Klt\346-T\036nmg\025\330"
 116      B8C8D599 
 116      4B6C74E6 
 116      2D541E6E 
 116      6D6715D8 
 117 0129 6035E94A 		.ascii	"`5\351Ju\355\225\257\357eW\350\217'O/vGh\214\212i\311"
 117      75ED95AF 
 117      EF6557E8 
 117      8F274F2F 
 117      7647688C 
 118 0140 888386F8 		.ascii	"\210\203\206\370\260$\325\351Y\363ce\321\017\027l\347"
 118      B024D5E9 
 118      59F36365 
 118      D10F176C 
 118      E7
 119 0151 28816544 		.ascii	"(\201eD\230qfb\005!):\321\001{{\"\355\303]G\322\027"
 119      98716662 
ARM GAS  /tmp/ccua7wEJ.s 			page 9


 119      0521293A 
 119      D1017B7B 
 119      22EDC35D 
 120 0168 62753729 		.ascii	"bu7)\266'R\027\3569\222Q\322}G:\377\265\206\016J\353"
 120      B6275217 
 120      EE399251 
 120      D27D473A 
 120      FFB5860E 
 121 017e 12207D46 		.ascii	"\022 }F-\251;*o\265\276\274\366\313\277l\020q\367\254"
 121      2DA93B2A 
 121      6FB5BEBC 
 121      F6CBBF6C 
 121      1071F7AC 
 122 0192 16800728 		.ascii	"\026\200\007(\2238\343\322\375\210{h\033\225\353\217"
 122      9338E3D2 
 122      FD887B68 
 122      1B95EB8F 
 123 01a2 261DC37D 		.ascii	"&\035\303}\233qI\023'\345\212\303a\276X\030\0123\271"
 123      9B714913 
 123      27E58AC3 
 123      61BE5818 
 123      0A33B9
 124 01b5 4C213C96 		.ascii	"L!<\226\037\036\034>q\362t\377@\272?}4,\226\302|f$,"
 124      1F1E1C3E 
 124      71F274FF 
 124      40BA3F7D 
 124      342C96C2 
 125 01cd 9DCD8667 		.ascii	"\235\315\206g2#\351,\361\340\271\222W(\346\206\376\000"
 125      3223E92C 
 125      F1E0B992 
 125      5728E686 
 125      FE00
 126 01df 2D7FCAA8 		.ascii	"-\177\312\250"
 127              		.text
 128              		.section	.gnu.lto_.symbol_nodes.b3ee17be1ed4076e,"",%progbits
 129 0000 789C6365 		.ascii	"x\234ce`b\010d\000\002\246\211L\365\014\014\023\316"
 129      60620864 
 129      0002A689 
 129      4CF50C0C 
 129      13CE
 130 0012 313000A9 		.ascii	"10\000\251]\015\216@\221IL\365\214\250\"\223\231\352"
 130      5D0D8E40 
 130      91494CF5 
 130      8CA82293 
 130      99EA
 131 0024 99504418 		.ascii	"\231PD\030\2471\3253\203E\030\030\032\032\034\030\030"
 131      A731D533 
 131      83451818 
 131      1A1A1C18 
 131      18
 132 0035 98999819 		.ascii	"\230\231\230\031\226<\374\307\310\000\0008#\023\350"
 132      963CFCC7 
 132      C8000038 
 132      2313E8
 133              		.text
 134              		.section	.gnu.lto_.refs.b3ee17be1ed4076e,"",%progbits
 135 0000 789C6365 		.ascii	"x\234ce`b`d\000\002\000\000I\000\011"
ARM GAS  /tmp/ccua7wEJ.s 			page 10


 135      60626064 
 135      00020000 
 135      490009
 136              		.text
 137              		.section	.gnu.lto_.decls.b3ee17be1ed4076e,"",%progbits
 138 0000 789CA558 		.ascii	"x\234\245XyP\024W\032\357\257\337\014\014\315\200\024"
 138      79501457 
 138      1AEFAFDF 
 138      0C0CCD80 
 138      14
 139 0011 B8AE55D1 		.ascii	"\270\256U\321\254k\241N\325&\216h\225\233T\222*\327"
 139      AC6BA14E 
 139      D5268E68 
 139      959B5492 
 139      2AD7
 140 0023 2331B5BA 		.ascii	"#1\265\272\270\243Iv\367\237)\004\214\324\242X\314\260"
 140      B8A34976 
 140      F79F2904 
 140      8CD4A258 
 140      CCB0
 141 0035 5BF96B1B 		.ascii	"[\371k\033\206\304[\007\017\344P\202\340\205\240\342"
 141      86C45B07 
 141      0FE45082 
 141      E085A0E2 
 142 0045 2D024A10 		.ascii	"-\002J\020/\020o\344\020\004\357\013\001\021\025Qq\277"
 142      2F106FE4 
 142      1004EF0B 
 142      01111551 
 142      71BF
 143 0057 F75ECF74 		.ascii	"\367^\317t;\316\230\255\332.^\277~\257\177\337\367\375"
 143      3BCE98AD 
 143      DA2E5EBF 
 143      7EAF7FDF 
 143      F7FD
 144 0069 BEE3BD7E 		.ascii	"\276\343\275~\203^\020\005C\230 \314\020\005A\006Ax"
 144      835E1005 
 144      439820CC 
 144      10054106 
 144      4178
 145 007b 83974E10 		.ascii	"\203\227N\020\204\035\202z\321q \276\013\3016\030\333"
 145      841D827A 
 145      D17120BE 
 145      0BC13618 
 145      DB
 146 008c 8720BC73 		.ascii	"\207 \274s\375\026\345\215\330\207b\033\210\255\004"
 146      FD16E58D 
 146      D887621B 
 146      88AD04
 147 009b 9B01713D 		.ascii	"\233\001q=\330\217\302\026\211\315\037\307\317\261\357"
 147      D88FC216 
 147      89CD1FC7 
 147      CFB1EF
 148 00aa C676045B 		.ascii	"\306v\004[\277\242\033p\376!U\202\275\010\254c\366h"
 148      BFA21B70 
 148      FE215582 
 148      BD08AC63 
 148      F668
ARM GAS  /tmp/ccua7wEJ.s 			page 11


 149 00bc FFB187AD 		.ascii	"\377\261\207\255\337\243\235`\354\277\325\330\242v\250"
 149      DFA39D60 
 149      ECBFD5D8 
 149      A276A8
 150 00cb 3D6FB6FA 		.ascii	"=o\266\372\025{\215\212M\275b\217\332\241\006:\260k"
 150      157B8D8A 
 150      4DBD628F 
 150      DAA1063A 
 150      B06B
 151 00dd E08FCC3F 		.ascii	"\340\217\314?\332\217\365\260\031\341\303f\230\017\377"
 151      DA8FF5B0 
 151      19E1C366 
 151      980FFF
 152 00ec 4A14BBE3 		.ascii	"J\024\273\343p<\024\033\361\260\211\352\334q\244S\237"
 152      703C141B 
 152      F1B089EA 
 152      DC71A453 
 152      9F
 153 00fd 79D85B47 		.ascii	"y\330[G\340\300\362\252r\361\0324\003b!\204\315\002"
 153      E0C0F2AA 
 153      72F11A34 
 153      03622184 
 153      CD02
 154 010f F03BB0C6 		.ascii	"\360;\260\306\206o\\\027\000\233\307YQP\224\272\246"
 154      866F5C17 
 154      009BC759 
 154      515094BA 
 154      A6
 155 0120 C025A18C 		.ascii	"\300%\241\214Ee(**\331\237\"\014\032\215\3745\267\344"
 155      4565282A 
 155      2AD99F22 
 155      0C1A8DFC 
 155      35B7E4
 156 0133 BA387DFE 		.ascii	"\2728}\376\300\304\\\322 \252\006\000\264\002\032\205"
 156      C0C45CD2 
 156      20AA0600 
 156      B4021A85 
 157 0143 9CB6F2DE 		.ascii	"\234\266\362\336\315OP\235\003\227\367\2173\317\334"
 157      CD4F509D 
 157      0397F78F 
 157      33CFDC
 158 0152 915AA185 		.ascii	"\221Z\241\205\316\346N\0006w\375b\331k\003\301\020\342"
 158      CEE64E00 
 158      3677FD62 
 158      D96B03C1 
 158      10E2
 159 0164 73EB8B6D 		.ascii	"s\353\213m_\216.\222\371e\030\252\206\355Bj\361z\262"
 159      5F8E2E92 
 159      F96518AA 
 159      86ED426A 
 159      F17AB2
 160 0177 8240A804 		.ascii	"\202@\250\004:\252\2476\353f0\016\007J0\014\207Y\245"
 160      3AAAA736 
 160      EB66300E 
 160      074A300C 
 160      8759A5
 161 018a 3DD57AFE 		.ascii	"=\325z\376\326\200\3037[\212\027\033\310 \246\261\345"
ARM GAS  /tmp/ccua7wEJ.s 			page 12


 161      D680C337 
 161      5B8A171B 
 161      C820A6B1 
 161      E5
 162 019b 54412115 		.ascii	"TA!\025\034%\001%;\000\247v\265\227\274\010\342S\024"
 162      1C250125 
 162      3B00A776 
 162      B597BC08 
 162      E25314
 163 01ae 717165F7 		.ascii	"qqe\367&\177\362\001}\0263\253\353+u`\222\266P\373\025"
 163      267FF201 
 163      7D1633AB 
 163      EB2B7560 
 163      92B650FB 
 164 01c3 CFF70D4F 		.ascii	"\317\367\015O[(\313\"\354\005\011v\003\201\3550\232"
 164      5B28CB22 
 164      EC050976 
 164      0381ED30 
 164      9A
 165 01d4 7A334AC2 		.ascii	"z3J\302\373\"YN\221\235\0169`\252\000E0\004\012a\210"
 165      FB22594E 
 165      919D0E39 
 165      60AA0045 
 165      30040A61 
 166 01e9 007BC044 		.ascii	"\000{\300D\325R\034\024\343\344.\234D\023\005\233\322"
 166      D5521C14 
 166      E3E42E9C 
 166      4413059B 
 166      D2
 167 01fa F2FCC82C 		.ascii	"\362\374\310,f\342\304\221\253\015:\220L^\345\017x\221"
 167      66E2C491 
 167      AB0D3A90 
 167      4C5EE50F 
 167      7891
 168 020c E75C3AB3 		.ascii	"\347\\:\263\207\237\370\221r\331\217\\\366\251\\\220"
 168      879FF891 
 168      72D98F5C 
 168      F6A95C90 
 169 021c 1A8F506A 		.ascii	"\032\217Pj\325\263\264 \"\0033\262\342\370\311\027z"
 169      D5B3B420 
 169      220333B2 
 169      E2F8C917 
 169      7A
 170 022d B71F9D05 		.ascii	"\267\037\235\005\237\237\273,\313\303\240\004e\017\252"
 170      9F9FBB2C 
 170      CBC3A004 
 170      650FAA
 171 023c B2FBC1A7 		.ascii	"\262\373\301\247#\207\274;R\367\270;=\230\234gF \373"
 171      2387BC3B 
 171      52F7B83B 
 171      3D989C67 
 171      4620FB
 172 024f 49CBFD00 		.ascii	"I\313\375\000\036u\223&'\241<'\275\033o\255\022I=\207"
 172      1E759326 
 172      27A13C27 
 172      BD1B6FAD 
 172      12493D87 
ARM GAS  /tmp/ccua7wEJ.s 			page 13


 173 0263 2E2A5A71 		.ascii	".*Zq\214Hh\311\361?\271\214\022\305o\326\264\005\221"
 173      8C4868C9 
 173      F13FB98C 
 173      12C56FD6 
 173      B40591
 174 0276 662EDE91 		.ascii	"f.\336\221z\273-\220\253\036\214\303\035\275\255\007"
 174      7ABB2D90 
 174      AB1E8CC3 
 174      1DBDAD07 
 175 0286 F4E43A7F 		.ascii	"\364\344:\177\267|Me\245\216\334\341\203\374\314\264"
 175      B77C4D65 
 175      A58EDCE1 
 175      83FCCCB4 
 176 0296 857AF290 		.ascii	"\205z\362\220\017\012V9\213%\362\210\017.v\235\331\020"
 176      0F0A5639 
 176      8B25F288 
 176      0F2E769D 
 176      D910
 177 02a8 C82B2604 		.ascii	"\310+&\004\207\307\337<\257\030\3005\2128\314\330^\337"
 177      87C7DF3C 
 177      AF18C035 
 177      8A38CCD8 
 177      5EDF
 178 02ba 17403A39 		.ascii	"\027@:9ts\337\313.Z2#i\311\020M\301\214\344\005s\264"
 178      7473DFCB 
 178      2E5A3223 
 178      69C9104D 
 178      C18CE405 
 179 02d0 E6F41623 		.ascii	"\346\364\026#y\312#\355\334X\2704\300\225NtOo\022\340"
 179      79CA23ED 
 179      DC58B834 
 179      C0954E74 
 179      4F6F12E0 
 180 02e4 38BA7182 		.ascii	"8\272q\202\372v\006}\033\251\370v\032'O\271\323\371"
 180      FA76067D 
 180      1BA9F876 
 180      1A274FB9 
 180      D3F9
 181 02f6 BC675089 		.ascii	"\274gP\211,\207@\015f\244Z\315\310H%\231G\322\256\336"
 181      2C87400D 
 181      66A45ACD 
 181      C8482599 
 181      47D2AEDE 
 182 030a 9188CC16 		.ascii	"\221\210\314\026\205\370\312\221\336\251\026eg\366\330"
 182      85F8CA91 
 182      DEA91665 
 182      67F6D8
 183 0319 2A5608E7 		.ascii	"*V\010\347P\264V\025\255Q\223\351I\343\254\027\032h"
 183      50B45615 
 183      AD5193E9 
 183      49E3AC17 
 183      1A68
 184 032b 24A537AF 		.ascii	"$\2457\257\314@\0263#\272'\317\2265I\020\026\036nJ\243"
 184      CC401633 
 184      23BA27CF 
 184      96354910 
 184      161E6E4A 
ARM GAS  /tmp/ccua7wEJ.s 			page 14


 185 0340 669CB23C 		.ascii	"f\234\262<AT\263$\300\005\010\243\012\3402\352\272\004"
 185      4154B324 
 185      C00508A3 
 185      0AE032EA 
 185      BA04
 186 0352 E17011C2 		.ascii	"\341p\021\302\331\332\314\243\006\261\302\302\313\273"
 186      D9DACCA3 
 186      06B1C2C2 
 186      CBBB
 187 0360 DB647989 		.ascii	"\333dy\211\221\321:\211\264\250\200\233\201\231\252"
 187      91D13A89 
 187      B4A8809B 
 187      8199AA
 188 036f 384E1529 		.ascii	"8N\025)\002\225_d\310\025)\204\241\317{EGP0w\271\277"
 188      02955F64 
 188      C8152984 
 188      A1CF7B45 
 188      47503077 
 189 0385 4CC2DD80 		.ascii	"L\302\335\200b\004\305[\276+\350._\353X\005\020>\320"
 189      6204C55B 
 189      BE2BE82E 
 189      5FEB5805 
 189      103ED0
 190 0398 149EC780 		.ascii	"\024\236\307\200W\312\203\223\231Z\252\256\012\325^"
 190      57CA8393 
 190      995AAAAE 
 190      0AD55E
 191 03a7 81816AA5 		.ascii	"\201\201j\245\251jW1\027\035\362\004\235\326E\012\246"
 191      A96A5731 
 191      171DF204 
 191      9DD6450A 
 191      A6
 192 03b8 2ED6A38B 		.ascii	".\326\243\213\015\350b\235\342\"'\321Q68Y\306\345\205"
 192      0DE8629D 
 192      E22227D1 
 192      51363859 
 192      C6E585
 193 03cb 282D0BEE 		.ascii	"(-\013\356\316\263\262\320\325\016\371\324\030\266:"
 193      CEB3B2D0 
 193      D50EF9D4 
 193      18B63A
 194 03da 8FF9368C 		.ascii	"\217\3716\214Q\357.\2539#\016D\006\311>\031\010o\231"
 194      51EF2EAB 
 194      39230E44 
 194      06C93E19 
 194      086F99
 195 03ed D7146F28 		.ascii	"\327\024o(/\336\324cu\373\215d9\3372o\327\354J1\220"
 195      2FDED463 
 195      75FB8D64 
 195      39DF326F 
 195      D7EC4A31 
 196 0402 343EC8A9 		.ascii	"4>\310\251\335Y\243'k\371\240\264p\347E\221d\363AQI"
 196      DD59A327 
 196      6BF9A0B4 
 196      70E74591 
 196      64F34151 
 197 0417 D75220F9 		.ascii	"\327R \371|\360x\341.;\331\316\237S78\317\211\\\367"
ARM GAS  /tmp/ccua7wEJ.s 			page 15


 197      7CF078E1 
 197      2E3BD9CE 
 197      9F533738 
 197      CF895CF7 
 198 042b 47384C5F 		.ascii	"G8L_\274\276M\307\327I\033]\031{\256l+5\220b\206\015"
 198      BCBE4DC7 
 198      D7491B5D 
 198      197BAE6C 
 198      2B359062 
 199 0441 7216380F 		.ascii	"r\0268\017J\020\216WX8\277Lyr\252\003\323\371y\246\\"
 199      4A108E57 
 199      5838BF4C 
 199      7972AA03 
 199      D3F979A6 
 200 0456 918A758B 		.ascii	"\221\212u\213\356\267\242\373\3670\376o\273_\244$\237"
 200      EEB7A2FB 
 200      F730FE6F 
 200      BB5FA424 
 200      9F
 201 0467 A2FBBE50 		.ascii	"\242\373\276P\3217=\321\245\340\216\026G?\320\240\217"
 201      D1373DD1 
 201      A5E08E16 
 201      473FD0A0 
 201      8F
 202 0478 7AA2CB3C 		.ascii	"z\242\313<\321\335\032t\271w4\247\342.s\314\300\015"
 202      D1DD1A74 
 202      B97734A7 
 202      E22E73CC 
 202      C00D
 203 048a 045C67EF 		.ascii	"\004\\g\357\356)e\336\2055\320\216I\270\205\355>\266"
 203      EE2965DE 
 203      8535D08E 
 203      49B885ED 
 203      3EB6
 204 049c 47D81E62 		.ascii	"G\330\036b\353\304\326\201\355\001\266;\330\356b\273"
 204      EBC4D681 
 204      ED01B63B 
 204      D8EE62BB 
 205 04ac ED5E0A94 		.ascii	"\355^\012\224@\265&\024\327<\011\354\360\244{CC\367"
 205      40B52614 
 205      D73C09EC 
 205      F0A47B43 
 205      43F7
 206 04be 174F7405 		.ascii	"\027Ot\005xF\256I\243\274\331\023\336\344\251\274\357"
 206      7846AE49 
 206      A3BCD913 
 206      DEE4A9BC 
 206      EF
 207 04cf 3315DDE6 		.ascii	"3\025\335\3465+\032\360E\215\352\026\357\274\335Lp\221"
 207      352B1AF0 
 207      458DEA16 
 207      EFBCDD4C 
 207      7091
 208 04e1 5D2B9738 		.ascii	"]+\2278\276\021k\266\322;s\215\366;\256\005B\325_\365"
 208      BE116BB6 
 208      D23B738D 
 208      F63BAE05 
ARM GAS  /tmp/ccua7wEJ.s 			page 16


 208      42D55FF5 
 209 04f5 CE9CAB57 		.ascii	"\316\234\253WV[i([m\367<\327<T\324\366\356\323\223}"
 209      565B6928 
 209      5B6DF73C 
 209      D73C54D4 
 209      F6EED393 
 210 050a 7C6BBC9F 		.ascii	"|k\274\237}\257\320\037\302L\336\222\011O0\207\377O"
 210      7DAFD01F 
 210      C24CDE92 
 210      094F3087 
 210      FF4F
 211 051c 3E399313 		.ascii	">9\223\023G\374\350\346\323\215\212\036\253\273-\345"
 211      47FCE8E6 
 211      D38D8A1E 
 211      ABBB2DE5 
 212 052c C5E82CA9 		.ascii	"\305\350,\251nZ\031l\\\342\376\2062\240\272\242{\300"
 212      6E5A196C 
 212      5CE2FE86 
 212      32A0BAA2 
 212      7BC0
 213 053e A88820F6 		.ascii	"\250\210 \366\340\342\214\273A\344\027N\275\356\354"
 213      E0E28CBB 
 213      41E4174E 
 213      BDEEEC
 214 054d E3926030 		.ascii	"\343\222`0\031\271\225\263M!\016\352\357s\304?U\315"
 214      19B995B3 
 214      4D210EEA 
 214      EF73C43F 
 214      55CD
 215 055f A038763E 		.ascii	"\2408v>\264\3033t\352-\003/\357\255i\004\276\226\215"
 215      B4C33374 
 215      EA2D032F 
 215      EFAD6904 
 215      BE968D
 216 0572 74832F6D 		.ascii	"t\203/mL\033\240\254e\372\272guSk09#\276u0\212|\367"
 216      4C1BA0AC 
 216      65FABA67 
 216      75536B30 
 216      3923BE75 
 217 058a 6014C9BF 		.ascii	"`\024\311\277s\355\347\317]\002r\211\323\255\312\271"
 217      73EDE7CF 
 217      5D027289 
 217      D3ADCAB9 
 218 059a B9C7CFD7 		.ascii	"\271\307\317\327\261\345\015\022\211T>0\257p\362\245"
 218      B1E50D12 
 218      89543E30 
 218      AF70F2A5 
 219 05aa FB3B77B2 		.ascii	"\373;w\262y\3543v\204\352\307\274\277V\035\213\344\037"
 219      79EC3376 
 219      84EAC7BC 
 219      BF561D8B 
 219      E41F
 220 05bc 3AFDE5F2 		.ascii	":\375\345\362\352\014=\335Q\302L|'}\336:\254\240\373"
 220      EA0C3DDD 
 220      51C24C7C 
 220      277DDE3A 
 220      ACA0FB
ARM GAS  /tmp/ccua7wEJ.s 			page 17


 221 05cf 962CAF32 		.ascii	"\226,\25722\221>\024q\210\276V\020\025\350\376\035\257"
 221      32913E14 
 221      7188BE56 
 221      1015E8FE 
 221      1DAF
 222 05e1 431AB9C3 		.ascii	"C\032\271\303\236h\263\007\370\206\211\203\351Ah\247"
 222      9E68B307 
 222      F8868983 
 222      E94168A7 
 223 05f1 57F0BB9B 		.ascii	"W\360\273\233\303\013|\337\313\254R4-\246T\321\004\311"
 223      C30B7CDF 
 223      CBAC5234 
 223      2DA654D1 
 223      04C9
 224 0603 6238A460 		.ascii	"b8\244`\223Em\261\\\371\231\227-\"=\312\366E\301\223"
 224      93456DB1 
 224      5CF99997 
 224      2D223DCA 
 224      F645C193 
 225 0617 1E427612 		.ascii	"\036Bv\022~<\353\350\3152\200)L\311}\001\253\260\205"
 225      7E3CEBE8 
 225      CD328029 
 225      4CC97D01 
 225      ABB085
 226 062a A8FD47D1 		.ascii	"\250\375G\321\035!\252\302;\021\370\011\355\277\217"
 226      1D21AAC2 
 226      3B11F809 
 226      EDBF8F
 227 0639 0B9ABBE2 		.ascii	"\013\232\273\342\\\261-P[\226\013EmY.\022\215\012\360"
 227      5CB12D50 
 227      5B960B45 
 227      6D592E12 
 227      8D0AF0
 228 064c 70C3C35B 		.ascii	"p\303\303[\242N\344s0[G\347\226\256,\337\02408\235\035"
 228      A24EE473 
 228      305B47E7 
 228      96AE2CDF 
 228      1430389D 
 229 0661 C21D7288 		.ascii	"\302\035r\210\310\302\345\372:\013\260D\034\214\367"
 229      C8C2E5FA 
 229      3A0BB044 
 229      1C8CF7
 230 0670 C5A28E6B 		.ascii	"\305\242\216kX\324|\350$\014\317\225s\333\344\212\273"
 230      58D47CE8 
 230      240CCF95 
 230      73DBE48A 
 230      BB
 231 0681 1DE11965 		.ascii	"\035\341\031e\230=IGQP\240&\034\037\361\276\015\277"
 231      983D4947 
 231      5150A026 
 231      1C1FF1BE 
 231      0DBF
 232 0693 0EB015F7 		.ascii	"\016\260\025\367E\001\226\212\303Qxk\206\243&\220\264"
 232      4501968A 
 232      C351786B 
 232      86A32690 
 232      B4
ARM GAS  /tmp/ccua7wEJ.s 			page 18


 233 06a4 B1B04056 		.ascii	"\261\260@VK\363-\211q\241\0069\227\013-gN\353\334\374"
 233      4BF32D89 
 233      71A10639 
 233      970B2D67 
 233      4EEBDCFC 
 234 06b8 968B6CF2 		.ascii	"\226\213l\362R\351\326\012\203\226\340\267\2034\374"
 234      52E9D60A 
 234      8396E0B7 
 234      8334FC
 235 06c7 56327E2B 		.ascii	"V2~+\\\374\352RjJ\210\302\357J\266\021\013\000OHX\221"
 235      5CFCEA52 
 235      6A4A88C2 
 235      EF4AB611 
 235      0B004F48 
 236 06dd 0883656A 		.ascii	"\010\203ej\274\361\361m\202NF\360\365\265\233\335\""
 236      BCF1F16D 
 236      824E46F0 
 236      F5B59BDD 
 236      22
 237 06ee 69E704B7 		.ascii	"i\347\004\267\327\026\274\322\221>\236\304\345\225\353"
 237      D716BCD2 
 237      913E9EC4 
 237      E595EB
 238 06fd DB8DBE56 		.ascii	"\333\215\276V\304\032\321\347A\276`L\003;\214\257\026"
 238      C41AD1E7 
 238      41BE604C 
 238      033B8CAF 
 238      16
 239 070e 2558257A 		.ascii	"%X%z\034\306iFVn\356%\314c\212\340Qh\225\273\333\211"
 239      1CC66946 
 239      566EEE25 
 239      CC638AE0 
 239      516895BB 
 240 0724 3B0A6B79 		.ascii	";\012ky\024nw\366\255\363\367\031\205u,\012\351\256"
 240      146E77F6 
 240      ADF3F719 
 240      85752C0A 
 240      E9AE
 241 0736 281CCA6E 		.ascii	"(\034\312n\316\361W\263\224S\364\223|\036\345&0 \244"
 241      CEF157B3 
 241      9453F493 
 241      7C1EE526 
 241      3020A4
 242 0749 A93CD23C 		.ascii	"\251<\322<\343\220\301\342\360h\263c\365\000\342\320"
 242      E390C1E2 
 242      F068B363 
 242      F500E2D0 
 243 0759 812F8A4F 		.ascii	"\201/\212O\027\336>\013\356\344eq\212\033\033nn\010"
 243      17DE3E0B 
 243      EEE46571 
 243      8A1B1B6E 
 243      6E08
 244 076b 66937479 		.ascii	"f\223tyf\363\311\263\351\233\253\211O\336\033\030\357"
 244      66F3C9B3 
 244      E99BAB89 
 244      4FDE1B18 
 244      EF
ARM GAS  /tmp/ccua7wEJ.s 			page 19


 245 077c F52EDE8F 		.ascii	"\365.\336\217/\264\357\360C\336m<t\313\034'\226\311"
 245      2FB4EFF0 
 245      43DE6D3C 
 245      74CB1C27 
 245      96C9
 246 078e 1B81C120 		.ascii	"\033\201\301 Se\235IY\323\207\034\306\266\"g\351_I&"
 246      53659D49 
 246      59D3871C 
 246      C6B62267 
 246      E95F4926 
 247 07a2 275BDF98 		.ascii	"'[\337\230Z\242l\212\201t\023\276\276\366h\000\337\024"
 247      5AA26C8A 
 247      817413BE 
 247      BEF66800 
 247      DF14
 248 07b4 1B18C5DA 		.ascii	"\033\030\305\332'\351\022\331\312\261\257\273\316\277"
 248      27E912D9 
 248      CAB1AFBB 
 248      CEBF
 249 07c2 3672AC44 		.ascii	"6r\254D\375L)n\325\323\237-\262\262"
 249      FD4C296E 
 249      D5D39F2D 
 249      B2B2
 250 07d0 8A705E5D 		.ascii	"\212p^]D\233D\314\030\356\032\220/\362\037G\275\345"
 250      449B44CC 
 250      18EE1A90 
 250      2FF21F47 
 250      BDE5
 251 07e2 7D4652CC 		.ascii	"}FR\3144\351\332\362\273\037\372\201i\010\200\204m\213"
 251      34E9DAF2 
 251      BB1FFA81 
 251      69088084 
 251      6D8B
 252 07f4 EB272D46 		.ascii	"\353'-F\026#\266Ya\213W\226\214\352\273\376C\247\371"
 252      1623B659 
 252      618B5796 
 252      8CEABBFE 
 252      43A7F9
 253 0807 E1BD2B4F 		.ascii	"\341\275+O&\203\005\0307\004\306`\035m\301:\332\306"
 253      26830518 
 253      3704C660 
 253      1D6DC13A 
 253      DAC6
 254 0819 EC148843 		.ascii	"\354\024\210C`+\032\312\302\255\202\316\240\301\306"
 254      602B1ACA 
 254      C2AD82CE 
 254      A0C1C6
 255 0828 15CF9A75 		.ascii	"\025\317\232u\241Ne\213\030\006L\367F\304\345\212\224"
 255      A14E658B 
 255      18064CF7 
 255      46C4E58A 
 255      94
 256 0839 DF7631D4 		.ascii	"\337v1\324\305\222\242\235\265\033\263\003$\305\306"
 256      C592A29D 
 256      B51BB303 
 256      24C5C6
 257 0848 A2F7DA40 		.ascii	"\242\367\332@\364\261\306\236\262 \255\356\302\367\351"
ARM GAS  /tmp/ccua7wEJ.s 			page 20


 257      F4B1C69E 
 257      B220ADEE 
 257      C2F7E9
 258 0857 AE2F5CB3 		.ascii	"\256/\\\263W\032\221/\237\257\240\325\365Q\306\026y"
 258      571A912F 
 258      9FAFA0D5 
 258      F551C616 
 258      79
 259 0868 5131F22C 		.ascii	"Q1\362,\022C!\017\223\204k]#\3733\316\314\302\037\027"
 259      1243210F 
 259      93846B5D 
 259      23FB33CE 
 259      CCC21F17 
 260 087c 3BC41128 		.ascii	";\304\021(Z\231]\267\333@\366\363\370;kZ\377\3463\336"
 260      5A995DB7 
 260      DB40F6F3 
 260      F83B6B5A 
 260      FFE633DE 
 261 0890 BB5CF1CE 		.ascii	"\273\\\361\316\345\024\223\237\344?\014\362t_\335\255"
 261      E514939F 
 261      E43F0CF2 
 261      745FDDAD 
 262 08a0 8B19C55D 		.ascii	"\213\031\305]n\212\271w\253\214\236\016\371D_vf4\350"
 262      6E8AB977 
 262      AB8C9E0E 
 262      F9445F76 
 262      6634E8
 263 08b3 15876E7C 		.ascii	"\025\207n|\220\234[\221<\014v+\336\340\306\240\021\334"
 263      909C5B91 
 263      3C0C762B 
 263      DEE0C6A0 
 263      11DC
 264 08c5 A978B387 		.ascii	"\251x\263\207ys\352de\035\321\356\273\264NU\027\366"
 264      7973EA64 
 264      651DD1EE 
 264      BBB44E55 
 264      17F6
 265 08d7 F27D97F6 		.ascii	"\362}\227\366t\311,\256\371\0079\246T^sr\277r\014\017"
 265      74C92CAE 
 265      F90739A6 
 265      545E7372 
 265      BF720C0F 
 266 08eb A6FFC2B8 		.ascii	"\246\377\302\270\337\230\257Ti\027\373a\373\240\344"
 266      DF98AF54 
 266      6917FB61 
 266      FBA0E4
 267 08fa 98F21F8E 		.ascii	"\230\362\037\216 \034\366Wu\325\007\371\014\324!W\240"
 267      201CF657 
 267      75D507F9 
 267      0CD42157 
 267      A0
 268 090b 0EF240AD 		.ascii	"\016\362@\255\254oI\011\360\014\324\001\314\307~\226"
 268      AC6F4909 
 268      F00CD401 
 268      CCC77E96 
 269 091b 8F12E6FA 		.ascii	"\217\022\346\372!\227\353U\227S\257\022\317@\371D\367"
 269      2197EB55 
ARM GAS  /tmp/ccua7wEJ.s 			page 21


 269      9753AF12 
 269      CF40F944 
 269      F7
 270 092c 57DE3CE7 		.ascii	"W\336<\347\247\004\252\351C\036\250\303J\240p\347\320"
 270      A704AAE9 
 270      431EA8C3 
 270      4AA070E7 
 270      D0
 271 093d 08EE5302 		.ascii	"\010\356S\002U*\216\020\244\005Q\361\226\330\250\230"
 271      552A8E10 
 271      A40551F1 
 271      96D8A898 
 272 094d 894936C3 		.ascii	"\211I6\303W\177\371f\330\244\210\010A7/\312\366O\311"
 272      577FF966 
 272      D8A48808 
 272      41372FCA 
 272      F64FC9
 273 0960 6A4D8A9B 		.ascii	"jM\212\233o\0377\326j\377\330\234dK4\307\315\217\216"
 273      6F1F37D6 
 273      6AFFD89C 
 273      644B34C7 
 273      CD8F8E
 274 0973 4F8A8935 		.ascii	"O\212\2115\317\217\375w|\334l\363\274\250\350\271q\363"
 274      CF8FFD77 
 274      7CDC6CF3 
 274      BCA8E8B9 
 274      71F3
 275 0985 63CDD698 		.ascii	"c\315\326\230\3309QI\361v\253\375\207\005\261\266\321"
 275      D8395149 
 275      F176ABFD 
 275      8705B1B6 
 275      D1
 276 0996 7305834B 		.ascii	"s\005\203Kl\27071\333\0176\263\325f\217A\014b\215q\011"
 276      6CB83731 
 276      DB0F36B3 
 276      D5668F41 
 276      0C628D71 
 277 09ab 0B1212ED 		.ascii	"\013\022\022\355\324\236\325>\321<7a^\2549*&j\236y\322"
 277      D49ED53E 
 277      D13C3761 
 277      5EAC392A 
 277      266A9E79 
 278 09c0 DCB8D971 		.ascii	"\334\270\331q\2213\255\021\343GG\214\376\324\234`3\317"
 278      9133AD11 
 278      E347478C 
 278      FED49C60 
 278      33CF
 279 09d2 8D8A3753 		.ascii	"\215\2127S\254\315<s\326\364qc\315\323\246M6\1775\343"
 279      ACCD3C73 
 279      D6F47163 
 279      CDD3A64D 
 279      367F35E3 
 280 09e6 EBC87F8D 		.ascii	"\353\310\177\2155\243\013\326\370\370\030\324\347G\021"
 280      35A30BD6 
 280      F8F818D4 
 280      E74711
 281 09f5 7131BA3F 		.ascii	"q1\272?}i\231Jo\323t\323&\375\331\242\2338\323b\201"
ARM GAS  /tmp/ccua7wEJ.s 			page 22


 281      7D69994A 
 281      6FD374D3 
 281      26FDD9A2 
 281      9B38D362 
 282 0a0a EF60AA3E 		.ascii	"\357`\252>:>6*Q\361,b\274\325np=\020[\254\235DN\266"
 282      3A3E362A 
 282      51F12C62 
 282      BCD56E70 
 282      3D105BAC 
 283 0a22 90AF275B 		.ascii	"\220\257'[\3643\276\2311\331\342\0379s\306\224)\223"
 283      F433BE99 
 283      31D9E21F 
 283      3973C694 
 283      2993
 284 0a34 2D7E91B3 		.ascii	"-~\221\263\376>c\212E?=r\362\024\013\231h\261\030m\366"
 284      FE3E638A 
 284      453F3D72 
 284      F2140B99 
 284      68B1186D 
 285 0a49 79E8DEF7 		.ascii	"y\350\336\367\013\342\022\254v\211;\020\027c\265\373"
 285      0BE212AC 
 285      76893B10 
 285      1763B5FB 
 286 0a59 25CC9983 		.ascii	"%\314\231\203Z\214T\245uN\224\315\376\211\325>\324k"
 286      5A8C54A5 
 286      754E94CD 
 286      FE89D53E 
 286      D46B
 287 0a6b 085CDE9B 		.ascii	"\010\\\336\233\177\325a\227$z\210x\375\327\221\230\246"
 287      7FD56197 
 287      247A8878 
 287      FDD79198 
 287      A6
 288 0a7c 3FFCAA94 		.ascii	"?\374\252\224-1\232ID\013\201\330}\227\030g\217E\271"
 288      2D319A49 
 288      440B81D8 
 288      7D971867 
 288      8F45B9
 289 0a8f 207C9E19 		.ascii	" |\236\031k\307\247\351\0111\261\206\270\204y\330Y\355"
 289      6BC7A7E9 
 289      0931B186 
 289      B88479D8 
 289      59ED
 290 0aa1 BFB12AE1 		.ascii	"\277\261*\341\263\"\371\357\023\023\222\026\320\371"
 290      B322F9EF 
 290      13139216 
 290      D0F9
 291 0aaf 20AB754E 		.ascii	" \253uN\322\374h\253u\364\037#>\031op\215t\321s\243"
 291      D2FC68AB 
 291      75F41F23 
 291      3E196F70 
 291      8D74D173 
 292 0ac4 12B5EF3E 		.ascii	"\022\265\357>\215xk4\376\277\372\210\026\326"
 292      8D786B34 
 292      FEBFFA88 
 292      16D6
 293              		.text
ARM GAS  /tmp/ccua7wEJ.s 			page 23


 294              		.section	.gnu.lto_.symtab.b3ee17be1ed4076e,"",%progbits
 295 0000 70616C52 		.ascii	"palReadBus\000"
 295      65616442 
 295      757300
 296 000b 00       		.ascii	"\000"
 297 000c 00       		.ascii	"\000"
 298 000d 00       		.ascii	"\000"
 299 000e 00000000 		.ascii	"\000\000\000\000\000\000\000\000"
 299      00000000 
 300 0016 0B010000 		.ascii	"\013\001\000\000"
 301 001a 70616C57 		.ascii	"palWriteBus\000"
 301      72697465 
 301      42757300 
 302 0026 00       		.ascii	"\000"
 303 0027 00       		.ascii	"\000"
 304 0028 00       		.ascii	"\000"
 305 0029 00000000 		.ascii	"\000\000\000\000\000\000\000\000"
 305      00000000 
 306 0031 10010000 		.ascii	"\020\001\000\000"
 307 0035 70616C53 		.ascii	"palSetBusMode\000"
 307      65744275 
 307      734D6F64 
 307      6500
 308 0043 00       		.ascii	"\000"
 309 0044 00       		.ascii	"\000"
 310 0045 00       		.ascii	"\000"
 311 0046 00000000 		.ascii	"\000\000\000\000\000\000\000\000"
 311      00000000 
 312 004e 18010000 		.ascii	"\030\001\000\000"
 313 0052 5F70616C 		.ascii	"_pal_lld_setgroupmode\000"
 313      5F6C6C64 
 313      5F736574 
 313      67726F75 
 313      706D6F64 
 314 0068 00       		.ascii	"\000"
 315 0069 02       		.ascii	"\002"
 316 006a 00       		.ascii	"\000"
 317 006b 00000000 		.ascii	"\000\000\000\000\000\000\000\000"
 317      00000000 
 318 0073 1E010000 		.ascii	"\036\001\000\000"
 319              		.text
 320              		.section	.gnu.lto_.opts,"",%progbits
 321 0000 272D666D 		.ascii	"'-fmath-errno' '-fsigned-zeros' '-ftrapping-math' '"
 321      6174682D 
 321      6572726E 
 321      6F272027 
 321      2D667369 
 322 0033 2D666E6F 		.ascii	"-fno-trapv' '-fno-openmp' '-fno-openacc' '-mcpu=cor"
 322      2D747261 
 322      70762720 
 322      272D666E 
 322      6F2D6F70 
 323 0066 7465782D 		.ascii	"tex-m4' '-mno-thumb-interwork' '-mthumb' '-ggdb' '-"
 323      6D342720 
 323      272D6D6E 
 323      6F2D7468 
 323      756D622D 
ARM GAS  /tmp/ccua7wEJ.s 			page 24


 324 0099 4F322720 		.ascii	"O2' '-fomit-frame-pointer' '-falign-functions=16' '"
 324      272D666F 
 324      6D69742D 
 324      6672616D 
 324      652D706F 
 325 00cc 2D666675 		.ascii	"-ffunction-sections' '-fdata-sections' '-fno-common"
 325      6E637469 
 325      6F6E2D73 
 325      65637469 
 325      6F6E7327 
 326 00ff 2720272D 		.ascii	"' '-flto'\000"
 326      666C746F 
 326      2700
 327              		.text
 328              		.comm	__gnu_lto_v1,1,1
 329              		.comm	__gnu_lto_slim,1,1
 330              		.ident	"GCC: (15:6.3.1+svn253039-1build1) 6.3.1 20170620"
ARM GAS  /tmp/ccua7wEJ.s 			page 25


DEFINED SYMBOLS
                            *ABS*:0000000000000000 pal.c
                            *COM*:0000000000000001 __gnu_lto_v1
                            *COM*:0000000000000001 __gnu_lto_slim

NO UNDEFINED SYMBOLS
