ARM GAS  /tmp/ccXyCdUJ.s 			page 1


   1              		.cpu cortex-m4
   2              		.eabi_attribute 20, 1
   3              		.eabi_attribute 21, 1
   4              		.eabi_attribute 23, 3
   5              		.eabi_attribute 24, 1
   6              		.eabi_attribute 25, 1
   7              		.eabi_attribute 26, 1
   8              		.eabi_attribute 30, 2
   9              		.eabi_attribute 34, 1
  10              		.eabi_attribute 18, 4
  11              		.file	"pal_lld.c"
  12              		.text
  13              	.Ltext0:
  14              		.section	.gnu.lto_.profile.be067d1471aa11e5,"",%progbits
  15 0000 789C6365 		.ascii	"x\234ce`b`c```dX\311\270\234\021\000\004\244\001a"
  15      60626063 
  15      60606064 
  15      58C9B89C 
  15      110004A4 
  16              		.text
  17              		.section	.gnu.lto_.icf.be067d1471aa11e5,"",%progbits
  18 0000 789C6365 		.ascii	"x\234ce`b\340e@\000&\206E7\276I1^\177\274\366!+\003"
  18      6062E065 
  18      40002686 
  18      4537BE49 
  18      315E7FBC 
  19 0018 002A0005 		.ascii	"\000*\000\005\357"
  19      EF
  20              		.text
  21              		.section	.gnu.lto_.jmpfuncs.be067d1471aa11e5,"",%progbits
  22 0000 789C6365 		.ascii	"x\234ce`b\020`@\000&\006FF\306zFf \311^__\317\000\000"
  22      60621060 
  22      40002606 
  22      4646C67A 
  22      466620C9 
  23 001a 0D4C0227 		.ascii	"\015L\002'"
  24              		.text
  25              		.section	.gnu.lto_.inline.be067d1471aa11e5,"",%progbits
  26 0000 789C45CE 		.ascii	"x\234E\316\261\015B1\014\004\320\363\345\243\3742\025"
  26      B10D4231 
  26      0C04D0F3 
  26      E5A3FC32 
  26      15
  27 0011 A274CB16 		.ascii	"\242t\313\026\031\205\011\230!\022\214\361\013F\240"
  27      19850998 
  27      21128CF1 
  27      0B46A0
  28 0020 445F4262 		.ascii	"D_Bb\002\020\035\005\364l\001\370R\340\342\335U\266"
  28      02101D05 
  28      F46C01F8 
  28      52E0E2DD 
  28      55B6
  29 0032 172066FC 		.ascii	"\027 f\374\207\300\013OX\206\033\222\313*7\262\231\342"
  29      87C00B4F 
  29      58861B92 
  29      CB2A37B2 
  29      99E2
ARM GAS  /tmp/ccXyCdUJ.s 			page 2


  30 0044 D0E3D203 		.ascii	"\320\343\322\003eg\247O\306\372q$a\357<t\203Qu\014\212"
  30      6567A74F 
  30      C6FA7124 
  30      61EF3C74 
  30      8351750C 
  31 0059 6A095CD5 		.ascii	"j\011\\\325\203\252Z\203f\354!\373\252\306x\313p\305"
  31      83AA5A83 
  31      66EC21FB 
  31      AAC678CB 
  31      70C5
  32 006b 9966FC9D 		.ascii	"\231f\374\235C\332\356o\216\325tO\304r\2329\350\363"
  32      43DAEE6F 
  32      8ED5744F 
  32      C4729A39 
  32      E8F3
  33 007d 2F620320 		.ascii	"/b\003 \352"
  33      EA
  34              		.text
  35              		.section	.gnu.lto_.pureconst.be067d1471aa11e5,"",%progbits
  36 0000 789C6365 		.ascii	"x\234ce`b`e`\000\222R\214R\000\001\005\000D"
  36      60626065 
  36      60009252 
  36      8C520001 
  36      050044
  37              		.text
  38              		.section	.gnu.lto__pal_lld_init.be067d1471aa11e5,"",%progbits
  39 0000 789CA59A 		.ascii	"x\234\245\232iPTW\026\200\337}\027\332\006\232\306}"
  39      69505457 
  39      1680DF7D 
  39      17DA069A 
  39      C67D
  40 0012 45C50551 		.ascii	"E\305\005QTZ\231\252\251\231\374\234\245\246f\312T&"
  40      545A99AA 
  40      A999FC9C 
  40      A5A666CA 
  40      5426
  41 0024 95F93B95 		.ascii	"\225\371;\2252\311$Ze\2425I\315_\233E@@\001\005\004"
  41      32C9245A 
  41      65A23549 
  41      CD5F9B45 
  41      40400105 
  42 0039 9165820B 		.ascii	"\221e\202\013j\000\025Q\300%\210\212b\".`\324\220\030"
  42      6A001551 
  42      C025888A 
  42      62222E60 
  42      D49018
  43 004c 4101DB0D 		.ascii	"A\001\333\015\024w\002\314=\347\335\313}-P\364\273c"
  43      147702CC 
  43      3DE7DDCB 
  43      7D2D50F4 
  43      BB63
  44 005e 95071A1E 		.ascii	"\225\007\032\036\337\373\372\275\323\037\212\372k\272"
  44      DFFBFABD 
  44      D31F8AFA 
  44      6BBA
  45 006c B62A5CD3 		.ascii	"\266*\\\323\336\3274m\006\373M\250F\364\364FM\213\261"
  45      DED7346D 
ARM GAS  /tmp/ccXyCdUJ.s 			page 3


  45      06FB4DA8 
  45      46F4F446 
  45      4D8BB1
  46 007f EB84C03B 		.ascii	"\353\204\300;n;\321\326\353d=I\243\333(\251K\354\250"
  46      6E3BD1D6 
  46      EB643D49 
  46      A3DB28A9 
  46      4BECA8
  47 0092 D617ED71 		.ascii	"\326\027\355q\263_\265\333\272m\011\356\015S\013\251"
  47      B35FB5DB 
  47      BA6D09EE 
  47      0D530BA9 
  48 00a2 A6E5B2DF 		.ascii	"\246\345\262\337\360\213\354!\213\330QW\342\017\354"
  48      F08BEC21 
  48      8BD85157 
  48      E20FEC
  49 00b1 A09B6921 		.ascii	"\240\233i!%\304\217=|rq\373\035'<\324I\030{\350\351"
  49      25C48F3D 
  49      7C7271FB 
  49      1D273CD4 
  49      49187BE8 
  50 00c6 2FEFF4A3 		.ascii	"/\357\364\243\177&\032{\177\357\255\274\367#v\271\335"
  50      7F261A7B 
  50      7FEFADBC 
  50      F72376B9 
  50      DD
  51 00d7 B1EEDA87 		.ascii	"\261\356\332\207\231\324=\277\220R\262\217P\306#{I("
  51      99D43DBF 
  51      9052B28F 
  51      50C6237B 
  51      4928
  52 00e9 2921A11A 		.ascii	")!\241\032\373\220F\366\223\0108\274\355`\177V\260\315"
  52      FB9046F6 
  52      930838BC 
  52      ED607F56 
  52      B0CD
  53 00fb CF381FF9 		.ascii	"\3178\037\371\206\330\010{[~\225\324\272\373\007\022"
  53      86D8087B 
  53      5B7E95D4 
  53      BAFB0712 
  54 010b 196217B9 		.ascii	"\031b\027\271\362\267\177\352\354K\374(\014\177\030"
  54      F2B77FEA 
  54      EC4BFC28 
  54      0C7F18
  55 011a 36187602 		.ascii	"6\030v\002\210\000x7\020F\020\014\007\214`\030N\030"
  55      88007837 
  55      1046100C 
  55      078C6018 
  55      4E18
  56 012c 2130C6C2 		.ascii	"!0\306\302\030\007c<\214\0110&\302\230\004c2\214)0\246"
  56      1807633C 
  56      8C093026 
  56      C2980463 
  56      328C2930 
  57 0141 C2980663 		.ascii	"\302\230\006c:\214\0310\300\325o&\214Y0f\303\010\203"
  57      3A8C1930 
  57      C0D56F26 
ARM GAS  /tmp/ccXyCdUJ.s 			page 4


  57      8C593066 
  57      C30883
  58 0154 3107C65C 		.ascii	"1\007\306\\\030\363`\314\207\021\016c\001\214\010\030"
  58      18F360CC 
  58      87110E63 
  58      018C0818 
  59 0164 0B612C82 		.ascii	"\013a,\202\021\011c1\214%0\226\302\210\202\341\202\261"
  59      11096331 
  59      8C253096 
  59      C28882E1 
  59      82B1
  60 0176 0CC67218 		.ascii	"\014\306r\030\32104-\231]\012\270O)T\207\267\324C\352"
  60      D130342D 
  60      995D0AB8 
  60      4F295487 
  60      B7D443EA 
  61 018a 6A3C374E 		.ascii	"j<7N\007\302\325\311\247:\273h\331\033\352.\215\201"
  61      07C2D5C9 
  61      A73ABB68 
  61      D91BEA2E 
  61      8D81
  62 019c CBEF8F97 		.ascii	"\313\357\217\227<>\377lG\200\361\320\335\235\344\206"
  62      3C3EFF6C 
  62      4780F1D0 
  62      DD9DE486 
  63 01ac 1BF4E097 		.ascii	"\033\364\340\227\336j\377B\222\037\303nkX!\265\2212"
  63      DE6AFF42 
  63      921FC36E 
  63      6B5821B5 
  63      9132
  64 01be 76ED4BD9 		.ascii	"v\355K\331\265\207\343\237f_\276\355p\225\272\343I!"
  64      B587E39F 
  64      665FBEED 
  64      7095BAE3 
  64      4921
  65 01d0 1D43CA49 		.ascii	"\035C\312I!\311\301\273M\016\020\227\346!q\257\022\210"
  65      21C9C1BB 
  65      4D0E1097 
  65      E62171AF 
  65      1288
  66 01e2 712ECA4F 		.ascii	"q.\312Ow\270j_\020\360\375\330\241\344 \2430\245\354"
  66      77B86A5F 
  66      10F0FDD8 
  66      A1E420A3 
  66      30A5EC
  67 01f5 0038C6DA 		.ascii	"\0008\306\332\251\016\311SU\020\027\343\003\250f\357"
  67      A90EC953 
  67      551017E3 
  67      03A866EF 
  68 0205 4D6A9CCE 		.ascii	"Mj\234\316\337\032\3550\322`_H\345[\342\000\373\177"
  68      DF1AED30 
  68      D2605F48 
  68      E55BE200 
  68      FB7F
  69 0217 448F48F4 		.ascii	"D\217H\364Q\020\265i\355$\266\2508\215r\324\365\257"
  69      5110B569 
  69      ED24B6A8 
ARM GAS  /tmp/ccXyCdUJ.s 			page 5


  69      388D72D4 
  69      F5AF
  70 0229 4F6E7546 		.ascii	"OnuF\226\340\213\246\276F\317-\262\027R\273\306_1U$"
  70      96E08BA6 
  70      BE46CF2D 
  70      B21752BB 
  70      C65F3155 
  71 023e D27C8F28 		.ascii	"\322|\217(\336\243\227\347.$9\370\311\031\350\035v\253"
  71      DEA397E7 
  71      2E2439F8 
  71      C919E81D 
  71      76AB
  72 0250 03F2A99D 		.ascii	"\003\362\251\235T\363\363\027\344T\3658\331\371\323"
  72      54F3F317 
  72      E454F538 
  72      D9F9D3
  73 025f D12D90D4 		.ascii	"\321-\220\324\240\201\256\341'+\217\237yg}\037|\256"
  73      A081AEE1 
  73      272B8F9F 
  73      79677D1F 
  73      7CAE
  74 0271 C8C94E44 		.ascii	"\310\311ND\216\021\027\210h\3448Y\017fa\\+\245\275$"
  74      8E111788 
  74      68E43859 
  74      0F66615C 
  74      2BA5BD24 
  75 0285 46A72BF0 		.ascii	"F\247+\360\204]WN\305\221\360b|!\326\3479r\335\265\361"
  75      845D574E 
  75      C591F062 
  75      7C21D6E7 
  75      3972DDB5 
  76 029a 0C1C444E 		.ascii	"\014\034DNx\277\026\321\370$\011g_\361\254\245\255\221"
  76      78BF16D1 
  76      F8240967 
  76      5FF1ACA5 
  76      AD91
  77 02ac 80711071 		.ascii	"\200q\020q\273\331\032\221o\331\347\275\237wV\377\206"
  77      BBD91A91 
  77      6FD9E7BD 
  77      9F7756FF 
  77      86
  78 02bd 3D8143A0 		.ascii	"=\201C\240\366\267_\340\010\255%\341p)\330-\210\255"
  78      F6B75FE0 
  78      08AD25E1 
  78      7029D82D 
  78      88AD
  79 02cf F10C7C35 		.ascii	"\361\014|5\370Z\2177\256Z\201\015\217`\247\306\227}"
  79      F85A8F37 
  79      AE5A810D 
  79      8F60A7C6 
  79      977D
  80 02e1 AE719944 		.ascii	"\256q\231D\016\310)\366\3644R\0077s\211\371j\332\275"
  80      0EC829F6 
  80      F4345207 
  80      377389F9 
  80      6ADABD
  81 02f4 AE26BB59 		.ascii	"\256&\273Y\016\270\212\247\207^\305\242\201&vx09\203"
ARM GAS  /tmp/ccXyCdUJ.s 			page 6


  81      0EB88AA7 
  81      875EC5A2 
  81      81267678 
  81      303983
  82 0307 17921A44 		.ascii	"\027\222\032Dr\026\027\245.\273!\022\330fp\020\202c"
  82      721617A5 
  82      2EBB2112 
  82      D8667010 
  82      8263
  83 0319 2AEF6604 		.ascii	"*\357f\004\032`'<\177R\317\311}\257Z3B`?b\334E\037\301"
  83      1A60273C 
  83      7F52CFC9 
  83      7DAF5A33 
  83      42603F62 
  84 0331 8A9C432E 		.ascii	"\212\234C.7%\347aK\226\030\3175\351\264\323\020_\352"
  84      3725E761 
  84      4B9618CF 
  84      35E9B4D3 
  84      105FEA
  85 0344 9B691868 		.ascii	"\233i\030h6 \316\237\343.\274\255\351\273\327w\010\262"
  85      3620CE9F 
  85      E32EBCAD 
  85      E9BBD777 
  85      08B2
  86 0356 71D0F7E0 		.ascii	"q\320\367\340\265\324\360\332(\274\242,x]D\334\030\216"
  86      B5D4F0DA 
  86      28BCA22C 
  86      785D44DC 
  86      188E
  87 0368 6B54F7BA 		.ascii	"kT\367\272\204 ;\007]\006\257(\303+Yx\271,x]A\\\000"
  87      84203B07 
  87      5D06AF28 
  87      C32B5978 
  87      B92C785D 
  88 037f C75D55F7 		.ascii	"\307]U\367jBP \0075\203\227\313\360J\021^\313,x]C\\"
  88      6A425020 
  88      07358397 
  88      CBF04A11 
  88      5ECB2C78 
  89 0396 10C7FDA0 		.ascii	"\020\307\375\240\356u\035A\016\016\272\001^\313\014"
  89      EE751D41 
  89      0E0EBA01 
  89      5ECB0C
  90 03a5 AF54E1B5 		.ascii	"\257T\341\265\334\202\327M\304\005s\334\217\352^-\010"
  90      DC82D74D 
  90      C40573DC 
  90      8FEA5E2D 
  90      08
  91 03b6 7272D04F 		.ascii	"rr\320O\340\265\334\360\332$\274\242-x\375\214\270\020"
  91      E0B5DCF0 
  91      DA24BCA2 
  91      2D78FD8C 
  91      B810
  92 03c8 8EBBA5EE 		.ascii	"\216\273\245\356\365\013\202\306r\320m\360\2126\327"
  92      F50B82C6 
  92      72D06DF0 
  92      8A36D7
ARM GAS  /tmp/ccXyCdUJ.s 			page 7


  93 03d7 0B4B3318 		.ascii	"\013K3\030Kh\017>**\015\361\245\351\255\330t\257\210"
  93      4B680F3E 
  93      2A2A0DF1 
  93      A5E9ADD8 
  93      74AF88
  94 03ea 978F1EF1 		.ascii	"\227\217\036\3616t\0327|\304\357\210\210\337\365\216"
  94      36741A37 
  94      7CC4EF88 
  94      88DFF58E 
  95 03fa B89570B7 		.ascii	"\270\225p\267c\270\267\327\365\236\016\340\341N\202"
  95      63B8B7D7 
  95      F59E0EE0 
  95      E14E82
  96 0409 7077F070 		.ascii	"pw\360p\227+\205\273\223e\271u\304p\337b\341\206#\332"
  96      972B85BB 
  96      9365B975 
  96      C470DF62 
  96      E18623DA 
  97 041d 4708F73D 		.ascii	"G\010\367=\014\267\007\366\000\334\332\033\266&8\214"
  97      0CB707F6 
  97      00DCDA1B 
  97      B626388C 
  98 042d 7087B287 		.ascii	"p\207\262\207\335\031\247z\210i-\356\363+w!mg\256\303"
  98      DD19A77A 
  98      88692DEE 
  98      F32B7721 
  98      6D67AEC3 
  99 0441 3BDC0F44 		.ascii	";\334\017D\270\201H\036\312\315\360\3403\212\275\226"
  99      B881481E 
  99      CACDF0E0 
  99      338ABD96 
 100 0451 DF152C36 		.ascii	"\337\025,6\243\303\264\031\035g\022\013\374\314\233"
 100      A3C3B419 
 100      1D67120B 
 100      FCCC9B
 101 0460 F148941A 		.ascii	"\361H\224\032A\217a3\302e\251\321t\201oj\270\261]\242"
 101      418F6133 
 101      C265A9D1 
 101      74816F6A 
 101      B8B15DA2 
 102 0474 D488EB56 		.ascii	"\324\210\353V\367z\"J\215\240\247\340\265@\226\032\275"
 102      F77A224A 
 102      8DA0A7E0 
 102      B540961A 
 102      BD
 103 0485 222C78F5 		.ascii	"\",x\365\210R#\356\231\272\327sQj\004\275\000\257\010"
 103      885223EE 
 103      99BAD773 
 103      516A04BD 
 103      00AF08
 104 0498 596AF45A 		.ascii	"Yj\364Zh\301\353\245(5\342^\251{\275\026\245F\320\033"
 104      68C1EBA5 
 104      2835E25E 
 104      A97BBD16 
 104      A546D01B 
 105 04ac F05A284B 		.ascii	"\360Z(K\215^\213,x\365\212R#\356Wu\257>Qj\004\365\203"
 105      8D5E8B2C 
ARM GAS  /tmp/ccXyCdUJ.s 			page 8


 105      78F58A52 
 105      23EE5775 
 105      AF3E516A 
 106 04c3 D722596A 		.ascii	"\327\"Yj\364\212\264\3405 J\2158\267\256\354\025\243"
 106      F48AB4E0 
 106      35204A8D 
 106      38B7AEEC 
 106      15A3
 107 04d5 F3522328 		.ascii	"\363R#(Vg^\221\262\324\350\265\330\202W\234\316K\215"
 107      56675E91 
 107      B2D4E8B5 
 107      D882579C 
 107      CE4B8D
 108 04e8 B87875AF 		.ascii	"\270xu\257\015:/5\202\022\300k\2619W\230\026Y\352NQ"
 108      0D3A2F35 
 108      8212C06B 
 108      B1395798 
 108      1659EA4E 
 109 04fd EA6A9F4A 		.ascii	"\352j\237J\235\250\017)\365\261\321K\235\204N\343\207"
 109      9DA80F29 
 109      F5B1D14B 
 109      9D844EE3 
 109      87
 110 050e 2FF5469D 		.ascii	"/\365F\235\227:YW.u\212\0165\314\254\313m\016\346\245"
 110      973A5957 
 110      2E758A0E 
 110      35CCACCB 
 110      6D0EE6A5 
 111 0522 4E8752A7 		.ascii	"N\207R\247\352F\251\217)\225z\223\036\016\317w\204R"
 111      EA46A98F 
 111      29957A93 
 111      1E0ECF77 
 111      8452
 112 0534 BF60A586 		.ascii	"\277`\245\206#\330\251\207-\365f\035J\235\246\263=\230"
 112      23D8A987 
 112      2DF5661D 
 112      4A9DA6B3 
 112      3D98
 113 0546 05A5BE7A 		.ascii	"\005\245\276z\344\234\323(\365\357\340;\257\273e\227"
 113      E49CD328 
 113      F5EFE03B 
 113      AFBB6597 
 114 0556 F91B78BA 		.ascii	"\371\033x\272n\\\271\215\347\013\036\007y\227:C\347"
 114      6E5CB98D 
 114      E70B1E07 
 114      79973A43 
 114      E7
 115 0567 A50622D9 		.ascii	"\245\006\"\331\"7\203\261\341vu\024\313\357\341\354"
 115      223783B1 
 115      E1767514 
 115      CBEFE1EC 
 116 0577 090F6EC6 		.ascii	"\011\017n\306\276g\251\025\001\346\315\330\252\363R"
 116      BE67A915 
 116      01E6CDD8 
 116      AAF352
 117 0586 23281336 		.ascii	"#(\0236c\226,5\232\316\366M\01576K\347\245F\\\266\272"
 117      63962C35 
ARM GAS  /tmp/ccXyCdUJ.s 			page 9


 117      9ACEF64D 
 117      0D37364B 
 117      E7A5465C 
 118 059c D7369D97 		.ascii	"\3276\235\227\032A9\3405[\226\032\275\302,x\345\352"
 118      1A4139E0 
 118      355B961A 
 118      BDC22C78 
 118      E5EA
 119 05ae BCD488DB 		.ascii	"\274\324\210\333\256\356\225\247\363R#h\007x\205\311"
 119      AEEE95A7 
 119      F3522368 
 119      077885C9 
 120 05be 52A3D71C 		.ascii	"R\243\327\034\013^\371:/5\342\012\324\275\012u^j\004"
 120      0B5EF93A 
 120      2F35E20A 
 120      D4BD0A75 
 120      5E6A04
 121 05d1 1581D71C 		.ascii	"\025\201\327\034Yj\364\232k\301\353\277:/5\342\276V"
 121      596AF49A 
 121      6BC1EBBF 
 121      3A2F35E2 
 121      BE56
 122 05e3 F72AD679 		.ascii	"\367*\326y\251\021\264\023\274\346\312R\243\327<\013"
 122      A911B413 
 122      BCE6CA52 
 122      A3D73C0B 
 123 05f3 5EBB745E 		.ascii	"^\273t^j\304\355V\367\332#J\215\240\022\360\232'K\215"
 123      6AC4ED56 
 123      F7DA234A 
 123      8DA012F0 
 123      9A274B8D 
 124 0607 5EF32D78 		.ascii	"^\363-x\355\025\245F\334>u\257\375\242\324\010\372\006"
 124      ED15A546 
 124      DC3E75AF 
 124      FDA2D408 
 124      FA06
 125 0619 BCE69B73 		.ascii	"\274\346\233s\205i\221\245\336\304\037\025\265\373T"
 125      856991A5 
 125      DEC41F15 
 125      B5FB54
 126 0628 EAD2A1A5 		.ascii	"\352\322\241\245\356\034\275\324e\3504a\370R\227\213"
 126      EE1CBDD4 
 126      65E83461 
 126      F852978B 
 127 0638 521F502F 		.ascii	"R\037P/\365A,u\322\376\314b\312K\235\003\245>\304K\335"
 127      F5412C75 
 127      D2FECC62 
 127      CA4B9D03 
 127      A53EC44B 
 128 064d A954EA0A 		.ascii	"\251T\352\012\326\341\322\021K\335Xh\303#\016\216P\352"
 128      D6E1D211 
 128      4BDD5868 
 128      C3230E8E 
 128      50EA
 129 065f C358EA4A 		.ascii	"\303X\352J\330\203)\354\343o*\312<\374\317\324\315p"
 129      D88329EC 
 129      E36F2ACA 
ARM GAS  /tmp/ccXyCdUJ.s 			page 10


 129      3CFCCFD4 
 129      CD70
 130 0671 5CD3F30A 		.ascii	"\\\323\363\012\217\277i/\216\360\275\270\337u\250>\320"
 130      8FBF692F 
 130      8EF0BDB8 
 130      DF75A83E 
 130      D0
 131 0682 3BD54745 		.ascii	";\325GE\252\001I\252\344jT\342j\344\245\364\267\333"
 131      AA0149AA 
 131      E46A54E2 
 131      6AE4A5F4 
 131      B7DB
 132 0694 C46A1C32 		.ascii	"\304j\0342\255\306\265\236\223i6\363jT\213T#\250\006"
 132      ADC6B59E 
 132      936936F3 
 132      6A548B54 
 132      23A806
 133 06a7 56638A4C 		.ascii	"Vc\212L5\252N\365M\015W\366\230H5\342\216\253{\235\020"
 133      35AA4EF5 
 133      4D0D57F6 
 133      984835E2 
 133      8EAB7B9D 
 134 06bc A946D049 		.ascii	"\251F\320I\360\232*S\215^\323,x}+R\215\270Zu\257S\""
 134      F09A2A53 
 134      8D5ED32C 
 134      787D2B52 
 134      8DB85A75 
 135 06d3 D508AA03 		.ascii	"\325\010\252\003\257i2\325\3505\335\202\327i\221j\304"
 135      AF6932D5 
 135      E835DD82 
 135      D769916A 
 135      C4
 136 06e4 9D51F73A 		.ascii	"\235Q\367:+R\215\240z\360\232.S\215^3,x\235\023\251"
 136      2B528DA0 
 136      7AF09A2E 
 136      538D5E33 
 136      2C789D13 
 137 06f9 46DC7975 		.ascii	"F\334yu\257\006\221j\004]\000\257\0312\325\350\025j"
 137      AF06916A 
 137      045D00AF 
 137      1932D5E8 
 137      156A
 138 070b C1EB3B91 		.ascii	"\301\353;\221j\304}\257\356uQ\244\032A\215\340\025*"
 138      6AC47DAF 
 138      EE7551A4 
 138      1A418DE0 
 138      152A
 139 071d 538D5E33 		.ascii	"S\215^3-x]\022\251F\334eu\257+\"\325\010\272\012^3\315"
 139      2D785D12 
 139      A946DC65 
 139      75AF2B22 
 139      D508BA0A 
 140 0734 BDC2B6C8 		.ascii	"\275\302\266\310TW\210T?\361)\325MCS\3353z\252\233\321"
 140      54578854 
 140      3FF129D5 
 140      4D4353DD 
 140      337AAA9B 
ARM GAS  /tmp/ccXyCdUJ.s 			page 11


 141 0749 69E2F0A9 		.ascii	"i\342\360\251\276&R\375\203z\252\257c\252[\312/>\260"
 141      BE2652FD 
 141      837AAAAF 
 141      63AA5BCA 
 141      2F3EB0
 142 075c F3541741 		.ascii	"\363T\027A\252o\360T\367(\245\372&\013q\323\210\251"
 142      AA6FF054 
 142      F728A5FA 
 142      260B71D3 
 142      88A9
 143 076e EE60A986 		.ascii	"\356`\251\206#\256\217\220\352\0371\325-\260\007c\331"
 143      23AE8F90 
 143      EA1F31D5 
 143      2DB00763 
 143      D9
 144 077f C75B632E 		.ascii	"\307[c.\335\0132R\335\215W\341\340\316&\273i/~\022{"
 144      DD0B3252 
 144      DD8D57E1 
 144      E0CE26BB 
 144      692F7E12 
 145 0794 E129BB6B 		.ascii	"\341)\273k\363N\365\317\"\325\200$\267\344j\264\340"
 145      F34EF5CF 
 145      22D58024 
 145      B7E46AB4 
 145      E0
 146 07a5 6AB49D4F 		.ascii	"j\264\235O\036\374\353\326\015\323f\234\332|ow\260\327"
 146      1EFCEBD6 
 146      0DD3669C 
 146      DA7C6F77 
 146      B0D7
 147 07b7 0FC644A9 		.ascii	"\017\306D\251\221s\0336c\254,5\232\216\363\315\0147"
 147      91731B36 
 147      63AC2C35 
 147      9A8EF3CD 
 147      0C37
 148 07c9 B655941A 		.ascii	"\266U\224\032qm\312"
 148      716DCA
 149 07d0 5A7744A8 		.ascii	"ZwD\250\221s\027\264\306\311P\243\326x\013Z\355\"\324"
 149      917317B4 
 149      C6C950A3 
 149      D6780B5A 
 149      ED22D4
 150 07e3 88EB50D6 		.ascii	"\210\353P\326\352\024\235F\316=\320\032/;\215Z\023,"
 150      EA149D46 
 150      CE3DD01A 
 150      2F3B8D5A 
 150      132C
 151 07f5 687944A7 		.ascii	"hyD\247\021w_Y\353\201\3104r\036\202\326\004\231i\324"
 151      11775F59 
 151      EB81C834 
 151      721E82D6 
 151      049969D4 
 152 0809 9A6841EB 		.ascii	"\232hA\353\221\3104\342\036+ku\211J#\247\033\264&\312"
 152      91C834E2 
 152      1E2B6B75 
 152      894A23A7 
 152      1BB426CA 
ARM GAS  /tmp/ccXyCdUJ.s 			page 12


 153 081d 4AA3D624 		.ascii	"J\243\326$\013ZOD\245\021\367TY\253GD\0329\317@k\222"
 153      0B5A4F44 
 153      A511F754 
 153      59AB4744 
 153      1A39CF40 
 154 0833 8C346A4D 		.ascii	"\2144jM\266\240\365\\D\032q/\224\265^\212F#\347\025"
 154      B6A0F55C 
 154      441A712F 
 154      94B55E8A 
 154      4623E715 
 155 0847 684D3687 		.ascii	"hM6\207\012\243\"\033}S4\272r\242/\215~=\264\321G3G"
 155      0AA3221B 
 155      7D5334BA 
 155      72A22F8D 
 155      7E3DB4D1 
 156 085e 6DF41B74 		.ascii	"m\364\033t\2324|\243{E\243\177Uot\0376\372\354\341\375"
 156      9A347CA3 
 156      7B45A37F 
 156      556F741F 
 156      36FAECE1 
 157 0873 CDFEBCD1 		.ascii	"\315\376\274\321U\320\350~\336\350\243\231*\215\036"
 157      55D0E87E 
 157      DEE8A399 
 157      2A8D1E
 158 0882 60057E3D 		.ascii	"`\005~=b\243\037\227\330\360\210\276\021\032\355\246"
 158      62A31F97 
 158      D8F088BE 
 158      111AEDA6 
 159 0892 D0E818F8 		.ascii	"\320\350\030\370W\342\000\366\361\262\227\273\033\210"
 159      57E200F6 
 159      F1B297BB 
 159      1B88
 160 08a0 D1E85402 		.ascii	"\321\350T\002\317\356D\275;\304\264\026\261\324\270"
 160      CFEE44BD 
 160      3BC4B416 
 160      B1D4B8
 161 08af 749EE22D 		.ascii	"t\236\342-\245o\375\344#\216\362F\003\222\304\323\301"
 161      A56FFDE4 
 161      238EF246 
 161      0392C4D3 
 161      C1
 162 08c0 CD6070F6 		.ascii	"\315`p\366\025\017{Ox\006\277}\367\233V#\256\254\271"
 162      150F7B4F 
 162      7806BF7D 
 162      F79B5623 
 162      AEACB9
 163 08d3 D3FB6762 		.ascii	"\323\373gb\224G\032A\011\224\255F\200\2144\252\006\372"
 163      94471A41 
 163      0994AD46 
 163      808C34AA 
 163      06FA
 164 08e5 A6861B9B 		.ascii	"\246\206\033\233Hy\244\021\227\244\356\265\221\362J"
 164      4879A411 
 164      97A4EEB5 
 164      91F24A
 165 08f4 232819BC 		.ascii	"#(\031\274\002e\245\321+\310\202W\012\345\225F\\\252"
 165      0265A5D1 
ARM GAS  /tmp/ccXyCdUJ.s 			page 13


 165      2BC88257 
 165      0AE59546 
 165      5CAA
 166 0906 BAD726CA 		.ascii	"\272\327&\3123\215\240\315\340\025$3\215^\016\013^i"
 166      338DA0CD 
 166      E0152433 
 166      8D5E0E0B 
 166      5E69
 167 0918 94671A71 		.ascii	"\224g\032q\351\352^\031\224w\032A[\300\313!;\215^\301"
 167      E9EA5E19 
 167      94771A41 
 167      5BC0CB21 
 167      3B8D5EC1 
 168 092c 16BCB652 		.ascii	"\026\274\266R\336i\304e\252{eQ\036j\004e\203W\260\014"
 168      DE69C465 
 168      AA7B6551 
 168      1E6A0465 
 168      8357B00C 
 169 0940 357A392D 		.ascii	"5z9-xm\243<\324\210\313Q\367\312\245\274\324\010\332"
 169      786DA33C 
 169      D488CB51 
 169      F7CAA5BC 
 169      D408DA
 170 0953 0E5E4E59 		.ascii	"\016^NYj\364\012\261\340\225Gy\251\021\267C\335+\237"
 170      6AF40AB1 
 170      E0954779 
 170      A911B743 
 170      DD2B9F
 171 0966 F25423A8 		.ascii	"\362T#\250\000\274B\314\275\302\266\310T\017\300\243"
 171      00BC42CC 
 171      BDC2B6C8 
 171      540FC0A3 
 172 0976 47F08F8D 		.ascii	"G\360\217\215Y\370?P\260R\311,;\351\215\232\256i\177"
 172      59F83F50 
 172      B052C92C 
 172      3BE98D9A 
 172      AE697F
 173 0989 70AD5AFB 		.ascii	"p\255Z\373\371\277\\+?Y\371\271\353\217\253V\177\264"
 173      F9BF5C2B 
 173      3F59F9B9 
 173      EB8FAB56 
 173      7FB4
 174 099b FABD0F3E 		.ascii	"\372\275\017>\\\376\333\250\345Q\277w\255\375\322\265"
 174      5CFEDBA8 
 174      E551BF77 
 174      ADFDD2B5 
 175 09ab 6AE51AD7 		.ascii	"j\345\032\327\272\265\377\376\352K\327\007\377x\367"
 175      BAB5FFFE 
 175      EA4BD707 
 175      FF78F7
 176 09ba 37D1AE15 		.ascii	"7\321\256\025+\376\344\372\313\337\377\372\336\177\242"
 176      2BFEE4FA 
 176      CBDFFFFA 
 176      DE7FA2
 177 09c9 5DEB56AE 		.ascii	"]\353V\256\371p\315\232O\242>\326l\037\257\375\342\323"
 177      F970CD9A 
 177      4FA23ED6 
ARM GAS  /tmp/ccXyCdUJ.s 			page 14


 177      6C1FAFFD 
 177      E2D3
 178 09db D59FF97F 		.ascii	"\325\237\371\177\266n\365\332u\377\003\270\307\326B"
 178      B66EF5DA 
 178      75FF03B8 
 178      C7D642
 179              		.text
 180              		.section	.gnu.lto__pal_lld_setgroupmode.be067d1471aa11e5,"",%progbits
 181 0000 789CA557 		.ascii	"x\234\245W{P\224\327\025\277\347\273\337>Xv\301Gj\214"
 181      7B5094D7 
 181      15BFE7BB 
 181      DF3E5876 
 181      C1476A8C 
 182 0014 12431209 		.ascii	"\022C\022\011\321 \253\230\2505\216:>\306\307\200`\222"
 182      D120AB98 
 182      A8358E3A 
 182      3EC6C780 
 182      6092
 183 0026 3FF24F27 		.ascii	"?\362O'%\201\031\235@a\320f\322\231L\273\010\256/46"
 183      2581199D 
 183      4061D066 
 183      D2994CBB 
 183      08AE2F34 
 184 003b BE2A1306 		.ascii	"\276*\023\006\332\306\020\215 \004L\300j\213\242\"&"
 184      DAC6108D 
 184      20044CC0 
 184      6A8BA222 
 184      26
 185 004c 688CA609 		.ascii	"h\214\246\011\022\023\237(\032\253\202V4\200=\347\334"
 185      12139F28 
 185      1AAB8256 
 185      34803DE7 
 185      DC
 186 005d 6FF976D7 		.ascii	"o\371v\327\3558\014\314\354\341\356\371~\277s\317\357"
 186      ED380CCC 
 186      ECE1EEF9 
 186      7EBF73CF 
 186      EF
 187 006e DC73EF77 		.ascii	"\334s\357w\327\"4\2219H\210UB\210\335\370\201H\001\332"
 187      D7223491 
 187      39488855 
 187      4288DDF8 
 187      814801DA 
 188 0082 FA6342E4 		.ascii	"\372cB\344\3325\220j 5}e\254\3608\234d\235\272f\271"
 188      DA35906A 
 188      20357D65 
 188      ACF0389C 
 188      649DBA66 
 189 0097 F92BFC16 		.ascii	"\371+\374\026V2\011\277Y4+?\263\3613+\330\025\305\346"
 189      563209BF 
 189      59342B3F 
 189      B3F1332B 
 189      D815C5E6 
 190 00ab 1BD8C1A9 		.ascii	"\033\330\301\251\006a\232\203\201\341\014t\370\334\341"
 190      06619A83 
 190      81E10C74 
 190      F8DCE1
ARM GAS  /tmp/ccXyCdUJ.s 			page 15


 191 00ba BE81538B 		.ascii	"\276\201S\213\310\267\341sWA\203@\200KM\276\337\036"
 191      C8B7E173 
 191      57418340 
 191      804B4DBE 
 191      DF1E
 192 00cc 0140038F 		.ascii	"\001@\003\217\035\304\2374\251[\2546{\230#\334\351\212"
 192      1DC49F34 
 192      A95BAC36 
 192      7B9823DC 
 192      E98A
 193 00de 00FC2AD4 		.ascii	"\000\374*\324\337\373r\213\204\003+Zk\265Q\245\036\374"
 193      DFFB728B 
 193      84032B5A 
 193      6BB551A5 
 193      1EFC
 194 00f0 ABDBD2E3 		.ascii	"\253\333\322\343\360z\226\017-F\300V\003\004\2450\012"
 194      F07A960F 
 194      2D46C056 
 194      0304A530 
 194      0A
 195 0101 5127F22B 		.ascii	"Q'\362+>\224\353d\261\004\320\361\353\255\246\302\013"
 195      3E94EB64 
 195      B104D0F1 
 195      EBADA6C2 
 195      0B
 196 0112 11F45583 		.ascii	"\021\364U\203h\374Z\177\354A\215C\316\006\201\343e\177"
 196      68FC5A7F 
 196      EC418D43 
 196      CE0681E3 
 196      657F
 197 0124 DB7AD015 		.ascii	"\333z\320\025\273\315\343Y\346\251\353\332(=#\213\245"
 197      BBCDE359 
 197      E6A9EBDA 
 197      283D238B 
 197      A5
 198 0135 841D2031 		.ascii	"\204\035 1 l\207(\370\004\242\004\272\004|\012\261\010"
 198      206C8728 
 198      F804A204 
 198      BA047C0A 
 198      B108
 199 0147 7FF071C5 		.ascii	"\177\360q\305*\273\234\317\324{\233\216\024\201A=\274"
 199      2ABB9CCF 
 199      D47B9B8E 
 199      1481413D 
 199      BC
 200 0158 73D0A63C 		.ascii	"s\320\246<\317\334b\251\303\316`\262.\240\214\311\035"
 200      CFDC62A9 
 200      C3CE60B2 
 200      2EA08CC9 
 200      1D
 201 0169 55DB3684 		.ascii	"U\3336\204\313d&\177\271n\337\353\006\367\330\316a\033"
 201      CB64267F 
 201      B96EDFEB 
 201      06F7D8CE 
 201      611B
 202 017b 996B81F2 		.ascii	"\231k\201\362`\256E\300.\210%BA\356\366\263R\276\306"
 202      60AE45C0 
ARM GAS  /tmp/ccXyCdUJ.s 			page 16


 202      2E882542 
 202      41EEF6B3 
 202      52BEC6
 203 018e E44B272F 		.ascii	"\344K'/\\\201\230\277\253\231\313\206\3769\317s\304"
 203      5C8198BF 
 203      AB99CB86 
 203      FE39CF73 
 203      C4
 204 019f A3174B2B 		.ascii	"\243\027K+T\004\362\351\017\341\333\037\034\377\300"
 204      5404F2E9 
 204      0FE1DB1F 
 204      1CFFC0
 205 01ae 2E5F67EA 		.ascii	"._g\352/_wy\355\006\365~\334VO]~4\021?\013I\274\261"
 205      2F5F7779 
 205      ED06F57E 
 205      DC564F5D 
 205      7E34113F 
 206 01c6 E1509326 		.ascii	"\341P\223&\177\303\304u\305M\347\"\014b\273I\254\016"
 206      7FC3C475 
 206      C54DE722 
 206      0C62BB49 
 206      AC0E
 207 01d8 496CFD3E 		.ascii	"Il\375>o\253U\276\305\304\253\353\252O:\014\342U\223"
 207      6FAB55BE 
 207      C5C4ABEB 
 207      AA4F3A0C 
 207      E25593
 208 01eb F87948E2 		.ascii	"\370yH\342\372\356f\217U\276\315\304\023\035U;t\203"
 208      FAEE668F 
 208      55BECDC4 
 208      131D553B 
 208      7483
 209 01fd 78DE24D6 		.ascii	"x\336$\326\204$\256\275\321\371W]\3460\261\341\207\023"
 209      8424AEBD 
 209      D1F9575D 
 209      E630B1E1 
 209      8713
 210 020f 577CA99E 		.ascii	"W|\251\2366\211{B\022\317W\366lrYu\370\007\304@-~\276"
 210      36897B42 
 210      12CF57F6 
 210      6C725975 
 210      F807C440 
 211 0226 C0CF6EFC 		.ascii	"\300\317n\374T\341\247\022bTg\301^\260\202\020\216\377"
 211      54E1A712 
 211      625467C1 
 211      5EB08210 
 211      8EFF
 212 0238 87C238DD 		.ascii	"\207\3028\335m\225\237:\344\273\234\300\307{\273\327"
 212      6D959F3A 
 212      E4BB9CC0 
 212      C77BBBD7 
 213 0248 FA12F8B1 		.ascii	"\372\022\370\261l\300\007\275\353\263\357\341\024\340"
 213      6CC007BD 
 213      EBB3EFE1 
 213      14E0
 214 0256 9F4CDFD4 		.ascii	"\237L\337\324\326Z\251\313\\`~{\317\341\237|\353{j\203"
 214      D65AA9CB 
ARM GAS  /tmp/ccXyCdUJ.s 			page 17


 214      5C607E7B 
 214      CFE19F7C 
 214      EB7B6A83 
 215 026a F47CE4D1 		.ascii	"\364|\344\321\210\375\257\020\354:f\257\275\366\376"
 215      88FDAF10 
 215      EC3A66AF 
 215      BDF6FE
 216 0279 1A90F98A 		.ascii	"\032\220\371\212}\331{-\317i\260o\233\354\375!\330\007"
 216      7DD97B2D 
 216      CF69B06F 
 216      9BECFD21 
 216      D807
 217 028b 985D70AE 		.ascii	"\230]p\256\2444L\256P\354\3255\027\237\363M\275\261"
 217      A4344CAE 
 217      50ECD535 
 217      179FF34D 
 217      BDB1
 218 029d 975C1F82 		.ascii	"\227\\\037\202|\020bv}\003u\236\236\007+\260\211\343"
 218      7C106276 
 218      7D03759E 
 218      9E072BB0 
 218      89E3
 219 02af 5AAA4F0D 		.ascii	"Z\252O\015~\005\270\3275A\205B<\226\012\273\037\213"
 219      7E05B8D7 
 219      35418542 
 219      3C960ABB 
 219      1F8B
 220 02c1 857D8CE5 		.ascii	"\205}\214\345\262\012*\226\003\250\247\303\031\343\304"
 220      B20A2A96 
 220      03A8A7C3 
 220      19E3C4
 221 02d0 1EB7B918 		.ascii	"\036\267\271\030\030A\303HF\017\240\341@\246\014\242"
 221      1841C348 
 221      460FA0E1 
 221      40A60CA2 
 222 02e0 E1604185 		.ascii	"\341`A\205~\014(\366\020r<Nf(\231'\270\200\303ph\037"
 222      7E0C28F6 
 222      10723C4E 
 222      66289927 
 222      B880C370 
 223 02f6 CED5A05D 		.ascii	"\316\325\240]c{\222\276\217`}O\3210\232\263}\032h\027"
 223      637B92BE 
 223      8F607D4F 
 223      D1309AB3 
 223      7D1A6817 
 224 030a 3F438067 		.ascii	"?C\200g\311\214$\023C&\226\314\363dF\221\031M&\216\314"
 224      C98C2413 
 224      432696CC 
 224      F3644691 
 224      194D268E 
 225 031f 1832F164 		.ascii	"\0302\361d\306\222\031G&\201\314x2/\221\231@f\"\231"
 225      C6921947 
 225      2681CC78 
 225      322F9199 
 225      40662299 
 226 0333 49642693 		.ascii	"Id&\223y\231\314\0242S\311L#3\235\314\01423\311\314"
 226      7999CC14 
ARM GAS  /tmp/ccXyCdUJ.s 			page 18


 226      3253C94C 
 226      23339DCC 
 226      0C3233C9 
 227 0348 22339BCC 		.ascii	"\"3\233\314\0342s\311\314#3\237L\"\3271\211\013\263"
 227      1C3273C9 
 227      CC23339F 
 227      4C22D731 
 227      890BB3
 228 035b 806B92CC 		.ascii	"\200k\222\314\345H\341\252-\344:\012\261\032{\023\217"
 228      E548E1AA 
 228      2DE43A0A 
 228      B11A7B13 
 228      8F
 229 036c D33552C3 		.ascii	"\3235R\303\177\262\015\362\272\274\373\232\263\251Y"
 229      7FB20DF2 
 229      BABCFB9A 
 229      B3A959
 230 037b 8B647891 		.ascii	"\213dx\221t\320y\331^Q\352\244\243\317\006\022\016\341"
 230      74D079D9 
 230      5E51EAA4 
 230      A3CF0612 
 230      0EE1
 231 038d D25D8265 		.ascii	"\322]\202e\321\334\316\030\007Q\002Y\355\336\246\346"
 231      D1DCCE18 
 231      07510259 
 231      EDDEA6E6 
 232 039d 0AA9684E 		.ascii	"\012\251hNE;\364\340n]$\321\354\240\301a\244q\360F\003"
 232      453BF4E0 
 232      6E5D24D1 
 232      ECA0C161 
 232      A471F046 
 233 03b2 E4421C82 		.ascii	"\344B\034\202\252\0176x\355*6@\203\177\354Z\212\355"
 233      AA0F3678 
 233      ED2A3640 
 233      837FEC5A 
 233      8AED
 234 03c4 52B1CF34 		.ascii	"R\261\3174W\033\264\010\214\015qA\261\"\321\037\230"
 234      571BB408 
 234      8C0D7141 
 234      B122D11F 
 234      98
 235 03d5 D817448E 		.ascii	"\330\027D\216T\344\353\275\211\015P\2115~\264\247\313"
 235      54E4EBBD 
 235      890D5089 
 235      357EB4A7 
 235      CB
 236 03e6 A912B3C0 		.ascii	"\251\022\263\300\221\340\304\006\".0\330n\0126P\005"
 236      91E0C406 
 236      222E30D8 
 236      6E0A3650 
 236      05
 237 03f7 EB6E3E6B 		.ascii	"\353n>k\340\006\251`\267W/\277+U0\0334\006\007\033\214"
 237      E006A960 
 237      B7572FBF 
 237      2B55301B 
 237      3406071B 
 238 040c 380495B7 		.ascii	"8\004\225\267\337.\267*\225\221p\324?v\025\305\036L"
ARM GAS  /tmp/ccXyCdUJ.s 			page 19


 238      DF2EB72A 
 238      959170D4 
 238      3F7615C5 
 238      1E4C
 239 041e DF4BCE0D 		.ascii	"\337K\316\015a\217:\0126/?p\334F\014<3\340K\336.k\360"
 239      618F3A0A 
 239      362F3F70 
 239      DC460C3C 
 239      33E04BDE 
 240 0435 15822F38 		.ascii	"\025\202/8y\0114^\273\"i\025<\346\374,j\314\302u5\346"
 240      7909345E 
 240      BB226915 
 240      3CE6FC2C 
 240      6ACCC275 
 241 044b 0A4A35E6 		.ascii	"\012J5\346\225\322\324\030\273\242H\202J\264\254\345"
 241      95D2D418 
 241      BBA24882 
 241      4AB4ACE5 
 242 045b 3D95E910 		.ascii	"=\225\351\020t\361\002\\\204\374\226\372\203`x1\225"
 242      74F1025C 
 242      84FC96FA 
 242      83607831 
 242      95
 243 046c 5D3FD7DE 		.ascii	"]?\327\336s\251\344\005|\245v\356\035\200\"\371\230"
 243      73A9E405 
 243      7CA576EE 
 243      1D8022F9 
 243      98
 244 047d 268A64A2 		.ascii	"&\212d\242\353\376\205\023p\0074l\004\355\376g\347\320"
 244      EBFE8513 
 244      7007346C 
 244      04EDFE67 
 244      E7D0
 245 048f 9FE2DA73 		.ascii	"\237\342\332s\271\031]\022\327O+\254\"W\222\353h+zt"
 245      B9195D12 
 245      D74F2BAC 
 245      225792EB 
 245      682B7A74 
 246 04a3 5C146D47 		.ascii	"\\\024mG\025:\026\270\356\267\266\241\307\202\225\325"
 246      153A16B8 
 246      EEB7B6A1 
 246      C78295D5 
 247 04b3 4E3326D9 		.ascii	"N3&\331U\3104+\351\325\012?'\337B\327\351\313\373\001"
 247      55C8342B 
 247      E9D50A3F 
 247      27DF42D7 
 247      E9CBFB01 
 248 04c7 A5EB6265 		.ascii	"\245\353be\254\352\3163-%\232\337\231\213;\227\266,"
 248      ACEACE33 
 248      2D259ADF 
 248      998B3B97 
 248      B62C
 249 04d9 6D53DA9F 		.ascii	"mS\332\237|\314\342\301\322D\331?\216%\362_\"\033.\321"
 249      7CCCE2C1 
 249      D244D93F 
 249      8E25F25F 
 249      221B2ED1 
ARM GAS  /tmp/ccXyCdUJ.s 			page 20


 250 04ed 31B54485 		.ascii	"1\265D\205\336\3460\005\032\2128\377\327\275\015t8\256"
 250      DEE63005 
 250      1A8A38FF 
 250      D7BD0D74 
 250      38AE
 251 04ff 4037BDAB 		.ascii	"@7\275\253,\012\364\004/\345P\265n\350\241i\321\253"
 251      2C0AF404 
 251      2FE550B5 
 251      6EE8A169 
 251      D1AB
 252 0511 40D75BDE 		.ascii	"@\327[\336U\250a\360B\024\255J\033,k_\261]*\347p\364"
 252      55A861F0 
 252      4214AD4A 
 252      1B2C6B5F 
 252      B15D2AE7 
 253 0527 9BBC3AE2 		.ascii	"\233\274:\342\015W\031t\267\324\200\302D\251D{w\214"
 253      0D571974 
 253      B7D480C2 
 253      44A9447B 
 253      778C
 254 0539 0D77CCD7 		.ascii	"\015w\314\327\276\034\332\214@Ob\337#40\372\010\364"
 254      BE1CDA8C 
 254      404F62DF 
 254      233430FA 
 254      08F4
 255 054b 9BD10F50 		.ascii	"\233\321\017P\364\021\212\266\366\314{\012\362\224\177"
 255      F4118AB6 
 255      F6CC7B0A 
 255      F2947F
 256 055a 03DAB101 		.ascii	"\003\332\261\001O@\024i\011\210\023\21583\316A\212\023"
 256      4F401469 
 256      0988138D 
 256      3833CE41 
 256      8A13
 257 056c 8D88037B 		.ascii	"\215\210\003{\332\332\226G*\3103\376m)\371\240\277\333"
 257      DADA9647 
 257      2AC833FE 
 257      6D29F9A0 
 257      BFDB
 258 057e 7074A5B3 		.ascii	"pt\245\263\030\212r\361*\205\357\307\260\"\3714|C\035"
 258      188A72F1 
 258      2A85EFC7 
 258      B022F934 
 258      7C431D
 259 0591 82CFBE6B 		.ascii	"\202\317\276ko\257w\272\313<\371\271\364\310\001'\241"
 259      6FAF77BA 
 259      CB3CF9B9 
 259      F4C80127 
 259      A1
 260 05a2 18FEC257 		.ascii	"\030\376\302W,8\005n\232\275\307{\317X\203g\215\232"
 260      2C38056E 
 260      9ABDC77B 
 260      CF588367 
 260      8D9A
 261 05b4 74F5AECA 		.ascii	"t\365\256\312H\234\017\375\344\354\3646\206+'\2653>"
 261      489C0FFD 
 261      E4ECF436 
ARM GAS  /tmp/ccXyCdUJ.s 			page 21


 261      862B27B5 
 261      333E
 262 05c6 A2BC3637 		.ascii	"\242\27467\216!_P\016%\277\023\217\310\342[3\213\177"
 262      8E215F50 
 262      0E25BF13 
 262      8FC8E25B 
 262      338B7F
 263 05d9 831B432A 		.ascii	"\203\033C*\221W}\"c\373\250\352;\216\007\024\357{\237"
 263      91577D22 
 263      63FBA8EA 
 263      3B8E0714 
 263      EF7B9F
 264 05ec AA5546BA 		.ascii	"\252UF\272\317\033k\321\345m3T\215\302\011\320\257T"
 264      CF1B6BD1 
 264      E56D3354 
 264      8DC209D0 
 264      AF54
 265 05fe 351BB0D1 		.ascii	"5\033\260\321\270a\361Q\177T5\233Y\234&U\243\225\252"
 265      B861F151 
 265      7F54359B 
 265      599C2655 
 265      A395AA
 266 0611 6B3E5571 		.ascii	"k>Uq}T\325\302\3614\212\367\003\253\242#\315\3200\206"
 266      7D54D5C2 
 266      F1348AF7 
 266      03ABA223 
 266      CDD03086 
 267 0625 85C5290D 		.ascii	"\205\305)\015\265\206\206x<\200\360Q\1774\2341\347\374"
 267      B5868678 
 267      3C80F051 
 267      7F349C31 
 267      E7FC
 268 0637 9134C4D3 		.ascii	"\2214\304\323It\272\276\265\374E5E8\357\010\301\007"
 268      4974BABE 
 268      B5FC4535 
 268      4538EF08 
 268      C107
 269 0649 A145743A 		.ascii	"\241Et:$>>^\337S>I=\246\011\033\217n\371\304\251\016"
 269      243E3E5E 
 269      DF533E49 
 269      3DA6091B 
 269      8F6EF9C4 
 270 065f 4D1BFCD4 		.ascii	"M\033\374\324\213\266\212\275\026\311\005\351\334f\024"
 270      8BB68ABD 
 270      16C905E9 
 270      DC6614
 271 066e 646C1F0B 		.ascii	"dl\037\013r\226\223\343k\3349\3372\373\026u\234\332"
 271      729693E3 
 271      6BDC39DF 
 271      32FB1675 
 271      9CDA
 272 0680 2A7E254A 		.ascii	"*~%J\300\011\320\037X\242\361|\212$\250\022\305\207"
 272      C009D01F 
 272      58A2F17C 
 272      8A24A812 
 272      C587
 273 0692 2AD11F1F 		.ascii	"*\321\037\037U\242\363f\026\027\250D\343Y\236\255W\336"
ARM GAS  /tmp/ccXyCdUJ.s 			page 22


 273      55A2F366 
 273      1617A844 
 273      E3599EAD 
 273      57DE
 274 06a4 7D9FBC97 		.ascii	"}\237\274\227\372(\357\"\007\326)\360\245`y\023\036"
 274      FA28EF22 
 274      07D629F0 
 274      A5607913 
 274      1E
 275 06b5 92371127 		.ascii	"\2227\021'@\177\240\274I,ob\177\344\265\232Y\\&y\223"
 275      407FA0BC 
 275      492C6F62 
 275      7FE4B59A 
 275      595C2679 
 276 06ca 589E9DD6 		.ascii	"X\236\235\326\232\345\375r\310\2207\271\217\362\256"
 276      9AE5FD72 
 276      C89037B9 
 276      8FF2AE
 277 06d9 70600B05 		.ascii	"p`\013\005n\363\265\263O\336\313\334\316\223\003\267"
 277      6EF3B5B3 
 277      4FDECBDC 
 277      CE9303B7 
 278 06e9 E4147C57 		.ascii	"\344\024|W\342#%\306\035J\314;\217\022s\325\234\363"
 278      E22325C6 
 278      1D4ACC3B 
 278      8F1273D5 
 278      9CF3
 279 06fb 1A8999C2 		.ascii	"\032\211\231\302b\302\304\372(%fe\203!fj\037\305\374"
 279      62C2C4FA 
 279      28256665 
 279      8321666A 
 279      1FC5FC
 280 070e 6C06BE1E 		.ascii	"l\006\276\036,f\032\213\231\032(f:\213\231\326\0371"
 280      2C661A8B 
 280      991A2866 
 280      3A8B99D6 
 280      1F31
 281 0720 FF31E7BC 		.ascii	"\3771\347\274Ab\246\013\336|\307j|\233\317o\2679\304"
 281      4162A60B 
 281      DE7CC76A 
 281      7C9BCF6F 
 281      B739C4
 282 0733 CA082571 		.ascii	"\312\010%qu\251!qF\037%\3364\373\374Vp;\316|\250\035"
 282      75A92171 
 282      461F25DE 
 282      34FBFC56 
 282      703BCE7C 
 283 0749 67E104E8 		.ascii	"g\341\004\350\017l\307\331\334\216\263\372\323\216\355"
 283      0F6CC7D9 
 283      DC8EB3FA 
 283      D38EED
 284 0758 66161D24 		.ascii	"f\026\035$z6\313\013\357\225W\340\2237\247\217\362n"
 284      7A36CB0B 
 284      EF9557E0 
 284      9337A78F 
 284      F26E
 285 076a 9B7D7E27 		.ascii	"\233}~'X\336\334\207\344\315\303\011\320\037(o>\313"
ARM GAS  /tmp/ccXyCdUJ.s 			page 23


 285      58DEDC87 
 285      E4CDC309 
 285      D01F286F 
 285      3ECB
 286 077c 9BD71F79 		.ascii	"\233\327\037y\3775\263\270K\362\346\263<'_1\325U\367"
 286      FF35B3B8 
 286      4BF2E6B3 
 286      3C275F31 
 286      D555F7
 287 078f D6227509 		.ascii	"\326\"u\011L\244\253\341\013~\227V\276@&\252\363\371"
 287      4CA4ABE1 
 287      0B7E9756 
 287      BE4026AA 
 287      F3F9
 288 07a1 70ED5803 		.ascii	"p\355X\003\345\177=\320\361\252\330\331\333\022.Q\320"
 288      E57F3DD0 
 288      F1AAD8D9 
 288      DB122E51 
 288      D0
 289 07b2 C0416F7A 		.ascii	"\300Aoz\313:\214\337\026I\370.\017\010\312\267\325$"
 289      CB3A8CDF 
 289      1649F82E 
 289      0F08CAB7 
 289      D524
 290 07c4 7577D9D7 		.ascii	"uw\331\327\261T\241\026\340\273\221\177"
 290      B154A116 
 290      E0BB917F 
 291 07d0 3B04DEEC 		.ascii	";\004\336\354\027(XSG\206\202%\343\353'\020\306w\342"
 291      17285853 
 291      47868225 
 291      E3EB2710 
 291      C677E2
 292 07e3 6405FB76 		.ascii	"d\005\373v\211B\245\340F\010D\361\2558\205P\233\275"
 292      8942A5E0 
 292      460844F1 
 292      AD388550 
 292      9BBD
 293 07f5 D73B7EAB 		.ascii	"\327;~\253`\013\325\313d\367\212\257*\035\352e\002p"
 293      600BD5CB 
 293      64F78AAF 
 293      2A1DEA65 
 293      0270
 294 0807 CF9FC577 		.ascii	"\317\237\305w\357\205\254,\202~4]\307\313\373\345\017"
 294      EF85AC2C 
 294      827E345D 
 294      C7CBFBE5 
 294      0F
 295 0818 6DEAE629 		.ascii	"m\352\346)\350'\025\240\033\337d3\334\213\2622\323\335"
 295      E82715A0 
 295      1BDF6433 
 295      DC8BB232 
 295      D3DD
 296 082a A969A999 		.ascii	"\251i\251\231\356\231\213\026\277\2718\371\3257\306"
 296      EE998B16 
 296      BFB938F9 
 296      D537C6
 297 0839 4D881F17 		.ascii	"M\210\037\027\377kw\326\022\367\242\324\014wvV\316\322"
ARM GAS  /tmp/ccXyCdUJ.s 			page 24


 297      FF6B77D6 
 297      12F7A2D4 
 297      0C777656 
 297      CED2
 298 084b 25EE575F 		.ascii	"%\356W_K\032\237\340NL\234\345\236\2232/\371\235\004"
 298      4B1A9FE0 
 298      4E4C9CE5 
 298      9E93322F 
 298      F99D04
 299 085e 77766AC6 		.ascii	"wvj\306\033\031\031i\361o\011\235\020zf\352\222\267"
 299      1B191969 
 299      F16F099D 
 299      107A66EA 
 299      92B7
 300 0870 F5CCACB4 		.ascii	"\365\314\254\264t\371\346\342\245zj\306\322\034K\366"
 300      74F9E6E2 
 300      A57A6AC6 
 300      D21C4BF6 
 301 0880 EFB3D372 		.ascii	"\357\263\323rlYK\262\323\323\323r\254YK\377\220\235"
 301      6C594BB2 
 301      D3D3D372 
 301      AC594BFF 
 301      909D
 302 0892 9E632148 		.ascii	"\236c!H\216\235\236\023C\313\034\247e&h\231/\376\017"
 302      8E9D9E13 
 302      43CB1CA7 
 302      65266899 
 302      2FFE0F
 303 08a5 549F01EA 		.ascii	"T\237\001\352"
 304              		.text
 305              		.section	.gnu.lto_.symbol_nodes.be067d1471aa11e5,"",%progbits
 306 0000 789C6365 		.ascii	"x\234ce`bPc\000\002\246IL\365\014\014\023\31610\000"
 306      60625063 
 306      0002A649 
 306      4CF50C0C 
 306      13CE3130 
 307 0015 A95D0D8E 		.ascii	"\251]\015\216@\221\311L\365\214(\"\014\000\267\011\011"
 307      4091C94C 
 307      F58C2822 
 307      0C00B709 
 307      09
 308 0026 0A       		.ascii	"\012"
 309              		.text
 310              		.section	.gnu.lto_.refs.be067d1471aa11e5,"",%progbits
 311 0000 789C6365 		.ascii	"x\234ce`b`d\000\002\000\000I\000\011"
 311      60626064 
 311      00020000 
 311      490009
 312              		.text
 313              		.section	.gnu.lto_.decls.be067d1471aa11e5,"",%progbits
 314 0000 789CCD59 		.ascii	"x\234\315Y{PTG\272?}zf\030\306\001\275\350Me\353\272"
 314      7B505447 
 314      BA3F7D7A 
 314      6618C601 
 314      BDE84D65 
 315 0016 B75C8B4D 		.ascii	"\267\\\213M\270U\271\216\230lj\267\356>\242@\202\273"
 315      B855B98E 
ARM GAS  /tmp/ccXyCdUJ.s 			page 25


 315      986C6AB7 
 315      EE3EA240 
 315      82BB
 316 0028 64A5866C 		.ascii	"d\245\206l\266\266\352n\246\210`\244.\012\005\343\336"
 316      B6B6EA6E 
 316      A68860A4 
 316      2E0A05E3 
 316      DE
 317 0039 6CD5DDDD 		.ascii	"l\325\335\335\303CPT\004|D\"\270\370\206\200b|\200\010"
 317      C3435054 
 317      047C4422 
 317      B8F88680 
 317      627C8008 
 318 004d E8041171 		.ascii	"\350\004\021q\024$\240\250\010\210\250#\342\213\207"
 318      1424A0A8 
 318      0888A823 
 318      E28B87
 319 005c CA2344EE 		.ascii	"\312#D\356\327\335g\3464g\016\273\271\265\377\334S~"
 319      D7DD67E6 
 319      34670EBB 
 319      B9B5FFDC 
 319      537E
 320 006e D3E7EBFE 		.ascii	"\323\347\353\376\365\367\352\257\273?\216zA\024~\360"
 320      F5F7EAAF 
 320      BB3F8E7A 
 320      41147EF0 
 321 007e 7D41F804 		.ascii	"}A\370\004\013B$\022\204Ix\340U8$(\217\010\324\017d"
 321      0B422412 
 321      844978E0 
 321      55382428 
 321      8F08D40F 
 322 0093 4182D773 		.ascii	"A\202\327s\025\372fB\373!P\000\320\034\240{@\257\003"
 322      15FA6642 
 322      FB215000 
 322      D01CA07B 
 322      40AF03
 323 00a6 FD09C6FE 		.ascii	"\375\011\306\376\007h\004\336\377\002\355]h%h\377\015"
 323      076804DE 
 323      FF02ED5D 
 323      682568FF 
 323      0D
 324 00b7 E8CF4029 		.ascii	"\350\317@)@\257\003\275\002\375I\320.\007\272\001\357"
 324      40AF03BD 
 324      02FD49D0 
 324      2E07BA01 
 324      EF
 325 00c8 4EA0EFC1 		.ascii	"N\240\357\301{#\264\377\012m\003\264\363\241=\017m "
 325      7B23B4FF 
 325      0A6D03B4 
 325      F3A13D0F 
 325      6D20
 326 00da B417A1FD 		.ascii	"\264\027\241\375\027h\353\241\235\013\3559h\177\000"
 326      1768EBA1 
 326      9D0BED39 
 326      687F00
 327 00e9 6D37B4B7 		.ascii	"m7\264\267\200\272\200n\002up\266gh\330n\203\301\031"
 327      80BA806E 
ARM GAS  /tmp/ccXyCdUJ.s 			page 26


 327      027570B6 
 327      6768D86E 
 327      83C119
 328 00fc 2ADBDF00 		.ascii	"*\333\337\000\334\020\264\217\201\252e?\"\005f'\361"
 328      DC10B48F 
 328      81AA653F 
 328      22056627 
 328      F1
 329 010d C320DB46 		.ascii	"\303 \333F\354\"6\021;\210\015D?\232&F\237aT\261\251"
 329      EC223611 
 329      3B880D44 
 329      3F9A2646 
 329      9F6154B1 
 330 0122 BE56EC46 		.ascii	"\276V\354F\235\010T\242Y\264\027!\366\213(Qv\322\375"
 330      9D0854A2 
 330      59B41721 
 330      F68B2851 
 330      76D2FD
 331 0135 2044FBA1 		.ascii	" D\373\241W\024d\301\356.\344\236!\363\242\314\212\262"
 331      571464C1 
 331      EE2EE49E 
 331      21F3A2CC 
 331      8AB2
 332 0147 48FA4F9E 		.ascii	"H\372O\236\2148\211l\230ir?\002\2033K\004*\235\315F"
 332      8C38896C 
 332      9869723F 
 332      0283334B 
 332      042A9DCD 
 333 015c A2A20021 		.ascii	"\242\242\000!~\002'\220\231-\217{\354\023\024\347\220"
 333      7E022790 
 333      992D8F7B 
 333      EC1314E7 
 333      90
 334 016d DBFBC1FC 		.ascii	"\333\373\301\374K.\323-\324Ez\213\336A\264\357\213\262"
 334      4B2ED32D 
 334      D4457A8B 
 334      DE41B4EF 
 334      8BB2
 335 017f FC7BBE58 		.ascii	"\374{\276XD\344\375\326X\361\273\013\312$\366\030\203"
 335      44E4FDD6 
 335      58F1BB0B 
 335      CA24F618 
 335      83
 336 0190 94B07D9D 		.ascii	"\224\260}\235~\244\000gc\024`B:\"\247\351\363;\376\300"
 336      7EA40067 
 336      63146042 
 336      3A22A7E9 
 336      F33BFEC0 
 337 01a4 CE31A179 		.ascii	"\3161\241y\300\2265\235\357\224G\327!\340O\326>^\304"
 337      C096359D 
 337      EF9447D7 
 337      21E04FD6 
 337      3E5EC4
 338 01b7 D8B9C09D 		.ascii	"\330\271\300\235\352\032t\314`\340\0362:\371\340\306"
 338      EA1A74CC 
 338      60E01E32 
 338      3AF9E0C6 
ARM GAS  /tmp/ccXyCdUJ.s 			page 27


 339 01c7 5E5F363C 		.ascii	"^_6<@dg\235\330\262w&\376\0365\340I\372\275\236\031"
 339      4064679D 
 339      D8B27726 
 339      FE1E35E0 
 339      49FABD9E 
 340 01dc 6CEC5560 		.ascii	"l\354U`[\007.\025\312\354,`;\327g\3542\340y\024\331"
 340      5B072E15 
 340      CAEC2C60 
 340      3BD767EC 
 340      32E07914 
 341 01f1 D558524A 		.ascii	"\325XRJt\276nB$\0123\241\253\374Q\325\230\037\353\""
 341      74BE6E42 
 341      240A33A1 
 341      ABFC51D5 
 341      981FEB22 
 342 0205 88D6CD43 		.ascii	"\210\326\315C\373|\360\017\311\273\230\357\274V\247"
 342      FB7CF00F 
 342      C9BB98EF 
 342      BC56A7
 343 0214 4341A603 		.ascii	"CA\246\003\3041\307\371\212\371\271\231\222$\242*dB"
 343      C431C7F9 
 343      8AF9B999 
 343      9224A22A 
 343      6442
 344 0226 95086280 		.ascii	"\225\010b\200\026\2200\275n\202\337u\222\224*\345\244"
 344      169030BD 
 344      6E82DF75 
 344      92942AE5 
 344      A4
 345 0237 49BEE102 		.ascii	"I\276\341\002*CsQ)\232+\240\223(\210\210%8T\001\235"
 345      2A437351 
 345      299A2BA0 
 345      93288888 
 345      25385401 
 346 024c 27A01354 		.ascii	"'\240\023T\224\354\313\335c\300\037Q\025\015\247o^\327"
 346      94ECCBDD 
 346      63C01F51 
 346      150DA76F 
 346      5ED7
 347 025e 215390E6 		.ascii	"!S\220\346\374\032\215\371\314\226\311\202\371\015k"
 347      FC1A8DF9 
 347      CC96C982 
 347      F90D6B
 348 026d 892DD560 		.ascii	"\211-\325`\313)\305\0260\215\205\276\367Tg\212\210\263"
 348      CB29C516 
 348      308D85BE 
 348      F754678A 
 348      88B3
 349 027f 10F5E9F3 		.ascii	"\020\365\351\363\352gN=\013\210\021\330\247[\3165\211"
 349      EA674E3D 
 349      0B8811D8 
 349      A75BCE35 
 349      89
 350 0290 389B8DB9 		.ascii	"8\233\215\271\256\247\345\033\360V\306\344|{C2\340\002"
 350      AEA7E51B 
 350      F056C6E4 
 350      7C7B4332 
ARM GAS  /tmp/ccXyCdUJ.s 			page 28


 350      E002
 351 02a2 C66C7A3A 		.ascii	"\306lz:\272[\207\3672\346F\332H\273\037.\241\214oF\371"
 351      BA5B87F7 
 351      32E646DA 
 351      48BB1F2E 
 351      A18C6F46 
 352 02b7 C9E36614 		.ascii	"\311\343f\024H\236\331\201\201A{\210\355\216\221Co4"
 352      489ED981 
 352      81417B88 
 352      ED8E9143 
 352      6F34
 353 02c9 0EDD95A4 		.ascii	"\016\335\225\244<35\352,\030u\001\315V\2349\012?\002"
 353      3C3335EA 
 353      2C187501 
 353      CD569C39 
 353      0A3F02
 354 02dc 0A861F81 		.ascii	"\012\206\037\201M\030\377y\276\344H\307\024]\247F[T"
 354      4D18FF79 
 354      BEE448C7 
 354      145DA746 
 354      5B54
 355 02ee E0FE5F28 		.ascii	"\340\376_(\3403j\360i*\272\014q\2629x\255\032~LmI\007"
 355      E0336AF0 
 355      692ABA0C 
 355      71B23978 
 355      AD1A7E4C 
 356 0305 8776680B 		.ascii	"\207vh\013\247\350\\\022\373\034IzG'\240r\030?L\207"
 356      A7E85C12 
 356      FB1C497A 
 356      4727A072 
 356      183F4C87 
 357 0319 081AC28F 		.ascii	"\010\032\302\217.\301j\235C\201\310\011\324\010\324"
 357      2EC16A9D 
 357      4381C809 
 357      D408D4
 358 0328 00741EE8 		.ascii	"\000t\036\350\"P=\012\244\233\202\351sr\372\276\322"
 358      22503D0A 
 358      A49B82E9 
 358      7372FABE 
 358      D2
 359 0339 F49CF7C5 		.ascii	"\364\234\367\305\031\256\240\217k\373\302\340,5\236"
 359      19AEA08F 
 359      6BFBC2E0 
 359      2C359E
 360 0348 9C0E4891 		.ascii	"\234\016H\221$D`\202\234\026\362v<\3632\275\305\200"
 360      24446082 
 360      9C16F276 
 360      3CF332BD 
 360      C580
 361 035a 07E91A8A 		.ascii	"\007\351\032\212\373\262.U\030\321\354 -\237\320ep\345"
 361      FBB22E55 
 361      18D1EC20 
 361      2D9FD065 
 361      70E5
 362 036c FFE216D3 		.ascii	"\377\342\026\323\354j4\300\376G\3150\261IIIb\007U\337"
 362      EC6A34C0 
 362      FE47CD30 
ARM GAS  /tmp/ccXyCdUJ.s 			page 29


 362      B1494949 
 362      620755DF 
 363 0380 E6DA9D6E 		.ascii	"\346\332\235nfY\330B\370\354\315\307\2764\341tv\206"
 363      6659D842 
 363      F8ECCDC7 
 363      BE34E174 
 363      7686
 364 0392 14BB0AB2 		.ascii	"\024\273\012\262\345\301\037\003{\242\351d\267\036o"
 364      E5C11F03 
 364      7BA2E964 
 364      B71E6F
 365 03a1 60639D43 		.ascii	"`c\235C\355\2313p\036c\312'\266\0364\340|\306\014\027"
 365      ED993370 
 365      1E63CA27 
 365      B61E34E0 
 365      7CC60C17 
 366 03b5 1FDD6564 		.ascii	"\037\335ed\263\212\311!Q\230\3518.\037\032\016\023\360"
 366      B38AC921 
 366      5198E938 
 366      2E1F1A0E 
 366      13F0
 367 03c7 1BD66E5E 		.ascii	"\033\326n^\357\203\213(\330\330\337|\000\246\261\234"
 367      EF838B28 
 367      D8D8DF7C 
 367      00A6B19C 
 368 03d7 A5490B26 		.ascii	"\245I\013&78\003\266HR\343Bj\364U0\272\023ZO\030\246"
 368      373803B6 
 368      4852E342 
 368      6AF45530 
 368      BA135A4F 
 369 03ed 2421A07B 		.ascii	"$!\240{\337O\241+A\300\327\325\340CS\223\020\340u\021"
 369      DF4FA12B 
 369      41C0D7D5 
 369      E0435393 
 369      10E07511 
 370 0401 0AFC4B35 		.ascii	"\012\374K5\374\210vZ]\203\361v:\324)\307\277\007\342"
 370      FC88765A 
 370      5D83F176 
 370      3AD429C7 
 370      BF07E2
 371 0414 7F0362DD 		.ascii	"\177\003b\335\015t\013\250\013\350&P\207\222R\304\264"
 371      0D740BA8 
 371      0BE82650 
 371      879252C4 
 371      B4
 372 0425 5F29BABE 		.ascii	"_)\272\276V\353j\3612\255\367\227\012\374\212\032~\324"
 372      56EB6AF1 
 372      32ADF797 
 372      0AFC8A1A 
 372      7ED4
 373 0437 DB134E7A 		.ascii	"\333\023Nz\233\032\336\252x\"g\340\005\226\201\235^"
 373      9B1ADEAA 
 373      782267E0 
 373      0596819D 
 373      5E
 374 0448 19F8D5D8 		.ascii	"\031\370\325\330\243\2653\361A\272\036\342\201\355u"
 374      A3B533F1 
ARM GAS  /tmp/ccXyCdUJ.s 			page 30


 374      41BA1EE2 
 374      81ED75
 375 0457 E77C5519 		.ascii	"\347|U\031\350v\037\335\001\257\277k\004\230\326\366"
 375      E8761FDD 
 375      01AFBF6B 
 375      0498D6F6 
 376 0467 CB34FB7A 		.ascii	"\3134\373za\322m%\373:\335\3317Vz\346\245q\266\254k"
 376      61D26D25 
 376      FB3ADDD9 
 376      37567AE6 
 376      A571B6AC 
 377 047c DD74BA84 		.ascii	"\335t\272\204\277\251\210\034\212\017+\327\233\314Y"
 377      BFA9881C 
 377      8A0F2BD7 
 377      9BCC59
 378 048b 9ED31ADD 		.ascii	"\236\323\032\335\345v\243\200\356!\263\014\034\311\336"
 378      E576A380 
 378      EE21B30C 
 378      1CC9DE
 379 049a F04F3A91 		.ascii	"\360O:\221u\241\217u\244\353\334\344\210c&\313V\221"
 379      75A18F75 
 379      A4EBDCE4 
 379      886326CB 
 379      5691
 380 04ac BBA6E6B0 		.ascii	"\273\246\346\260k\352\340\335c{|^\335N/\3214i\226\210"
 380      6BEAE0DD 
 380      637B7C5E 
 380      DD4E2FD1 
 380      34699688 
 381 04c0 3E7C05F5 		.ascii	">|\005\365\201\340\373T\360\003\364*\374\272\220\216"
 381      81E0FB54 
 381      F003F42A 
 381      FCBA908E 
 382 04d0 49BF5B7F 		.ascii	"I\277[\177l\235~~\221T\324#9.7\317\333Y\226!\265\300"
 382      6C9D7E7E 
 382      9154D423 
 382      392E37CF 
 382      DB599621 
 383 04e6 BC772810 		.ascii	"\274w(\020\225(\376\303+\374\026\203;\350 \370%\240"
 383      9528FEC3 
 383      2BFC1683 
 383      3BE820F8 
 383      25A0
 384 04f8 7E341FE6 		.ascii	"~4\037\346?\336\237\266e&~\306v\321\027M%\023:\234\205"
 384      3FDE9FB6 
 384      65267EC6 
 384      76D1174D 
 384      25133A9C 
 385 050d E9AA6CAA 		.ascii	"\351\252l\252+xd\236\356Bz2\355\2054rh\341\365+\222"
 385      2B78649E 
 385      EE427A32 
 385      ED853472 
 385      68E1F52B 
 386 0522 340F3D86 		.ascii	"4\017=\206S\352\221\242\277\332}!\235\332\274\177\024"
 386      53EA91A2 
 386      BFDA7D21 
 386      9DDABC7F 
ARM GAS  /tmp/ccXyCdUJ.s 			page 31


 386      14
 387 0533 D3801004 		.ascii	"\323\200\020\004\013Hz\375\213\\?\274\205)\316>w~L\357"
 387      0B487AFD 
 387      8B5C3FBC 
 387      8529CE3E 
 387      777E4CEF 
 388 0547 B96CC797 		.ascii	"\271l\307\227\221\305\034\002\350\200Z\230\246e\203"
 388      91C51C02 
 388      E8805A98 
 388      A66583
 389 0556 DA57EDF3 		.ascii	"\332W\355\363\314{\315\210j%\242\236\"\252v\347p\327"
 389      CC7BCD88 
 389      6A25A29E 
 389      22AA76E7 
 389      70D7
 390 0568 03B99408 		.ascii	"\003\271\224\010\342\312\222\000V\226\214\356\276\233"
 390      E2CA9200 
 390      56968CEE 
 390      BE9B
 391 0576 27E2226A 		.ascii	"'\342\"j\024ZW\226}\026\233\326\221\025\371.\2273\314"
 391      145A5796 
 391      7D169BD6 
 391      9115F92E 
 391      9733CC
 392 0589 3832B9B5 		.ascii	"82\271\265\307\017\357g\323\017\215\336\252\320\343"
 392      C70FEF67 
 392      D30F8DDE 
 392      AAD0E3
 393 0598 2F18B369 		.ascii	"/\030\263ik]\235\016\2273fo~n\246\036\037gLI^\316\021"
 393      6B5D9D0E 
 393      9733666F 
 393      7E6EA61E 
 393      1F674C49 
 394 05af 13AE60CC 		.ascii	"\023\256`\314\216/\256\215\373\342\223\214\331?\376"
 394      8E2FAE8D 
 394      FBE2938C 
 394      D93FFE
 395 05be CD00A957 		.ascii	"\315\000\251W^#\365\012\346\252\225\327X\265r\346\342"
 395      5E23F50A 
 395      E6AA95D7 
 395      58B572E6 
 395      E2
 396 05cf 8503667C 		.ascii	"\205\003f|\232E0gw\351\006_\367\322\201\305\372 \301"
 396      9A453067 
 396      77E9065F 
 396      F7D281C5 
 396      FA20C1
 397 05e2 93412855 		.ascii	"\223A(U\014\"\223\250\271\223\320\371\322\263t\347_"
 397      0C2293A8 
 397      B993D0F9 
 397      D2B374E7 
 397      5F
 398 05f3 BC522549 		.ascii	"\274R%I\263P\212hB\222\350\011\366k\362\302\235\316"
 398      B3508A68 
 398      4292E809 
 398      F66BF2C2 
 398      9DCE
ARM GAS  /tmp/ccXyCdUJ.s 			page 32


 399 0605 BDE932E1 		.ascii	"\275\3512\341\013L\305D\332\366\247JE4Y\260\250\236"
 399      0B4CC544 
 399      DAF6A74A 
 399      453459B0 
 399      A89E
 400 0617 56216B61 		.ascii	"V!kaj\2322\025$\271\327ImF\272\206\031\240$utO\215\021"
 400      6A9A3215 
 400      24B9D749 
 400      6D46BA86 
 400      19A02475 
 401 062f B75225BA 		.ascii	"\267R%\272\341\027\033;L\210T\026\236\243A\024\270M"
 401      E1171B3B 
 401      4C885416 
 401      9EA34114 
 401      B84D
 402 0641 9629B273 		.ascii	"\226)\262s!\013d\255\027\003\321:\221\277\\G\016\005"
 402      210B64AD 
 402      1703D13A 
 402      91BF5C47 
 402      0E05
 403 0653 D60EF548 		.ascii	"\326\016\365HR\226\231\232\365-\244\017\231\340\261"
 403      5296999A 
 403      F52DA40F 
 403      99E0B1
 404 0662 801EEA7D 		.ascii	"\200\036\352}\334\375Z\367\263\035\222#\025St\206\250"
 404      DCFD5AF7 
 404      B31D9223 
 404      15537486 
 404      A8
 405 0673 85E6CEB6 		.ascii	"\205\346\316\266\2275&\222\230\200\231z\264\351\256"
 405      97352692 
 405      9880997A 
 405      B4E9AE
 406 0682 743FC943 		.ascii	"t?\311C(pNP ;2\333k\375S\250X\"n\002\214\330(\316\321"
 406      28704E50 
 406      203B32DB 
 406      6BFD53A8 
 406      58226E02 
 407 069b 2A6FF2A8 		.ascii	"*o\362\250\213i\364\364S\\$`\342\342&p1\033\\\334 \362"
 407      8B69F4F4 
 407      535C2460 
 407      E2E22670 
 407      311B5CDC 
 408 06b1 47DD939A 		.ascii	"G\335\223\232W\351\001\013(\336\012\346\316\213\232"
 408      57E9010B 
 408      28DE0AE6 
 408      CE8B9A
 409 06c0 802D69E4 		.ascii	"\200-i\344J#\365\3027\323+\206\250\017\325\\\274$\316"
 409      4A23F5C2 
 409      37D32B86 
 409      A80FD55C 
 409      BC24CE
 410 06d3 010B52A6 		.ascii	"\001\013R\246\265@\230\242\236\354\331\263WO\230q;K"
 410      B54098A2 
 410      9EECD9B3 
 410      574F9871 
 410      3B4B
ARM GAS  /tmp/ccXyCdUJ.s 			page 33


 411 06e5 CF7B17CB 		.ascii	"\317{\027\313S\215\270\2031\273\232\016_\324\343n\306"
 411      538DB883 
 411      31BB9A0E 
 411      5FD4E36E 
 411      C6
 412 06f6 54971E6E 		.ascii	"T\227\036n\025\361]\306\224U\015l@\370\021c\0063\313"
 412      15F15DC6 
 412      94550D6C 
 412      40F81163 
 412      0633CB
 413 0709 ED7898BD 		.ascii	"\355x\230\275\247\027\346\\\026\331\326{\003\330\355"
 413      A717E65C 
 413      16D9D67B 
 413      03D8ED
 414 0718 EB0B7A74 		.ascii	"\353\013ztr\315ON\310\243\355\305\325F<F\261~9%9\225"
 414      72CD4F4E 
 414      C8A3EDC5 
 414      D5463C46 
 414      B17E3925 
 415 072e 2624D79C 		.ascii	"&$\327\234\364\201;<=\015\326\357\247\254>\032\001\177"
 415      F4813B3C 
 415      3D0DD6EF 
 415      A7AC3E1A 
 415      017F
 416 0740 B7C2FA15 		.ascii	"\267\302\372\025\212\323US\004=\3763\005\275C\215~\306"
 416      8AD35553 
 416      043DFE33 
 416      05BD438D 
 416      7EC6
 417 0752 578604DD 		.ascii	"W\206\004\335\317\241G\221\012\375\\\215\036\342\320"
 417      CFA14791 
 417      0AFD5C8D 
 417      1EE2D0
 418 0761 2FB4D1CC 		.ascii	"/\264\321\314\024\376\312\373L\234\213\266\213d\254"
 418      14FECAFB 
 418      4C9C8BB6 
 418      8B64AC
 419 0770 50CEEBFD 		.ascii	"P\316\353\375\260\350\273!\352\371@\273\200\366\000"
 419      B0E8BB21 
 419      EAF940BB 
 419      80F600
 420 077f 1501ED03 		.ascii	"\025\001\355\003\332\013\364W\240\235@\005@\237{r\237"
 420      DA0BF457 
 420      A09D4005 
 420      409F7B72 
 420      9F
 421 0790 18E0E442 		.ascii	"\030\340\344B\261E\355\334i\265\271\275\234\271cjs\247"
 421      B145EDDC 
 421      69B5B9BD 
 421      9CB9636A 
 421      73A7
 422 07a2 160104DE 		.ascii	"\026\001\004\336\301\011\317U\013?\246\026>\376\037"
 422      C109CF55 
 422      0B3FA616 
 422      3EFE1F
 423 07b1 0A7A9BE6 		.ascii	"\012z\233\346\252p\340VNt\236\266\335\036K`Wu\327\232"
 423      AA70E056 
ARM GAS  /tmp/ccXyCdUJ.s 			page 34


 423      4E749EB6 
 423      DD1E4B60 
 423      5775D79A 
 424 07c5 187E3324 		.ascii	"\030~3$\351\270\266\345\234t\227"
 424      E9B8B6E5 
 424      9C7497
 425 07d0 7B4710F1 		.ascii	"{G\020\3619\332\226O\251\240\253Y\375R\250\336\344\310"
 425      39DA964F 
 425      A9A0AB59 
 425      FD52A8DE 
 425      E4C8
 426 07e2 D1347A5C 		.ascii	"\3214z\\\217\277eg\341\203\235}\245>\252\372\305\275"
 426      8FBF6567 
 426      E1839D7D 
 426      A53EAAFA 
 426      C5BD
 427 07f4 98A818D6 		.ascii	"\230\250\030\326\360\037YOfI\303iZ\323\034\004A\007"
 427      F01F594F 
 427      6649C369 
 427      5AD31C04 
 427      4107
 428 0806 94E395D8 		.ascii	"\224\343\225\330E\315\311rvl\366\347\213\221\203\"_"
 428      45CDC972 
 428      766CF6E7 
 428      8B918322 
 428      5F
 429 0817 8C948866 		.ascii	"\214\224\210fy\012`+\327\357\270\357\207\263t\324\364"
 429      790A602B 
 429      D7EFB8EF 
 429      87B374D4 
 429      F4
 430 0828 ABCD8355 		.ascii	"\253\315\203U\376(\310\314\2644w\314J#\376\226\021\274"
 430      FE28C8CC 
 430      B43477CC 
 430      4A23FE96 
 430      11BC
 431 083a A206A643 		.ascii	"\242\006\246C3\215tT\012NMQ\260\373\372\235B\177z\325"
 431      338D7454 
 431      0A4E4D51 
 431      B0FBFA9D 
 431      427F7AD5 
 432 084e 1239C3EC 		.ascii	"\0229\303\354\252m\336\276\337\211\247-j\016\213\244"
 432      AA6DDEBE 
 432      DF89A72D 
 432      6A0E8BA4 
 433 085e A83924CA 		.ascii	"\2509$\312E\315Du\246K\347)j~Z\252\0245\000D\017\225"
 433      45CD4475 
 433      A64BE729 
 433      6A7E5AAA 
 433      14350044 
 434 0874 3AE0A1BA 		.ascii	":\340\241\272\250)\027IQS\341\272\320`b\247\211D\376"
 434      A8291749 
 434      5153E1BA 
 434      D06062A7 
 434      8944FE
 435 0887 1A70346C 		.ascii	"\032p4l|\214\3606\035\273\311og\266\311\203\2434\036"
 435      7C8CF036 
ARM GAS  /tmp/ccXyCdUJ.s 			page 35


 435      1DBBC96F 
 435      67B6C983 
 435      A3341E
 436 089a 4F4A2BFD 		.ascii	"OJ+\375\344?\025\010?Y7r\335\017\357d\340\254\212\266"
 436      E43F1508 
 436      3F593772 
 436      DD0FEF64 
 436      E0AC8AB6 
 437 08ae 6E1DB9F6 		.ascii	"n\035\271\366%\331u\230\245\304\365\004\271\336 \207"
 437      25D97598 
 437      A5C4F504 
 437      B9DE2087 
 438 08be D1427A77 		.ascii	"\321Bzwm\253\335v\302? G\316\202y:z\360\036\203D`\211"
 438      6DABDD76 
 438      C23F2047 
 438      CE82793A 
 438      7AF01E83 
 439 08d5 5B2106B8 		.ascii	"[!\006\270\347\020\364gU\275\003\376x?\323\223{\366"
 439      E710F467 
 439      55BD03FE 
 439      783FD393 
 439      7BF6
 440 08e7 F9F00C5C 		.ascii	"\371\360\014\\\302\230\316=[\367\353\230\205}\204/\234"
 440      C298CE3D 
 440      5BF7EB98 
 440      857D842F 
 440      9C
 441 08f8 9848D7E1 		.ascii	"\230H\327\341\303l0\265\372F\256\\;\366\320\317\024"
 441      C36C30B5 
 441      FA46AE5C 
 441      3BF6D0CF 
 441      14
 442 0909 A95BF619 		.ascii	"\251[\366\031\360I6\370\315\223\203\003\006\\\307\230"
 442      F04936F8 
 442      CD938303 
 442      065CC798 
 443 0919 CADBDBCE 		.ascii	"\312\333\333\316\310\325\315u\302\237\035.\0304\343"
 443      C8D5CD75 
 443      C29F1D2E 
 443      1834E3
 444 0928 4B6C70ED 		.ascii	"Klp\355\276+\033}p;c\206onj0\343\036\306\3247\336i3"
 444      BE2B1B7D 
 444      703B6386 
 444      6F6E6A30 
 444      E31EC6D4 
 445 0940 E27EC66C 		.ascii	"\342~\306l8w\242A\3764\323H\370\224\276#\231\030?\223"
 445      3877A241 
 445      FE34D348 
 445      F894BE23 
 445      99183F93 
 446 0954 15C8910B 		.ascii	"\025\310\221\013\220#7\330r6\313\027\277d\203M\353\363"
 446      902337D8 
 446      7236CB17 
 446      BF64834D 
 446      EBF3
 447 0966 60B767E8 		.ascii	"`\267g\350)3\271s\240\320\214\263\031S\263wm\211\021"
 447      2933B973 
ARM GAS  /tmp/ccXyCdUJ.s 			page 36


 447      A0D08CB3 
 447      1953B377 
 447      6D8911
 448 0979 EF604C75 		.ascii	"\357`LueM\203\374Eb!\271\007\2327u\232q\021\033;\334"
 448      654D83FC 
 448      456221B9 
 448      079A3775 
 448      9A71111B 
 449 098f 97E9F0C1 		.ascii	"\227\351\360\301\305\362\254\246\2612\177|Dfn\236\260"
 449      C5F2ACA6 
 449      B1327F7C 
 449      44666E9E 
 449      B0
 450 09a0 E053EC7D 		.ascii	"\340S\354}w_\025T\260g\031s\273\353~\226?\276\304\230"
 450      775F1554 
 450      B0671973 
 450      BBEB7E96 
 450      3FBEC498 
 451 09b4 8C33DB6A 		.ascii	"\2143\333j}q;c\352{\272\021\276\305\336\037f9n\210\270"
 451      7D713B63 
 451      EA7BBA11 
 451      BEC5DE1F 
 451      66396E88 
 452 09c9 8F312555 		.ascii	"\2171%U\233n\353\361 c\356T\246\277\320\341\347\214"
 452      9B6EEBF1 
 452      2063EE54 
 452      A6BFD0E1 
 452      E78C
 453 09db 299DD8D5 		.ascii	")\235\330\325\342\213\307\031\323r\252\347\236?N5\260"
 453      E28BC719 
 453      D372AAE7 
 453      9E3F4E35 
 453      B0
 454 09ec 7BACB8CB 		.ascii	"{\254\270\313\345#\347\014\371\220\262\357d\017\334"
 454      E523E70C 
 454      F990B2EF 
 454      640FDC
 455 09fb EC6BE9E0 		.ascii	"\354k\351\340\274\342b\307#\177\024\310=\354\236\012"
 455      BCE262C7 
 455      237F14C8 
 455      3DEC9E0A 
 456 0a0b E2BB02D9 		.ascii	"\342\273\002\331\211t\336\211\263\01697JEu\210\036J"
 456      8974DE89 
 456      B30E3937 
 456      4A457588 
 456      1E4A
 457 0a1d 5FC2AE73 		.ascii	"_\302\256s\361\273\353\210\250\276Z>RN\310\0065\372"
 457      F1BBEB88 
 457      A8BE5A3E 
 457      524EC806 
 457      35FA
 458 0a2f 9CE875CB 		.ascii	"\234\350u\313\375^\2017\253\341\317\275\216\366^\016"
 458      FD5E8137 
 458      ABE1CFBD 
 458      8EF65E0E 
 459 0a3f FEB51AEE 		.ascii	"\376\265\032\356u\236\366\333\024t\215\032]\355eK\307"
 459      759EF6DB 
ARM GAS  /tmp/ccXyCdUJ.s 			page 37


 459      14748D1A 
 459      5DED654B 
 459      C7
 460 0a50 4A057E43 		.ascii	"J\005~C\333Q\376oM\347J\366\267&\354\033t\\\206\273"
 460      DB51FE6F 
 460      4DE74AF6 
 460      B726EC1B 
 460      745C86BB 
 461 0a64 77133AAA 		.ascii	"w\023:\252\216K\035g\371U\265p\257\033o\374?\025t\273"
 461      8E4B1D67 
 461      F955B570 
 461      AF1B6FFC 
 461      3F1574BB 
 462 0a78 1AED552A 		.ascii	"\032\355U*\324q~\326\251\321-^\2629\364I/7\325\350V"
 462      D4717ED6 
 462      A9D12D5E 
 462      B239F449 
 462      2F37D5E8 
 463 0a8d 0EEDF0B2 		.ascii	"\016\355\360\262[\361\222\277\\\256C\024\330W\006\227"
 463      5BF192BF 
 463      5CAE4314 
 463      D8570697 
 464 0a9d 7CB33C82 		.ascii	"|\263<\202C\370\005\334\032\275@\267\201\036\002=\005"
 464      43F805DC 
 464      1ABD40B7 
 464      811E023D 
 464      05
 465 0aae 7A06D405 		.ascii	"z\006\324\0054\0024\006\324\011\324\0074\004t\037h\000"
 465      34023406 
 465      D409D407 
 465      3404741F 
 465      6800
 466 0ac0 E831503F 		.ascii	"\3501P?\320M\240A\240;@O\200\356\001=\007\032\006\352"
 466      D04DA041 
 466      A03B404F 
 466      80EE013D 
 466      071A06EA 
 467 0ad4 061A05BA 		.ascii	"\006\032\005\272\013\364\000\250\007\250\003\350\326"
 467      0BF400A8 
 467      07A803E8 
 467      D6
 468 0ae1 94AAA395 		.ascii	"\224\252\243\225\313\315\213j_\234^\013\\\367\221\262"
 468      CBCD8B6A 
 468      5F9C5E0B 
 468      5CF791B2 
 469 0af1 C04DEA05 		.ascii	"\300M\352\005\366\252\300\352\270\354\251\324\016+\277"
 469      F6AAC0EA 
 469      B8ECA9D4 
 469      0E2BBF
 470 0b00 66FD9C2D 		.ascii	"f\375\234-\347\265\367\011'\334\311e\317\025\355\354"
 470      E7B5F709 
 470      27DCC965 
 470      CF15EDEC 
 471 0b10 E10B0357 		.ascii	"\341\013\003W'+\014\\S\013\003Vw\273\272\003\362<uw"
 471      272B0C5C 
 471      530B0356 
 471      77BBBA03 
ARM GAS  /tmp/ccXyCdUJ.s 			page 38


 471      F23C7577 
 472 0b24 A35A58AB 		.ascii	"\243ZX\253\227\245N.\003\276\322\316.\036\336\312\231"
 472      97A54E2E 
 472      03BED2CE 
 472      2E1EDECA 
 472      99
 473 0b35 DAA6867B 		.ascii	"\332\246\206{U_\035\\\030.h\333\302}\327\032\347V\244"
 473      555F1D5C 
 473      182E68DB 
 473      C27DD71A 
 473      E756A4
 474 0b48 5EBD2267 		.ascii	"^\275\"g\275\202\306\311\276\244\275\334|\221\311\271"
 474      BD82C6C9 
 474      BEA4BDDC 
 474      7C91C9B9 
 475 0b58 59AB7D58 		.ascii	"Y\253}X\360vs^\266j{\311\177\032\355\260q_\205\265w"
 475      F076735E 
 475      B66A7BC9 
 475      7F1AEDB0 
 475      715F85B5 
 476 0b6d 111FC321 		.ascii	"\021\037\303!n\373_\323\334\376\374\027\347\337+\262"
 476      6EFB5FD3 
 476      DCFEFC17 
 476      E7DF2BB2 
 477 0b7d 5BB4CF44 		.ascii	"[\264\317D>\253\207lJ\014O\251cX\345u\234s~^\326>\237"
 477      3EAB876C 
 477      4A0C4FA9 
 477      6358E575 
 477      9C737E5E 
 478 0b94 DD7FA43D 		.ascii	"\335\177\244=/+\353\232\201\333\350%#\036\317\255\316"
 478      2F2BEB9A 
 478      81DBE825 
 478      231ECFAD 
 478      CE
 479 0ba5 F54341B3 		.ascii	"\365CA\263\345B\265\217\226\207\0230y\\\251\333\\\264"
 479      E542B58F 
 479      96871330 
 479      795CA9DB 
 479      5CB4
 480 0bb7 3CD43A38 		.ascii	"<\324:8\3207p^\374\1779;\310\307\214\2137\237!\276~"
 480      D037705E 
 480      FC7F393B 
 480      C8C78C8B 
 480      379F21BE 
 481 0bcc 9D9852BF 		.ascii	"\235\230R\277~K\013P\332\222\377\233\310l\273\3577\345"
 481      7E4B0B50 
 481      DA92FF9B 
 481      C86CBBEF 
 481      37E5
 482 0bde 039ED6E7 		.ascii	"\003\236\326\347j\341\357~\253\006Q\217&._\360\341\365"
 482      6AE1EF7E 
 482      AB06518F 
 482      262E5FF0 
 482      E1F5
 483 0bf0 BE9CA277 		.ascii	"\276\234\242wR\326;I\365\036m.\336\346\253\251W\370"
 483      52D63B49 
 483      F51E6D2E 
ARM GAS  /tmp/ccXyCdUJ.s 			page 39


 483      DEE6ABA9 
 483      57F8
 484 0c02 EE4A9184 		.ascii	"\356J\221\204g\203\254\276AW\376\014\223\374\001k\335"
 484      6783ACBE 
 484      4157FE0C 
 484      93FC016B 
 484      DD
 485 0c13 DFFD9C84 		.ascii	"\337\375\234\204R0\371\212\235\225\361\364\032\306\267"
 485      5230F98A 
 485      9D95F1F4 
 485      1AC6B7
 486 0c22 580DF2D7 		.ascii	"X\015\362\327<\351K\003-\263\301<\371;\332x\307gW\364"
 486      3CE94B03 
 486      2DB3C13C 
 486      F93BDA78 
 486      C76757F4 
 487 0c36 B48F54E4 		.ascii	"\264\217T\344i\230vnh++\361\233\266\364^\213I\351\235"
 487      6998766E 
 487      682B2BF1 
 487      9BB6F45E 
 487      8B49E99D 
 488 0c4a 8EE5D2BB 		.ascii	"\216\345\322\273|\253\263\027A\351\355\240\245\367["
 488      7CABB317 
 488      41E9EDA0 
 488      A5F75B
 489 0c59 D7F6D2D2 		.ascii	"\327\366\322\322\273\350\035\012D\251\330\223\\\360"
 489      BBE81D0A 
 489      44A9D893 
 489      5CF0
 490 0c67 3AB5F4CE 		.ascii	":\265\364\316\300\363\005?[bt\274->>\306\026\267:\316"
 490      C0F3053F 
 490      5B6274BC 
 490      2D3E3EC6 
 490      16B73ACE 
 491 0c7b 6E7CEFD7 		.ascii	"n|\357\327\277\231\027\022\034,\030\"\303B\243\355\321"
 491      BF991712 
 491      1C2C1822 
 491      C342A3ED 
 491      D1
 492 0c8c BAE81549 		.ascii	"\272\350\025I\361&\233mM\334j\373\233\213l\366\177\267"
 492      F1269B6D 
 492      4DDC6AFB 
 492      9B8B6CF6 
 492      7FB7
 493 0c9e AC494EB2 		.ascii	"\254IN\262\304\255^\036\277&&\326\262:\366\277\343\343"
 493      C4AD5E1E 
 493      BF2626D6 
 493      B23AF6BF 
 493      E3E3
 494 0cb0 3EB6AC8A 		.ascii	">\266\254\212^\2762nu\254\305\026\023\273\"zM\274\335"
 494      5EBE326E 
 494      75ACC516 
 494      13BB227A 
 494      4DBCDD
 495 0cc3 66FF6362 		.ascii	"f\377cbl\362\202\225\202\321=m\276\326\264\344?&[l\311"
 495      6CF28295 
 495      82D13D6D 
ARM GAS  /tmp/ccXyCdUJ.s 			page 40


 495      BED6B4E4 
 495      3F265B6C 
 496 0cd8 F618C000 		.ascii	"\366\030\300\000\026'\304$\351\023\327$\306$\371$$'"
 496      1627C424 
 496      E913D724 
 496      C624F924 
 496      2427
 497 0cea C6C6C624 		.ascii	"\306\306\306$\031\022\210\234$\375\252\204\230\330$"
 497      1912889C 
 497      24FDAA84 
 497      98D824
 498 0cf9 62C8CA25 		.ascii	"b\310\312%\226\225\011\253b-\3211\321\253,!+\343>\216"
 498      969509AB 
 498      622DD131 
 498      D1AB2C21 
 498      2BE33E8E 
 499 0d0d 5B16650B 		.ascii	"[\026e\013~{A\360\202\237X\022\222-+\243\343-\211\011"
 499      7E7B41F0 
 499      829F5812 
 499      922D2BA3 
 499      E32D8909 
 500 0d21 49F6644B 		.ascii	"I\366dK\324\007\357\277\271\310\022\021\021jy/r\351"
 500      D407EFBF 
 500      B9C81211 
 500      116A792F 
 500      72E9
 501 0d33 B23F2CB2 		.ascii	"\262?,\262\310.\202\232\200d\373*\260\350\223\304\270"
 501      C82E829A 
 501      8064FB2A 
 501      B0E893C4 
 501      B8
 502 0d44 045B72AC 		.ascii	"\004[r\254}M\242\315n\210\014%\256\032\"CX\263\2045"
 502      7D4DA2CD 
 502      6E880C25 
 502      AE1A2243 
 502      58B38435 
 503 0d58 8B59134E 		.ascii	"\213Y\023N\032\337\310\305\021!\011\253W\304}\362\017"
 503      1ADFC8C5 
 503      112109AB 
 503      57C47DF2 
 503      0F
 504 0d69 9BB05CF8 		.ascii	"\233\260\\\370gO\304\301\200O\222\022\326$\022\017\215"
 504      674FC4C1 
 504      804F9212 
 504      D624120F 
 504      8D
 505 0d7a 7109A4B1 		.ascii	"q\011\244\261\331\315q\011D\304\252\350\344\377\262"
 505      D9CD7109 
 505      44C4AAE8 
 505      E4FFB2
 506 0d89 D9758BDF 		.ascii	"\331u\213\337\265\206\223\237\010]D\310\257\254\272"
 506      B586939F 
 506      085D44C8 
 506      AFACBA
 507 0d98 2551562B 		.ascii	"%QV+\372-\012\327/\217\217\215N\222\027&\370m\233\335"
 507      FA2D0AD7 
 507      2F8F8F8D 
ARM GAS  /tmp/ccXyCdUJ.s 			page 41


 507      4E921726 
 507      F86D9BDD 
 508 0dac E87EC120 		.ascii	"\350~\301 \024/\013\265\342\245\241V}\344o\"C\255>\313"
 508      142F0BB5 
 508      E2A5A156 
 508      7DE46F22 
 508      43AD3ECB 
 509 0dc0 A222C3C2 		.ascii	"\242\"\303\302B\255\206e\037\374.2\314\252\177\177Y"
 509      42AD8665 
 509      1FFC2E32 
 509      CCAA7F7F 
 509      59
 510 0dd1 6898152F 		.ascii	"h\230\025/\261Z\315\\,\354&\2466.\306f\327GE\205\274"
 510      B15ACD5C 
 510      2CEC26A6 
 510      362EC666 
 510      D7474585 
 511 0de6 67F5B586 		.ascii	"g\365\265\206E\205Y?\014\013}\033\207D\201\346\320\020"
 511      4585593F 
 511      0C0B7D1B 
 511      874481E6 
 511      D010
 512 0df8 A5EB47BE 		.ascii	"\245\353G\276\213#\227,\212\210\014\373\265\225\274"
 512      8B23972C 
 512      8A880CFB 
 512      B595BC
 513 0e07 05B337F7 		.ascii	"\005\2637\367\350[\276\213\303\227\274)\217\206{p\341"
 513      E85BBE8B 
 513      C397BC29 
 513      8F867B70 
 513      E1
 514 0e18 6ADC9B3E 		.ascii	"j\334\233>D\012\364\2206\230\037Y\344C$\320\221p\031"
 514      440AF490 
 514      36981F59 
 514      E44324D0 
 514      917019
 515 0e2b 113E1511 		.ascii	"\021>\025\021l$s\255Q\037X\311K0y\361\214-4\222\331"
 515      6C2473AD 
 515      511F58C9 
 515      4B3079F1 
 515      8C2D3492 
 516 0e40 6C2CDC0D 		.ascii	"l,\334\015\012g \034\262\324\252\013y\367=\253OdD\004"
 516      0A67201C 
 516      B2D4AA0B 
 516      79F73DAB 
 516      4F644404 
 517 0e54 69C510AB 		.ascii	"i\305\020\253\011^\227.\212\"\334\337^\336\330O\355"
 517      095E972E 
 517      8A22DCDF 
 517      5EDED84F 
 517      ED
 518 0e65 9690F7A3 		.ascii	"\226\220\367\243\226F\301\362\262\025~\367\255O?\265"
 518      9646C1F2 
 518      B2157EF7 
 518      AD4F3FB5 
 519 0e75 D030AE78 		.ascii	"\3200\256x+8\370\323X\310\260\031\326\220\020\333\007"
 519      2B38F8D3 
ARM GAS  /tmp/ccXyCdUJ.s 			page 42


 519      58C8B019 
 519      D69010DB 
 519      07
 520 0e86 90B9A1B1 		.ascii	"\220\271\241\261+\214dO\221\370\376/\"c)\364"
 520      2B8C644F 
 520      91F8FE2F 
 520      226329F4 
 521              		.text
 522              		.section	.gnu.lto_.symtab.be067d1471aa11e5,"",%progbits
 523 0000 5F70616C 		.ascii	"_pal_lld_init\000"
 523      5F6C6C64 
 523      5F696E69 
 523      7400
 524 000e 00       		.ascii	"\000"
 525 000f 00       		.ascii	"\000"
 526 0010 00       		.ascii	"\000"
 527 0011 00000000 		.ascii	"\000\000\000\000\000\000\000\000"
 527      00000000 
 528 0019 EA000000 		.ascii	"\352\000\000\000"
 529 001d 5F70616C 		.ascii	"_pal_lld_setgroupmode\000"
 529      5F6C6C64 
 529      5F736574 
 529      67726F75 
 529      706D6F64 
 530 0033 00       		.ascii	"\000"
 531 0034 00       		.ascii	"\000"
 532 0035 00       		.ascii	"\000"
 533 0036 00000000 		.ascii	"\000\000\000\000\000\000\000\000"
 533      00000000 
 534 003e 2F010000 		.ascii	"/\001\000\000"
 535              		.text
 536              		.section	.gnu.lto_.opts,"",%progbits
 537 0000 272D666D 		.ascii	"'-fmath-errno' '-fsigned-zeros' '-ftrapping-math' '"
 537      6174682D 
 537      6572726E 
 537      6F272027 
 537      2D667369 
 538 0033 2D666E6F 		.ascii	"-fno-trapv' '-fno-openmp' '-fno-openacc' '-mcpu=cor"
 538      2D747261 
 538      70762720 
 538      272D666E 
 538      6F2D6F70 
 539 0066 7465782D 		.ascii	"tex-m4' '-mno-thumb-interwork' '-mthumb' '-ggdb' '-"
 539      6D342720 
 539      272D6D6E 
 539      6F2D7468 
 539      756D622D 
 540 0099 4F322720 		.ascii	"O2' '-fomit-frame-pointer' '-falign-functions=16' '"
 540      272D666F 
 540      6D69742D 
 540      6672616D 
 540      652D706F 
 541 00cc 2D666675 		.ascii	"-ffunction-sections' '-fdata-sections' '-fno-common"
 541      6E637469 
 541      6F6E2D73 
 541      65637469 
 541      6F6E7327 
ARM GAS  /tmp/ccXyCdUJ.s 			page 43


 542 00ff 2720272D 		.ascii	"' '-flto'\000"
 542      666C746F 
 542      2700
 543              		.text
 544              		.comm	__gnu_lto_v1,1,1
 545              		.comm	__gnu_lto_slim,1,1
 546              		.ident	"GCC: (15:6.3.1+svn253039-1build1) 6.3.1 20170620"
ARM GAS  /tmp/ccXyCdUJ.s 			page 44


DEFINED SYMBOLS
                            *ABS*:0000000000000000 pal_lld.c
                            *COM*:0000000000000001 __gnu_lto_v1
                            *COM*:0000000000000001 __gnu_lto_slim

NO UNDEFINED SYMBOLS
