ARM GAS  /tmp/cc7jM0WF.s 			page 1


   1              		.cpu cortex-m4
   2              		.eabi_attribute 20, 1
   3              		.eabi_attribute 21, 1
   4              		.eabi_attribute 23, 3
   5              		.eabi_attribute 24, 1
   6              		.eabi_attribute 25, 1
   7              		.eabi_attribute 26, 1
   8              		.eabi_attribute 30, 2
   9              		.eabi_attribute 34, 1
  10              		.eabi_attribute 18, 4
  11              		.file	"st.c"
  12              		.text
  13              	.Ltext0:
  14              		.section	.gnu.lto_.profile.ba52b8485375020d,"",%progbits
  15 0000 789C6365 		.ascii	"x\234ce`b`a```d\220\342\001\000\000\300\0003"
  15      60626061 
  15      60606064 
  15      90E20100 
  15      00C00033 
  16              		.text
  17              		.section	.gnu.lto_.icf.ba52b8485375020d,"",%progbits
  18 0000 789C6365 		.ascii	"x\234ce`bP`@\000V\206\205??\354\345a|{\353\355kN\246"
  18      60625060 
  18      40005686 
  18      853F3FEC 
  18      E5617C7B 
  19 0019 8D2FFAAF 		.ascii	"\215/\372\257r3\177\272\372\361\007?\313\332I\247[\231"
  19      72337FBA 
  19      FAF1073F 
  19      CBDA49A7 
  19      5B99
  20 002b 19001D6F 		.ascii	"\031\000\035o\020\213"
  20      108B
  21              		.text
  22              		.section	.gnu.lto_.jmpfuncs.ba52b8485375020d,"",%progbits
  23 0000 789C6365 		.ascii	"x\234ce`b\020c@\000V\020\301\010\004\365L\014\014\314"
  23      60621063 
  23      40005610 
  23      C10804F5 
  23      4C0C0CCC 
  24 0014 209A0528 		.ascii	" \232\005(\000\000\016\012\0011"
  24      00000E0A 
  24      0131
  25              		.text
  26              		.section	.gnu.lto_.inline.ba52b8485375020d,"",%progbits
  27 0000 789C6365 		.ascii	"x\234ce`b\310g@\000V\006\006\026\036F\240 \003\003\333"
  27      6062C867 
  27      40005606 
  27      06161E46 
  27      A0200303 
  28 0015 027910C5 		.ascii	"\002y\020\305\300\310\005\"\030\330X\031\031\031\004"
  28      C0C80522 
  28      18D85819 
  28      191904
  29 0024 18191898 		.ascii	"\030\031\030\230\330>\350\301%\231\030X\230\201\312"
  29      D83EE8C1 
  29      25991858 
ARM GAS  /tmp/cc7jM0WF.s 			page 2


  29      9881CA
  30 0033 992EF0C3 		.ascii	"\231.\360\303\205\230ABP\245\310\342,\230J\031\000\312"
  30      85984142 
  30      50A5C8E2 
  30      2C984A19 
  30      00CA
  31 0045 39089E   		.ascii	"9\010\236"
  32              		.text
  33              		.section	.gnu.lto_.pureconst.ba52b8485375020d,"",%progbits
  34 0000 789C6365 		.ascii	"x\234ce`b\340f```e\220`\224b\222b\226b\221\002\000\004"
  34      6062E066 
  34      60606065 
  34      90609462 
  34      92629662 
  35 0018 1000A2   		.ascii	"\020\000\242"
  36              		.text
  37              		.section	.gnu.lto_stInit.ba52b8485375020d,"",%progbits
  38 0000 789C6365 		.ascii	"x\234ce`bX\314\300\300\240\003\304\322@\314\310\314"
  38      606258CC 
  38      C0C0A003 
  38      C4D240CC 
  38      C8CC
  39 0012 C0C834E1 		.ascii	"\300\3104\341\034\003C#\007\023##\210\321\300\301\310"
  39      1C034323 
  39      07132323 
  39      88D1C0C1 
  39      C8
  40 0023 50CFC458 		.ascii	"P\317\304X\317\330\317<\235\231\361P\373\263\235L\232"
  40      CFD8CF3C 
  40      9D99F150 
  40      FBB39D4C 
  40      9A
  41 0034 CB1B80E0 		.ascii	"\313\033\200\340\300\364\037\222\015+\0160\316gf`\230"
  41      C0F41F92 
  41      0D2B0E30 
  41      CE676660 
  41      98
  42 0045 09C420C0 		.ascii	"\011\304 \300\270\234Q\223\001\250\354\321\306\177S"
  42      B89C5193 
  42      01A8ECD1 
  42      C67F53
  43 0054 79D95820 		.ascii	"y\331X \342\214+\030\331\030\201\364\372K\214\007\032"
  43      E28C2B18 
  43      D91881F4 
  43      FA4B8C07 
  43      1A
  44 0065 FEFD6F6F 		.ascii	"\376\375oo8pg\021\343\177V\240T\027\020\203\354\350"
  44      38706711 
  44      E37F56A0 
  44      54171083 
  44      ECE8
  45 0077 666602D1 		.ascii	"ff\002\321\314\257\031\233\027\374\226\006\251\007\031"
  45      CCAF199B 
  45      17FC9606 
  45      A90719
  46 0086 B273E79B 		.ascii	"\262s\347\233\333\354\365\177\0338\34633\316d\006\232"
  46      DBECF57F 
ARM GAS  /tmp/cc7jM0WF.s 			page 3


  46      1B38E633 
  46      33CE6406 
  46      9A
  47 0097 C0B892B1 		.ascii	"\300\270\222\261\236a>P\355[\306\246\005\377\271\301"
  47      9E613E50 
  47      ED5BC6A6 
  47      05FFB9C1 
  48 00a7 EA40A00B 		.ascii	"\352@\240\013(\011\324\316\304\300\240\245\237\221\237"
  48      2809D4CE 
  48      C4C0A0A5 
  48      9F919F
  49 00b6 9BAA9F98 		.ascii	"\233\252\237\230\222\230\253\357\234\221\231\224\351"
  49      9298ABEF 
  49      9C919994 
  49      E9
  50 00c3 1F1C6F68 		.ascii	"\037\034oh\246g\250g\251\237_\254\237\221\230\243_\\"
  50      A667A867 
  50      A99F5FAC 
  50      9F9198A3 
  50      5F5C
  51 00d5 94AC5F5C 		.ascii	"\224\254_\\\242\227\314\000\000\350VE/"
  51      A297CC00 
  51      00E85645 
  51      2F
  52              		.text
  53              		.section	.gnu.lto_stStartAlarm.ba52b8485375020d,"",%progbits
  54 0000 789C9D52 		.ascii	"x\234\235RMH\224A\030\236gf\375v\265\037;t\010\332C"
  54      4D489441 
  54      189E6766 
  54      FD76B51F 
  54      3B7408DA 
  55 0015 04220AED 		.ascii	"\004\"\012\355\260EQ\267\240\010\002\245\203\336e\375"
  55      B04551B7 
  55      A00802A5 
  55      83DE65FD 
  56 0025 811514C3 		.ascii	"\201\025\024\303]:t\310qs\333\322~\354\340\256\006\333"
  56      5D3A74C8 
  56      7173DBD2 
  56      7EECE0AE 
  56      06DB
  57 0037 2769D86A 		.ascii	"'i\330j\266j\277\352\006\037K\335BQ\010!\013\"0\014"
  57      B66ABFEA 
  57      061F4BDD 
  57      42510821 
  57      0B22300C 
  58 004b 2C4204A9 		.ascii	",B\004\251@{gv\013;\025\015\3147\363\316\367<\317\373"
  58      407B6776 
  58      0B3B150D 
  58      CC37F3CE 
  58      F73CCFFB 
  59 005f BC336F01 		.ascii	"\2743o\001\343l\2063v\2361\266\227&\004\003\357\236"
  59      E36C8633 
  59      769E31B6 
  59      97260403 
  59      EF9E
  60 0071 61ACDDC3 		.ascii	"a\254\335\303\001\275Q\036\2606\2166\334\020\011\201"
  60      01BD511E 
ARM GAS  /tmp/cc7jM0WF.s 			page 4


  60      B0368E36 
  60      DC100981 
  61 0081 6CECE324 		.ascii	"l\354\343$/\033R4\234\304\224uIE\367\330\202\261>\232"
  61      2F1B5234 
  61      9CC49475 
  61      4945F7D8 
  61      82B13E9A 
  62 0095 7A600865 		.ascii	"z`\010e\204z\271\271\356\024_\027\266\0008\205\363_"
  62      847AB9B9 
  62      EE145F17 
  62      B6003885 
  62      F35F
  63 00a7 5F25B7E9 		.ascii	"_%\267\351\220c\027\205?\206\307\336\026\213\003`\264"
  63      90631785 
  63      3F86C7DE 
  63      168B0360 
  63      B4
  64 00b8 5FBDEDEC 		.ascii	"_\275\355\354/\275\253TD9+\027\205\332m\013\201a\010"
  64      2FBDAB54 
  64      44392B17 
  64      85DA6D0B 
  64      816108
  65 00cb D2430A5E 		.ascii	"\322C\012^\334\203\227\321\021\303\010J5\374\303\370"
  65      DC8397D1 
  65      11C3084A 
  65      35FCC3F8 
  66 00db 46CF0ECB 		.ascii	"F\317\016\3135\360+%\356\303\002\255\351y8jc3\246\234"
  66      35F02B25 
  66      EEC302AD 
  66      E979386A 
  66      6333A69C 
  67 00ef B541BC3E 		.ascii	"\265A\274>\345&\357\304\020\304u1\326IH]I\227\340z\025"
  67      E526EFC4 
  67      10C47531 
  67      D649485D 
  67      4997E07A 
  68 0104 4BE05AEB 		.ascii	"K\340Z\353\212\323\371\242H\03466\026\026\223\211\242"
  68      8AD3F9A2 
  68      481C3636 
  68      16169389 
  68      A2
  69 0115 9201E3E3 		.ascii	"\222\001\343\343K\337\366^\345D\366i+\243\177Z1%>@I"
  69      4BDFF65E 
  69      E544F669 
  69      2BA37F5A 
  69      31253E40 
  70 012a 92943E21 		.ascii	"\222\224>!\262\032K\317\276\273\343\376\355\253#w-\363"
  70      B21A4BCF 
  70      BEBBE3FE 
  70      EDAB2377 
  70      2DF3
  71 013c 96D02063 		.ascii	"\226\320 c\256O`\213o\2064,\222\030\203\225\024\"\247"
  71      AE4F608B 
  71      6F86342C 
  71      92188395 
  71      1422A7
  72 014f 928D7FFB 		.ascii	"\222\215\177\373\276\322sT\237\0210\036\315\316\272"
ARM GAS  /tmp/cc7jM0WF.s 			page 5


  72      BED27354 
  72      9F11301E 
  72      CDCEBA
  73 015e F5551518 		.ascii	"\365U\025\030\336\272\212-\270r\241\352V\312EG\352\362"
  73      DEBA8A2D 
  73      B872A1EA 
  73      56CA4547 
  73      EAF2
  74 0170 DC32B791 		.ascii	"\3342\267\221\204-,L\220\261qm\214~\274\231^\034,\224"
  74      842D2C4C 
  74      90B1716D 
  74      8C7EBC99 
  74      5E1C2C94 
  75 0184 A3AAA35D 		.ascii	"\243\252\243]\365_\260\205\033\017a\243\227j7I\011p"
  75      F55FB085 
  75      1B0F61A3 
  75      976A3749 
  75      0970
  76 0196 2B9EB959 		.ascii	"+\236\271Y\350O\033\300\004\321=x\004\211ro\036\201"
  76      E84F1BC0 
  76      04D13D78 
  76      0489726F 
  76      1E81
  77 01a8 C7F0932B 		.ascii	"\307\360\223+mim9\023\335\231w\364\257\371<xb\362!\257"
  77      6D696D39 
  77      13DD9977 
  77      F4AFF93C 
  77      7862F221 
  78 01bd F614726B 		.ascii	"\366\024rk=\324ExFL\243\376\374?\324'\215:\317\253O"
  78      3DD44578 
  78      464CA3FE 
  78      FC3FD427 
  78      8D3ACFAB 
  79 01d2 19F58C7D 		.ascii	"\031\365\214}5U\224S\347\230&\346\022\"\357\273Ru\246"
  79      35559453 
  79      E79826E6 
  79      1222EFBB 
  79      5275A6
  80 01e5 2DF413B0 		.ascii	"-\364\023\260\317\210\364\217\\\203>0\257\327I\376\250"
  80      CF88F48F 
  80      5C833E30 
  80      AFD749FE 
  80      A8
  81 01f6 07A8E3CB 		.ascii	"\007\250\343\313e\260\245\271A\006\352\003\315\362D"
  81      65B0A5B9 
  81      4106EA03 
  81      CDF244
  82 0205 B0B1B6F1 		.ascii	"\260\261\266\361LU\215\377\210\317\357;&[B2\030h\222"
  82      4C558DFF 
  82      88CFEF3B 
  82      265B4232 
  82      186892
  83 0218 A1D63A19 		.ascii	"\241\326:\031\012\373\352\230;P\033\012767\270\364\347"
  83      0AFBEA98 
  83      3B501B0A 
  83      373637B8 
  83      F4E7
ARM GAS  /tmp/cc7jM0WF.s 			page 6


  84 022a F85F7967 		.ascii	"\370_yg[Z\303!YU]y\350\240\254\2508)\253OW\236\363\223"
  84      5B5AC321 
  84      59555D79 
  84      E8A0ACA8 
  84      3829AB4F 
  85 0242 524D5353 		.ascii	"RMSS\275/\310~\0021\200\013\377"
  85      BD2FC87E 
  85      0231800B 
  85      FF
  86              		.text
  87              		.section	.gnu.lto_stStopAlarm.ba52b8485375020d,"",%progbits
  88 0000 789C8550 		.ascii	"x\234\205P=HBQ\024>\337\275\366\262\241\275\250\255"
  88      3D484251 
  88      143EDFBD 
  88      F6B2A1BD 
  88      A8AD
  89 0012 A98677B1 		.ascii	"\251\206w\261 h\013\212 H\032j\027\323\300@1RZ\275\206"
  89      20680B8A 
  89      20481A6A 
  89      17D3C040 
  89      31525ABD 
  90 0027 6618944B 		.ascii	"f\030\224KZC\274\241\300\376,\032\243\010\221\346\242"
  90      5A43BCA1 
  90      C0FE2C1A 
  90      A30891E6 
  90      A2
  91 0038 96A008A2 		.ascii	"\226\240\010\242!jh\221\310\010\262\316S\010\267\016"
  91      216A6891 
  91      C808B2CE 
  91      5308B70E 
  92 0048 1CEEB9E7 		.ascii	"\034\356\271\347|?\347\336&\022d\202(DD\035\234\220"
  92      7C3FE7DE 
  92      26126482 
  92      2844441D 
  92      9C90
  93 005a 0491B924 		.ascii	"\004\221\271$\212;\005`\027\332\011\212\011\304\260"
  93      8A3B0560 
  93      17DA098A 
  93      09C4B0
  94 0069 2A7312A5 		.ascii	"*s\022\245\324\363\211\350\316k\216b\356\303X\324\311"
  94      D4F389E8 
  94      CE6B8E62 
  94      EEC358D4 
  94      C9
  95 007a 364B126D 		.ascii	"6K\022mp\332\201<\272\211aO\307\325\265V\303Q\357c\007"
  95      70DA813C 
  95      BA89614F 
  95      C7D5B556 
  95      C351EF63 
  96 008f 065BD0D1 		.ascii	"\006[\320\321\015\212\272\372\223\322\305\213-|\217"
  96      0D8ABAFA 
  96      93D2C58B 
  96      2D7C8F
  97 009e F028CD69 		.ascii	"\360(\315i{,Ka\237\362\025\245\367\317\207\263\254\371"
  97      7B2C4B61 
  97      9FF215A5 
  97      F7CF87B3 
ARM GAS  /tmp/cc7jM0WF.s 			page 7


  97      ACF9
  98 00b0 2791A83B 		.ascii	"'\221\250;}\031\262&\263!\321(\217]\030\254\277\007"
  98      7D19B226 
  98      B321D128 
  98      8F5D18AC 
  98      BF07
  99 00c2 839BD964 		.ascii	"\203\233\331d\351\252yEZ\0225LE\247n\035\365\253\316"
  99      E9AA7945 
  99      5A12354C 
  99      45A76E1D 
  99      F5ABCE
 100 00d5 68EDE096 		.ascii	"h\355\340\226^\272~\021\0266aI\201\003tb\037\235dc\357"
 100      5EBA7E11 
 100      16366149 
 100      81037462 
 100      1F9D6463 
 101 00ea 4EEFB75B 		.ascii	"N\357\267[TA'\342\372\261Rn/3K\242\000\013\353\274`"
 101      544127E2 
 101      FAB1526E 
 101      2F334BA2 
 101      000BEBBC 
 102 00ff CD048750 		.ascii	"\315\004\207P\215\036\274\007\216\230\375\206\205\307"
 102      8D1EBC07 
 102      8E98FD86 
 102      85C7
 103 010d E5F32E7B 		.ascii	"\345\363.{\267\332\007\244y\300/\021D=*\020\016M+\257"
 103      B7DA07A4 
 103      79C02F11 
 103      443D2A10 
 103      0E4D2BAF 
 104 0121 DF1B5243 		.ascii	"\337\033RC\201\231\251\231\361\011\217\253\337t\231"
 104      8199A999 
 104      F1098FAB 
 104      DF7499
 105 0130 032A1C51 		.ascii	"\003*\034Q\001oPE\346|*\0225}4\370/t6<\027\215\250\211"
 105      016F5045 
 105      E67C2A12 
 105      357D34F8 
 105      2F74363C 
 106 0148 49775FAF 		.ascii	"Iw_\257\032\033\033V\223\243\356y\027\223=\301\240\337"
 106      1A1B1B56 
 106      93A3EE79 
 106      17933DC1 
 106      A0DF
 107 015a 0CD02F91 		.ascii	"\014\320/\2219\210X"
 107      398858
 108              		.text
 109              		.section	.gnu.lto_stSetAlarm.ba52b8485375020d,"",%progbits
 110 0000 789C8592 		.ascii	"x\234\205\222OHTQ\024\306\317w\357\314\274\321\012#"
 110      4F485451 
 110      14C6CF77 
 110      EFCCBCD1 
 110      0A23
 111 0012 5A04CD22 		.ascii	"Z\004\315\"\002\021\205\3462EQ\273\240 \002\245\205"
 111      021185E6 
 111      324551BB 
 111      A02002A5 
ARM GAS  /tmp/cc7jM0WF.s 			page 8


 111      85
 112 0023 EE651C85 		.ascii	"\356e\034\205\031\230a\302\031Z\264\310\353\244M\215"
 112      199861C2 
 112      195AB4C8 
 112      EBA44D8D 
 113 0033 60B66846 		.ascii	"`\266hF\203\327\2234,\323F\247Z\364\017\036R\273Pr#"
 113      83D79334 
 113      2CD346A7 
 113      5AF40F1E 
 113      52BB5072 
 114 0048 A4414446 		.ascii	"\244ADF-\202\020BJ\320\316}SQ\253\036\334w\3579\357"
 114      2D821042 
 114      4AD0CE7D 
 114      5351AB1E 
 114      DC77EF39 
 115 005d 3BDFFD9D 		.ascii	";\337\375\235\303\363\223\240]\202\350<\021\355\345"
 115      C3F393A0 
 115      5D82E83C 
 115      11EDE5
 116 006c 05491043 		.ascii	"\005I\020C\363D\275A\001\230\203\016\202z\004zpU\226"
 116      F344BD41 
 116      0198830E 
 116      827A047A 
 116      705596
 117 007f 24E6F21F 		.ascii	"$\346\362\037\037\213\306\011\315\217[\252X\227t\377"
 117      1F8BC609 
 117      CD8F5BAA 
 117      589774FF 
 118 008f 1E47128D 		.ascii	"\036G\022\215\3602\017&\320\310\252\227[\353n\335\240"
 118      F0320F26 
 118      D0C8AA97 
 118      5BEB6EDD 
 118      A0
 119 00a0 74242038 		.ascii	"t$ 8\\\374\372\312\336fB\201\235\034nL\316\254\324\311"
 119      5CFCFACA 
 119      DE664281 
 119      9D1C6E4C 
 119      CEACD4C9 
 120 00b4 03203EAF 		.ascii	"\003 >\257\335t\3677\334\326:\247\335\225\213R\357v"
 120      DD74F737 
 120      DCD63AA7 
 120      DD958B52 
 120      EF76
 121 00c6 A4C42424 		.ascii	"\244\304$$\373\341.B\270\203\020q\212p\017\015F\376"
 121      FBE12E42 
 121      B8831071 
 121      8A700F0D 
 121      46FE
 122 00d8 7E76F3FA 		.ascii	"~v\363\372\216\200o\354\367\225\230B\000\274\227\027"
 122      8E806FEC 
 122      F7959842 
 122      00BC9717 
 123 00e8 E1EACDAD 		.ascii	"\341\352\315\255\274v?\214\343\371)?\263s\205\344Z\037"
 123      BC763F8C 
 123      E3F9293F 
 123      B37385E4 
 123      5A1F
ARM GAS  /tmp/cc7jM0WF.s 			page 9


 124 00fa 518195A6 		.ascii	"Q\201\225\246\223\001)\314.W!\214\327\025\267\360\242"
 124      930129CC 
 124      2E57218C 
 124      D715B7F0 
 124      A2
 125 010b 561EF630 		.ascii	"V\036\3660\226\226\355Rm\375\230\3071oo\037\326nn\237"
 125      9696ED52 
 125      6DFD98C7 
 125      316F6F1F 
 125      D66E6E9F 
 126 011f 4199FE17 		.ascii	"A\231\376\027\305k\361>\352mv\372\214\334Z\276\274\360"
 126      C56BF13E 
 126      EA6D76FA 
 126      8CDC5ABE 
 126      BCF0
 127 0131 ED96F587 		.ascii	"\355\226\365\207\253\257:\226'\2264\"\017nD\342/nB\031"
 127      ABAF3A96 
 127      27963422 
 127      0F6E44E2 
 127      2F6E4219 
 128 0145 01B69841 		.ascii	"\001\266\230A\300\226\262\3522W\374\376c\252t\324\344"
 128      C096B2EA 
 128      3257FCFE 
 128      63AA74D4 
 128      E4
 129 0156 5858EC9F 		.ascii	"XX\354\237[\260\314\250\374^\335\272\316/\371\252\241"
 129      5BB0CCA8 
 129      FC5EDDBA 
 129      CE2FF9AA 
 129      A1
 130 0167 1ED2DAC7 		.ascii	"\036\322\332\307)}\371\365'\341\300\206#\003\2500\330"
 130      297DF9F5 
 130      27E1C086 
 130      2303A830 
 130      D8
 131 0178 AC01E30F 		.ascii	"\254\001\343\017o\236.\217\327\250i\335\327\253G/8\322"
 131      6F9E2E8F 
 131      D7A869DD 
 131      D7AB472F 
 131      38D2
 132 018a C2033818 		.ascii	"\302\0038\030\346\336\275KYp\243\370\354ZM\244\354\011"
 132      E6DEBD4B 
 132      5970A3F8 
 132      EC5A4DA4 
 132      EC09
 133 019c 2A5C1EC4 		.ascii	"*\\\036\304C(4\205~)\360\010\021\246\242U\344\336\015"
 133      43283485 
 133      7E29F008 
 133      11A6A255 
 133      E4DE0D
 134 01af BC8D79A3 		.ascii	"\274\215y\2435m\320\027\344F7\006a\022\336\004\012\334"
 134      356DD017 
 134      E4463706 
 134      6112DE04 
 134      0ADC
 135 01c1 13CF91FF 		.ascii	"\023\317\221\377\232&\025O\247\272T\2643\232R'\342\211"
 135      9A26154F 
ARM GAS  /tmp/cc7jM0WF.s 			page 10


 135      A7BA54B4 
 135      339A5227 
 135      E289
 136 01d3 8EC499D6 		.ascii	"\216\304\231\326\366\310\221p$|L\2453*\036M\252LwLe"
 136      F6C89170 
 136      247C4CA5 
 136      332A1E4D 
 136      AA4C774C 
 137 01e8 B2E11859 		.ascii	"\262\341\030Y\321\216L6\221\352\362\231\327\361\377"
 137      D18E4C36 
 137      91EAF299 
 137      D7F1FF
 138 01f7 D69D4D77 		.ascii	"\326\235Mwg3\252\265\255\345\320A\325\334|R\265\235"
 138      6733AAB5 
 138      ADE5D041 
 138      D5DC7C52 
 138      B59D
 139 0209 6E391761 		.ascii	"n9\027a\247\366d\2623\034\247\237\276\245\317\240"
 139      A7F664B2 
 139      331CA79F 
 139      BEA5CFA0 
 140              		.text
 141              		.section	.gnu.lto_stGetAlarm.ba52b8485375020d,"",%progbits
 142 0000 789C8590 		.ascii	"x\234\205\220KH[A\024\206\317?\347\346&AJ\273n\003\256"
 142      4B485B41 
 142      1486CF3F 
 142      E7E62641 
 142      4ABB6E03 
 143 0015 7591E1B6 		.ascii	"u\221\341\266 tW\260P\004\037\013\335K\252B\204\204"
 143      207457B0 
 143      50041F0B 
 143      DD4BAA42 
 143      8484
 144 0027 88916E1D 		.ascii	"\210\221n\035\2036\266Bk\013\032\265\204[P\260>\243"
 144      8336B642 
 144      6B0B1AB5 
 144      845B50B0 
 144      3EA3
 145 0039 5B957211 		.ascii	"[\225r\021\334\211\255n\004KA\212\013]\024$\233P\251"
 145      DC89AD6E 
 145      044B418A 
 145      0B5D1424 
 145      9B50A9
 146 004c DA33B114 		.ascii	"\3323\261\024w\035\230\3079\363\3159\377?!R\364\022"
 146      771D98C7 
 146      39F3CD39 
 146      FF3F2152 
 146      F412
 147 005e 4469227A 		.ascii	"Di\"z \023LP\343{DC\021\005\330\203\211\200\006\025"
 147      20134C50 
 147      E37B4443 
 147      1105D883 
 147      89800615 
 148 0072 06F1960B 		.ascii	"\006\361\226\013\214\235\353Jp\367\015\373\026\223\360"
 148      8C9DEB4A 
 148      70F70DFB 
 148      1693F0
ARM GAS  /tmp/cc7jM0WF.s 			page 11


 149 0081 E07CB758 		.ascii	"\340|\267XcC\340\236\204\213s\245r\244n\336\230\234"
 149      6343E09E 
 149      848B73A5 
 149      72A46EDE 
 149      989C
 150 0093 090AE5F0 		.ascii	"\011\012\345\360\207\265\257&\344\263\242i\301?!\206"
 150      87B5AF26 
 150      E4B3A269 
 150      C13F2186 
 151 00a3 79C46C8F 		.ascii	"y\304l\217\005\324\221\320?\326\257&\356\270\316,\223"
 151      05D491D0 
 151      3FD6AF26 
 151      EEB8CE2C 
 151      93
 152 00b4 0524BF08 		.ascii	"\005$\277\010W\244P\351\000\201\271\272\316\233\340"
 152      57A450E9 
 152      0081B9BA 
 152      CE9BE0
 153 00c3 641697CF 		.ascii	"d\026\227\317\034E>3\313\342\020\275\026\320\252\032"
 153      1C453E33 
 153      CBE210BD 
 153      16D0AA1A 
 154 00d3 93AAB2F3 		.ascii	"\223\252\262\363\031\266?\377\372\376\273\320\372\257"
 154      19B63FFF 
 154      FAFEBBD0 
 154      FAAF
 155 00e1 DEB09111 		.ascii	"\336\260\221\021\024.\302\367\253\005\247\031\267z\021"
 155      142EC2F7 
 155      AB05A719 
 155      B77A11
 156 00f0 96E04AA7 		.ascii	"\226\340J\247e\270E\266\006&G\266\277\204\255\201P\025"
 156      65B845B6 
 156      062647B6 
 156      BF84AD81 
 156      5015
 157 0102 AB98FCA1 		.ascii	"\253\230\374\241s\023\232qc\034I\231\321\375S\345\243"
 157      73139A71 
 157      631C4999 
 157      D1FD53E5 
 157      A3
 158 0113 089F5DAC 		.ascii	"\010\237]\254\212\211\025kB.\2166\277\315E\365\212\031"
 158      8A89156B 
 158      422E8E36 
 158      BFCD45F5 
 158      8A19
 159 0125 1E32C795 		.ascii	"\0362\307\225r\355\373\250\317a\224\340cJ4V\373\010"
 159      72EDFBA8 
 159      CF6194E0 
 159      634A3456 
 159      FB08
 160 0137 3433B9F5 		.ascii	"43\271\365.\352\225,\364qC\371\034\301\0324\352c\177"
 160      2EEA952C 
 160      F47143F9 
 160      1CC11A34 
 160      EA637F
 161 014a 09ACC3A3 		.ascii	"\011\254\303\2433\344\312\371\005\276\021\305\242\213"
 161      33E4CAF9 
ARM GAS  /tmp/cc7jM0WF.s 			page 12


 161      05BE11C5 
 161      A28B
 162 0158 7E2277FC 		.ascii	"~\"w\374\352\222\255~\311\310\227\210oX\277\212\250"
 162      EA92AD7E 
 162      C9C89788 
 162      6F58BF8A 
 162      A8
 163 0169 5E2733E9 		.ascii	"^'3\351\036\235\350N\244uc\262\367yo[{\247\327\020\367"
 163      1E9DE84E 
 163      A47563B2 
 163      F7796F5B 
 163      7BA7D710 
 164 017e E28F7526 		.ascii	"\342\217u&\253\223\211\224\316\366w\351\354@\274\213"
 164      AB938994 
 164      CEF677E9 
 164      EC40BC8B 
 165 018e 9EFC17ED 		.ascii	"\236\374\027\355\313\364\017du{G\313\243\207\272\271"
 165      CBF40F64 
 165      757B47CB 
 165      A387BAB9 
 166 019e F9A9EE68 		.ascii	"\371\251\356hjy\341\311\343\316T\252;\236\244?\332\372"
 166      6A79E1C9 
 166      E3CE54AA 
 166      3B9EA43F 
 166      DAFA
 167 01b0 A369     		.ascii	"\243i"
 168              		.text
 169              		.section	.gnu.lto_.symbol_nodes.ba52b8485375020d,"",%progbits
 170 0000 789C55C8 		.ascii	"x\234U\310K\015\200@\014\006\341\351\277\254/\020\305"
 170      4B0D8040 
 170      0C06E1E9 
 170      BFAC2F10 
 170      C5
 171 0011 B92B81B7 		.ascii	"\271+\201\267\002T \002\015(!4\334:\227I\276\212\030"
 171      02542002 
 171      0D282134 
 171      DC3A9749 
 171      BE8A18
 172 0024 8934CB61 		.ascii	"\2114\313a\272!v\265!d\221[\226U\256,\233\274d\331\345"
 172      BA2176B5 
 172      2164915B 
 172      9655AE2C 
 172      9BBC64D9 
 173 0039 5D123BE4 		.ascii	"]\022;\344\365\027h\255\207B\345|^\343\003\3039\034"
 173      F51768AD 
 173      8742E57C 
 173      5EE303C3 
 173      391C
 174 004b F3       		.ascii	"\363"
 175              		.text
 176              		.section	.gnu.lto_.refs.ba52b8485375020d,"",%progbits
 177 0000 789C6365 		.ascii	"x\234ce`b`d\000\002\000\000I\000\011"
 177      60626064 
 177      00020000 
 177      490009
 178              		.text
 179              		.section	.gnu.lto_.decls.ba52b8485375020d,"",%progbits
ARM GAS  /tmp/cc7jM0WF.s 			page 13


 180 0000 789CB557 		.ascii	"x\234\265W}LT\331\025\177\367\335\001a\370rGkmjScP\310"
 180      7D4C54D9 
 180      157FF7DD 
 180      0161F872 
 180      476B6D6A 
 181 0018 A66504AD 		.ascii	"\246e\004\255\255\177t\243;Zk\263\3566\203\3354M6\023"
 181      AD7F74A3 
 181      3B5A6BB3 
 181      EE3683DD 
 181      344D3613 
 182 002c 44B69000 		.ascii	"D\266\220\000\032\030\333l\372\307>\031V\021W\005\025"
 182      1A18DB6C 
 182      FAC73E19 
 182      56115705 
 182      15
 183 003d 14D0E54B 		.ascii	"\024\320\345K\020\004\005APTd\004E\344CY\\ED\004\025"
 183      10040541 
 183      50546404 
 183      45E44359 
 183      5C454404 
 184 0052 593F01C7 		.ascii	"Y?\001\307/\024]z\356\307\233\367x\016n\333\244/\234"
 184      2F145D7A 
 184      EEC79BF7 
 184      780E6EDB 
 184      A42F9C
 185 0065 E19E7B7F 		.ascii	"\341\236{\177\347w\316=\347\336w\357s\023D!\333 \010"
 185      E777CE3D 
 185      E7DE77EF 
 185      73134421 
 185      DB2008
 186 0078 99A22094 		.ascii	"\231\242 \224#A\030\203\307]\020\204\203\202\362\020"
 186      23411883 
 186      C75D1084 
 186      8382F210 
 187 0088 FD10482D 		.ascii	"\375\020H-H\035\310i\2203 \215\302\333\317g\300\201"
 187      481DC869 
 187      9033208D 
 187      C2DBCF67 
 187      C081
 188 009a E1FFA720 		.ascii	"\341\377\247 \347U<\"\347pe\363/\260\361\3446\020\212"
 188      E7553C22 
 188      E77065F3 
 188      2FB0F1E4 
 188      36108A
 189 00ad 3015E438 		.ascii	"0\025\3448H\000\310O`l*\310\035hw\012\214\373=\320E"
 189      4800C84F 
 189      606C2AC8 
 189      1D68770A 
 189      8CFB3DD0 
 190 00c2 1037C478 		.ascii	"\0207\304xI\\?\2056\374\011s\320x\356/A\327qn\231\213"
 190      495C3F85 
 190      36FC0973 
 190      D078EE2F 
 190      41D7716E 
 191 00d8 F010986C 		.ascii	"\360\020\230lO\346\024\250\261#\217\355\277\210\013"
 191      4FE614A8 
 191      B1238FED 
ARM GAS  /tmp/cc7jM0WF.s 			page 14


 191      BF880B
 192 00e7 C971F1FC 		.ascii	"\311q\361\374\274\317\343\011\321\360n\342\234Z\276"
 192      BCCFE309 
 192      D1F06EE2 
 192      9C5ABE
 193 00f6 393FC249 		.ascii	"9?\302I\362=\237s.\320p\356\302\250z\313\231Z\361\006"
 193      F23D9F73 
 193      2ED070EE 
 193      C2A87ACB 
 193      995AF106 
 194 010a BA8E008B 		.ascii	"\272\216\000\213&\323^\204\330/\242B\3251\371A\210\366"
 194      26D35E84 
 194      D82FA242 
 194      D531F941 
 194      88F6
 195 011c 43AF2870 		.ascii	"C\257(pR\271\013\311\026\\\027\271*rJ\372\307\215\221"
 195      52B90BC9 
 195      165C17B9 
 195      2A724AFA 
 195      C78D91
 196 012f 8A910D33 		.ascii	"\212\221\0153O\362\303\346\300\032\324L\266F\242\342"
 196      4FF2C3E6 
 196      C01AD44C 
 196      B646A2E2 
 197 013f 0021B581 		.ascii	"\000!\265\201\212\220\205\315\307\235\361\011\312\344"
 197      8A9085CD 
 197      C79DF109 
 197      CAE4
 198 014d 903CFBC7 		.ascii	"\220<\373\307\031\255\003\372^\324Czs\026!\332\267\261"
 198      19AD03FA 
 198      5ED4437A 
 198      731621DA 
 198      B7B1
 199 015f 62B0D70D 		.ascii	"b\260\327\015\3032\201v\357\313\242?\004\225J\354\361"
 199      C3328176 
 199      EFCBA23F 
 199      04954AEC 
 199      F1
 200 0170 F89992B6 		.ascii	"\370\231\222\266\263c/\354~[12\350\221\010j\307p\353"
 200      B3632FEC 
 200      7E5B3132 
 200      E891086A 
 200      C770EB
 201 0183 5E2F50A7 		.ascii	"^/P\247\352\321dPG\326_>\255\237\236N\255l\322d\021"
 201      EAD16450 
 201      47D65F3E 
 201      AD9F9E4E 
 201      AD6CD264 
 202 0198 7D3A0D95 		.ascii	"}:\015\225\242\031\250\004\315\000\347\007\321t\370"
 202      A219A804 
 202      CD00E707 
 202      D174F8
 203 01a7 5DA5634C 		.ascii	"]\245cL\366\204\035\007'\315\312\221r\372${g\302/\323"
 203      F6841D07 
 203      27CDCA91 
 203      72FA247B 
 203      67C22FD3 
ARM GAS  /tmp/cc7jM0WF.s 			page 15


 204 01bb 6D521158 		.ascii	"mR\021X\315$(T\2140:\200\202H\304\320\204\337\"\324"
 204      CD242854 
 204      8C303A80 
 204      8248C4D0 
 204      84DF22D4 
 205 01cf 8BD07E74 		.ascii	"\213\320~t\003\346s\010\315\002k[\351\265d7\374{\032"
 205      03E67308 
 205      CD026B5B 
 205      E9B56437 
 205      FC7B1A
 206 01e2 6CC1ABD1 		.ascii	"l\301\253\321a\014A\314\321\243\2611\014\035e\017k^"
 206      610C41CC 
 206      D1A3B131 
 206      0C1D650F 
 206      6B5E
 207 01f4 FAB00E32 		.ascii	"\372\260\0162^\327r\276\320\033\377\211\264\305\224"
 207      5ED772BE 
 207      D01BFF89 
 207      B4C594
 208 0203 DC92CD9E 		.ascii	"\334\222\315\236H\037\230$I\011$F\267@\301\031!:\202"
 208      481F9824 
 208      49092446 
 208      B740C119 
 208      213A82
 209 0216 02890DF1 		.ascii	"\002\211\015\361\214\016Cg9t\026\222\271\330\2072\203"
 209      8C0E4367 
 209      39741692 
 209      B9D88732 
 209      83
 210 0227 D2364A92 		.ascii	"\3226J\222\210*\221\036U(\321\315\321\263\311\234J\355"
 210      882A911E 
 210      5528D1CD 
 210      D1B3C99C 
 210      4AED
 211 0239 1ED0631B 		.ascii	"\036\320c\033\242>^\333\322\207t(P\317L\277/\0169\363"
 211      A23E5EDB 
 211      D2877428 
 211      50CF4CBF 
 211      2F0E39F3 
 212 024d 15313D0A 		.ascii	"\0251=\012\246U\212)0\301?\227qT\273\210\003\234l\253"
 212      A6558A29 
 212      30C13F97 
 212      7154BB88 
 212      039C6CAB 
 213 0261 EA7EED87 		.ascii	"\352~\355\207\313\230\223\242\275Y\217\334\235N.\226"
 213      CB9893A2 
 213      BD598FDC 
 213      9D4E2E96 
 214 0271 CD2FA44E 		.ascii	"\315/\244N\216\203\223c\212\223\243\023;\251q\355\344"
 214      8E839363 
 214      8A93A313 
 214      3BA971ED 
 214      E4
 215 0282 E0697BAB 		.ascii	"\340i{\253\217\216l\012B\005\305\"}\266\261$\337\011"
 215      8F8E6C0A 
 215      4205C522 
 215      7DB6B124 
ARM GAS  /tmp/cc7jM0WF.s 			page 16


 215      DF09
 216 0294 CB7A9296 		.ascii	"\313z\222\226\365\004\342u\355\030yx\311\013\352\332"
 216      F504E275 
 216      ED187978 
 216      C90BEADA 
 217 02a4 47EA9A17 		.ascii	"G\352\232\027p\263B\222 2IGp\250L\011\255L[\330ZZ\330"
 217      70B34292 
 217      20324947 
 217      70A84C09 
 217      AD4C5BD8 
 218 02bb F3A315BE 		.ascii	"\363\243\025\276x\210\316\021\325\226\\\374\2143]\373"
 218      7888CE11 
 218      D5965CFC 
 218      8C335DFB 
 219 02cb 79866487 		.ascii	"y\206d\207I\300\024\311\0029\245\360\234\322\362\324"
 219      49C014C9 
 219      0239A5F0 
 219      9CD2F2D4 
 220 02db 519EED95 		.ascii	"Q\236\355\225/\262\335\360(#\312\272x?\335\22735\377"
 220      2FB2DDF0 
 220      2823CABA 
 220      783FDD97 
 220      3335FF
 221 02ee C2C94422 		.ascii	"\302\311D\"\262+Lv-\323i\312T\372\264\275\302\007o`"
 221      B22B4C76 
 221      2DD369CA 
 221      54FAB4BD 
 221      C2076F60 
 222 0302 1BA3A8A4 		.ascii	"\033\243\250\244@\362R\247\202dI\311E\303\270%>ZS_$"
 222      40F252A7 
 222      826449C9 
 222      45C3B825 
 222      3E5A535F 
 223 0317 72B717B2 		.ascii	"r\267\027\262\247\245\312K\034P\250^\361[\257\365{\206"
 223      A7A5CA4B 
 223      1C50A85E 
 223      F15BAFF5 
 223      7B86
 224 0329 FA7DFCF5 		.ascii	"\372}\374\365P\216\037Ne~\263+\267n\363!Td1\266\374"
 224      508E1F4E 
 224      657EB32B 
 224      B76EF321 
 224      546431B6 
 225 033e 2ABBBC5F 		.ascii	"*\273\274_J\322\323-\205\316*Lg\011\023i4R\206o\023"
 225      4AD2D32D 
 225      85CE2A4C 
 225      67091369 
 225      3452866F 
 226 0353 CBF760B6 		.ascii	"\313\367`\266Yu\204\260-\363\266/\333\2543\311\036\037"
 226      597584B0 
 226      2DF3B62F 
 226      DBAC33C9 
 226      1E1F
 227 0365 E9BCE1ED 		.ascii	"\351\274\341\355\235L\326F\212M\362\374#%k\202\251\234"
 227      9D4CD646 
 227      8A4DF2FC 
 227      23256B82 
ARM GAS  /tmp/cc7jM0WF.s 			page 17


 227      A99C
 228 0377 A353398F 		.ascii	"\243S9\217\274)\025\374\007\360\321\233iu\236\214\352"
 228      BC2915FC 
 228      07F0D19B 
 228      69759E8C 
 228      EA
 229 0388 2A8927F3 		.ascii	"*\211'\363\304\323f7\246{\220\341\301\222\243>\214\332"
 229      C4D36637 
 229      A67B90E1 
 229      C192A33E 
 229      8CDA
 230 039a 4E862F0D 		.ascii	"N\206/\015\344&z\263\341v\2427\\97\254\3037\330\\z\232"
 230      E4267AB3 
 230      E176A237 
 230      5C3937AC 
 230      C337D85C 
 231 03b0 8A4B4858 		.ascii	"\212KHX\001d\277\216\215\371\251vl\000\333\261\035\333"
 231      0164BF8E 
 231      8DF9A976 
 231      6C00DBB1 
 231      1DDB
 232 03c2 1CFB26E1 		.ascii	"\034\373&\341~\012\0273\232;\353\225\3554\2249g\267"
 232      7E0A1733 
 232      9A3BEB95 
 232      ED349439 
 232      67B7
 233 03d4 8324F112 		.ascii	"\203$\361\022$\376[e\352\001\316\205N'#8g\202:`\241"
 233      24FE5B65 
 233      EA01CE85 
 233      4E272338 
 233      67823A60 
 234 03e9 07F085DE 		.ascii	"\007\360\205\336\016\235\027\331B/\336\227\232\347\216"
 234      0E9D17D9 
 234      422FDE97 
 234      9AE78E
 235 03f8 87988FC6 		.ascii	"\207\230\217\306S\335Wu\362kAKp\305\005\201\274\267"
 235      53DD5775 
 235      F26B414B 
 235      70C50581 
 235      BCB7
 236 040a 6735D26D 		.ascii	"g5\322mw\031\202\371N\011\346\022\342\357\205\244\322"
 236      771982F9 
 236      4E09E612 
 236      E2EF85A4 
 236      D2
 237 041b AD0D589F 		.ascii	"\255\015X\237D\326\312\177\302\012\026\255\255\243m"
 237      44D6CA7F 
 237      C20A16AD 
 237      ADA36D
 238 042a 6E788465 		.ascii	"nx\204ej\363\331\252F^\300&\242\357<\336p\302\013\217"
 238      6AF3D9AA 
 238      465EC026 
 238      A2EF3CDE 
 238      70C20B8F 
 239 043e B2C1DBC9 		.ascii	"\262\301\333\311\267\032\334\261\204\251\"\027\300\300"
 239      B71ADCB1 
 239      84A92217 
ARM GAS  /tmp/cc7jM0WF.s 			page 18


 239      C0C0
 240 044c 0B90DDFD 		.ascii	"\013\220\335\375\254\031\341D6x\342\350\311F^\254\271"
 240      AC19E144 
 240      3678E2E8 
 240      C9465EAC 
 240      B9
 241 045d AA97B681 		.ascii	"\252\227\266\201\275\264\253\007\3167\352Y\355$Dv]\307"
 241      BDB4AB07 
 241      CE37EA59 
 241      ED244476 
 241      5DC7
 242 046f F5457813 		.ascii	"\365Ex\023\263\254w\224\357\347u$/\326\244\014G\273"
 242      B3AC7794 
 242      EFE77524 
 242      2FD6A40C 
 242      47BB
 243 0481 1F998EC4 		.ascii	"\037\231\216\304\227\014\011\314\271bn\223Y#\343\014"
 243      970C09CC 
 243      B9626E93 
 243      5923E30C 
 244 0491 748B4DA5 		.ascii	"t\213M\245k\344\35457C\012EC\305t4K}\000\357\245\360"
 244      6BE4EC35 
 244      37430A45 
 244      43C57434 
 244      4B7D00EF 
 245 04a7 7E64908D 		.ascii	"~d\220\215\350\311\2226\350\253\006w\276\013|(\277`"
 245      E8C99236 
 245      E8AB0677 
 245      BE0B7C28 
 245      BF60
 246 04b9 971E6F61 		.ascii	"\227\036oaAf=\351\271\307\327f \250\205\317O\330<p*"
 246      41663DE9 
 246      B9C7D766 
 246      20A885CF 
 246      4FD83C70 
 247 04ce 1BDB716A 		.ascii	"\033\333qjo\333$\234\306\024y\003\030\330\006H\350\374"
 247      6FDB249C 
 247      C6147903 
 247      18D80648 
 247      E8FC
 248 04e0 1067B091 		.ascii	"\020g\260\221\272\324\355=\010\357e\312`\342\235>\236"
 248      BAD4ED3D 
 248      08EF65CA 
 248      60E29D3E 
 248      9E
 249 04f1 9FE9A0A6 		.ascii	"\237\351\240\246\265<\010\300yl\350\207\246\206\000"
 249      B53C08C0 
 249      796CE887 
 249      A68600
 250 0500 5CC4DA8D 		.ascii	"\\\304\332\215\325E\373\021>\304\024Gf\343\003=\256"
 250      D545FB11 
 250      3EC41447 
 250      66E3033D 
 250      AE
 251 0511 604A4EC7 		.ascii	"`JN\307\236c\036\270\212)\205#\351p\372\034g\312w5\227"
 251      9E631EB8 
 251      8A298523 
ARM GAS  /tmp/cc7jM0WF.s 			page 19


 251      E970FA1C 
 251      67CA7735 
 252 0526 93BC701D 		.ascii	"\223\274p\035S\222\016\037\336\355\205\033\230\222p"
 252      53920E1F 
 252      DEED851B 
 252      989270
 253 0535 A22B951F 		.ascii	"\242+\225\037\254}D\357/\350\317\361\344Uq\007=\271"
 253      AC7D44EF 
 253      2FE8CFF1 
 253      E4557107 
 253      3DB9
 254 0547 A3F505C2 		.ascii	"\243\365\005\302\347\0308\271\372\322\015\335\204ux"
 254      E71838B9 
 254      FAD20DDD 
 254      847578
 255 0556 29D7612E 		.ascii	")\327a.-CZmZ\225\257\266\014\255\200n\241\350W4\263"
 255      2D435A6D 
 255      5A95AFB6 
 255      0CAD806E 
 255      A1E85734 
 256 056b 2FE5CCB6 		.ascii	"/\345\314\266\337\311/\320i\3530\021z\332P\362\351g"
 256      DFC92FD0 
 256      69EB3011 
 256      7ADA50F2 
 256      E967
 257 057d 3EC8DFDF 		.ascii	">\310\337\337\177\212\277\352\011\244\277yR\242\015"
 257      7F8ABFEA 
 257      09A4BF79 
 257      52A20D
 258 058c B6C8CB99 		.ascii	"\266\310\313\231\203\216~I\332\356M\231 \313h\014MQ"
 258      838E7E49 
 258      DAEE4D99 
 258      20CB680C 
 258      4D51
 259 059e B6C1754A 		.ascii	"\266\301uJ\333D~\005fq+\026^\320\260r\011\374\202\026"
 259      DB447E05 
 259      66712B16 
 259      5ED0B072 
 259      09FC8216 
 260 05b2 DEF616BC 		.ascii	"\336\366\026\274Y\005\357\326\302\273(<\230\240S\371"
 260      5905EFD6 
 260      C2BB283C 
 260      98A053F9 
 261 05c2 9416E904 		.ascii	"\224\026\351\004\364\002\306\237\323!\202\206-\210\276"
 261      F402C69F 
 261      D3218286 
 261      2D88BE
 262 05d1 1603D17A 		.ascii	"\026\003\321z\321\037I I _\201$\200\244\200$\202l\006"
 262      D11F4920 
 262      49205F81 
 262      2480A480 
 262      24826C06 
 263 05e5 D900B209 		.ascii	"\331\000\262\011d\013\310V\220\215 \251 \257\221?\372"
 263      640BC856 
 263      908D20A9 
 263      20AF913F 
 263      FA
ARM GAS  /tmp/cc7jM0WF.s 			page 20


 264 05f6 012419DA 		.ascii	"\001$\031\3326\2207\320\336&\372\32371\213\361Z\264"
 264      369037D0 
 264      DE26FAD3 
 264      37318BF1 
 264      5AB4
 265 0608 12E3536D 		.ascii	"\022\343Sm\214F\355\214:T\350g.\321\301\012\330\241"
 265      8C46ED8C 
 265      3A54E867 
 265      2ED1C10A 
 265      D8A1
 266 061a 023FD682 		.ascii	"\002?\326\202{\221\006}M\225\254\253\256s\253B\327\307"
 266      7B91067D 
 266      4D95ACAB 
 266      AE73AB42 
 266      D7C7
 267 062c 28E8212D 		.ascii	"(\350!-\372\221\026}_\025\211C\213ny\253n\035*\362\207"
 267      FA91167D 
 267      5F158943 
 267      8B6E79AB 
 267      6E1D2AF2 
 268 0641 5AF87D2D 		.ascii	"Z\370}-\271C\205\036\320\242oh\321\267T\241<q\035\212"
 268      B943851E 
 268      D0A26F68 
 268      D1B754A1 
 268      3C711D8A 
 269 0655 3A292AEE 		.ascii	":)*\356\007\256#\031\027\270*\207\327\\/\270q\353S\305"
 269      07AE2319 
 269      17B82A87 
 269      D75C2FB8 
 269      71EB53C5 
 270 0669 3EE83A89 		.ascii	">\350:\211\014\316\216\224\013\017\015\353%\011\021"
 270      0CCE8E94 
 270      0B0F0DEB 
 270      250911
 271 0678 98C08F13 		.ascii	"\230\300\217\023e\035\015<2\354\260IMs)\331=-\331\367"
 271      651D0D3C 
 271      32ECB049 
 271      4D7329D9 
 271      3D2DD9F7 
 272 068c 6F5544E5 		.ascii	"oUD\345\372\256k\2643\322\365\000\217]O\341\243\310"
 272      FAAE6BB4 
 272      33D2F500 
 272      8F5D4FE1 
 272      A3C8
 273 069e 8046385C 		.ascii	"\200F8\\\336\371\250YK\376J\225\343a\327\013OM\376*"
 273      DEF9A859 
 273      4BFE4A95 
 273      E361D70B 
 273      4F4DFE2A 
 274 06b2 8691DF01 		.ascii	"\206\221\337\001\362\233\034.\277\336y\001\031\234\\"
 274      F29B1C2E 
 274      BFDE7901 
 274      199C5C
 275 06c1 105AAF14 		.ascii	"\020Z\257\024\371\342\024\035=\232\353\2779\231\001"
 275      F9E2141D 
 275      3D9AEBBF 
 275      399901
ARM GAS  /tmp/cc7jM0WF.s 			page 21


 276 06d0 C7FF1496 		.ascii	"\307\377\024\226\236\347\203\356\360A\202v\212S\320"
 276      9EE783EE 
 276      F0418276 
 276      8A53D0
 277 06df 76D179DE 		.ascii	"v\321y\336\222d\271\336\341h\007l\354\377\367&'\007"
 277      9264B9DE 
 277      E168076C 
 277      ECFFF726 
 277      2707
 278 06f1 C3BD6D37 		.ascii	"\303\275m7E\365e\212D\250\274\222\323Dv\231\202\377"
 278      45F5658A 
 278      44A8BC92 
 278      D3447699 
 278      82FF
 279 0703 00CEAD7C 		.ascii	"\000\316\255|\232\351\203\367\350\3301~\245\271\033"
 279      9AE983F7 
 279      E8D8317E 
 279      A5B91B
 280 0712 C1CDCEDE 		.ascii	"\301\315\316\336Gnv\376%W\341e\011<\211\210\335\230"
 280      476E76FE 
 280      2557E165 
 280      093C8988 
 280      DD98
 281 0724 D3955942 		.ascii	"\323\225YBs\374=q\227Hny\367\332\253\340\235R\306\330"
 281      73FC3D71 
 281      97486E79 
 281      F7DAABE0 
 281      9D52C6D8 
 282 0738 F2EFD734 		.ascii	"\362\357\3274\360\243\336\007\324\353y;\013t\354\024"
 282      F0A3DE07 
 282      D4EB793B 
 282      0B74EC14 
 283 0748 B94B8673 		.ascii	"\271K\206s\333\236\244\353q-\303\216\336\335\331\205"
 283      DB9EA4EB 
 283      712DC38E 
 283      DEDDD985 
 284 0758 189644D5 		.ascii	"\030\226D\325\360\360\310\213\211\017\367\275\"?T\366"
 284      F0F0C88B 
 284      890FF7BD 
 284      223F54F6 
 285 0768 88F454B9 		.ascii	"\210\364T\271<R\373\312\0337R&]_\276\343\001|\214\314"
 285      3C52FBCA 
 285      1B375226 
 285      5D5FBEE3 
 285      017C8CCC 
 286 077c 40480F52 		.ascii	"@H\017R(\1777\012(W\324\243oD,\177wgJ@?\374%\351fw\265"
 286      287F370A 
 286      2857D4A3 
 286      6F442C7F 
 286      77674A40 
 287 0797 E13C094F 		.ascii	"\341<\011O\027\320<zV\241l\250O.\365\223'\316@9\340"
 287      17D03C7A 
 287      56A16CA8 
 287      4F2EF593 
 287      27CE4039 
 288 07ac 28136A4D 		.ascii	"(\023jMz\300\341\261\366\232,/\345`B\224;\023p\031\""
 288      7AC0E1B1 
ARM GAS  /tmp/cc7jM0WF.s 			page 22


 288      F69A2C2F 
 288      E5604294 
 288      3B137019 
 289 07c1 892F5F34 		.ascii	"\211/_4\310Q\022tJ[n\226\247\236\373"
 289      C8511274 
 289      4A5B6E96 
 289      A79EFB
 290 07d0 487AA70F 		.ascii	"Hz\247\017@Wvm\330\355\251\346\336\367.\356\035\245"
 290      4057766D 
 290      D8EDA9E6 
 290      DEF72EEE 
 290      1DA5
 291 07e2 F787BC67 		.ascii	"\367\207\274g\347K\355v\370\302\271\025p8\301.\331\026"
 291      E74BED76 
 291      F8C2B915 
 291      7038C12E 
 291      D916
 292 07f4 A102D180 		.ascii	"\241\002\321\200\262\240X\360\031\2432\335\015=+E\001"
 292      B2A058F0 
 292      19A332DD 
 292      0D3D2B45 
 292      01
 293 0805 158AB3C1 		.ascii	"\025\212\263\301\262{\254&\307\007\267\260\364oHN8\354"
 293      B27BAC26 
 293      C707B7B0 
 293      F46F484E 
 293      38EC
 294 0817 EE2CFCFC 		.ascii	"\356,\374\374RU\341\311M|\277R\370\375\332\302\027\321"
 294      5255E1C9 
 294      4D7CBF52 
 294      F8FDDAC2 
 294      17D1
 295 0829 C2D7DDDB 		.ascii	"\302\327\335\333\227\251\303=\234\355@{\331$\316\326"
 295      97A9C33D 
 295      9CED407B 
 295      D924CED6 
 296 0839 1CC43E71 		.ascii	"\034\304>qr\331'N\261\302T\254e:@\231\236mj\371\033"
 296      72D9274E 
 296      B1C254AC 
 296      653A4099 
 296      9E6D6AF9 
 297 084e 1E64449D 		.ascii	"\036dD\235]\2115|Ux\251.\376S\371\305\377\315p\373\033"
 297      5D89357C 
 297      5578A92E 
 297      FE53F9C5 
 297      FFCD70FB 
 298 0863 7E23D483 		.ascii	"~#\324\203z<\241\274\327m\302ES&/\232C,\317][\237_\327"
 298      7A3CA1BC 
 298      D76DC245 
 298      53262F9A 
 298      432CCF5D 
 299 087b 696B7810 		.ascii	"ikx\020\222UJ\223UN\363\\&\347\271\241\353\351I\037"
 299      92554A93 
 299      554EF35C 
 299      26E7B9A1 
 299      EBE9491F 
 300 088f 6D552644 		.ascii	"mU&D'\277:zH\357\254\312\002^\225\303\274*\360)\247"
ARM GAS  /tmp/cc7jM0WF.s 			page 23


 300      27BF3A7A 
 300      48EFACCA 
 300      025E95C3 
 300      BC2AF029 
 301 08a4 322DE155 		.ascii	"2-\341U\251\240U\251\336\225\366\001~\315f\337\260\273"
 301      A9A055A9 
 301      DE95F601 
 301      7ECD66DF 
 301      B0BB
 302 08b6 B25E548A 		.ascii	"\262^T\212R\346P\212B\276\332*\225TVjSy\204\2462\343"
 302      52E6508A 
 302      42BEDA2A 
 302      9554566A 
 302      537984A6 
 303 08cc B1A3CE0F 		.ascii	"\261\243\316\017oq\243l\257\237\364\\\302\316\230>\320"
 303      6F71A36C 
 303      AF9FF45C 
 303      C2CE983E 
 303      D0
 304 08dd C474665C 		.ascii	"\304tf\\LU<\246jq\266\340\036o]\036\033e\365X\366\361"
 304      4C553CA6 
 304      6A71B6E0 
 304      1E6F5D1E 
 304      1B65F558 
 305 08f3 5F669A82 		.ascii	"_f\232\202\203\205\367\215\221kb\"\214a\253\303b\214"
 305      8385F78D 
 305      916B6222 
 305      8C61ABC3 
 305      628C
 306 0905 A6C8A855 		.ascii	"\246\310\250UQ\237\204Z\202\027\004\005\007-4\256\211"
 306      519F845A 
 306      82170405 
 306      072D34AE 
 306      89
 307 0916 37468645 		.ascii	"7F\206E\033\343\343\302\215\361\326\240p\301;\336\032"
 307      1BE3E3C2 
 307      8DF1D6A0 
 307      70C13BDE 
 307      1A
 308 0927 6A0D8BB3 		.ascii	"j\015\213\263.\216\016\213\213\321[,\353\242b\255\301"
 308      2E8E0E8B 
 308      8BD15B2C 
 308      EBA262AD 
 308      C1
 309 0938 0B2CD65F 		.ascii	"\013,\326_\033\327\305\307\031\243b\303\243\327\255"
 309      1BD7C5C7 
 309      19A362C3 
 309      A3D7AD
 310 0947 8E30C646 		.ascii	"\2160\306F\3743:j\2251&,<2*6\302hY\035\361y\330\272"
 310      FC333A6A 
 310      9531262C 
 310      3C322A36 
 310      C268591D 
 311 095f 68ABC5FA 		.ascii	"h\253\305\372\305\332\210\370\240H\301C6\233\345\312"
 311      C5DA88F8 
 311      A048C143 
 311      369BE5CA 
ARM GAS  /tmp/cc7jM0WF.s 			page 24


 312 096f 2CFE8B78 		.ascii	",\376\213x\243%\336\272\0320\200\365\004\325\032\025"
 312      A325DEBA 
 312      1A3080F5 
 312      04D51A15 
 313 097f 1361B1FE 		.ascii	"\023a\261\376\346\235a\306Y\235<\341\221\304\206\373"
 313      E69D61C6 
 313      599D3CE1 
 313      91C486FB 
 314 098f F22211AF 		.ascii	"\362\"\021\257Y\313\002\206v\204Un.\343M@X\242\243W"
 314      59CB0286 
 314      7684556E 
 314      2EE34D40 
 314      58A2A357 
 315 09a3 5BA22027 		.ascii	"[\242 '\213~4\025k\327\304Y\343\215\241+W\314\0131~"
 315      8B7E3415 
 315      6BD7C459 
 315      E38DA12B 
 315      57CC0B31 
 316 09b8 F4D112E3 		.ascii	"\364\321\022\343\312\345+\376\021ld\024\340\316\315"
 316      CAE52BFE 
 316      116C6414 
 316      E0CECD
 317 09c7 645A619E 		.ascii	"dZa\236\30733/\304b\365\220\033\342'f\335\222\025\213"
 317      C733332F 
 317      C462F590 
 317      1BE22766 
 317      DD92158B 
 318 09db CD7889C9 		.ascii	"\315x\211\311\254\373p\311J36\231\314\330\014\262\330"
 318      ACFB70C9 
 318      4A333699 
 318      CCD80CB2 
 318      D8
 319 09ec 6CC67F0E 		.ascii	"l\306\177\0165a\323\307+u&\323R3\345\010\241\277\301"
 319      3561D3C7 
 319      2B7526D3 
 319      5233E508 
 319      A1BFC1
 320 09ff 78E932B3 		.ascii	"x\3512\263\030\012\226\313\227\232u\241+\000m2\207\200"
 320      180A96CB 
 320      979A75A1 
 320      2B006D32 
 320      8780
 321 0a11 0403F2AF 		.ascii	"\004\003\362\257f\323\377\034n\014\011)*\206%\210+\026"
 321      66D3FF1C 
 321      6E0C0929 
 321      2A862588 
 321      2B16
 322 0a23 AB81A722 		.ascii	"\253\201\247\"\236\324\330\022F\262\343c\261|\276.6"
 322      9ED4D812 
 322      46B2E363 
 322      B17CBE2E 
 322      36
 323 0a34 DC6209FA 		.ascii	"\334b\011\372m\360\357\026z\310\232.<2,\356='|\315Z"
 323      6DF0EF16 
 323      7AC89A2E 
 323      3C322CEE 
 323      3D277CCD 
ARM GAS  /tmp/cc7jM0WF.s 			page 25


 324 0a49 869E2CF7 		.ascii	"\206\236,\367D\2700_\270@\036\376\273\213\341\220\271"
 324      44B8305F 
 324      B8401EFE 
 324      BB8BE190 
 324      B9
 325 0a5a 73FF0DDC 		.ascii	"s\377\015\334\353:\312"
 325      EB3ACA
 326              		.text
 327              		.section	.gnu.lto_.symtab.ba52b8485375020d,"",%progbits
 328 0000 7374496E 		.ascii	"stInit\000"
 328      697400
 329 0007 00       		.ascii	"\000"
 330 0008 00       		.ascii	"\000"
 331 0009 00       		.ascii	"\000"
 332 000a 00000000 		.ascii	"\000\000\000\000\000\000\000\000"
 332      00000000 
 333 0012 AE000000 		.ascii	"\256\000\000\000"
 334 0016 73745374 		.ascii	"stStartAlarm\000"
 334      61727441 
 334      6C61726D 
 334      00
 335 0023 00       		.ascii	"\000"
 336 0024 00       		.ascii	"\000"
 337 0025 00       		.ascii	"\000"
 338 0026 00000000 		.ascii	"\000\000\000\000\000\000\000\000"
 338      00000000 
 339 002e BD000000 		.ascii	"\275\000\000\000"
 340 0032 73745374 		.ascii	"stStopAlarm\000"
 340      6F70416C 
 340      61726D00 
 341 003e 00       		.ascii	"\000"
 342 003f 00       		.ascii	"\000"
 343 0040 00       		.ascii	"\000"
 344 0041 00000000 		.ascii	"\000\000\000\000\000\000\000\000"
 344      00000000 
 345 0049 BF000000 		.ascii	"\277\000\000\000"
 346 004d 73745365 		.ascii	"stSetAlarm\000"
 346      74416C61 
 346      726D00
 347 0058 00       		.ascii	"\000"
 348 0059 00       		.ascii	"\000"
 349 005a 00       		.ascii	"\000"
 350 005b 00000000 		.ascii	"\000\000\000\000\000\000\000\000"
 350      00000000 
 351 0063 C1000000 		.ascii	"\301\000\000\000"
 352 0067 73744765 		.ascii	"stGetAlarm\000"
 352      74416C61 
 352      726D00
 353 0072 00       		.ascii	"\000"
 354 0073 00       		.ascii	"\000"
 355 0074 00       		.ascii	"\000"
 356 0075 00000000 		.ascii	"\000\000\000\000\000\000\000\000"
 356      00000000 
 357 007d C4000000 		.ascii	"\304\000\000\000"
 358 0081 73745F6C 		.ascii	"st_lld_init\000"
 358      6C645F69 
 358      6E697400 
ARM GAS  /tmp/cc7jM0WF.s 			page 26


 359 008d 00       		.ascii	"\000"
 360 008e 02       		.ascii	"\002"
 361 008f 00       		.ascii	"\000"
 362 0090 00000000 		.ascii	"\000\000\000\000\000\000\000\000"
 362      00000000 
 363 0098 C6000000 		.ascii	"\306\000\000\000"
 364              		.text
 365              		.section	.gnu.lto_.opts,"",%progbits
 366 0000 272D666D 		.ascii	"'-fmath-errno' '-fsigned-zeros' '-ftrapping-math' '"
 366      6174682D 
 366      6572726E 
 366      6F272027 
 366      2D667369 
 367 0033 2D666E6F 		.ascii	"-fno-trapv' '-fno-openmp' '-fno-openacc' '-mcpu=cor"
 367      2D747261 
 367      70762720 
 367      272D666E 
 367      6F2D6F70 
 368 0066 7465782D 		.ascii	"tex-m4' '-mno-thumb-interwork' '-mthumb' '-ggdb' '-"
 368      6D342720 
 368      272D6D6E 
 368      6F2D7468 
 368      756D622D 
 369 0099 4F322720 		.ascii	"O2' '-fomit-frame-pointer' '-falign-functions=16' '"
 369      272D666F 
 369      6D69742D 
 369      6672616D 
 369      652D706F 
 370 00cc 2D666675 		.ascii	"-ffunction-sections' '-fdata-sections' '-fno-common"
 370      6E637469 
 370      6F6E2D73 
 370      65637469 
 370      6F6E7327 
 371 00ff 2720272D 		.ascii	"' '-flto'\000"
 371      666C746F 
 371      2700
 372              		.text
 373              		.comm	__gnu_lto_v1,1,1
 374              		.comm	__gnu_lto_slim,1,1
 375              		.ident	"GCC: (15:6.3.1+svn253039-1build1) 6.3.1 20170620"
ARM GAS  /tmp/cc7jM0WF.s 			page 27


DEFINED SYMBOLS
                            *ABS*:0000000000000000 st.c
                            *COM*:0000000000000001 __gnu_lto_v1
                            *COM*:0000000000000001 __gnu_lto_slim

NO UNDEFINED SYMBOLS
