ARM GAS  /tmp/ccmdXG4T.s 			page 1


   1              		.cpu cortex-m4
   2              		.eabi_attribute 20, 1
   3              		.eabi_attribute 21, 1
   4              		.eabi_attribute 23, 3
   5              		.eabi_attribute 24, 1
   6              		.eabi_attribute 25, 1
   7              		.eabi_attribute 26, 1
   8              		.eabi_attribute 30, 2
   9              		.eabi_attribute 34, 1
  10              		.eabi_attribute 18, 4
  11              		.file	"st_lld.c"
  12              		.text
  13              	.Ltext0:
  14              		.section	.gnu.lto_.profile.4af4efbe96e26658,"",%progbits
  15 0000 789C6365 		.ascii	"x\234ce`b`a```d\260\224\001\000\001\016\000b"
  15      60626061 
  15      60606064 
  15      B0940100 
  15      010E0062 
  16              		.text
  17              		.section	.gnu.lto_.icf.4af4efbe96e26658,"",%progbits
  18 0000 789C6365 		.ascii	"x\234ce`b\340c@\000&\206\003K\366\355cf\\\372\343\307"
  18      6062E063 
  18      40002686 
  18      034BF6ED 
  18      63665CFA 
  19 0016 422E0600 		.ascii	"B.\006\000/F\006<"
  19      2F46063C 
  20              		.text
  21              		.section	.gnu.lto_.jmpfuncs.4af4efbe96e26658,"",%progbits
  22 0000 789C6365 		.ascii	"x\234ce`b0g@\000&0\311\310\300\300\3028\235\231\261"
  22      60623067 
  22      40002630 
  22      C9C8C0C0 
  22      C2389D99 
  23 0015 A5F3FB75 		.ascii	"\245\363\373u\316>\346\371\314\014\214r\214\313\031"
  23      CE3EE6F9 
  23      CC0C8C72 
  23      8CCB19
  24 0024 65803240 		.ascii	"e\2002@\321\256_\327\3738 \242\034\214+@\242\014\000"
  24      D1AE5FD7 
  24      FB3820A2 
  24      1C8C2B40 
  24      A20C00
  25 0037 36120B6C 		.ascii	"6\022\013l"
  26              		.text
  27              		.section	.gnu.lto_.inline.4af4efbe96e26658,"",%progbits
  28 0000 789C6365 		.ascii	"x\234ce`b\260b@\000&\006\006\036QF\006&\276{\001\014"
  28      6062B062 
  28      40002606 
  28      061E5146 
  28      0626BE7B 
  29 0016 6C0BE499 		.ascii	"l\013\344\231@b\214\\p\202AD\006()\363\340\026#\\\226"
  29      40628C5C 
  29      70824144 
  29      062829F3 
  29      E016235C 
ARM GAS  /tmp/ccmdXG4T.s 			page 2


  30 002b 9907AC8B 		.ascii	"\231\007\254\213\001\000\261z\005d"
  30      0100B17A 
  30      0564
  31              		.text
  32              		.section	.gnu.lto_.pureconst.4af4efbe96e26658,"",%progbits
  33 0000 789C6365 		.ascii	"x\234ce`b`c`\000\222\273\030\031\245\000\003\273\000"
  33      60626063 
  33      600092BB 
  33      1819A500 
  33      03BB00
  34 0013 E6       		.ascii	"\346"
  35              		.text
  36              		.section	.gnu.lto_VectorB8.4af4efbe96e26658,"",%progbits
  37 0000 789C8554 		.ascii	"x\234\205TmlSe\024>\347\276\267\037k7\347O~\020\322"
  37      6D6C5365 
  37      143EE7BE 
  37      B71F6B37 
  37      E74F7E10 
  38 0015 252E9184 		.ascii	"%.\221\204\354\335\224\340Gb\324\314\230\220\320\220"
  38      ECDD94E0 
  38      4762D4CC 
  38      9890D090 
  39 0025 50FE2FA5 		.ascii	"P\376/\245\253\351bKI\273-`\214}7\206\005L\224\030\225"
  39      ABE9624B 
  39      49BB2D60 
  39      8C7D3786 
  39      054C9418 
  40 003a D5402E11 		.ascii	"\325@.\021\"\240\216\301p\272nPk\307\207\212\260`P\010"
  40      22A08EC1 
  40      70BA6E50 
  40      6BC7878A 
  40      B0605008 
  41 004e FDA38C29 		.ascii	"\375\243\214)\323\371E\026\221\0047\317y[\352\274M\266"
  41      D3F94516 
  41      910437CF 
  41      795BEABC 
  41      4DB6
  42 0060 37E9BDBD 		.ascii	"7\351\275\275\357s\236\367<\347<\347^\007\030P\347\000"
  42      EF739EF7 
  42      3CE73CE7 
  42      5E071850 
  42      E700
  43 0072 781A0156 		.ascii	"x\032\001V\003\000:\000\215=\227\000z\334\206!FW\200"
  43      03003A00 
  43      8D3D9700 
  43      7ADC8621 
  43      465780
  44 0085 F298DF49 		.ascii	"\362\230\337IP\265\002\315\322\266\211\310\177\224\033"
  44      50B502CD 
  44      D2B689C8 
  44      7F941B
  45 0094 21650813 		.ascii	"!e\010\023S\370\206\330+\260\220\3761k\254<\254h\345"
  45      53F886D8 
  45      2BB090FE 
  45      316BAC3C 
  45      AC68E5
  46 00a7 F7E6EA7B 		.ascii	"\367\346\352{\324\216e\226\000\310\320\217\027\036\306"
ARM GAS  /tmp/ccmdXG4T.s 			page 3


  46      D48E6596 
  46      00C8D08F 
  46      171EC6
  47 00b6 95406137 		.ascii	"\225@a7N\314\275]\3474K\373x\004\235\224\027\006\277"
  47      4ECCBD5D 
  47      E7344BFB 
  47      78049D94 
  47      1706BF
  48 00c9 C1BC9A9B 		.ascii	"\301\274\232\233O\253\374\354A\234_\357\021`Q:\276\000"
  48      4FABFCEC 
  48      419C5FEF 
  48      1160513A 
  48      BE00
  49 00db ECA640CE 		.ascii	"\354\246@\316\367\2320\370.\246\2610:\375[\332\313\334"
  49      F79A30F8 
  49      2EA6B130 
  49      3AFD5BDA 
  49      CBDC
  50 00ed FD8233BF 		.ascii	"\375\2023\277\263\2430\341z]X\302@\316pG\245\257\232"
  50      B3A330E1 
  50      7A5D58C2 
  50      40CE7047 
  50      A5AF9A
  51 0100 A547B547 		.ascii	"\245G\265G)\223\266\324\316\313\267\014\013\367\367"
  51      2993B6D4 
  51      CECBB70C 
  51      0BF7F7
  52 010f 90389F25 		.ascii	"\2208\237%\004~\200\313\361(.\007\216\277>V<T#\007T"
  52      047E80CB 
  52      F1282E07 
  52      8EBF3E56 
  52      3C542307 
  53 0124 5F0F6326 		.ascii	"_\017c&~\210\026\366k\325\370\021J\230\306\355\367^"
  53      7E8816F6 
  53      6BD5F811 
  53      4A98C6ED 
  53      F75E
  54 0136 CDB84AE9 		.ascii	"\315\270J\351\314R\306\263\363w\362\365\234\002\321"
  54      CC52C6B3 
  54      F377F2F5 
  54      9C02D1
  55 0145 C0013AE7 		.ascii	"\300\001:\347&\366\025\307W\227c(`p&{\267\256\024\000"
  55      26F615C7 
  55      57976328 
  55      6070267B 
  55      B7AE1400 
  56 0159 788C1301 		.ascii	"x\214\023\001W `t\005\0270{\353\367\363\272\000\233"
  56      57206074 
  56      0517307B 
  56      EBF7F3BA 
  56      009B
  57 016b B603EF23 		.ascii	"\266\003\357#,%o\360?y\307Q.,\337\244\\'\2105\205\006"
  57      2C256FF0 
  57      3F79C751 
  57      2E2CDFA4 
  57      5C278835 
  58 0181 132FF71D 		.ascii	"\023/\367\035\337'x\337\201,\351\317\213\357N>\300\217"
ARM GAS  /tmp/ccmdXG4T.s 			page 4


  58      DF2778DF 
  58      812CE9CF 
  58      8BEF4E3E 
  58      C08F
  59 0193 4EF4D1E3 		.ascii	"N\364\321\343O\247\322WP\264\352\216\015\347\256\365"
  59      4FA7D257 
  59      50B4EA8E 
  59      0DE7AEF5 
  60 01a3 7B1A0F2A 		.ascii	"{\032\017*\325\253\362\023\031\337\335k7\225zS\241%"
  60      D5ABF213 
  60      19DFDD6B 
  60      37957A53 
  60      A125
  61 01b5 5CF8310A 		.ascii	"\\\3701\012r\012O\222\240\241r\0318\214\215DJO\253\323"
  61      720A4F92 
  61      A0A17219 
  61      388C8D44 
  61      4A4FABD3 
  62 01c9 BACD2EF4 		.ascii	"\272\315.\364\341'\204\375\214\2757N\276\325?\271\254"
  62      E12784FD 
  62      8CBD374E 
  62      BED53FB9 
  62      AC
  63 01da E2725F69 		.ascii	"\342r_i\030n\327;\264\323\031\201`\303\256\216\254\332"
  63      186ED73B 
  63      B4D31981 
  63      60C3AE8E 
  63      ACDA
  64 01ec 1902FC94 		.ascii	"\031\002\374\224A\303\016\026s\315\021\300\021\306\204"
  64      41C30E16 
  64      73CD11C0 
  64      11C684
  65 01fb 1DBB9079 		.ascii	"\035\273\220y\350\025\300,c\246\035+\274\304\022\001"
  65      E815C02C 
  65      63A61D2B 
  65      BCC41201 
  66 020b 4719752C 		.ascii	"G\031u,\034:\034C'\025p\212\247\016\341\220A\320{\326"
  66      1C3A1C43 
  66      2715708A 
  66      A70EE190 
  66      41D07BD6 
  67 021f D0DF9E86 		.ascii	"\320\337\236\206a\303R\375\324^7G\017L\216)\267iP\340"
  67      61C352FD 
  67      D45E3747 
  67      0F4C8E29 
  67      B76950E0 
  68 0233 696CD01E 		.ascii	"il\320\036\3741s\245h\320\016\346\320\324\265\002~\246"
  68      FC3173A5 
  68      68D00EE6 
  68      D0D4B502 
  68      7EA6
  69 0245 9B7A2437 		.ascii	"\233z$7>U\3330Rf\327p\354\355cC\337z5;\317l\374\234"
  69      3E55DB30 
  69      5266D770 
  69      ECED6343 
  69      DF7A353B 
  70 025d 06790A7B 		.ascii	"\006y\012{}\272o\000\277\340\366\357\217\356\033z\301"
ARM GAS  /tmp/ccmdXG4T.s 			page 5


  70      7DBA6F00 
  70      BFE0F6EF 
  70      8FEE1B7A 
  70      C1
  71 026e DEA4D94A 		.ascii	"\336\244\331J\223\234\377S\\\320\212\307Q\357f\2633"
  71      939CFF53 
  71      5CD08AC7 
  71      51EF66B3 
  71      33
  72 027f 4557EA1F 		.ascii	"EW\352\037\345\266\204'C\215g\020\317`\212\206\306{"
  72      E5B68427 
  72      438D6710 
  72      CF608A86 
  72      C67B
  73 0291 DF769B99 		.ascii	"\337v\233\231\367\2260\363\2546\2632C.j\314\271\305"
  73      F79630F3 
  73      AC36B332 
  73      432E6ACC 
  73      B9C5
  74 02a3 CCFCABA2 		.ascii	"\314\374\253\242\323]m\346\343\273\310\314\363\014\326"
  74      D35D6DE6 
  74      E3BBC8CC 
  74      F30CD6
  75 02b2 549BF9F0 		.ascii	"T\233\371\360\213\200_0\346\2516\2639\005\370%c^;v\375"
  75      8B805F30 
  75      E6A936B3 
  75      3905F825 
  75      635E3B76 
  76 02c7 659608F8 		.ascii	"e\226\010\370U\265\231\027tk\276^`\346\234\365C\316"
  76      55B59917 
  76      746BBE5E 
  76      60E69CF5 
  76      43CE
  77 02d9 7BDFA773 		.ascii	"{\337\247s\332\247\213\332'\273)\227*\246\360\341\372"
  77      DAA78BDA 
  77      27BB2997 
  77      2AA6F0E1 
  77      FA
  78 02ea DD34F5D7 		.ascii	"\3354\365\327\205\355\3315\247\337\366\352\206\327\022"
  78      85EDD935 
  78      A7DFF6EA 
  78      86D712
  79 02f9 73A2DCED 		.ascii	"s\242\334\355_\261\367\300\274\205:\220\327n\032n:\200"
  79      5FB1F7C0 
  79      BC853A90 
  79      D76E1A6E 
  79      3A80
  80 030b 523C2323 		.ascii	"R<##\361XX\006\333\2031\331\032\351\330\324\261>\320"
  80      F1585806 
  80      DB8331D9 
  80      1AE9D8D4 
  80      B13ED0
  81 031e D6B2A6A9 		.ascii	"\326\262\246\251\245\351\011\031O\312H0*\267\304\023"
  81      A5E90919 
  81      4FCA4830 
  81      2AB7C413 
  82 032e 9D4919D8 		.ascii	"\235I\031\330\350\177\364\021\271n\335sr\343Z\177w\213"
ARM GAS  /tmp/ccmdXG4T.s 			page 6


  82      E87FF411 
  82      B96EDD73 
  82      72E35A7F 
  82      778B
  83 0340 4C76B645 		.ascii	"Lv\266E\243\355M!pt\007\243]\341'\027=&\321Y>\345\331"
  83      A3ED4D21 
  83      707407A3 
  83      5DE12717 
  83      3D26D159 
  84 0357 0DFE56FF 		.ascii	"\015\376V\377V\031\212\204\342\211p[\367c\261\246\010"
  84      56198A84 
  84      E289705B 
  84      F763B1A6 
  84      08
  85 0368 3CB52835 		.ascii	"<\265(5\274\265S\266\372\003k\003\262cs(\332\325\036"
  85      BCB553B6 
  85      FA036B03 
  85      B2637328 
  85      DAD51E
  86 037b 969A1A8A 		.ascii	"\226\232\032\212=\337\2659D\354\346%\365\307\223t!\005"
  86      3DDFB539 
  86      44ECE625 
  86      F5C79374 
  86      2105
  87 038d 7C5F9240 		.ascii	"|_\222@q\225<\221\344\266$\021\036\364\0076\3706\005"
  87      71953C91 
  87      E4B62411 
  87      1EF40736 
  87      F83605
  88 03a0 93E12D89 		.ascii	"\223\341-\211\216U\276\306f0\022\340\212\205c\361\304"
  88      8E55BEC6 
  88      663012E0 
  88      8A8563F1 
  88      C4
  89 03b1 36F8179C 		.ascii	"6\370\027\2340\017\037"
  89      300F1F
  90              		.text
  91              		.section	.gnu.lto_st_lld_init.4af4efbe96e26658,"",%progbits
  92 0000 789C9D94 		.ascii	"x\234\235\224]H\024Q\024\307\357\177\356\354\356\254"
  92      5D481451 
  92      14C7EF7F 
  92      EEECEEAC 
  93 0010 99504F41 		.ascii	"\231POAK\364j\017\016[P\364\026\325K\240\364\240\357"
  93      4BF46A0F 
  93      0E5B50F4 
  93      16D54BA0 
  93      F4A0EF
  94 0023 62192828 		.ascii	"b\031((FJ\217\355\230\337Vj\017\255\031\311,\030m\226"
  94      464A8FED 
  94      98DF566A 
  94      0FAD19C9 
  94      2C186D96 
  95 0037 B67E65EE 		.ascii	"\266~e\356\256\332\272i\226\225\037A\031\012\025=\210"
  95      AEDABA69 
  95      96951F41 
  95      190A153D 
  95      88
ARM GAS  /tmp/ccmdXG4T.s 			page 7


  96 0048 62519860 		.ascii	"bQ\230`\024i\367\334Yw\245\236\334\201\371\270w\356"
  96      1469F7DC 
  96      5977A59E 
  96      DC81F9B8 
  96      77EE
  97 005a FC7EE7DC 		.ascii	"\374~\347\334;\347\332\230\302\256\332\030;\316\030"
  97      3BE7DA98 
  97      C2AEDA18 
  97      3BCE18
  98 0069 DB2B4E70 		.ascii	"\333+Np\006\245i\222\261rM\001\350\301\320\300<\012"
  98      06A56992 
  98      B1724D01 
  98      E8C1D0C0 
  98      3C0A
  99 007b 3C68E4CD 		.ascii	"<h\344\315\034\321\232\205\240\222\3567\304\021i\356"
  99      1CD19A85 
  99      A092EE37 
  99      C41169EE 
 100 008b DF5D6D54 		.ascii	"\337]mT\35519c-\342\244\003~\24431\354s\367\372\215"
 100      ED313963 
 100      2DE2A403 
 100      7EA43331 
 100      EC73F7FA 
 101 00a0 9D76D5EA 		.ascii	"\235v\325\352\307=\330!\356\2017\210\030\353\0335Fd"
 101      C73DD821 
 101      EE813788 
 101      18EB1B35 
 101      4664
 102 00b2 B40D33D9 		.ascii	"\264\0153\331\273\024fr\341\023\027\033]\354ta\254^"
 102      BB146672 
 102      E113171B 
 102      5DEC7461 
 102      AC5E
 103 00c4 7C42DE2B 		.ascii	"|B\336+\\\241;_B4\264\324^H\220V\256\010\266\267*:\345"
 103      5CA13B5F 
 103      4234B4D4 
 103      5E489056 
 103      AE08B6B7 
 104 00db 68E02657 		.ascii	"h\340&W@\252\312\326\261\005\247\3254\276\327\032\252"
 104      40AACAD6 
 104      B105A7D5 
 104      34BED71A 
 104      AA
 105 00ec E85AFEF8 		.ascii	"\350Z\376\370;h3\321Z.\242\334or\216\373p\241\035.F"
 105      3B6833D1 
 105      5A2EA2DC 
 105      6F728EFB 
 105      70A11D2E 
 106 0101 E357BCD3 		.ascii	"\343W\274\323\237R\365N\243\022&W\361\000&n\312\340"
 106      9F52F54E 
 106      A3122657 
 106      F100266E 
 106      CAE0
 107 0113 D1019D2D 		.ascii	"\321\001\235-\241\342g5,\027\267t3\225]\2679\361\001"
 107      A1E26735 
 107      2C17B774 
 107      33955DB7 
ARM GAS  /tmp/ccmdXG4T.s 			page 8


 107      39F101
 108 0126 159D0222 		.ascii	"\025\235\002\"\002\362:i\310\366L\017\023\246\000t\201"
 108      02F23A69 
 108      C8F64C0F 
 108      13A60074 
 108      81
 109 0137 2750A8BD 		.ascii	"'P\250\275\303i\331l[3\263\311\314\352+Fz4\253iD\232"
 109      C369D96C 
 109      5B33B3C9 
 109      CCEA2B46 
 109      7A34AB69 
 110 014d 8C34D135 		.ascii	"\2144\3215\375a\340]J\302gG\267\360u\305|\375?V\032"
 110      FD61E05D 
 110      4AC26747 
 110      B7F075C5 
 110      7CFD3F56 
 111 0162 13BE1EE9 		.ascii	"\023\276\036\351\243yG\357?\231\221\356\277T\266\201"
 111      A37947EF 
 111      3F9991EE 
 111      BF54B681 
 112 0172 EE4BA01F 		.ascii	"\356K\240\037Q*v\002\255.\006\352\322b\254x\"\016\231"
 112      512A7602 
 112      AD2E06EA 
 112      D262AC78 
 112      220E99
 113 0185 C89A5133 		.ascii	"\310\232Q3\253ZM\243\311\220Kd\324\316,*1\233\357\222"
 113      AB5A4DA3 
 113      C9904B64 
 113      D4CE2C2A 
 113      319BEF92 
 114 0199 58790D8F 		.ascii	"Xy\015\217\205\257?\346\233\013\317\337q\222\257\234"
 114      85AF3FE6 
 114      9B0BCFDF 
 114      7192AF9C 
 115 01a9 62513120 		.ascii	"bQ1 \215\012\031\203\320\305\200o\327\346z\345\252\250"
 115      8D0A1983 
 115      D0C5806F 
 115      D7E67AE5 
 115      AAA8
 116 01bb D8986008 		.ascii	"\330\230`\010Y\311\254.\016\304c\330\246!,\015\362w"
 116      59C9AC2E 
 116      0EC463D8 
 116      A6212C0D 
 116      F277
 117 01cd 1D9486D0 		.ascii	"\035\224\206\320\373\267Gb\202\015\216\241MA0Y\301\260"
 117      FBB74762 
 117      820D8EA1 
 117      4D413059 
 117      C1B0
 118 01df 14A82478 		.ascii	"\024\250$x\"\005\361IR\301\020\331\344\207\222\343;"
 118      2205F149 
 118      52C110D9 
 118      E48792E3 
 118      3B
 119 01f0 3122F9A2 		.ascii	"1\"\371\242\224\351\345-\357\340u\247;@/}=r\315\242"
 119      94E9E52D 
 119      EFE075A7 
ARM GAS  /tmp/ccmdXG4T.s 			page 9


 119      3B402F7D 
 119      3D72CDA2 
 120 0204 D071C025 		.ascii	"\320q\300%\177\277\247p'|\341d\363\031\225>;\001\307"
 120      7FBFA770 
 120      277CE164 
 120      F319953E 
 120      3B01C7
 121 0217 043B0E1C 		.ascii	"\004;\016\034L\026\370L\002\035\004\034\337\012\034"
 121      4C16F84C 
 121      021D041C 
 121      DF0A1C
 122 0226 4A16F85C 		.ascii	"J\026\370\\\0025\002\276\2203\3367:^\255Y\245\014Ll"
 122      023502BE 
 122      9033DE37 
 122      3A5EAD59 
 122      A50C4C6C 
 123 023a F28793E5 		.ascii	"\362\207\223\345\277\224|'\361_\211\200\011\270\214"
 123      BF947C27 
 123      F15F8980 
 123      09B88C
 124 0249 2A9FFF2E 		.ascii	"*\237\377.'\036}\021\014~\231wx\376\030\232\311SZ\250"
 124      271E7D11 
 124      0C7E9977 
 124      78FE189A 
 124      C9535AA8 
 125 025d 60F01A1E 		.ascii	"`\360\032\036\271i\325\255\315\312Mk\007\366a\022.\252"
 125      B969D5AD 
 125      CDCA4D6B 
 125      07F66112 
 125      2EAA
 126 026f F65FB30D 		.ascii	"\366_\263\015\232\325\245a\012.\223\247\262\257\270"
 126      9AD5A561 
 126      0A2E93A7 
 126      B2AFB8
 127 027e EC6BF3CB 		.ascii	"\354k\363\313\252\225\333k\275`\210=Q\324\3011\275\240"
 127      AA95DB6B 
 127      BD60883D 
 127      51D4C131 
 127      BDA0
 128 0290 A4F89C9E 		.ascii	"\244\370\234\236\227\237W\254\237((<Sx:;\327}8\303\235"
 128      979F57AC 
 128      9F28283C 
 128      53783A3B 
 128      D77D38C3 
 129 02a5 71542F29 		.ascii	"qT/)\325\013\362\212\364\363%\027\312J\365\354\234\254"
 129      D50BF28A 
 129      F4F32517 
 129      CA4AF5EC 
 129      9CAC
 130 02b7 4307F5CC 		.ascii	"C\007\365\314\314\223z\316\251\254\213n\275\264,\267"
 130      CC937ACE 
 130      A9AC8B6E 
 130      BDB42CB7 
 131 02c7 A8283FE3 		.ascii	"\250(?\343,\373\013\226\237\337\252"
 131      2CFB0B96 
 131      9FDFAA
 132              		.text
ARM GAS  /tmp/ccmdXG4T.s 			page 10


 133              		.section	.gnu.lto_.symbol_nodes.4af4efbe96e26658,"",%progbits
 134 0000 789C6365 		.ascii	"x\234ce`b(d\000\002\246\211L\365\014\014\023\31610\000"
 134      60622864 
 134      0002A689 
 134      4CF50C0C 
 134      13CE3130 
 135 0015 A95D0D8E 		.ascii	"\251]\015\216@\221IL\365\214(\"\214\223\231\352\231"
 135      4091494C 
 135      F58C2822 
 135      8C9399EA 
 135      99
 136 0026 C0220C0C 		.ascii	"\300\"\014\014\015\015\016@\201)L\365\314(\002S\231"
 136      0D0D0E40 
 136      81294CF5 
 136      CC280253 
 136      99
 137 0037 EA599005 		.ascii	"\352Y\220\005\230\201\260\345\33016f\240=-\355o\344"
 137      9881B0E5 
 137      D8313666 
 137      A03D2DED 
 137      6FE4
 138 0049 99195918 		.ascii	"\231\031Y\030\236\000i\006\000\013$\033-"
 138      9E006906 
 138      000B241B 
 138      2D
 139              		.text
 140              		.section	.gnu.lto_.refs.4af4efbe96e26658,"",%progbits
 141 0000 789C6365 		.ascii	"x\234ce`b`d\000\002\000\000I\000\011"
 141      60626064 
 141      00020000 
 141      490009
 142              		.text
 143              		.section	.gnu.lto_.decls.4af4efbe96e26658,"",%progbits
 144 0000 789CCD58 		.ascii	"x\234\315X}LT\331\025\237\373\356\3605|h\006\273\265"
 144      7D4C54D9 
 144      159FFBEE 
 144      F0357C68 
 144      06BBB5
 145 0013 A97F586B 		.ascii	"\251\177Xk#\233\246\216\243\333\255ml\242\016($\262"
 145      239BA68E 
 145      A3DBAD6D 
 145      6CA20E28 
 145      24B2
 146 0025 9A19D634 		.ascii	"\232\031\3264\233\356N\020\307B\312\207\013\270\253"
 146      9BEE4E10 
 146      C742CA87 
 146      0BB8AB
 147 0034 49933E14 		.ascii	"I\223>\024\025\360k\021\277\360\023A\020\025\024]\021"
 147      15F06B11 
 147      BFF01341 
 147      1015145D 
 147      11
 148 0045 11101C94 		.ascii	"\021\020\034\224o\024AQ\021\020\021\021E\021A\005A\245"
 148      6F144151 
 148      11101111 
 148      45114105 
 148      41A5
ARM GAS  /tmp/ccmdXG4T.s 			page 11


 149 0057 E7DEFB66 		.ascii	"\347\336\373f\336\2337\243\273i\322\244/\234\271\357"
 149      DE9B37A3 
 149      BB69D2A4 
 149      2F9CB9EF 
 150 0067 DCFBBBBF 		.ascii	"\334\373\273\277w\3569\347\335w.N\012N\2219I\241\350"
 150      77EE39E7 
 150      DD772E4E 
 150      0A4E9139 
 150      49A1E8
 151 007a 552A14FE 		.ascii	"U*\024\376H\241\030\203\013+\024\212\\\020P\025y\012"
 151      48A11883 
 151      0B2B148A 
 151      5C105015 
 151      790A
 152 008c 7639819C 		.ascii	"v9\201\234\007\271\000R\014r\021\244\\a\177}\013\223"
 152      07B90052 
 152      0C7211A4 
 152      5C617F7D 
 152      0B93
 153 009e 3CA05D0A 		.ascii	"<\240]\0122\015\304\005tg\220j\270W\203L\0208=\241O"
 153      320DC405 
 153      7467906A 
 153      B857834C 
 153      10383DA1 
 154 00b3 0DE20D52 		.ascii	"\015\342\015R <\353%\351\027\236\363\013\350\370%\310"
 154      203CEB25 
 154      E9179EF3 
 154      0BE8F825 
 154      C8
 155 00c4 AF407E0D 		.ascii	"\257@~\015\362\033\220\337\"\366\334\337A;\015\344S"
 155      F21B90DF 
 155      22F6DCDF 
 155      413B0DE4 
 155      53
 156 00d5 90DF2366 		.ascii	"\220\337#f\217\374Z\205\030\227\305\216X\320c\004;\342"
 156      8FFC5A85 
 156      1897C58E 
 156      58D06304 
 156      3BE2
 157 00e7 A0E59168 		.ascii	"\240\345\221h\333-\350[\213\230]f\020\025H0\350k\210"
 157      DB2DE85B 
 157      8B985D66 
 157      10154830 
 157      E86B88
 158 00fa 3F14CCB8 		.ascii	"?\024\314\270\327\320`h\207\240\035\000\341\340~\220"
 158      D7D06068 
 158      87A01D00 
 158      E1E07E90 
 159 010a B4824F1C 		.ascii	"\264\202O\034\371b7FmU\307N\340\255\030MS!\342\331q"
 159      F9623746 
 159      6D55C74E 
 159      E0AD184D 
 159      5321E2D9 
 160 011f D075EA69 		.ascii	"\320u\352i\341\033O\326E\020\367\336d/\230\236\303\263"
 160      E11B4FD6 
 160      4510F7DE 
 160      642F989E 
ARM GAS  /tmp/ccmdXG4T.s 			page 12


 160      C3B3
 161 0131 CB9513A7 		.ascii	"\313\225\023\2476n\0338\342\202\335)\350z|\336~B\243"
 161      366E1B38 
 161      E282DD29 
 161      E87A7CDE 
 161      7E42A3
 162 0144 562125A8 		.ascii	"V!%\250/\352\367>\360\002u\202\012M\336\215\271\324"
 162      2FEAF73E 
 162      F0027582 
 162      0A4DDE8D 
 162      B9D4
 163 0156 9A5B6625 		.ascii	"\232[f%\362Qe\021\212\262\2413S\2227\362<\207N\"\025"
 163      F2516511 
 163      8AB2A133 
 163      539237F2 
 163      3C874E22 
 164 016b 3A8E303A 		.ascii	":\2160:\206\246\2235L#\313J\340\371\265\374\017\353"
 164      86A69335 
 164      4C23CB4A 
 164      E0F9B5FC 
 164      0FEB
 165 017d 78377F05 		.ascii	"x7\177\005\312A\223\320\0114I\201r\221\017\261\206\340"
 165      CA4193D0 
 165      09344981 
 165      72910FB1 
 165      86E0
 166 018f 5036741E 		.ascii	"P6t\036\205Nx\312\261#\311\351\316\330\227\030\300U"
 166      854E78CA 
 166      B123C9E9 
 166      CED89718 
 166      C055
 167 01a1 5CBC7B5B 		.ascii	"\\\274{[\211T>\016\347\237v0\237\331\362<uJ\305zbK\036"
 167      89543E0E 
 167      E79F7630 
 167      9FD9F23C 
 167      754AC57A 
 168 01b8 D8724AB4 		.ascii	"\330rJ\264\005L#\015\364\302s\316m\271\\\302\265\243"
 168      054C230D 
 168      F4C273CE 
 168      6DB95CC2 
 168      B5A3
 169 01ca 56048B47 		.ascii	"V\004\213G\343\351\362\021b\277\210\012U\307,\027B\264"
 169      E3E9F211 
 169      62BF880A 
 169      55C72C17 
 169      42B4
 170 01dc 1F7A39FA 		.ascii	"\037z9\372\313\200\264\013Yf\010:'\250\234@I\377\204"
 170      CB80B40B 
 170      5966083A 
 170      27A89C40 
 170      49FF84
 171 01ef C948C2C8 		.ascii	"\311H\302\310\206\331\223,\027\013;\273\241\323,\263"
 171      86D9932C 
 171      170B3BBB 
 171      A1D32CB3 
 172 01ff 11273E00 		.ascii	"\021'>\000!\351\004\011!3[\030\267\332\247\020\027\207"
 172      21E90409 
ARM GAS  /tmp/ccmdXG4T.s 			page 13


 172      21335B18 
 172      B7DAA710 
 172      1787
 173 0211 2C617E91 		.ascii	",a~\221Z\327\255\272\207\332Ho\332\\D\373\336^-\212"
 173      5AD7ADBA 
 173      87DA486F 
 173      DA5C44FB 
 173      DE5E2D8A 
 174 0225 F3C02B69 		.ascii	"\363\300+i\350\257\214\015\225\215c\241\347HV\364\327"
 174      E8AF8C0D 
 174      958D63A1 
 174      E74856F4 
 174      D7
 175 0236 1D7067A1 		.ascii	"\035pg\241\037\017\352p\334\315K\252\211\273h\362\254"
 175      1F0FEA70 
 175      DCCD4BAA 
 175      89BB68F2 
 175      AC
 176 0247 E3C77368 		.ascii	"\343\307sh\351'\350\034\204 \037B\240@\005h\"\374.S"
 176      E927E81C 
 176      84201F42 
 176      A0400568 
 176      22FC2E53 
 177 025b B2276D4B 		.ascii	"\262'mK\274\222\217\247\244\361i\035|\331\265CsJ\322"
 177      BC928FA7 
 177      A4F1691D 
 177      7CD9B543 
 177      734AD2
 178 026e 37F00D30 		.ascii	"7\360\0150m.\305\241\263bt\340\026~\177D\367\020:\203"
 178      6D2EC5A1 
 178      B36274E0 
 178      167E7F44 
 178      F7103A83 
 179 0282 DAC1F0F3 		.ascii	"\332\301\360\363h\012\261t\363\363\264q\370\002\242"
 179      680AB174 
 179      F3F3B471 
 179      F802A2
 180 0291 665D4E39 		.ascii	"f]N9\320\351,\220\265W{\244\362eky\022hBU(R\025\312"
 180      D0E92C90 
 180      B5577BA4 
 180      F2656B79 
 180      12684255 
 181 02a9 A92E50AA 		.ascii	"\251.P\252{\375\203\225\356\270\202Q\245\034m\331\310"
 181      7BFD8395 
 181      EEB88251 
 181      A51C6DD9 
 181      C8
 182 02ba 01550724 		.ascii	"\001U\007$\314\265\2429my]|\202\212\031U$2\025\021&"
 182      CCB5A239 
 182      6D795D7C 
 182      828A1955 
 182      24321511 
 183 02cf 72534C19 		.ascii	"rSL\031\022\013\312\267`\274\203\243\014\203\225\243"
 183      120BCAB7 
 183      60BC83A3 
 183      0C8395A3 
 184 02df EB5D0586 		.ascii	"\353]\005\206\321\272\311\265g\370x':\277D\234_b\231"
ARM GAS  /tmp/ccmdXG4T.s 			page 14


 184      D1BAC9B5 
 184      67F87827 
 184      3ABF449C 
 184      5F6299
 185 02f2 7F91CEDF 		.ascii	"\177\221\316\337w\2433\203\303\267\331|\363\233{\343"
 185      77A33383 
 185      C3B7D97C 
 185      F39B7BE3 
 186 0302 951C4B48 		.ascii	"\225\034KH\342.\350J\312\254\036\301\326\2762D;k\257"
 186      E22EE84A 
 186      CAAC1EC1 
 186      D6BE3244 
 186      3B6BAF
 187 0315 0FDCF2F8 		.ascii	"\017\334\362\370\240\267\315\324\333\227\220\340\356"
 187      A0B7CDD4 
 187      DB9790E0 
 187      EE
 188 0322 9C82AA66 		.ascii	"\234\202\252f/\301\250\332\266\331\251\324(\300\240"
 188      2FC1A8DA 
 188      B6D9A9D4 
 188      28C0A0
 189 0331 52D1A852 		.ascii	"R\321\250R\213Q\345\324\250\202\373;K\335X\254o\023"
 189      8B51E5D4 
 189      A882FB3B 
 189      4BDD58AC 
 189      6F13
 190 0343 8ABD452F 		.ascii	"\212\275E/k\234\230\356J\206\373N\024x\262\330\227\221"
 190      6B9C98EE 
 190      4A86FB4E 
 190      1478B2D8 
 190      9791
 191 0355 E1A6EEC3 		.ascii	"\341\246\356\303\361\036l\270\201\350\345\315\225\375"
 191      F11E6CB8 
 191      81E8E5CD 
 191      95FD
 192 0363 4A9C85E9 		.ascii	"J\234\205\351\232\022r\266\226cU\0021\364\347\274\257"
 192      9A1272B6 
 192      96635502 
 192      31F4E7BC 
 192      AF
 193 0374 30A3AE6E 		.ascii	"0\243\256n\264\336\011\347\260\351\233\256\344W\010"
 193      B4DE09E7 
 193      B0E99BAE 
 193      E45708
 194 0383 3B4E15D1 		.ascii	";N\025\321w\\(/r\307\247\330\340\203\244\316rg|\226"
 194      775C282F 
 194      72C7A7D8 
 194      E083A4CE 
 194      72677C96 
 195 0397 2916ABD4 		.ascii	")\026\253\324\202U\207\356\276\252A\370<\033,*(\256"
 195      825587EE 
 195      BEAA41F8 
 195      3C1B2C2A 
 195      28AE
 196 03a9 10563043 		.ascii	"\020V0C\222\275j\226\275\347\272\253+TlA<\002\275\244"
 196      92BD6A96 
 196      BDE7BAAB 
ARM GAS  /tmp/ccmdXG4T.s 			page 15


 196      2B546C41 
 196      3C02BDA4 
 197 03bd B1752E2E 		.ascii	"\261u..a3\315\003yG\205\305a\262\234\324\201\206qd9"
 197      6133CD03 
 197      794785C5 
 197      61B29CD4 
 197      81867164 
 198 03d2 3C5B0EE9 		.ascii	"<[\016\351\267,H\201n\222\375\004i&\241\033l)w\206\257"
 198      B72C4881 
 198      6E92FD04 
 198      6926A11B 
 198      6C297786 
 199 03e7 B438A97F 		.ascii	"\2648\251\177\240h\236\237\254\244Al\004\370u\012oF"
 199      A0689E9F 
 199      ACA4416C 
 199      04F8750A 
 199      6F46
 200 03f9 6ACB24FA 		.ascii	"j\313$\372\212\355\354\363\222\202\253?\006>\231\221"
 200      8AEDECF3 
 200      9282AB3F 
 200      063E9991 
 201 0409 B95B852F 		.ascii	"\271[\205/1#\367\015\266=\026\002\346\003j\326\353\242"
 201      3123F70D 
 201      B63D1602 
 201      E6036AD6 
 201      EBA2
 202 041b 75AEF80A 		.ascii	"u\256\370\012\033K\271x\240\336\005W3\305\262c\253\351"
 202      1B4BB978 
 202      A0DE0557 
 202      33C5B263 
 202      ABE9
 203 042d 8E8DD6DE 		.ascii	"\216\215\326\336\232\217\353\331Hi\362\3666\204\257"
 203      9A8FEBD9 
 203      4869F2F6 
 203      3684AF
 204 043c 33A52FFE 		.ascii	"3\245/\376a\207\340\237\211\240\356\254\355\235\206"
 204      6187E09F 
 204      89A0EEAC 
 204      ED9D86
 205 044b 9BD9D0FB 		.ascii	"\233\331\320\373\252\362i\270\225\335W\234\313>\212"
 205      AAF269B8 
 205      95DD579C 
 205      CB3E8A
 206 045a 70275306 		.ascii	"p'S\006\366V\364\252p7S\322\032\367\237w\305\217\231"
 206      F656F4AA 
 206      703753D2 
 206      1AF79F77 
 206      C58F99
 207 046d 9235BC2B 		.ascii	"\2225\274+\313\003\3671\345F\341\315\004w<($\307\351"
 207      CB03F731 
 207      E546E1CD 
 207      04773C28 
 207      24C7E9
 208 0480 D37BDCF1 		.ascii	"\323{\334\361\020S\326\026\335I\026v\230\016\242wev"
 208      1053D616 
 208      DD491676 
 208      980EA277 
ARM GAS  /tmp/ccmdXG4T.s 			page 16


 208      6576
 209 0492 A5B90951 		.ascii	"\245\271\011Qq&\257Bc\335\020\302\243\014\234t\256\251"
 209      7126AF42 
 209      63DD10C2 
 209      A30C9C74 
 209      AEA9
 210 04a4 5DF9C138 		.ascii	"]\371\3018\364Z\3420\203\206ag\311\316|/y\030*\000}"
 210      F45AE230 
 210      83866167 
 210      C9CE7C2F 
 210      79182A00 
 211 04b9 85A29F52 		.ascii	"\205\242\237R\317\366Z<\333\3600#S)\217\303\207\320"
 211      CFF65A3C 
 211      DBF03023 
 211      53298FC3 
 211      87D0
 212 04cb 9F3C4FBA 		.ascii	"\237<O\272\364\312\023M\235:\325{\252\344\362\241\277"
 212      F4CA134D 
 212      9D3AD57B 
 212      AAE4F2A1 
 212      BF
 213 04dc E97CFC3A 		.ascii	"\351|\374:\276\2542\001\367\344^\335\314\247\231\021"
 213      BEAC3201 
 213      F7E45EDD 
 213      CCA79911 
 214 04ec A5BA06EF 		.ascii	"\245\272\006\357\335\013\344-\276\007W)o\016\371U\260"
 214      DD0BE42D 
 214      BE075729 
 214      6F0EF955 
 214      B0
 215 04fd 299D91B0 		.ascii	")\235\221\260\221\305c\012\257\222\303+\355\3405\022"
 215      91C5630A 
 215      AF92C32B 
 215      EDE03512 
 216 050d 78BD1C5E 		.ascii	"x\275\034^K\341Z\202N\026\3264W\251@\217a\274\207\016"
 216      4BE15A82 
 216      4E16D634 
 216      57A9408F 
 216      61BC870E 
 217 0521 1134BC83 		.ascii	"\0214\274\203\350=\274\216\203h*\032\000\031\001\031"
 217      E83DBC8E 
 217      83682A1A 
 217      00190119 
 218 0531 027909B2 		.ascii	"\002y\011\262\226\233\212^C\373\016d\030d\024d\014\204"
 218      969B8A5E 
 218      43FB0E64 
 218      18641464 
 218      0C84
 219 0543 87FE37D0 		.ascii	"\207\3767\320\256\203\266\017\332~\220\267 \257@\236"
 219      AE83B60F 
 219      DA7E90B7 
 219      20AF409E 
 220 0553 83C47153 		.ascii	"\203\304qS\351\246\302ll\011\027m\354\226\333\250\221"
 220      E9A6C26C 
 220      6C09176D 
 220      EC96DBA8 
 220      91
ARM GAS  /tmp/ccmdXG4T.s 			page 17


 221 0564 AFA85182 		.ascii	"\257\250Q\202~\344\020\255\025\301\003\022\360\0039"
 221      7EE410AD 
 221      15C10312 
 221      F00339
 222 0573 F83A92A1 		.ascii	"\370:\222\241[$\316\252q\354[\011\332\034!\242\357\313"
 222      5B24CEAA 
 222      71EC5B09 
 222      DA1C21A2 
 222      EFCB
 223 0585 D1F7E4E8 		.ascii	"\321\367\344\350'\022K\272\344\350+vqk\224\220\267\313"
 223      27124BBA 
 223      E4E82B76 
 223      716B9490 
 223      B7CB
 224 0597 E1AD72F2 		.ascii	"\341\255r\362\001\011\372\266\034\335 GwJLy\350\330"
 224      0109FAB6 
 224      1CDD2047 
 224      774A4C79 
 224      E8D8
 225 05a9 14A95324 		.ascii	"\024\251S$\334m\216-\2611\\\342\303:\307\011g\223\237"
 225      DC6D8E2D 
 225      B1315CE2 
 225      C33AC709 
 225      67939F
 226 05bc 12F60EC7 		.ascii	"\022\366\016\307NdpV\255]}\252\216\343yD`\012\341\013"
 226      4E647056 
 226      AD5D7DAA 
 226      8EE37944 
 226      600AE10B 
 227 05d0 25E651F7 		.ascii	"%\346Q\3673u\312:\276j\006%\273+'\273c\027\021\311\243"
 227      3375CA3A 
 227      BE6A0625 
 227      BB2B27BB 
 227      631711C9 
 228 05e5 5B1CA3AD 		.ascii	"[\034\243\255\226\306\001<2\216\302\237!5z\"\300-\257"
 228      96C6013C 
 228      328EC29F 
 228      21357A22 
 228      C02DAF
 229 05f8 3EBA2C27 		.ascii	">\272,'\037\221\370\270\323q\342I\311G\"\030\371- o"
 229      1F91F8B8 
 229      D371E249 
 229      C9472218 
 229      F92D206F 
 230 060c 12E096FD 		.ascii	"\022\340\226\375]\010 \203\223\202\275\2569\333\013"
 230      5D082083 
 230      9382BDAE 
 230      39DB0B
 231 061b 5F56D2AA 		.ascii	"_V\322\252\327|\2608\025\012ko\346\236\327}\316P\241"
 231      D77CB038 
 231      150A6B6F 
 231      E69ED77D 
 231      CE50A1
 232 062e A30D9C37 		.ascii	"\243\015\2347\212\347\254\237p\342,\307o8Z\317\371\374"
 232      8AE7AC9F 
 232      70E22CC7 
 232      6F385ACF 
ARM GAS  /tmp/ccmdXG4T.s 			page 18


 232      F9FC
 233 0640 CF5F72F2 		.ascii	"\317_r\362ex\274\355>\347\221d\255\314\251\205\342\236"
 233      6578BCED 
 233      3EE79164 
 233      ADCCA985 
 233      E29E
 234 0652 BC91F3A0 		.ascii	"\274\221\363\240%\006\264\000\2769\\2\342\201\033\350"
 234      2506B400 
 234      BE395C32 
 234      E2811BE8 
 235 0662 FA941D19 		.ascii	"\372\224\035\031\003\275\316\310g\022B*\220,\313!D\201"
 235      03BDCEC8 
 235      6712422A 
 235      902CCB21 
 235      4481
 236 0674 36712A94 		.ascii	"6q*\224\300a\313Af/\017\033~\377\277I7;A\364\247\363"
 236      C061CB41 
 236      662F0F1B 
 236      7EFFBF49 
 236      373B41F4 
 237 068a 78A202CD 		.ascii	"x\242\002\315\242\033=J\204u\222!\005\332\314MBI\334"
 237      A21B3D4A 
 237      84759221 
 237      05DACC4D 
 237      4249DC
 238 069d 2498E04A 		.ascii	"$\230\340J{\340\201\233\237]\337\343!\356\352\210r\213"
 238      7BE0819B 
 238      9F5DDFE3 
 238      21EEEA88 
 238      728B
 239 06af 45D3164E 		.ascii	"E\323\026N\334\325\211B\276?\243\271\027\204o%\371\374"
 239      DCD58942 
 239      BE3FA3B9 
 239      17846F25 
 239      F9FC
 240 06c1 0C9D4ABB 		.ascii	"\014\235J\273\352\371\301/\3166N\370\342l\345\350'\347"
 240      EAF9C12F 
 240      CE364EF8 
 240      E26CE5E8 
 240      27E7
 241 06d3 65D2FA21 		.ascii	"e\322\372!\241nq\0015\273{\377V\017\366-\233\015\352"
 241      A16E7101 
 241      35BB7BFF 
 241      560FF62D 
 241      9B0DEA
 242 06e6 DD869C0A 		.ascii	"\335\206\234\012O\2711\311`\364\017\034!\333N\215\241"
 242      4FB931C9 
 242      60F40F1C 
 242      21DB4E8D 
 242      A1
 243 06f7 94542195 		.ascii	"\224T!\225\352\360\255v\017\251sIY)>>Epn\012u\356\243"
 243      EAF0AD76 
 243      0FA97349 
 243      59293E3E 
 243      45706E0A 
 244 070e A3FC9017 		.ascii	"\243\374\220\027\276I\235\213\022O7\245\273C\375W\006"
 244      BE499D8B 
ARM GAS  /tmp/ccmdXG4T.s 			page 19


 244      124F37A5 
 244      BB43FD57 
 244      06
 245 071f 1572E501 		.ascii	"\025r\345\001\234x:\257:\216\237\020\357F\031v\210\011"
 245      9C783AAF 
 245      3A8E9F10 
 245      EF461976 
 245      8809
 246 0731 B4839395 		.ascii	"\264\203\223\225\310;9R\013\366\277\256M\3068\325\211"
 246      C83B3952 
 246      0BF6BFAE 
 246      4DC638D5 
 246      89
 247 0742 721DAE39 		.ascii	"r\035\2569\376\000\013\\\243u>=gx\036\216Up\350#\\\273"
 247      FE000B5C 
 247      A3753E3D 
 247      67781E8E 
 247      5570E823 
 248 0758 44AE5D72 		.ascii	"D\256]r\256\335\224\253\374us\256\013>\316\2706\354"
 248      AEDD94AB 
 248      FC7573AE 
 248      0B3ECEB8 
 248      36EC
 249 076a 38F6DE49 		.ascii	"8\366\336I\340\252-\232\363\316\206k\217\310\265G\316"
 249      E0AA2D9A 
 249      F3CE866B 
 249      8FC8B547 
 249      CE
 250 077b 954AB9B2 		.ascii	"\225J\271\262\206\2067y\341\022\306\265\376\335@\207"
 250      86863779 
 250      E112C6B5 
 250      FEDD4087 
 251 078b 97C0655E 		.ascii	"\227\300e^\303\016\001\207\331!`\257\310\264W\316\264"
 251      C30E0187 
 251      D92160AF 
 251      C8B457CE 
 251      B4
 252 079c 8F32DDEA 		.ascii	"\2172\335\3526/\307\225\214\350x\356\301<\360\034S6"
 252      362FC795 
 252      8CE878EE 
 252      C13CF01C 
 252      5336
 253 07ae 99CBF73B 		.ascii	"\231\313\367;C\355\215\016\320\024t\\\240_\316;\361"
 253      43ED8D0E 
 253      D014745C 
 253      A05FCE3B 
 253      F1
 254 07bf CEEB83B5 		.ascii	"\316\353\203\265x\032Gj\361C\234P\213w\357\333\225"
 254      781A476A 
 254      F1439C50 
 254      8B77EFDB 
 254      95
 255 07d0 6789C5BD 		.ascii	"g\211\305\275b\\s\272\253\226\304\342S\202C\373-\226"
 255      625C73BA 
 255      AB96C4E2 
 255      538243FB 
 255      2D96
ARM GAS  /tmp/ccmdXG4T.s 			page 20


 256 07e2 A2839C92 		.ascii	"\242\203\234\222h\266\306\036\246\306\016\277\272t\311"
 256      68B6C61E 
 256      A6C60EBF 
 256      BA74C9
 257 07f1 151F76A6 		.ascii	"\025\037v\246\006\226\234{\326\204\304\320n\373Q\032"
 257      06969C7B 
 257      D684C4D0 
 257      6EFB511A 
 258 0801 DA7471E1 		.ascii	"\332tq\341\351r\256\014\312\225~\373\316\031g\234\317"
 258      E972AE0C 
 258      CA957EFB 
 258      CE19679C 
 258      CF
 259 0812 B8EAF66D 		.ascii	"\270\352\366m\032t\023\270:\023\261\215\017\217\210"
 259      1A7413B8 
 259      3A13B18D 
 259      0F8F88
 260 0821 5447E454 		.ascii	"TG\344T\231\224jGfe\242\022\3270\252\352\322\221\223"
 260      99946A47 
 260      6665A212 
 260      D730AAEA 
 260      D29193
 261 0834 4ED62C99 		.ascii	"N\326,\231\375\304&\262Y\"W\226\234\353(\345\252\356"
 261      FDC426B2 
 261      59225796 
 261      9CEB28E5 
 261      AAEE
 262 0846 CA357BE1 		.ascii	"\3125{\3416\306\225\332\322\273\307\315\232%>c6\\\331"
 262      36C695DA 
 262      D2BBC7CD 
 262      9A253E63 
 262      365CD9
 263 0859 2257B69C 		.ascii	"\"W\266\234\353\030\345\3528\364(\305\023\0170\256\332"
 263      EB18E5EA 
 263      38F428C5 
 263      130F30AE 
 263      DA
 264 086a 8B19372D 		.ascii	"\213\0317-v\231\377e\263\302\343\"\323q9\323\011\312"
 264      7699FF65 
 264      B3C2E322 
 264      D37139D3 
 264      09CA
 265 087c 643923A8 		.ascii	"d9#\250\2053BY\305\346g\010\277g\314\011\36776\011\203"
 265      85334259 
 265      C5E66708 
 265      BF67CC09 
 265      F7373609 
 266 0891 C3441F33 		.ascii	"\303D\0373\017\335\366\304\361.tp\354\361\235\014\241"
 266      0FDDF6C4 
 266      F12E7470 
 266      ECF19D0C 
 266      A1
 267 08a2 38EF27FA 		.ascii	"8\357'\372\356\302\316~/\274\225\015&\227\277\032t\307"
 267      EEC2CE7E 
 267      2FBC950D 
 267      2697BF1A 
 267      74C7
ARM GAS  /tmp/ccmdXG4T.s 			page 21


 268 08b4 DB99D29A 		.ascii	"\333\231\322\232\276#S\311\220=D?\360\366m\274\022\357"
 268      BE2353C9 
 268      903D443F 
 268      F0F66DBC 
 268      12EF
 269 08c6 66838D6B 		.ascii	"f\203\215kS\2168\343\303L\031\355;\332\357\214O0\245"
 269      538E38E3 
 269      C34C19ED 
 269      3BDAEF8C 
 269      4F30A5
 270 08d9 7C70FF0B 		.ascii	"|p\377\013\017\234\317\224\365Gnlv\301\245L\031\274"
 270      0F9CCF94 
 270      F5476E6C 
 270      76C1A54C 
 270      19BC
 271 08eb BBA5C203 		.ascii	"\273\245\302\003W3\345r\325\203&W\334\304\224\270\236"
 271      5733E572 
 271      D5832657 
 271      DCC494B8 
 271      9E
 272 08fc BC8D18B7 		.ascii	"\274\215\030\2671\345ECy\222\033~\304\224\372\304\355"
 272      31E54543 
 272      79921B7E 
 272      C494FAC4 
 272      ED
 273 090d 3B39FC9C 		.ascii	";9\374\234)\226}K\315\366\255\261}\375\007<\360\020"
 273      29967D4B 
 273      CDF6ADB1 
 273      7DFD073C 
 273      F010
 274 091f 1B2BCE58 		.ascii	"\033+\316X\177\314\025\307\271R%\376\352\226V\017\234"
 274      7FCC15C7 
 274      B95225FE 
 274      EA96560F 
 274      9C
 275 0930 C894933D 		.ascii	"\310\224\223=\033\313\\p2S\212\353\337\344x\341TA\271"
 275      1BCB5C70 
 275      32538AEB 
 275      DFE478E1 
 275      5441B9
 276 0943 9BAFC119 		.ascii	"\233\257\301\031\354\376pOa\3128\234\303\224\373m\217"
 276      ECFE704F 
 276      61CA389C 
 276      C394FB6D 
 276      8F
 277 0954 92BC703E 		.ascii	"\222\274p>S6\224\356,q\303\245L\271\334\001\245Q\025"
 277      533694EE 
 277      2C71C3A5 
 277      4CB9DC01 
 277      A55115
 278 0967 BBEF4D2A 		.ascii	"\273\357M*\273\303\341\353L9V\270\345\276\023na\312"
 278      BBC3E1EB 
 278      4C3956B8 
 278      E5BE136E 
 278      61CA
 279 0979 8382F8D7 		.ascii	"\203\202\370\327J\334\316\224\023o\0176\270\341\007"
 279      4ADCCE94 
ARM GAS  /tmp/ccmdXG4T.s 			page 22


 279      136F0F36 
 279      B8E107
 280 0988 4C69B8D0 		.ascii	"Li\270\320\361\320\013\3672%\247\276\262U\330\226\023"
 280      F1D00BF7 
 280      3225A7BE 
 280      B255D896 
 280      13
 281 0999 481473B2 		.ascii	"H\024s\262\333\272]\204\243,9\332\0369\337\361\026\341"
 281      DBBA5D84 
 281      A32C39DA 
 281      1E39DFF1 
 281      16E1
 282 09ab 3E0A9E9C 		.ascii	">\012\236\234\235]\366\324\013I\313zoIqo\271X)p\355"
 282      9D5DF6D4 
 282      0B49CB7A 
 282      6F49716F 
 282      B9582970 
 283 09c0 9053526E 		.ascii	"\220SRn\215X\344\347BB\265I\276\177(\207\223\227s\337"
 283      8D58E4E7 
 283      4242B549 
 283      BE7F2887 
 283      939773DF 
 284 09d4 88C543B1 		.ascii	"\210\305C\261\034m\177$\030\371Z\204_\226\303\355+\264"
 284      1C6D7F24 
 284      18F95A84 
 284      5F96C3ED 
 284      2BB4
 285 09e6 4E09BC52 		.ascii	"N\011\274R\016\267\257[\215\":_\216\356\261#o\011\025"
 285      0EB7AF5B 
 285      8D223A5F 
 285      8EEEB123 
 285      6F0915
 286 09f9 E10D8E17 		.ascii	"\341\015\216\027j\201\223\202\245&\224\325=prB\247\004"
 286      6A819382 
 286      A52694D5 
 286      3D707242 
 286      A704
 287 0a0b B8B5A83A 		.ascii	"\270\265\250:)\367\213Yby\255\234\334\256p\035\371\273"
 287      29F78B59 
 287      6279AD9C 
 287      DCAE701D 
 287      F9BB
 288 0a1d A41295A3 		.ascii	"\244\022\225\243\355\216\025f\311:/\310\321v\265\377"
 288      ED8E1566 
 288      C93A2FC8 
 288      D176B5FF 
 289 0a2d 88047D46 		.ascii	"\210\004}F\216\316\223\333\335(A\237\227\243%\245\243"
 289      8ECE93DB 
 289      DD28419F 
 289      97A325A5 
 289      A3
 290 0a3e B444BB06 		.ascii	"\264D\273\006\237\374\253\224\210\240I}\366\000j\230"
 290      9FFCAB94 
 290      88A0497D 
 290      F6006A98 
 291 0a4e 67506BDD 		.ascii	"gPk\335\001\271\015\322\011\322\015\322\013r\203\324"
 291      01B90DD2 
ARM GAS  /tmp/ccmdXG4T.s 			page 23


 291      09D20DD2 
 291      0B7283D4 
 292 0a5e 6020FD20 		.ascii	"` \375 M \367@\036\203\264\203<\002\351\002\271\017"
 292      4D20F740 
 292      1E83B483 
 292      3C02E902 
 292      B90F
 293 0a70 D208D203 		.ascii	"\322\010\322\003\322\002\362\020\244\025\344)\310\023"
 293      D202F210 
 293      A415E429 
 293      C813
 294 0a7e 909B20CF 		.ascii	"\220\233 \317A\356\202t\200\334\002\271\016\322lsXk"
 294      41EE8274 
 294      80DC02B9 
 294      0ED26C73 
 294      586B
 295 0a90 94E4E625 		.ascii	"\224\344\346%\371Z\032\220<\300\346o\304\000\227\313"
 295      F95A1A90 
 295      3CC0E66F 
 295      C40097CB 
 296 0aa0 036C5792 		.ascii	"\003lW\222\233%\331s\332\261[\2451{\"\261\245\304\361"
 296      9B25D973 
 296      DAB15BA5 
 296      317B22B1 
 296      A5C4F1
 297 0ab3 7B2221AF 		.ascii	"{\"!\257\221dO\215\343\354\221\0365\272[\331Q\003`\266"
 297      91644F8D 
 297      E3EC911E 
 297      35BA5BD9 
 297      510360B6 
 298 0ac7 470DA8B3 		.ascii	"G\015\250\263\312\272\333\325\333\351Q\203|\355K\345"
 298      CABADBD5 
 298      DBE95183 
 298      7CED4BE5 
 299 0ad7 6417ED2C 		.ascii	"d\027\355,\255\221d@\241\343\354\2629DIL\255\226\303"
 299      AD916440 
 299      A1E3ECB2 
 299      3944494C 
 299      AD96C3
 300 0aea ED8FAD12 		.ascii	"\355\217\255\0227\2249\266E+FdD\022\221\"yDj\355\234"
 300      379439B6 
 300      452B4664 
 300      44129122 
 300      79446AED 
 301 0aff 26E1363B 		.ascii	"&\3416;\016\267\364d)Y\3469\307\233\205\324n\311*\253"
 301      0EB7F464 
 301      2959E639 
 301      C79B85D4 
 301      6EC92AAB 
 302 0b13 1CAFD29A 		.ascii	"\034\257\322\232J\340\363\026\201\234\270\274\300\361"
 302      4AE0F316 
 302      819CB8BC 
 302      C0F1
 303 0b21 5B24F5E1 		.ascii	"[$\365\341\200\344\365\257w\370\372kE\356'_\213\334"
 303      80E4F5AF 
 303      77F8FA6B 
 303      45EE275F 
ARM GAS  /tmp/ccmdXG4T.s 			page 24


 303      8BDC
 304 0b33 158EF744 		.ascii	"\025\216\367DiV\017\030E\037\236\225\373\360G\273\355"
 304      69560F18 
 304      451F9E95 
 304      FBF047BB 
 304      ED
 305 0b44 5CB2CE2B 		.ascii	"\\\262\316+\216\367g\255p\266{\225\223\323\346\216\213"
 305      8EF767AD 
 305      70B67B95 
 305      93D3E68E 
 305      8B
 306 0b55 DDE8D9EE 		.ascii	"\335\350\331\356lrQ\262\247\365l\327\327C\317v\2030"
 306      6C7251B2 
 306      A7F56CD7 
 306      D743CF76 
 306      8330
 307 0b67 F9855892 		.ascii	"\371\205X\222\220\354t\274q\240\001\330/\376_\366\016"
 307      90EC74BC 
 307      71A001D8 
 307      2FFE5FF6 
 307      0E
 308 0b78 58DAA9DA 		.ascii	"X\332\251\332\273/\221\364\2302hs\006|)\034S^\322c\312"
 308      BB2F91F4 
 308      98326873 
 308      067C291C 
 308      535ED263 
 309 0b8d 9BC6ADEB 		.ascii	"\233\306\255\353\235p\225\033+b\332\362\362\\\3615\246"
 309      9D70951B 
 309      2B62DAF2 
 309      F25CF135 
 309      A6
 310 0b9e BCEB2AED 		.ascii	"\274\353*\355p\303\315Tq.\317l,$\237a\037o\313\307\266"
 310      70C3CD54 
 310      712ECF6C 
 310      2C249F61 
 310      1F6FCBC7 
 311 0bb3 B9587831 		.ascii	"\271Xx1\211\263\207\300O\243\037z\313\205\374\236#\306"
 311      89B387C0 
 311      4FA31F7A 
 311      CB85FC9E 
 311      23C6
 312 0bc5 E69563B8 		.ascii	"\346\225c\270V\334\023\372\212\330\2360j\273'H\335/"
 312      56DC13FA 
 312      8AD89E30 
 312      6ABB2748 
 312      DD2F
 313 0bd7 FE577654 		.ascii	"\376WvT\360\375\010\370\376-\370\342\0359/\203\014\333"
 313      F0FD08F8 
 313      FE2DF8E2 
 313      1D392F83 
 313      0CDB
 314 0be9 ECA7EF8B 		.ascii	"\354\247\357\213$\006\277\226[ \377\177\226y\216mR\333"
 314      2406BF96 
 314      5B20FF7F 
 314      96798E6D 
 314      52DB
 315 0bfb 83ADFF26 		.ascii	"\203\255\377&\330\323\365\256\003\3416\226J\251\345"
ARM GAS  /tmp/ccmdXG4T.s 			page 25


 315      D8D3F5AE 
 315      03E13696 
 315      4AA9E5
 316 0c0a 974E72D6 		.ascii	"\227Nr\326Tj/V\222T\342\2617z/\246\322\250]*Y\377\003"
 316      546A2F56 
 316      9254E2B1 
 316      377A2FA6 
 316      D2A85D2A 
 317 0c21 31064BF8 		.ascii	"1\006K\370\251\345\300#\253\262\266\015bi\210\311\023"
 317      A9E5C023 
 317      ABB2B60D 
 317      626988C9 
 317      13
 318 0c32 C410C761 		.ascii	"\304\020\307a\026bh\001\374\264\365L\265R\0126\333\034"
 318      16626801 
 318      FCB4F54C 
 318      B5520A36 
 318      DB1C
 319 0c44 5BD70A60 		.ascii	"[\327\012`\322\272.\374\342\313\311:\255V\2412\032W"
 319      D2BA2EFC 
 319      E2CBC93A 
 319      AD56A132 
 319      1A57
 320 0c56 8545C6CE 		.ascii	"\205E\306\316\232i\214\375\203fUL\264&,2$|\325r\223"
 320      9A698CFD 
 320      8366554C 
 320      B4262C32 
 320      247CD572 
 321 0c6b 26D2F47D 		.ascii	"&\322\364}x\3302MDpHhX\244Ic\\nZ\021\274*<\326\030\273"
 321      78D8324D 
 321      44704868 
 321      58A44963 
 321      5C6E5A11 
 322 0c85 66A52966 		.ascii	"f\245)fz\250\302\3252m\212\243i1kb4\306\230\330\345"
 322      7AA8C2D5 
 322      326D8AA3 
 322      69316B62 
 322      34C698D8 
 323 0c9a 8021D8A5 		.ascii	"\200!\330\245\246\220\330\250\350\371\263\347jB\243"
 323      A690D8A8 
 323      E8F9B3E7 
 323      6A42A3
 324 0ca9 224C9AE0 		.ascii	"\"L\232\340\345\301\021\032]h\330\262\260\305\006\243"
 324      E5C1111A 
 324      5D68D8B2 
 324      B0C506A3 
 325 0cb9 F6F3E9DA 		.ascii	"\366\363\351\332\351\177\326D\305hB\203\3035+\243\242"
 325      E97FD644 
 325      C5684283 
 325      C3352BA3 
 325      A2
 326 0cca 63633486 		.ascii	"cc4\206\240\300Y35\213\026\371j\202\002\002\277\323"
 326      A0C05933 
 326      358B16F9 
 326      6A820202 
 326      BFD3
 327 0cdc 6A62628D 		.ascii	"jbb\215\341\341\313\247\207(\334\331\2351,2,Vm$`cX\364"
ARM GAS  /tmp/ccmdXG4T.s 			page 26


 327      E1E1CBA7 
 327      8728DCD9 
 327      9D312C32 
 327      2C566D24 
 328 0cf4 B746D3CA 		.ascii	"\267F\323\312\260\360\250\177\2542\375\345\243\374\321"
 328      B0F0A87F 
 328      AC32FDE5 
 328      A3FCD1
 329 0d03 B102FD3C 		.ascii	"\261\002\375<}\240.p\265&$4$*\332d\374\356O\021`\243"
 329      7DA02E70 
 329      B5262434 
 329      242ADA64 
 329      FCEE4F11 
 330 0d19 3A24D4B0 		.ascii	":$\324\260&&(,\302\024\355\037\034\271<\334\024\035"
 330      2626282C 
 330      C214ED1F 
 330      1CB93CDC 
 330      141D
 331 0d2b 30E3A7D8 		.ascii	"0\343\247\330,\213\016\011\205\365\002\307\370\310\357"
 331      2C8B0E09 
 331      85F502C7 
 331      F8C8EF
 332 0d3a C242FC22 		.ascii	"\302B\374\"\203\227\205\233\330\212\347\374\314\365"
 332      8397859B 
 332      D88AE7FC 
 332      CCF5
 333 0d48 86444544 		.ascii	"\206DEDDEZ\354\",\300\346\244\323\005\352gq\213\365"
 333      44455AEC 
 333      222CC0E6 
 333      A4D305EA 
 333      67718BF5 
 334 0d5c 4ADFC079 		.ascii	"J\337\300yz\354\253\323+\347\373\006\351\261N\247\307"
 334      7AECABD3 
 334      2BE7FB06 
 334      E9B14EA7 
 334      C7
 335 0d6d 7A90797A 		.ascii	"z\220yz=^b\320a\335\027AJ\235\316OO\3613\351\257\026"
 335      3D5E62D0 
 335      61DD1741 
 335      4A9DCE4F 
 335      4FF133E9 
 336 0d83 FB2DD473 		.ascii	"\373-\324s\006\230\031\340\247W\032\002\001\255\323"
 336      069819E0 
 336      A7571A02 
 336      01ADD3
 337 0d92 CF04D102 		.ascii	"\317\004\321\002\362oz\335\177\035\206\010\022\3610"
 337      F26F7ADD 
 337      7F1D8608 
 337      12F130
 338 0da1 E22F77AB 		.ascii	"\342/w\253b\214U\206\204\006G\253\243b\202\303\301\205"
 338      628C5586 
 338      840647AB 
 338      A36282C3 
 338      C185
 339 0db3 8BA242FE 		.ascii	"\213\242B\376\271 :*\"\300\240\377\270\003\311s\310"
 339      B9203A2A 
 339      22C0A0FF 
ARM GAS  /tmp/ccmdXG4T.s 			page 27


 339      B803C973 
 339      C8
 340 0dc4 1CE249D2 		.ascii	"\034\342I\322\022\007\322 H\030\3244\304\341\320a\\"
 340      1207D220 
 340      4818D434 
 340      C4E1D061 
 340      5C
 341 0dd5 013DC6B0 		.ascii	"\001=\306\260\230h7k\227\247\321\030c\2125\316\237g"
 341      9868376B 
 341      97A7D118 
 341      638A35CE 
 341      9F67
 342 0de7 F05BA20F 		.ascii	"\360[\242\017\360\014\016\377>xM\014\244F8$\354_?\372"
 342      F00C0EFF 
 342      3E784D0C 
 342      A4463824 
 342      EC5F3FFA 
 343 0dfb 68D3EA58 		.ascii	"h\323\352X\215.\320\020`\020CH2!$b\301\252H\342zob\317"
 343      8D2ED010 
 343      60104348 
 343      32212462 
 343      C1AA48E2 
 344 0e13 62DB6C98 		.ascii	"b\333l\230 \254\357\313\310p\211}\324`\233\256\011\324"
 344      20ACEFCB 
 344      C870897D 
 344      D4609BAE 
 344      09D4
 345 0e25 BE559136 		.ascii	"\276U\2216F\273K:\235\014\006\335B\275\233\336\317\340"
 345      46BB4B3A 
 345      9D0C06DD 
 345      42BD9BDE 
 345      CFE0
 346 0e37 A75FEAE7 		.ascii	"\247_\352\347\3739\326\031Hdub\327\037\335\346-\231"
 346      FB39D619 
 346      48647562 
 346      D71FDDE6 
 346      2D99
 347 0e49 3F73D112 		.ascii	"?s\321\022\277/\364\344N\313\356,\243\237\271\315\363"
 347      BF2FF4E4 
 347      4ECBEE2C 
 347      A39FB9CD 
 347      F3
 348 0e5a 9F3F4B18 		.ascii	"\237?K\030\365\267\342\374\345\270Y.\204\005zH\253\225"
 348      F5B7E2FC 
 348      E5B8592E 
 348      84057A48 
 348      AB95
 349 0e6c 8ECC7421 		.ascii	"\216\314t!\014t\304_@\370\333\"\264\256d\256\336\020"
 349      0C74C45F 
 349      40F8DB22 
 349      B4AE64AE 
 349      DE10
 350 0e7e A427375A 		.ascii	"\244'7Zrc\035\233\341Jf\2631\177\013\310\237\201\260"
 350      72631D9B 
 350      E14A66B3 
 350      317F0BC8 
 350      9F81B0
ARM GAS  /tmp/ccmdXG4T.s 			page 28


 351 0e91 2E40AFD4 		.ascii	".@\257\324-X\250wY\262h\021i9\235^\005\267\0013\015"
 351      2D58A877 
 351      59B26811 
 351      69399D5E 
 351      05B70133 
 352 0ea6 449BFF33 		.ascii	"D\233\3773\243b\010b\271\267\340\263\325\253Y\326\255"
 352      A3620862 
 352      B9B7E0B3 
 352      D5AB59D6 
 352      AD
 353 0eb7 F84CAB5D 		.ascii	"\370L\253]m\"y\247\327\351\214A\260\011\371\232V8\023"
 353      6D2279A7 
 353      D7E98C41 
 353      B009F99A 
 353      563813
 354 0eca DB167CE5 		.ascii	"\333\026|\345\034\340\253[\354\353G\264\231\013\276"
 354      1CE0AB5B 
 354      ECEB47B4 
 354      990BBE
 355 0ed9 F2F29DBF 		.ascii	"\362\362\235\2770P\367\245\005\363\037Z~\310\017"
 355      3050F7A5 
 355      05F31F5A 
 355      7EC80F
 356              		.text
 357              		.section	.gnu.lto_.symtab.4af4efbe96e26658,"",%progbits
 358 0000 56656374 		.ascii	"VectorB8\000"
 358      6F724238 
 358      00
 359 0009 00       		.ascii	"\000"
 360 000a 00       		.ascii	"\000"
 361 000b 00       		.ascii	"\000"
 362 000c 00000000 		.ascii	"\000\000\000\000\000\000\000\000"
 362      00000000 
 363 0014 B8000000 		.ascii	"\270\000\000\000"
 364 0018 73745F6C 		.ascii	"st_lld_init\000"
 364      6C645F69 
 364      6E697400 
 365 0024 00       		.ascii	"\000"
 366 0025 00       		.ascii	"\000"
 367 0026 00       		.ascii	"\000"
 368 0027 00000000 		.ascii	"\000\000\000\000\000\000\000\000"
 368      00000000 
 369 002f BA000000 		.ascii	"\272\000\000\000"
 370 0033 5F706F72 		.ascii	"_port_irq_epilogue\000"
 370      745F6972 
 370      715F6570 
 370      696C6F67 
 370      756500
 371 0046 00       		.ascii	"\000"
 372 0047 02       		.ascii	"\002"
 373 0048 00       		.ascii	"\000"
 374 0049 00000000 		.ascii	"\000\000\000\000\000\000\000\000"
 374      00000000 
 375 0051 BC000000 		.ascii	"\274\000\000\000"
 376 0055 63685379 		.ascii	"chSysTimerHandlerI\000"
 376      7354696D 
 376      65724861 
ARM GAS  /tmp/ccmdXG4T.s 			page 29


 376      6E646C65 
 376      724900
 377 0068 00       		.ascii	"\000"
 378 0069 02       		.ascii	"\002"
 379 006a 00       		.ascii	"\000"
 380 006b 00000000 		.ascii	"\000\000\000\000\000\000\000\000"
 380      00000000 
 381 0073 BE000000 		.ascii	"\276\000\000\000"
 382 0077 6E766963 		.ascii	"nvicEnableVector\000"
 382      456E6162 
 382      6C655665 
 382      63746F72 
 382      00
 383 0088 00       		.ascii	"\000"
 384 0089 02       		.ascii	"\002"
 385 008a 00       		.ascii	"\000"
 386 008b 00000000 		.ascii	"\000\000\000\000\000\000\000\000"
 386      00000000 
 387 0093 C3000000 		.ascii	"\303\000\000\000"
 388              		.text
 389              		.section	.gnu.lto_.opts,"",%progbits
 390 0000 272D666D 		.ascii	"'-fmath-errno' '-fsigned-zeros' '-ftrapping-math' '"
 390      6174682D 
 390      6572726E 
 390      6F272027 
 390      2D667369 
 391 0033 2D666E6F 		.ascii	"-fno-trapv' '-fno-openmp' '-fno-openacc' '-mcpu=cor"
 391      2D747261 
 391      70762720 
 391      272D666E 
 391      6F2D6F70 
 392 0066 7465782D 		.ascii	"tex-m4' '-mno-thumb-interwork' '-mthumb' '-ggdb' '-"
 392      6D342720 
 392      272D6D6E 
 392      6F2D7468 
 392      756D622D 
 393 0099 4F322720 		.ascii	"O2' '-fomit-frame-pointer' '-falign-functions=16' '"
 393      272D666F 
 393      6D69742D 
 393      6672616D 
 393      652D706F 
 394 00cc 2D666675 		.ascii	"-ffunction-sections' '-fdata-sections' '-fno-common"
 394      6E637469 
 394      6F6E2D73 
 394      65637469 
 394      6F6E7327 
 395 00ff 2720272D 		.ascii	"' '-flto'\000"
 395      666C746F 
 395      2700
 396              		.text
 397              		.comm	__gnu_lto_v1,1,1
 398              		.comm	__gnu_lto_slim,1,1
 399              		.ident	"GCC: (15:6.3.1+svn253039-1build1) 6.3.1 20170620"
ARM GAS  /tmp/ccmdXG4T.s 			page 30


DEFINED SYMBOLS
                            *ABS*:0000000000000000 st_lld.c
                            *COM*:0000000000000001 __gnu_lto_v1
                            *COM*:0000000000000001 __gnu_lto_slim

NO UNDEFINED SYMBOLS
